03:15 Converse_Boy: t
03:18 Converse_Boy: ยง2hi
03:18 Converse_Boy: ยง3hi
03:18 Converse_Boy: ยง4hi
03:18 Converse_Boy: mhm
03:23 GOTeamLeoGO : hmm
04:05 Donald_JTrump: Hello
04:06 Donald_JTrump: Are you new to the server?
04:13 airforceboy  : Anyone there?
04:20 airforceboy  : Hello?
04:25 airforceboy  : Hello
04:26 donabella09  : hi
04:26 donabella09  : anyways im guessing ur new?
04:26 airforceboy  : Yep
04:26 donabella09  : well welcome to this server
04:26 donabella09  : sorry for no one being on
04:26 airforceboy  : It's fine
04:27 airforceboy  : Somebody told me about this server
04:27 donabella09  : well this is a server with superheros and stuff
04:27 donabella09  : but anyways more people will be on tomorrow
04:28 donabella09  : its jsut that people doesnt come on the weekends
04:28 airforceboy  : That seems sort of weird
04:28 donabella09  : yea
04:28 airforceboy  : Why not the weekends?
04:28 donabella09  : idk
04:28 donabella09  : u wanna play another game?
04:28 airforceboy  : K
04:29 donabella09  : u choose the next game
04:29 airforceboy  : Boat race?
04:29 donabella09  : sure
04:31 airforceboy  : gg
04:31 donabella09  : gg
04:31 donabella09  : death drop?
04:31 airforceboy  : K
04:33 airforceboy  : WAT
04:33 donabella09  : gg x4
04:33 donabella09  : gawd dammit tek T^T
04:33 airforceboy  : gg
04:33 donabella09  : gg
04:33 airforceboy  : Chess?
04:33 donabella09  : idk how to play chess
04:33 airforceboy  : LOL
04:33 donabella09  : checkers?
04:33 airforceboy  : Checkers?
04:33 airforceboy  : K
04:33 donabella09  : yea
04:34 donabella09  : red or black?
04:34 airforceboy  : I'll be red
04:34 donabella09  : k
04:34 donabella09  : whos going first?
04:34 airforceboy  : You can
04:34 donabella09  : k
04:35 donabella09  : i didnt went yet .-.
04:35 donabella09  : XD
04:35 airforceboy  : WHOOPS XD
04:37 donabella09  : i like how we didnt lose pieces yet .-.
04:37 airforceboy  : Lel
04:38 airforceboy  : ;3
04:38 donabella09  : nu i know this trick :P
04:38 donabella09  : sht
04:39 donabella09  : i already went XD
04:41 donabella09  : x4
04:43 donabella09  : wait how?
04:44 donabella09  : oh
04:46 donabella09  : king me
04:47 airforceboy  : Bro
04:47 donabella09  : XD
04:47 airforceboy  : That's not how it works
04:47 donabella09  : yea it does .-.
04:47 airforceboy  : Not in real checkers
04:48 airforceboy  : The two headed one can go back and forth
04:48 airforceboy  : But only one block
04:48 donabella09  : ...
04:48 donabella09  : why are we playing real checkers theres no force move
04:49 donabella09  : its ur turn .-.
04:50 donabella09  : ur turn .-.
04:52 Nick_A_Naut  : yo yo yo
04:52 donabella09  : wb
04:52 Nick_A_Naut  : ty
04:52 donabella09  : np
04:52 donabella09  : .-.
04:53 airforceboy  : Go
04:54 airforceboy  : I went
04:58 donabella09  : gg
04:58 airforceboy  : lel
04:58 donabella09  : parkour?
04:58 airforceboy  : K
05:00 airforceboy  : 3.99 seconds?
05:00 airforceboy  : That's not even
05:00 donabella09  : becuz he found a shortcut
05:04 airforceboy  : 4.6 seconds lets go
05:05 donabella09  : .-.
05:05 donabella09  : u meant 4.7 seconds
05:05 airforceboy  : Now it's 4.5
05:06 airforceboy  : 4.6
05:06 airforceboy  : 4.5
05:07 airforceboy  : Where you at?
05:07 donabella09  : the top
05:07 donabella09  : LP1
05:08 donabella09  : LP2
05:08 donabella09  : LP1
05:08 donabella09  : LP1
05:08 airforceboy  : LP1
05:09 donabella09  : LP1
05:09 airforceboy  : LP1
05:09 donabella09  : LP2
05:09 airforceboy  : LP2
05:09 airforceboy  : LP1
05:09 donabella09  : NU!!!
05:09 donabella09  : LP1
05:09 airforceboy  : LP2
05:09 donabella09  : LP2
05:10 airforceboy  : LP1
05:10 airforceboy  : This
05:10 donabella09  : LP1
05:10 airforceboy  : Is
05:10 airforceboy  : Lame
05:10 donabella09  : why u say that?
05:10 airforceboy  : Because
05:10 airforceboy  : I'm just missing every jump
05:10 airforceboy  : gg no re
05:10 donabella09  : LP2
05:10 donabella09  : then try doing the godly parkour
05:10 airforceboy  : And we're on hard mode
05:11 donabella09  : thats the point
05:22 Nick_A_Naut  : WB
05:22 Nick_A_Naut  : ty
05:22 donabella09  : wb .-.
05:22 Nick_A_Naut  : holy shit...
05:22 donabella09  : wat?
05:22 Nick_A_Naut  : i joined, had /run 8, was in the end and ran over the edge
05:22 Nick_A_Naut  : luckily i have 50 health
05:22 donabella09  : :o
05:22 donabella09  : what do i do with a dragon egg? .-.
05:22 Nick_A_Naut  : no idea
05:23 Nick_A_Naut  : give it to mee
05:23 donabella09  : nu its meh preciouse
05:23 donabella09  : *precious
05:23 Nick_A_Naut  : k
05:23 Nick_A_Naut  : do you have 2 dragon heads?
05:23 donabella09  : nu
05:23 donabella09  : i have one
05:23 Nick_A_Naut  : can i buy?
05:23 donabella09  : nu
05:23 Nick_A_Naut  : plez/
05:23 donabella09  : nu
05:23 Nick_A_Naut  : i wanna continue my totem
05:23 Nick_A_Naut  : $1k
05:24 donabella09  : nope
05:24 Nick_A_Naut  : i already got 2
05:24 donabella09  : of dragon heads?
05:24 Nick_A_Naut  : yes
05:24 Nick_A_Naut  : i got 2 heads
05:24 donabella09  : i can give u a end crystal
05:24 Nick_A_Naut  : :D
05:24 airforceboy  : I am almost beating a record
05:24 donabella09  : i already have two of these
05:24 airforceboy  : If I was faster by almost a second
05:24 airforceboy  : like almost 0.402
05:25 airforceboy  : Then I'd beat it
05:25 Nick_A_Naut  : ty
05:25 donabella09  : np
05:25 Nick_A_Naut  : ah
05:25 Nick_A_Naut  : there we go
05:27 airforceboy  : OOOOOOOOOOOOOOO
05:27 airforceboy  : I BEAT THE RECORD
05:27 airforceboy  : ERHJSKFHSEFHsfjdshfd
05:27 airforceboy  : I GOT 14.991 AND BEAT 15 wrSSDFSFDFDD
05:27 airforceboy  : What should I do?
05:28 airforceboy  : Ay people
05:28 airforceboy  : Hello?
05:28 Nick_A_Naut  : yo
05:28 airforceboy  : I beat a record
05:28 airforceboy  : Lel what do I do?
05:29 Nick_A_Naut  : idk
05:29 Nick_A_Naut  : tell tek
05:29 Nick_A_Naut  : screenshot it
05:29 airforceboy  : I did
05:29 Nick_A_Naut  : what record?
05:29 airforceboy  : The
05:30 airforceboy  : It was the StraightLineParkourEasy that has 15 seconds as it's record then I got 4.991
05:30 airforceboy  : I MEANT 14.991
05:35 Nick_A_Naut  : umm
05:36 Nick_A_Naut  : airforce
05:36 Nick_A_Naut  : thats like, a one way trip
05:36 airforceboy  : WHOOPS
05:36 airforceboy  : There we go
05:36 airforceboy  : K
05:38 airforceboy  : Should I send him the record?
05:38 Nick_A_Naut  : ifk
05:38 Nick_A_Naut  : *idk
05:38 Nick_A_Naut  : ooh, have you seen my town?
05:38 airforceboy  : NO
05:38 airforceboy  : No
05:38 Nick_A_Naut  : wanna?
05:38 airforceboy  : K
05:39 Nick_A_Naut  : well?
05:39 Nick_A_Naut  : good?
05:39 airforceboy  : Cool
05:40 Nick_A_Naut  : do you have a house in the survival world?
05:40 airforceboy  : Nope
05:40 Nick_A_Naut  : wanna live in my town?
05:40 airforceboy  : K
05:40 Nick_A_Naut  : currently got one other person
05:41 airforceboy  : Cool
05:41 airforceboy  : So
05:41 Nick_A_Naut  : so
05:42 airforceboy  : Where should I live?
05:42 airforceboy  : Or
05:42 Nick_A_Naut  : i made a house
05:42 Nick_A_Naut  : come
05:42 Nick_A_Naut  : yup
05:42 Nick_A_Naut  : here
05:42 airforceboy  : Cool
05:42 Nick_A_Naut  : so if you see converse, say hi
05:44 Nick_A_Naut  : so
05:44 Nick_A_Naut  : need anything?
05:44 airforceboy  : Glass
05:44 Nick_A_Naut  : k
05:44 Nick_A_Naut  : i got plenty
05:44 Nick_A_Naut  : stacks
05:45 Nick_A_Naut  : so i have just about all kinds of medieval buildings here
05:46 Nick_A_Naut  : florists, lumberyars, blacksmiths, apothocarys, librarys, bakerys, you name it
05:46 Nick_A_Naut  : come
05:47 Nick_A_Naut  : take anything
05:47 Nick_A_Naut  : armor?
05:47 Nick_A_Naut  : why not diamond?
05:47 Nick_A_Naut  : top one is the best
05:48 Nick_A_Naut  : i am not saying "diamond armor is mine" or "pay for diamond"
05:48 airforceboy  : Ik
05:48 Nick_A_Naut  : i found all this crap in the end, and i intend to let all share in the glory
05:48 Nick_A_Naut  : why not diamond?
05:48 airforceboy  : I dunno
05:48 Nick_A_Naut  : k
05:51 Nick_A_Naut  : dona
05:51 Nick_A_Naut  : oh wait nvm
05:52 donabella09  : what is it nick? .-.
05:52 Nick_A_Naut  : nothin
05:52 donabella09  : mk
05:53 Nick_A_Naut  : hey
05:53 Nick_A_Naut  : air
05:53 airforceboy  : Yee?
05:53 Nick_A_Naut  : check out my pet
05:53 Nick_A_Naut  : totem
05:53 Nick_A_Naut  : his name is Iftar
05:54 airforceboy  : K
05:54 Nick_A_Naut  : oh wait
05:54 Nick_A_Naut  : Ifter
05:54 Nick_A_Naut  : aww
05:54 Nick_A_Naut  : he is a naturally spawned one
05:54 airforceboy  : GG
05:54 Nick_A_Naut  : he's an outcast
05:54 Nick_A_Naut  : lil ifter
05:54 donabella09  : well i gtg cya later guys
05:54 airforceboy  : Bye
05:55 Nick_A_Naut  : cya dona
11:21 DiamondMaster03: hello?
11:21 DiamondMaster03: anyone there?
13:13 EmmettGaming   : emm
13:13 EmmettGaming   : i am lost
13:23 EmmettGaming   : disguis
13:32 EmmettGaming   : em
13:32 EmmettGaming   : emm
13:35 EmmettGaming   : s
13:37 EmmettGaming   : ahh
14:04 EmmettGaming   : gm 1
14:33 EmmettGaming   : emm come
14:33 EmmettGaming   : hi
14:34 EmmettGaming   : emm come plz
14:34 EmmettGaming   : hi
14:34 EmmettGaming   : /msg ibullet hi 
14:34 EmmettGaming   : /msg ibullet hi 
14:34 EmmettGaming   : /msg ibullet hi 
14:34 EmmettGaming   : /msg ibullet hi 
14:34 EmmettGaming   : /msg ibullet hi 
14:34 EmmettGaming   : /msg ibullet hi 
14:34 EmmettGaming   : /msg ibullet hi 
14:34 EmmettGaming   : /msg ibullet hi 
14:34 EmmettGaming   : /msg ibullet hi 
14:34 EmmettGaming   : /msg ibullet hi 
14:34 EmmettGaming   : /msg ibullet hi 
14:34 EmmettGaming   : /msg ibullet hi 
14:34 EmmettGaming   : /msg ibullet hi 
14:34 EmmettGaming   : /msg ibullet hi 
14:34 EmmettGaming   : /msg ibullet hi 
14:34 EmmettGaming   : /msg ibullet hi 
14:34 EmmettGaming   : /msg ibullet hi 
14:34 EmmettGaming   : /msg ibullet hi 
14:34 EmmettGaming   : /msg ibullet hi 
14:34 EmmettGaming   : /msg ibullet hi 
14:34 EmmettGaming   : /msg ibullet hi 
14:34 EmmettGaming   : /msg ibullet hi 
14:35 EmmettGaming   : emm
14:39 EmmettGaming   : emm
14:40 EmmettGaming   : come
14:40 EmmettGaming   : i need you ibullet
14:41 EmmettGaming   : i need you ibullet
14:47 EmmettGaming   : /PM IBULLET HI 
14:51 EmmettGaming   : emm
14:52 EmmettGaming   : list
14:57 EmmettGaming   : /msg ibullet hi 
15:05 EmmettGaming   : agh
17:00 GOTeamLeoGO    : hi
17:17 KragenClaw     : hi
17:17 EmmettGaming   : hi
17:18 EmmettGaming   : /msg kragenclaw where are you 
17:18 EmmettGaming   : /msg kragenclaw come here to be hero so we can fight 
17:19 EmmettGaming   : /msg kragenclaw come here to be hero so we can fight 
17:19 EmmettGaming   : /msg kragenclaw come here to be hero so we can fight 
17:19 KragenClaw     : at spawn
17:19 KragenClaw     : k
17:19 EmmettGaming   : /msg kragenclaw come then 
17:19 EmmettGaming   : i am too fast
17:20 EmmettGaming   : come
17:21 EmmettGaming   : omg i got a idea
17:21 EmmettGaming   : emm
17:22 EmmettGaming   : get op hero
17:22 EmmettGaming   : not deadpool
17:22 EmmettGaming   : get green lanturn
17:22 KragenClaw     : who are you
17:23 EmmettGaming   : i am thor
17:23 EmmettGaming   : be him
17:23 EmmettGaming   : wolfreen he regens
17:24 EmmettGaming   : chose the flash
17:24 EmmettGaming   : oh thats good anyway
17:24 EmmettGaming   : come in
17:24 EmmettGaming   : come we have to battle
17:26 EmmettGaming   : run 9
17:27 EmmettGaming   : rlly
17:29 EmmettGaming   : civl war baby
17:29 EmmettGaming   : come to /warp battle and we will fight in civl war
17:30 EmmettGaming   : i am waiting for you
17:30 EmmettGaming   : are you ready
17:30 EmmettGaming   : okay
17:31 EmmettGaming   : i had havle a heart
17:32 EmmettGaming   : gf
17:32 EmmettGaming   : gg
17:32 KragenClaw     : gg
17:32 EmmettGaming   : gg
17:32 EmmettGaming   : i had havle a heart
17:32 EmmettGaming   : what do i do to go back
17:33 EmmettGaming   : 3
17:33 EmmettGaming   : 2
17:33 EmmettGaming   : 1
17:33 EmmettGaming   : gpppppppppppp
17:33 EmmettGaming   : gooooooo
17:33 EmmettGaming   : emm come plz or tpa to me
17:34 EmmettGaming   : 3
17:34 EmmettGaming   : 2
17:34 EmmettGaming   : 1
17:34 EmmettGaming   : goo
17:34 EmmettGaming   : run 9
17:35 EmmettGaming   : list
17:35 EmmettGaming   : where are you
17:35 EmmettGaming   : run 9
17:36 EmmettGaming   : okay
17:36 EmmettGaming   : 3
17:36 EmmettGaming   : 2
17:36 EmmettGaming   : 1
17:36 EmmettGaming   : goo
17:37 EmmettGaming   : come and figth me
17:37 EmmettGaming   : after you get arrows
17:37 EmmettGaming   : real
17:37 EmmettGaming   : just start in
17:37 EmmettGaming   : 3
17:37 EmmettGaming   : 2
17:37 EmmettGaming   : 1
17:37 EmmettGaming   : goo
17:38 EmmettGaming   : ahh
17:38 EmmettGaming   : omg
17:38 KragenClaw     : 3
17:39 KragenClaw     : 2
17:39 KragenClaw     : 1
17:39 KragenClaw     : goo
17:39 EmmettGaming   : i am coming i just have speed 59558585885
17:40 EmmettGaming   : gg
17:40 EmmettGaming   : super man fight gg
17:40 EmmettGaming   : come
17:40 EmmettGaming   : are you ready]
17:40 EmmettGaming   : well anyway
17:40 EmmettGaming   : 1
17:40 EmmettGaming   : 2
17:40 EmmettGaming   : 3
17:40 EmmettGaming   : goooooooooo
17:40 EmmettGaming   : come
17:40 EmmettGaming   : come
17:41 EmmettGaming   : can you talk
17:41 KragenClaw     : ya
17:44 EmmettGaming   : sudden death no speed
17:45 EmmettGaming   : gg
17:45 EmmettGaming   : gg
17:45 KragenClaw     : gg
17:45 EmmettGaming   : good game
17:46 KragenClaw     : help
17:46 EmmettGaming   : teen titans lets go
17:46 EmmettGaming   : hat
17:48 EmmettGaming   : forcechoke plr
17:48 EmmettGaming   : darth maul; come and fight me hehehehhe
17:49 EmmettGaming   : come
17:49 EmmettGaming   : can you coms
17:50 EmmettGaming   : come
17:50 EmmettGaming   : 3
17:50 EmmettGaming   : 2
17:50 EmmettGaming   : 1
17:50 EmmettGaming   : gooooo
17:50 EmmettGaming   : stop
17:50 KragenClaw     : hi
17:50 GOTeamLeoGO    : hi
17:50 EmmettGaming   : omg someone else is here
17:50 GOTeamLeoGO    : did you guys jsut join this server?
17:50 EmmettGaming   : we can do 1v1v1 now
17:51 KragenClaw     : go to warp battle
17:51 EmmettGaming   : i joined a year ago
17:51 GOTeamLeoGO    : oh ok
17:51 GOTeamLeoGO    : that was rather easy
17:51 EmmettGaming   : yeha
17:52 EmmettGaming   : help me
17:52 GOTeamLeoGO    : no one punch man im not fighting you when your him
17:52 GOTeamLeoGO    : hes too OP
17:52 EmmettGaming   : hi guys
17:52 GOTeamLeoGO    : how am i this powerful
17:53 GOTeamLeoGO    : no fair
17:53 GOTeamLeoGO    : your both one punch man
17:53 EmmettGaming   : lol talk to my kit and you will be wowed
17:53 GOTeamLeoGO    : HOW AM I THIS GOOD
17:54 KragenClaw     : come
17:54 GOTeamLeoGO    : anyone wanna fight
17:55 GOTeamLeoGO    : im not fighting
17:55 GOTeamLeoGO    : you
17:55 GOTeamLeoGO    : your one punch man
17:55 KragenClaw     : ya
17:56 GOTeamLeoGO    : you know that kits only for staff
17:56 GOTeamLeoGO    : right
17:56 GOTeamLeoGO    : tek is banning it
17:56 GOTeamLeoGO    : for only staff
17:56 GOTeamLeoGO    : able to use it
17:56 EmmettGaming   : what kit is only for staff
17:56 KragenClaw     : i am staff
17:56 GOTeamLeoGO    : no
17:56 EmmettGaming   : what kit is only for staff
17:56 GOTeamLeoGO    : i dont see your tag
17:56 KragenClaw     : my friend made me one
17:56 GOTeamLeoGO    : whose your friend
17:56 KragenClaw     : zach
17:56 GOTeamLeoGO    : well not on this server
17:57 GOTeamLeoGO    : tek wouldve gave you a staff tag
17:57 KragenClaw     : k
17:57 GOTeamLeoGO    : if you were staffo n this server
17:57 GOTeamLeoGO    : how you doing that emmet
17:57 GOTeamLeoGO    : speed?
17:57 EmmettGaming   : i not stelling you
17:58 GOTeamLeoGO    : then i kill you
17:58 KragenClaw     : i have to go
17:58 EmmettGaming   : come we need to battle
17:58 GOTeamLeoGO    : k
17:59 EmmettGaming   : turn into captain america i got a idea
17:59 GOTeamLeoGO    : me?
17:59 EmmettGaming   : yeah
17:59 GOTeamLeoGO    : ok
17:59 EmmettGaming   : yeah you
17:59 GOTeamLeoGO    : im the captain
17:59 EmmettGaming   : #civl war for live
17:59 GOTeamLeoGO    : k
18:00 EmmettGaming   : we gonna do civl war round
18:00 GOTeamLeoGO    : let us battle
18:01 GOTeamLeoGO    : so much flying
18:01 EmmettGaming   : gg
18:01 GOTeamLeoGO    : now les do this
18:01 EmmettGaming   : NOW BATMAN VS SUPERMAN
18:01 GOTeamLeoGO    : ill be super
18:01 GOTeamLeoGO    : you be bats
18:01 EmmettGaming   : ok i be batman or i will be lex
18:02 GOTeamLeoGO    : you pick
18:02 EmmettGaming   : i forgot lex has no powers
18:02 EmmettGaming   : look
18:03 GOTeamLeoGO    : aim it at me
18:03 GOTeamLeoGO    : it kills me
18:03 EmmettGaming   : i know
18:03 GOTeamLeoGO    : les ifhgt
18:03 GOTeamLeoGO    : fight
18:03 EmmettGaming   : omg
18:03 GOTeamLeoGO    : lasa vision
18:04 EmmettGaming   : not fair it was insta shot
18:04 GOTeamLeoGO    : i know
18:04 GOTeamLeoGO    : because laser vision
18:04 EmmettGaming   : lel
18:04 GOTeamLeoGO    : sliced your body
18:04 EmmettGaming   : do i have to
18:04 EmmettGaming   : lol
18:04 EmmettGaming   : i am wonder wouman
18:04 GOTeamLeoGO    : lol
18:05 EmmettGaming   : ahh what you doing
18:05 EmmettGaming   : 3
18:05 EmmettGaming   : 2
18:05 EmmettGaming   : 1
18:06 EmmettGaming   : gg wonderwoman won
18:06 EmmettGaming   : lol i won i dint know girls where strong
18:06 EmmettGaming   : emm
18:07 EmmettGaming   : srry
18:07 EmmettGaming   : brb
18:07 EmmettGaming   : tsop
18:07 EmmettGaming   : brb
18:07 EmmettGaming   : why you flying anyway
18:09 KragenClaw     : cant kill me
18:09 GOTeamLeoGO    : yes i can kill you
18:09 KragenClaw     : WOW
18:11 EmmettGaming   : ready
18:11 EmmettGaming   : 1
18:11 EmmettGaming   : 2
18:11 EmmettGaming   : dont kill me omn
18:11 EmmettGaming   : dont kill me omg
18:11 EmmettGaming   : whats that
18:11 EmmettGaming   : is anybody here
18:12 EmmettGaming   : i juts gonna say omg i dint know you could do that
18:12 EmmettGaming   : omg
18:13 EmmettGaming   : what herdals
18:14 EmmettGaming   : when we are done can we play mor
18:14 EmmettGaming   : when we are done can we play more of super heros
18:15 EmmettGaming   : wait for me plz
18:15 KragenClaw     : hi
18:15 EmmettGaming   : wait for me plz
18:15 PhoebeThePanda : haii
18:16 PhoebeThePanda : gg
18:16 EmmettGaming   : gg
18:16 EmmettGaming   : can we go back npw
18:16 KragenClaw     : i have to go
18:16 EmmettGaming   : oh bye
18:17 PhoebeThePanda : are you new to the server? :)
18:17 EmmettGaming   : i got this 1year ago of course not want have battle anyway
18:17 PhoebeThePanda : ahh i see
18:17 EmmettGaming   : can tou battle with me
18:18 EmmettGaming   : SUPERSIAN
18:18 PhoebeThePanda : no sorry, im mining atm
18:18 PhoebeThePanda : xD
18:19 EmmettGaming   : hwo doy you spel
18:19 EmmettGaming   : how do you spel
18:19 PhoebeThePanda : lmao
18:19 EmmettGaming   : how do you spell
18:19 EmmettGaming   : can you battle me
18:19 PhoebeThePanda : no sorry
18:19 EmmettGaming   : what do you want to do
18:19 EmmettGaming   : what do you want to do
18:19 PhoebeThePanda : im a little busy rn
18:19 xSpiderMan     : Yo
18:20 PhoebeThePanda : hey
18:20 xSpiderMan     : Still got this invincible zombie
18:20 xSpiderMan     : OPM does no damage to him...
18:21 xSpiderMan     : ...
18:21 EmmettGaming   : /pm mxspiderman hi 
18:21 EmmettGaming   : /pm xspiderman hi 
18:22 xSpiderMan     : /r Hello 
18:22 EmmettGaming   : i nto dosroying you den
18:22 xSpiderMan     : What?
18:22 xSpiderMan     : Oh
18:22 EmmettGaming   : jk i am
18:22 EmmettGaming   : to make a new one
18:22 EmmettGaming   : thats better
18:22 xSpiderMan     : Make a new what? xD
18:23 EmmettGaming   : den
18:23 EmmettGaming   : for you
18:23 xSpiderMan     : Oh
18:23 xSpiderMan     : Im fine :-:
18:23 xSpiderMan     : I alrdy has den
18:23 EmmettGaming   : omg i broke it to make a new one
18:23 EmmettGaming   : the is better
18:23 xSpiderMan     : You never broke my den
18:23 xSpiderMan     : well I think
18:23 EmmettGaming   : emm
18:23 xSpiderMan     : Lemme checkk
18:24 xSpiderMan     : You didnt break my den
18:24 EmmettGaming   : go to where teh super heros are
18:24 xSpiderMan     : Oh, your talking about the island with webs around it?
18:24 EmmettGaming   : yeah
18:24 xSpiderMan     : Yea, thats mine
18:24 xSpiderMan     : I left it though
18:24 xSpiderMan     : Break it all you want
18:25 EmmettGaming   : okay wheres your real den i wont break it i just want to see
18:25 xSpiderMan     : I has no den :(
18:25 EmmettGaming   : what do you have then
18:25 xSpiderMan     : Nothing :(
18:25 EmmettGaming   : me too
18:25 EmmettGaming   : want to battle
18:25 xSpiderMan     : nu
18:26 EmmettGaming   : what you wanna do then
18:26 xSpiderMan     : Nothing really.
18:26 xSpiderMan     : OH NO
18:26 EmmettGaming   : plz battle me
18:26 xSpiderMan     : I FOUND A SKELETON HORSE
18:26 EmmettGaming   : what
18:26 xSpiderMan     : AND KILLED IT ON ACCIDENT
18:27 xSpiderMan     : I dont want to battle
18:27 EmmettGaming   : why cant i do disguise
18:27 xSpiderMan     : ew
18:28 xSpiderMan     : Now you can disguise.
18:28 EmmettGaming   : thnx
18:28 EmmettGaming   : thnxs
18:29 EmmettGaming   : . test
18:29 xSpiderMan     : k
18:30 EmmettGaming   : OMG THERES IS SKELLY HOURSE ON SPIDERMAN ISLAND
18:30 xSpiderMan     : No there isnt?
18:30 EmmettGaming   : LOOK
18:30 xSpiderMan     : Is it the one with webs?
18:30 EmmettGaming   : YEAH
18:30 xSpiderMan     : Oh, idc
18:30 xSpiderMan     : Take the horse
18:31 EmmettGaming   : hwo do you disguise into people
18:31 EmmettGaming   : . I has no clothes
18:31 EmmettGaming   : hwo do you disguise into people
18:32 EmmettGaming   : lol
18:32 EmmettGaming   : whos the real me
18:32 xSpiderMan     : Will not reply
18:32 EmmettGaming   : tell me how to do it
18:32 xSpiderMan     : I wont reply to the disguise thing
18:32 EmmettGaming   : why
18:32 xSpiderMan     : Because I dont want to xD
18:33 EmmettGaming   : hi
18:33 xSpiderMan     : Hello
18:34 EmmettGaming   : plz /kill me
18:34 xSpiderMan     : I cant
18:34 EmmettGaming   : noo
18:34 EmmettGaming   : thnx
18:34 xSpiderMan     : Yo
18:34 EmmettGaming   : are you gonna come out
18:35 xSpiderMan     : Come out?
18:35 EmmettGaming   : hwo do you do that tell me
18:35 EmmettGaming   : of homie
18:35 xSpiderMan     : ...
18:35 EmmettGaming   : come out of homie
18:36 EmmettGaming   : how did you do that
18:36 xSpiderMan     : Magic
18:36 EmmettGaming   : plz tell me
18:36 EmmettGaming   : ahhj]#
18:36 EmmettGaming   : how can do it juits tell me that
18:36 EmmettGaming   : . The real me is the one standing still
18:37 EmmettGaming   : hi
18:37 EmmettGaming   : hi bro
18:37 xSpiderMan     : Screenie xD
18:37 xSpiderMan     : Hello disguied-me
18:37 xSpiderMan     : Screenshottt
18:38 xSpiderMan     : k out of disguise
18:38 xSpiderMan     : Ill disguise as u now
18:38 xSpiderMan     : So there will be 2 of u
18:38 xSpiderMan     : wb KragenClaw
18:38 EmmettGaming   : disguise
18:39 xSpiderMan     : /msg EmmettGaming Do /disguise p KragenClaw 
18:39 EmmettGaming   : wait i got bets idea ever
18:39 KragenClaw     : ya
18:39 xSpiderMan     : /r There will be 3 of him we can prank him xD 
18:39 xSpiderMan     : /r And also to make him talk do /speak KragenClaw 
18:39 EmmettGaming   : /msg xspiderman that was my idea come so we doesnt see us 
18:39 xSpiderMan     : /r You go hide and disguise 
18:39 xSpiderMan     : /r He hasnt seen mehh 
18:40 KragenClaw     : . yo its gangsta homie kragen
18:40 EmmettGaming   : kragenclaws
18:40 KragenClaw     : call me claw for short
18:41 KragenClaw     : . and also pls call me mr egg head
18:41 KragenClaw     : no
18:41 KragenClaw     : . guys I has hax
18:41 xSpiderMan     : /r LOLOLOL 
18:41 xSpiderMan     : /r This is hilarious 
18:41 KragenClaw     : haha
18:42 KragenClaw     : . yes haha cuz my face so ugly
18:42 EmmettGaming   : /msg xspiderman how do i turn my name into i=his name 
18:42 KragenClaw     : gosh danget
18:42 xSpiderMan     : /r do /speak KragenClaw ( Text ) 
18:42 KragenClaw     : that is not my skin
18:42 KragenClaw     : . My father is darth vader
18:43 KragenClaw     : you all suck
18:43 KragenClaw     : . I suck guys
18:43 KragenClaw     : see ya
18:43 EmmettGaming   : dont go we are srry
18:43 EmmettGaming   : good job
18:43 xSpiderMan     : And there we have it
18:44 xSpiderMan     : /r WHICH ONE IS U 
18:44 xSpiderMan     : /r kk 
18:44 EmmettGaming   : jump on captain if me
18:44 KragenClaw     : dont make me
18:44 KragenClaw     : . pls dont make me more ugly
18:45 xSpiderMan     : /r look down der 
18:45 xSpiderMan     : /r dont fall 
18:45 EmmettGaming   : /msg xspiderman you know anybodys name 
18:45 KragenClaw     : plz dont make yo mama more ugly
18:45 KragenClaw     : . Srry guys my mom is the ugliest
18:45 EmmettGaming   : do you have to go
18:45 xSpiderMan     : LOL
18:46 EmmettGaming   : lol
18:46 EmmettGaming   : we trolled him good
18:46 xSpiderMan     : I might change my skin
18:46 EmmettGaming   : okay
18:46 xSpiderMan     : brb
18:46 EmmettGaming   : becuse your ugly
18:46 EmmettGaming   : hes gon
18:48 EmmettGaming   : what doe sprl
18:48 EmmettGaming   : what does prl mean
18:48 EmmettGaming   : i foorgot
18:48 KragenClaw     : me too
18:50 EmmettGaming   : why is /flame not working
18:51 EmmettGaming   : /msg kragenclaw hi 
18:51 EmmettGaming   : where are you
18:52 KragenClaw     : over here at this island
18:53 KragenClaw     : sorry
