00:03 donabella09    : nice
00:03 donabella09    : :/
00:03 donabella09    : how r u muted? >-.
00:03 donabella09    : *.-.
00:03 Tektronic      : oh
00:04 Tektronic      : i forgot he was muted
00:04 xSpiderMan     : yo
00:04 Tektronic      : lol
00:04 donabella09    : XD
00:04 Tektronic      : so i guess i fixed it?
00:04 xSpiderMan     : I was talking with the /disguise xD
00:04 Tektronic      : cuz u couldn't talk lol
00:04 xSpiderMan     : I never tried the /me actually
00:04 Tektronic      : dafuq
00:04 donabella09    : /me puts on glasses* 
00:04 xSpiderMan     : Fixed it
00:05 xSpiderMan     : Dona
00:05 xSpiderMan     : C'mere
00:05 xSpiderMan     : Tek, tp 2 meh
00:05 Tektronic      : what for
00:05 xSpiderMan     : Im doing something crazy
00:06 xSpiderMan     : idk if this will work tho xD
00:06 xSpiderMan     : OMG
00:06 xSpiderMan     : IT WORKED
00:06 donabella09    : i wanna touch it
00:06 xSpiderMan     : if you hit it, i swear
00:06 donabella09    : :4
00:06 donabella09    : XD
00:06 xSpiderMan     : ;o
00:06 donabella09    : it jusy attacked me XD
00:07 xSpiderMan     : Well, no more of those xD
00:07 xSpiderMan     : I still have my command block ^
00:07 donabella09    : NU! NU!!!!
00:07 donabella09    : :4
00:07 xSpiderMan     : xD
00:07 donabella09    : dammit
00:08 xSpiderMan     : yo u freaked out last time xD
00:09 donabella09    : ≧◡≦
00:09 xSpiderMan     : :o
00:09 donabella09    : i found a sub now :4
00:09 donabella09    : DAMMIT!!
00:09 xSpiderMan     : A sub?
00:09 donabella09    : a substitute
00:09 donabella09    : ≧◡≦
00:09 xSpiderMan     : o
00:10 donabella09    : 040
00:10 donabella09    : HE CHANGED THAT TOO!!! DX
00:10 xSpiderMan     : ?
00:10 xSpiderMan     : Who changed what?
00:10 donabella09    : tiki did DX
00:10 Tektronic      : what did i chant
00:10 Tektronic      : change
00:10 xSpiderMan     : What did he change?
00:10 xSpiderMan     : 3
00:10 donabella09    : dis 040
00:10 Tektronic      : LOL
00:10 xSpiderMan     : º¢º
00:10 donabella09    : (● ω ●)
00:10 donabella09    : §3 (● ω ●)
00:11 xSpiderMan     : …………………………………
00:11 xSpiderMan     : ew
00:11 xSpiderMan     : who wants
00:11 donabella09    : ヾ(〃^∇^)ﾉ
00:11 donabella09    : nah
00:12 donabella09    : ew .-.
00:12 xSpiderMan     : lel
00:13 xSpiderMan     : nuu
00:17 xSpiderMan     : yo dis scary
00:17 xSpiderMan     : be dodging a ghast
00:17 xSpiderMan     : k now he gone
00:17 xSpiderMan     : .
00:19 xSpiderMan     : Tek
00:19 Tektronic      : ay yo
00:19 xSpiderMan     : Are you able to spawn a wither with soul sand and wither skulls?
00:19 xSpiderMan     : Like is it enabled?
00:19 Tektronic      : yeah
00:19 xSpiderMan     : Omg
00:19 xSpiderMan     : I shall do that
00:20 xSpiderMan     : I alrdy have one skull and like a stack of soul sand
00:20 xSpiderMan     : oo
00:21 xSpiderMan     : wb
00:21 donabella09    : thx
00:21 xSpiderMan     : ay dona
00:21 donabella09    : ?
00:21 xSpiderMan     : Want to help me kill wither skeletons to get some wither skulls?
00:22 donabella09    : nah i got a wither skull already
00:22 xSpiderMan     : Lez fight a wither together xD
00:22 donabella09    : if u want my skull i can give it to u
00:22 xSpiderMan     : I have a skull, you have one, so we need 1 more
00:22 donabella09    : ;-;
00:22 xSpiderMan     : And sure, ill take it
00:23 xSpiderMan     : one more :-:
00:23 donabella09    : why do u want to fight a wither?
00:23 xSpiderMan     : Cuz
00:24 xSpiderMan     : I want to earn a nether star legit
00:24 donabella09    : tek can just spawn them .-.
00:24 xSpiderMan     : And I need an achivement.
00:24 Tektronic      : lol the withers i spawn will whoop ur azz
00:24 xSpiderMan     : ikr
00:24 donabella09    : true
00:24 xSpiderMan     : He could just give them literally anything
00:24 xSpiderMan     : He could make em giant
00:25 xSpiderMan     : o.O
00:25 donabella09    : XD
00:25 donabella09    : he can give the withers regeneration
00:25 xSpiderMan     : I found another wither skeleton
00:25 xSpiderMan     : Wish me luck, I hope I get a last skull
00:25 xSpiderMan     : omg
00:25 xSpiderMan     : more coal :-:
00:25 donabella09    : XD
00:25 xSpiderMan     : I even have looting 3
00:25 xSpiderMan     : oo nether warts
00:26 xSpiderMan     : OMG I found another skeleton
00:26 xSpiderMan     : pls
00:26 xSpiderMan     : OMG
00:26 xSpiderMan     : I DONT NEED COAL
00:27 xSpiderMan     : I found another skeleton, and got more coal...
00:29 xSpiderMan     : Tek
00:29 Tektronic      : ay yo
00:29 xSpiderMan     : Wait
00:29 xSpiderMan     : Oh, now I remember
00:29 Tektronic      : im waiting
00:29 xSpiderMan     : Help me find a wither skull :-:
00:30 Tektronic      : that sounds boring
00:30 xSpiderMan     : xD
00:30 xSpiderMan     : I dont want your withers tho
00:30 xSpiderMan     : there scary
00:30 xSpiderMan     : dude
00:30 xSpiderMan     : I found another skeleton
00:30 xSpiderMan     : wish meh luckk
00:31 xSpiderMan     : Im done
00:31 Tektronic      : xD
00:31 xSpiderMan     : Good side, I get more coal
00:31 xSpiderMan     : Bad side
00:31 xSpiderMan     : I dont need COAL
00:32 xSpiderMan     : wb
00:33 Mr_Pharts      : o/
00:33 xSpiderMan     : wb
00:33 Mr_Pharts      : what can a man do with 4 chests of ender pearls
00:33 xSpiderMan     : idk
00:33 donabella09    : thx
00:33 Mr_Pharts      : 4 double chests
00:33 xSpiderMan     : I have an eye of ender
00:33 xSpiderMan     : Who wants
00:33 donabella09    : u can teleport anymore pharts
00:34 xSpiderMan     : FINALLY
00:34 xSpiderMan     : I GOT A SKULL
00:34 donabella09    : congrats
00:34 Mr_Pharts      : wither or other kind
00:35 xSpiderMan     : IM KILLING A WITHER NOW
00:35 xSpiderMan     : Dona
00:35 donabella09    : what?
00:36 xSpiderMan     : watch me murder this wither
00:36 donabella09    : wait
00:36 xSpiderMan     : I shall get my revenge on all withers
00:36 xSpiderMan     : Im looking at u tek
00:36 xSpiderMan     : dona
00:36 xSpiderMan     : get ur weapons out
00:36 xSpiderMan     : he might attack u
00:36 xSpiderMan     : I call nether star btw
00:36 Mr_Pharts      : well duh it's your skull
00:36 Mr_Pharts      : can I fight also pls
00:37 xSpiderMan     : im in da airr
00:37 donabella09    : im just watching
00:37 Mr_Pharts      : it's cool
00:37 Mr_Pharts      : pls accept
00:37 xSpiderMan     : he ded
00:37 Mr_Pharts      : dang
00:37 xSpiderMan     : we got him
00:37 donabella09    : ...
00:37 donabella09    : nah u did
00:37 xSpiderMan     : Im withered
00:37 xSpiderMan     : Im holding da starr
00:37 xSpiderMan     : OMG
00:37 xSpiderMan     : r u srs
00:37 donabella09    : wut?
00:38 xSpiderMan     : DUDE
00:38 Mr_Pharts      : didn't take the star
00:38 xSpiderMan     : my sword
00:38 Mr_Pharts      : just wanted to see how much damage I do
00:38 xSpiderMan     : The wither did most of the damage tbh
00:38 Mr_Pharts      : broke your armor too soz
00:38 xSpiderMan     : I had prot 4 :-:
00:39 Mr_Pharts      : well just use my enderman farm
00:39 xSpiderMan     : That wont help
00:39 Mr_Pharts      : zero to level thirty in 4.5 minutes
00:39 Mr_Pharts      : it'll certainly speed up the process
00:39 Mr_Pharts      : sorry for killing you btw
00:39 xSpiderMan     : I have no more irons
00:39 xSpiderMan     : iron *
00:39 Mr_Pharts      : it's just super satisfying
00:39 donabella09    : i can give u some iron .-.
00:39 xSpiderMan     : And I dont enchant armor
00:39 xSpiderMan     : I use /enchant
00:39 xSpiderMan     : Like, I dont use enchanting tables
00:40 Mr_Pharts      : MM has that power?
00:40 xSpiderMan     : Nope
00:40 xSpiderMan     : Doctor strange
00:40 Mr_Pharts      : oh true
00:40 Mr_Pharts      : doc strange is 1 of my top 10 favourite comic chars
00:40 xSpiderMan     : Ye
00:40 donabella09    : spidey do u need iron .-.
00:40 xSpiderMan     : erm
00:41 xSpiderMan     : I just realized
00:41 xSpiderMan     : Prot 4 diamond armor in my chest.
00:41 donabella09    : .-.
00:42 xSpiderMan     : Dona
00:42 donabella09    : ?
00:42 xSpiderMan     : Could I have one diamond? Just 1?
00:42 xSpiderMan     : xD
00:42 donabella09    : u want uno?
00:42 xSpiderMan     : ye
00:42 donabella09    : k
00:42 xSpiderMan     : Now I want to play uno.
00:42 donabella09    : XD
00:43 xSpiderMan     : wait
00:43 xSpiderMan     : i dont need this
00:43 xSpiderMan     : I already have an enchanting table xD
00:43 donabella09    : at least u got me an achievement
00:43 xSpiderMan     : xD
00:43 xSpiderMan     : I am going to complete all achievements.
00:45 AceTrainerBailey: I absolutely hate my internet
00:45 Tektronic       : ace wehre u ben
00:45 Tektronic       : i need to tell u
00:45 xSpiderMan      : Tek
00:45 Tektronic       : the checkers area is fuckin awesome
00:45 AceTrainerBailey: Its horrible isnt it
00:45 xSpiderMan      : There should be a beta testing thing so people can test out the new heros.
00:46 AceTrainerBailey: And my internet shut off
00:46 Tektronic       : thats gay
00:46 AceTrainerBailey: That kinda why i dissappeared
00:46 AceTrainerBailey: Pissed me off
00:48 AceTrainerBailey: Tek was that sarcasm? About the checkers area?
00:48 xSpiderMan      : oo
00:51 AceTrainerBailey: ..?
00:52 donabella09     : ...................
00:52 xSpiderMan      : ?
00:52 AceTrainerBailey: Uhh..
00:56 Tektronic       : oh ace
00:56 AceTrainerBailey: ?
00:56 Tektronic       : did u hear about the transformation station disaster?
00:56 AceTrainerBailey: No?
00:56 Tektronic       : lol
00:56 Tektronic       : it all got deleted
00:56 AceTrainerBailey: How?!??!?!
00:56 Tektronic       : accidentally
00:56 Tektronic       : lol
00:56 AceTrainerBailey: Damn
00:57 Tektronic       : so i've been re-working on it
00:57 Tektronic       : same thing, just gotta remake it
00:57 AceTrainerBailey: Ah
00:57 Tektronic       : hi AceTrainerBailey
00:57 Tektronic       : fuck
00:57 Tektronic       : hi aman3003
00:57 aman3003        : hey
00:57 donabella09     : WELCOME!!
00:57 AceTrainerBailey: I think my internet is fixed, so it shouldnt go out again
00:57 Tektronic       : ace
00:57 Tektronic       : ace come to /warp mainfloor
00:59 Tektronic       : each floor can be accessed via the elevator shaft
01:00 AceTrainerBailey: Nice
01:01 AceTrainerBailey: What can i do?
01:01 Tektronic       : we
01:01 Tektronic       : well
01:01 Tektronic       : wanna help me decorate some floors?
01:01 AceTrainerBailey: Sure
01:02 AceTrainerBailey: I dont have build perms yet though :P
01:02 Tektronic       : okay
01:02 Tektronic       : ace
01:02 Tektronic       : im hre
01:02 Tektronic       : follow
01:02 Tektronic       : this floor
01:03 AceTrainerBailey: Okay
01:03 AceTrainerBailey: still dont have perms
01:03 Tektronic       : oh sorry
01:03 Tektronic       : lol
01:03 Tektronic       : done
01:03 AceTrainerBailey: Okay
01:04 AceTrainerBailey: What if for the way down to the basement levels you make a seperate, cargo elevator type thing
01:04 AceTrainerBailey: Whats it calleddd
01:05 AceTrainerBailey: i had it
01:05 Tektronic       : sure bro
01:05 Tektronic       : show me
01:06 AceTrainerBailey: Here let me get a picture
01:07 AceTrainerBailey: https://upload.wikimedia.org/wikipedia/commons/c/c6/Freight_elevator_interior.jpg
01:07 AceTrainerBailey: like one of those
01:07 Tektronic       : where should we put it
01:08 AceTrainerBailey: On the main floor obviously, let me find somewhere it'll fit
01:09 AceTrainerBailey: What if you made one of the elevators into it
01:09 AceTrainerBailey: One elevator to reach the upward floors, the other to go downward
01:09 Tektronic       : i think that would look weird, having the freight elevator to the entrance of a fancy hi tech buildi
01:09 Tektronic       : buildng, dont u?
01:09 Tektronic       : here's what i was thinking
01:09 AceTrainerBailey: Yeah, that came to mind.. But i dont know any other spot
01:10 Tektronic       :  placed a sign @ plots: x110, z-338
  OUT OF
  ORDER
01:10 Tektronic       : we could make it "out of order"
01:10 Tektronic       : and a secret way to get in
01:10 Tektronic       : that would lead to the basement
01:11 AceTrainerBailey: Yeah! Like make a "service" door over here, or somewhere else
01:11 Tektronic       : yeah
01:11 Tektronic       : i was thinking maybe u have to enter via an emergency shaft ladder
01:11 Tektronic       : lol no
01:11 AceTrainerBailey: xD
01:11 Tektronic       : undo
01:11 AceTrainerBailey: Im just testing things out
01:12 Tektronic       : ok
01:12 Tektronic       : i'll show u
01:16 Tektronic       :  placed a sign @ plots: x108, z-334
  Down
  Basement
  Level 1
01:25 Tektronic       :  placed a sign @ plots: x106, z-333
  Supply
  Closet
01:25 Tektronic       : ace
01:25 Tektronic       : its done
01:25 Tektronic       : wanna see it
01:26 AceTrainerBailey: Yes?
01:26 AceTrainerBailey: Yeah
01:26 Tektronic       : come
01:26 Tektronic       : its on like the 8th floor
01:26 Tektronic       : well first
01:26 Tektronic       : check it out
01:26 Tektronic       : u can see th entrance hole
01:26 Tektronic       : in the upper left
01:26 AceTrainerBailey: Yeah
01:26 Tektronic       : follow
01:28 Tektronic       : like it?
01:28 AceTrainerBailey: Yeah! Just feel like its a little out of the way xD
01:28 Tektronic       : its supposed to be
01:28 Tektronic       : the heroes are top secret
01:28 Tektronic       : LexStark Labs highest classified project
01:28 AceTrainerBailey: Since we did it that way, what if we made the labs look a little run down?
01:29 AceTrainerBailey: Like this is a failed/expirimental project
01:29 Tektronic       : why would they be run down? it's LexStark Labs is like an ultra modern research facility
01:29 AceTrainerBailey: Because the way you get down there seems mor elike you're sneaking in and less like a secret entranc
01:29 AceTrainerBailey: to a high tech lab
01:29 Tektronic       : well, u are sneaking in
01:30 Tektronic       : the public isn't supposed to know about it
01:30 AceTrainerBailey: You know what i meant
01:30 Tektronic       : actually idont
01:30 Tektronic       : because the way you describe it sounds just like how i want it :\
01:30 AceTrainerBailey: It feels more like a failed expiriment that they are trying to cover up
01:30 Tektronic       : like u ever play Half Life with the Black Mesa facility?
01:31 AceTrainerBailey: Partly, i wasnt into half life much thoug
01:31 AceTrainerBailey: h*
01:31 Tektronic       : what about portal?
01:31 AceTrainerBailey: Poral, yeah
01:31 Tektronic       : yeah that kind of research facility
01:31 AceTrainerBailey: portal* god damnittt
01:37 Tektronic       : howurfuyfyfu
01:37 Tektronic       : JORNDAN
01:37 Tektronic       : IT ME MALON
01:38 Tektronic       : its me
01:38 Tektronic       : malon
01:38 Tektronic       : hi
01:38 Tektronic       : whats up
01:38 Tektronic       : dude
01:38 Tektronic       : pls
01:38 Jordan_and_Harry: hey man
01:38 Tektronic       : i need to talk to u
01:38 Jordan_and_Harry: yeah?
01:38 Tektronic       : did nick82 really die?
01:38 Jordan_and_Harry: yes
01:38 AceTrainerBailey: Hello.. It's me... Im a thousand miles away but ask if you would like to meet.. hello..
01:38 Tektronic       : ur not joking?
01:38 Jordan_and_Harry: no man im not
01:38 Tektronic       : pls dont be joking
01:38 Tektronic       : ive thought about it a lot
01:38 Tektronic       : :(
01:38 Tektronic       : ok
01:38 Jordan_and_Harry: sorry man
01:39 Tektronic       : that is incredibly sad
01:39 Jordan_and_Harry: its been really hard
01:39 Tektronic       : how did he pass?
01:39 Jordan_and_Harry: took his own life
01:39 Tektronic       : :(
01:39 Tektronic       : do you want to see his old house?
01:39 Tektronic       : i still have it
01:39 Jordan_and_Harry: sure
01:39 Jordan_and_Harry: he did it
01:39 Tektronic       : give me a second to find it
01:39 Tektronic       : i do have it tho
01:39 Jordan_and_Harry: last year march
01:39 Tektronic       : goddamn
01:40 Tektronic       : plz dont lose this server bro
01:40 Tektronic       : nic82 was one of my favs
01:40 Jordan_and_Harry: its the top of my list
01:40 Jordan_and_Harry: :P
01:40 Jordan_and_Harry: i really miss this server
01:40 Jordan_and_Harry: we hads ome great times
01:41 Jordan_and_Harry: man
01:41 Tektronic       : this world is frozen in time harry
01:41 Tektronic       : so it will never change
01:42 Jordan_and_Harry: good thanks man
01:42 Jordan_and_Harry: i think i was building this
01:42 Tektronic       : this was being built by StoleYourDiamond
01:42 Jordan_and_Harry: ohhh
01:43 Jordan_and_Harry: yeah thats right
01:43 Jordan_and_Harry: this was nics i thnk
01:43 Tektronic       : damn
01:43 Tektronic       : feels bad man
01:43 Tektronic       : i loved that guy
01:43 Jordan_and_Harry: yeah it isnt easy
01:44 Jordan_and_Harry: we used to always still catch up
01:44 Jordan_and_Harry: haha we actualy did karate together :P
01:44 Tektronic       : he was one of my best players
01:44 Tektronic       : sry for ur loss bro
01:45 Jordan_and_Harry: thanks
01:45 Jordan_and_Harry: geez
01:45 Jordan_and_Harry: whos was this?
01:45 Tektronic       : nic82
01:45 Tektronic       : his main house he was rebuilding
01:45 Jordan_and_Harry: huh
01:45 Jordan_and_Harry: not a bad build
01:45 Tektronic       : yeah
01:45 Tektronic       : placed these blocks 16416.82 hours ago
01:46 AceTrainerBailey: brb
01:46 Tektronic       : harry have you seen much of my new server
01:46 Jordan_and_Harry: nah like none
01:46 Tektronic       : lets go to /spawn
01:46 Tektronic       : and check it out
01:46 Jordan_and_Harry: hold on
01:47 Tektronic       : ok
01:47 Jordan_and_Harry: i want to check out our nether
01:47 Tektronic       : np
01:47 Tektronic       : take ur time bro
01:47 Jordan_and_Harry: think you could give me fly perms?
01:47 Jordan_and_Harry: ty
01:48 Jordan_and_Harry: hahah my pink sheep
01:49 Jordan_and_Harry: ok im here
01:50 Jordan_and_Harry: malon?
01:50 Tektronic       : yeah
01:50 Tektronic       : im here
01:50 Jordan_and_Harry: ah ok
01:50 Tektronic       : lol
01:51 Jordan_and_Harry: neat
01:51 Tektronic       : thx
01:52 Jordan_and_Harry: wow you have done some work
01:52 Tektronic       : thx man
01:52 Jordan_and_Harry: how popular is your server these days?
01:52 Tektronic       : pretty good actually
01:53 Tektronic       : best its ever been
01:53 Jordan_and_Harry: thats good to hear, you deserve it
01:53 Tektronic       : thx bro :0
01:53 Jordan_and_Harry: do you remeber how nic and i always used to find ways to cheat
01:53 Tektronic       : xDDD
01:53 Tektronic       : yes
01:53 Tektronic       : you f uckers
01:53 Jordan_and_Harry: like in the end
01:53 Tektronic       : i finally fixed that cheating shit
01:53 Tektronic       : lol
01:54 Jordan_and_Harry: how i figuered out how to get items across to the world using dispensers
01:54 Tektronic       : rofl yeah LOL
01:54 Tektronic       : i h8 u lol
01:54 Jordan_and_Harry: hahah i love you too
01:55 Jordan_and_Harry: man this brings back so many memories
01:55 Jordan_and_Harry: i think i have you on steam
01:56 Jordan_and_Harry: yeah i do
01:57 Jordan_and_Harry: shh
01:58 Jordan_and_Harry: that
01:58 Tektronic       : which one u wanna do
01:58 Jordan_and_Harry: look like cancer hahaaha
01:58 Tektronic       : haha
01:58 Tektronic       : go ahead
01:58 Jordan_and_Harry: how did you come up with so many games?
01:59 Tektronic       : idk
01:59 Jordan_and_Harry: this one btw
01:59 Tektronic       : i just think of them
01:59 Tektronic       : which one u go to
01:59 Jordan_and_Harry: halarious race
01:59 Jordan_and_Harry: nice spelling me..
02:00 Tektronic       : one sec
02:01 Tektronic       : back
02:01 Tektronic       : sry
02:01 Jordan_and_Harry: jajaja
02:01 Jordan_and_Harry: haha
02:02 Tektronic       : if u dont hold the stick u can go dlow
02:02 Tektronic       : slow
02:02 Tektronic       : lagged
02:04 Jordan_and_Harry: crap
02:06 Jordan_and_Harry: what have you done to me lol
02:06 Tektronic       : lol where r u
02:07 Tektronic       : im waiting for u
02:07 Jordan_and_Harry: stuck
02:07 Tektronic       : xD
02:07 Tektronic       : sry
02:07 Jordan_and_Harry: ty :P\
02:09 Jordan_and_Harry: NOo
02:10 Jordan_and_Harry: well\
02:10 Jordan_and_Harry: im good at that...
02:10 Jordan_and_Harry: jk
02:10 Tektronic       : what game nex
02:11 Tektronic       : hi oopy
02:11 alyoop0726      : hi
02:13 Jordan_and_Harry: crap
02:16 Tektronic       : what gme next
02:16 Jordan_and_Harry: wanna play checkers?
02:16 Jordan_and_Harry: i wanna see how you did this one
02:16 Tektronic       : donabella09 loves checkers
02:16 Tektronic       : dona
02:16 Tektronic       : wanna play vs him>
02:16 donabella09     : :DDDD
02:16 Tektronic       : ur undefeated
02:16 Tektronic       : except by me using tournament rules
02:16 donabella09     : yea <.<
02:17 donabella09     : im here :DDD
02:17 donabella09     : red or black?
02:17 Jordan_and_Harry: if i beat you i steal your admin
02:17 Jordan_and_Harry: jkjk\
02:17 Tektronic       : deal
02:17 donabella09     : WUT?!?! D:
02:17 Jordan_and_Harry: haahahaha
02:17 Tektronic       : better not lose dona!
02:17 donabella09     : ur kidding tiki
02:17 Jordan_and_Harry: ill go red
02:17 donabella09     : k
02:17 donabella09     : whos going first?
02:18 Jordan_and_Harry: do you want to?
02:18 donabella09     : sure
02:19 donabella09     : ?
02:19 Jordan_and_Harry: missed haha
02:20 Jordan_and_Harry: wait
02:20 donabella09     : XD
02:20 Jordan_and_Harry: can you go backward
02:20 donabella09     : when u have a king
02:20 donabella09     : which u dont
02:20 Jordan_and_Harry: crap
02:21 Jordan_and_Harry: um
02:21 Jordan_and_Harry: nvm
02:22 Jordan_and_Harry: i
02:22 Jordan_and_Harry: have made amistake
02:23 donabella09     : XD
02:23 Jordan_and_Harry: lol
02:23 donabella09     : oh well :4
02:23 donabella09     : dammit T^T
02:23 donabella09     : ≧◡≦
02:23 donabella09     : is it my turn? or urs?
02:23 Jordan_and_Harry: urs
02:24 donabella09     : u have to king me
02:24 Jordan_and_Harry: k
02:24 Jordan_and_Harry: nevr
02:24 donabella09     : .-.
02:25 donabella09     : its mien king! T^T
02:25 Jordan_and_Harry: tut tut
02:26 donabella09     : did u went yet?
02:26 Jordan_and_Harry: oh
02:27 Jordan_and_Harry: right
02:27 Jordan_and_Harry: i cant go backwards
02:27 Jordan_and_Harry: man
02:27 donabella09     : wb
02:27 Jordan_and_Harry: wb?
02:27 AceTrainerBailey: Ty
02:27 donabella09     : np
02:27 Jordan_and_Harry: ahhh welcome baccccckkk riiiiiiighhhhhhhtt
02:28 Tektronic       : gaberdine
02:28 Tektronic       : whats up my niggaz
02:28 donabella09     : nothing
02:28 donabella09     : just got a king .-.
02:28 donabella09     : u went already?
02:28 AceTrainerBailey: We all laughing at my horrible quick made checkers area? xD
02:28 Jordan_and_Harry: yee
02:28 donabella09     : nah
02:29 donabella09     : how?!
02:29 donabella09     : oh XD
02:29 Jordan_and_Harry: idk
02:29 Jordan_and_Harry: just coz
02:29 Jordan_and_Harry: MAGIC
02:29 Jordan_and_Harry: oops
02:29 donabella09     : hmm
02:29 Jordan_and_Harry: hehehhe
02:30 AceTrainerBailey: Omg it needs a commentator box on the side
02:30 Tektronic       : do it up bro
02:30 AceTrainerBailey: cause checkers IS SO INTENSE
02:30 donabella09     : XD
02:30 AceTrainerBailey: /msg Tektronic Speaking of which, what happened to my tag? D: 
02:30 Tektronic       : Jordan_and_Harry
02:30 Tektronic       : u can /fly
02:30 Tektronic       : here
02:30 Tektronic       : in checkrs
02:31 Tektronic       : no?
02:31 Jordan_and_Harry: negatori
02:31 Tektronic       : try now
02:31 Tektronic       : yas
02:31 Jordan_and_Harry: done?
02:31 donabella09     : yea
02:32 donabella09     : DAMMIT!!
02:33 donabella09     : .-. u moved?
02:33 Jordan_and_Harry: yep
02:33 AceTrainerBailey: Tekkkk
02:33 Tektronic       : ay yo
02:34 AceTrainerBailey: what happened to my taggggg
02:34 Tektronic       : idk
02:34 Tektronic       : whats wrong with ur tag
02:34 AceTrainerBailey: ?
02:34 Tektronic       : wrong colors?
02:34 AceTrainerBailey: I seem to have lost master builder..?
02:34 Tektronic       : oh r u a master builder
02:35 AceTrainerBailey: ... really ...
02:35 Tektronic       : what color
02:35 AceTrainerBailey: xD
02:35 donabella09     : :4
02:35 AceTrainerBailey: Red
02:35 Jordan_and_Harry: hahaha
02:35 Tektronic       : which color red
02:35 Jordan_and_Harry: pink
02:35 AceTrainerBailey: lighter. and can you do white too
02:35 AceTrainerBailey: No thank you, no pink :P
02:35 AceTrainerBailey: lol
02:36 Jordan_and_Harry: right
02:36 Tektronic       : check check 123
02:36 Jordan_and_Harry: no backward...
02:36 AceTrainerBailey: ?
02:36 AceTrainerBailey: Ther
02:36 AceTrainerBailey: Yay
02:37 Jordan_and_Harry: shhhh
02:37 Tektronic       : which is better
02:37 Jordan_and_Harry: you saw nothing
02:37 donabella09     : ...
02:37 Tektronic       : ace
02:37 AceTrainerBailey: what
02:37 donabella09     : KING ME!!!
02:37 Tektronic       : which is better
02:37 Tektronic       : for ur tag
02:37 Tektronic       : 1 or 2
02:37 Tektronic       : i like 2 better
02:37 AceTrainerBailey: 1 i think
02:38 Tektronic       : ok
02:38 AceTrainerBailey: idk
02:38 AceTrainerBailey: yeah, 2 might be better
02:38 Tektronic       : 1 set
02:38 AceTrainerBailey: okay xD
02:38 Jordan_and_Harry: done
02:38 Jordan_and_Harry: ?
02:38 donabella09     : yea
02:39 donabella09     : XD
02:39 AceTrainerBailey: uh..
02:39 Jordan_and_Harry: Ur turn
02:39 AceTrainerBailey: perms broken?
02:39 Tektronic       : perms for what
02:39 AceTrainerBailey: ./gmc wont workkkk
02:39 AceTrainerBailey: I wanna build the commentators boxxxxxx
02:39 donabella09     : welp that soldier needed to die anyways
02:40 Jordan_and_Harry: thought so
02:40 Tektronic       : perms fixed
02:40 AceTrainerBailey: Okay
02:41 donabella09     : gotta take out dogs
02:42 Jordan_and_Harry: hahhahah
02:42 AceTrainerBailey: GOD DAMNIT THAT THE ONE I WANTED
02:42 Jordan_and_Harry: done donna?
02:42 Tektronic       : sry about ur perms
02:42 Tektronic       : idk what happened
02:42 Jordan_and_Harry: Donnaaaaaaas
02:42 AceTrainerBailey: Its fine, not a big problem :P
02:42 Jordan_and_Harry: DONNAS AFK I WIN YAAAAAY
02:43 Jordan_and_Harry: Malon
02:43 donabella09     : NU U DONT!!!
02:43 donabella09     : T^T
02:43 Jordan_and_Harry: make mooove
02:44 Jordan_and_Harry: rip
02:45 donabella09     : YEA!!!
02:46 AceTrainerBailey: Damnit this world is so laggy with block placing
02:46 donabella09     : :4
02:46 donabella09     : ≧◡≦
02:46 Jordan_and_Harry: :4
02:47 Jordan_and_Harry: :#
02:47 donabella09     : XD
02:47 Jordan_and_Harry: >_<
02:47 donabella09     : (ﾉ◕ヮ◕)ﾉ*:･ﾟ✧
02:47 Jordan_and_Harry: hold on
02:48 Jordan_and_Harry: now go
02:48 Tektronic       : :3
02:48 Jordan_and_Harry: k
02:48 donabella09     : :4
02:48 Tektronic       : LOL
02:48 donabella09     : TF?!?!
02:48 Tektronic       : x3
02:49 donabella09     : (ﾉ◕ヮ◕)ﾉ*:･ﾟ✧
02:49 AceTrainerBailey: wait
02:49 donabella09     : (ﾉ◕ヮ◕)ﾉ*:･ﾟ✧ NO FUCKS GIVEN!!!
02:49 AceTrainerBailey: do i win
02:49 donabella09     : nu
02:49 AceTrainerBailey: NoooooOOOOooOOOoOo
02:49 Jordan_and_Harry: MUHUHAHAHHA
02:49 Jordan_and_Harry: make ur move donna
02:49 AceTrainerBailey: xD
02:50 donabella09     : ...
02:51 Jordan_and_Harry: i like green
02:51 Jordan_and_Harry: Malon
02:51 AceTrainerBailey: do i win yet
02:51 donabella09     : nu
02:51 Jordan_and_Harry: NEVER
02:51 AceTrainerBailey: Damnit Dona
02:51 donabella09     : XD
02:51 donabella09     : untill u beat a game with tiki then u can win
02:52 donabella09     : :4
02:52 donabella09     : (ﾉ◕ヮ◕)ﾉ*:･ﾟ✧
02:52 Jordan_and_Harry: ok ur turn
02:52 donabella09     : i can do that with a king .-.
02:52 Jordan_and_Harry: rly...
02:52 donabella09     : yea to go to cornor to corner
02:52 Jordan_and_Harry: Well then
02:53 donabella09     : but it has to be on the same path
02:54 Jordan_and_Harry: this block
02:54 AceTrainerBailey: what about it
02:54 Jordan_and_Harry: has to be green wool
02:54 Jordan_and_Harry: dis one
02:54 donabella09     : ...
02:54 AceTrainerBailey: xD
02:54 donabella09     : I WON!!!!
02:54 Jordan_and_Harry: oooor not
02:54 Jordan_and_Harry: lol
02:54 donabella09     : PUT IT BACK!!!
02:55 donabella09     : dank chu
02:55 donabella09     : i saw that
02:55 donabella09     : i guess i win :D
03:01 AceTrainerBailey: Why has no one won yetttt
03:01 donabella09     : becuz its intense
03:01 AceTrainerBailey: Tek you should make a four player battle royale version of checkers!!!!!
03:02 AceTrainerBailey: I could make ittttt
03:02 Jordan_and_Harry: CRAP
03:02 Jordan_and_Harry: i didnt see that
03:02 donabella09     : wb
03:02 AceTrainerBailey: wb
03:02 donabella09     : XD
03:02 Jordan_and_Harry: never mind
03:02 Nick_A_Naut     : ty
03:03 AceTrainerBailey: Hey tek
03:03 Jordan_and_Harry: ..
03:04 AceTrainerBailey: brb
03:04 Jordan_and_Harry: ur turn
03:04 Jordan_and_Harry: dona
03:05 Jordan_and_Harry: i dont have much longer
03:05 Jordan_and_Harry: we better hussle
03:06 AceTrainerBailey: Back
03:06 donabella09     : wb
03:07 AceTrainerBailey: TekkkkkkK!!K!
03:07 Jordan_and_Harry: ??
03:08 Jordan_and_Harry: that does work
03:08 AceTrainerBailey: God damNITTekkkK
03:08 donabella09     : ?
03:08 donabella09     : what chu mean?
03:08 Jordan_and_Harry: how can you do that
03:08 Jordan_and_Harry: llok
03:08 donabella09     : becuz im at a cornor and it goes to cornor to conrnor
03:08 Jordan_and_Harry: but you cant steal off that can you?
03:08 donabella09     : what do u mean by that?
03:09 Jordan_and_Harry: well i thought you have to be next to someone to take thier peice
03:09 Jordan_and_Harry: but you were like 2 away
03:09 donabella09     : yes but if u have a king u can move cornor to cornor or either direction
03:09 Jordan_and_Harry: but
03:09 Jordan_and_Harry: you took my peice
03:09 donabella09     : that was the plan
03:10 Jordan_and_Harry: i didnt know you could do that
03:10 donabella09     : i told u this before when i went to another corner
03:10 Jordan_and_Harry: but you ddint tell me you could kill dudes by doing that
03:10 donabella09     : i thought u knew
03:10 Jordan_and_Harry: no :(
03:10 donabella09     : well sawwy
03:10 Jordan_and_Harry: redo ;)
03:10 Jordan_and_Harry: ?/
03:11 donabella09     : nu
03:11 Jordan_and_Harry: ty
03:11 donabella09     : ?
03:11 Jordan_and_Harry: :)
03:11 donabella09     : i said no
03:11 Jordan_and_Harry: commee onn
03:11 Jordan_and_Harry: you didnt tell me these things
03:11 donabella09     : becuz i thought u knew the rules of checkers and that u can do that
03:11 Jordan_and_Harry: if i knew i would have not done that
03:12 donabella09     : but i already showed that move therefore u could of done that to me too .-.
03:12 donabella09     : *before
03:12 Jordan_and_Harry: But i didnt know you could steal peices si thought it was only when it was fully open
03:13 Jordan_and_Harry: can we just redo
03:13 donabella09     : nu
03:13 Jordan_and_Harry: ...
03:13 donabella09     : ...
03:13 Jordan_and_Harry: rightio then.
03:14 Jordan_and_Harry: go
03:16 donabella09     : dammit i didnt think about that DX
03:17 donabella09     : wb
03:17 Tektronic       : thx
03:17 AceTrainerBailey: Tek
03:17 Tektronic       : sup
03:17 AceTrainerBailey: We need to build a 4 way battle royale version of checkers
03:18 AceTrainerBailey: THINK ABOUT IT
03:18 Tektronic       : okay
03:18 Tektronic       : build it
03:18 AceTrainerBailey: OkayyyY
03:20 donabella09     : dammit
03:21 donabella09     : i guess its a tie
03:21 Jordan_and_Harry: nah
03:21 donabella09     : we have the same amoutn of kings .-.
03:21 Jordan_and_Harry: i have 2 ltitle ones
03:21 donabella09     : now just one :4
03:24 Jordan_and_Harry: is that gg?
03:24 donabella09     : yea
03:24 Jordan_and_Harry: good game :)
03:24 donabella09     : and a very intense one
03:24 Jordan_and_Harry: shake hands?
03:24 donabella09     : yea .-.
03:24 Jordan_and_Harry: mmm good hand shake
03:24 donabella09     : XD
03:25 Jordan_and_Harry: geez that took a while
03:25 donabella09     : ikr
03:25 Jordan_and_Harry: and im meant to be doing homework hahaha
03:25 AceTrainerBailey: Ill play you if you wanna play again Harry :P
03:25 donabella09     : u still have school?!
03:25 Jordan_and_Harry: yeh
03:25 Jordan_and_Harry: im just sick :P
03:25 Tektronic       : who won
03:25 Jordan_and_Harry: meeeee
03:25 Tektronic       : NICE
03:25 Jordan_and_Harry: :D
03:25 AceTrainerBailey: What color you gonna be
03:26 donabella09     : im done with checkers
03:26 Jordan_and_Harry: geez dona has some cheeky tricks
03:26 Tektronic       : AW BELLA NUUU
03:26 donabella09     : x4
03:26 Tektronic       : LOL
03:26 donabella09     : what?
03:26 AceTrainerBailey: What color you gonna be Harry
03:26 Jordan_and_Harry: i think im gonna be dead
03:26 donabella09     : imma just watch
03:26 Jordan_and_Harry: sorry man but i got homework to do now..
03:26 donabella09     : tiki dont u want to play checkers?
03:26 AceTrainerBailey: I wannan play someoneeee
03:26 donabella09     : with ace?
03:27 Jordan_and_Harry: play malon
03:27 AceTrainerBailey: TEK FIGHT ME LIKE A MAN
03:27 AceTrainerBailey: in checkers
03:27 Tektronic       : i only use tournament rules
03:27 Jordan_and_Harry: ANNNNNNNNND HERE IN THE CHECKERS ARENAAAAA WE HAVEEE....
03:27 Jordan_and_Harry: MALDOGGA221 AND ACEUUUUUUUUUUUUUUUUUUUUUUUUUUUUUUUUUUUUUUUUUUUUUUUUUUUUUUUU
03:27 AceTrainerBailey: GET IN THE COMMENTATORS BOX HARRY
03:27 donabella09     : XD
03:28 donabella09     : who is gonna win this game of checkers?!?!
03:28 Jordan_and_Harry: Its going to be a very riviting game tonight
03:28 Jordan_and_Harry: agreed dona?
03:28 Tektronic       : are we playing?
03:28 donabella09     : agreed
03:28 AceTrainerBailey: You and me tek
03:28 donabella09     : this is gonna be really intense
03:28 Tektronic       : are you gonna agree to play by tournament rules?
03:28 Jordan_and_Harry: I LOVE THE BAD MOTHING FROM MALON INTIMIDATING ACE ACE UUUUUUUUUUUUUUUUUUUUUUU
03:29 AceTrainerBailey: Yeah Tel
03:29 AceTrainerBailey: Tek*
03:29 donabella09     : man i hate the tournament rules :/
03:29 Tektronic       : do you agree to play by the compolsory-jump rule?
03:29 AceTrainerBailey: Explain it to meh
03:30 AceTrainerBailey: i think i know what you mean though
03:30 Jordan_and_Harry: well
03:30 Tektronic       : it means a player can force another player to make a jump
03:30 Tektronic       : by sacrificing a piece
03:30 Jordan_and_Harry: each time you place a block of wool
03:30 Jordan_and_Harry: you must get out of your seat and do a star jump
03:30 Tektronic       : and u HAVE to make that jump
03:30 Tektronic       : that's tournament rules
03:30 Jordan_and_Harry: then sit bac kdown
03:31 AceTrainerBailey: LEts just play checkers. No up tight rules. Play checkers by minimal rules
03:31 Tektronic       : i decline to play.
03:31 AceTrainerBailey: WHHYYyyY
03:31 Jordan_and_Harry: Oohhhhh
03:31 Tektronic       : i only play by tournament rules.
03:31 Jordan_and_Harry: you can hear the whole croud booing malon
03:32 Jordan_and_Harry: oh wait no
03:32 Jordan_and_Harry: they are booing ace!?!
03:32 Tektronic       : haha
03:32 Jordan_and_Harry: oh malon btw
03:32 AceTrainerBailey: WHy boo me xD
03:32 Tektronic       : this is hilarious
03:32 Jordan_and_Harry: do i get admin
03:33 AceTrainerBailey: ..
03:33 Jordan_and_Harry: and dona loses admin
03:33 AceTrainerBailey: xD
03:33 Jordan_and_Harry: we made a joke deal at the start :P
03:33 Jordan_and_Harry: and ofcourse jokes are real
03:33 Jordan_and_Harry: so yeh
03:34 donabella09     : ?
03:34 Jordan_and_Harry: just talking about how your going to lose admin thats all
03:34 donabella09     : well the point is that u have to be on here more than me
03:35 AceTrainerBailey: Damnit i gtg. NO ONE TOUCH MY BATTLE ROYALE CHECKERS BOARD
03:35 AceTrainerBailey: Cya
03:35 donabella09     : cya
03:35 Jordan_and_Harry: nah i wouldnt and well couldnt anyways :PPP
03:35 donabella09     : :P
03:35 Jordan_and_Harry: Fun fact
03:35 Jordan_and_Harry: i used to play on this server like 2 or so years ago
03:36 donabella09     : what made u stop?
03:36 Jordan_and_Harry: i played it Soooooo much with my friend
03:36 Jordan_and_Harry: thats how i know malon
03:36 donabella09     : cool
03:36 Jordan_and_Harry: and kinda got bored over time because i played in continuously
03:37 Jordan_and_Harry: ok i gtg
03:37 Jordan_and_Harry: cya around
03:37 donabella09     : k cya
03:39 Tektronic       : im sooo tired
03:40 donabella09     : already?
03:40 Tektronic       : lol im an old man
03:40 Tektronic       : early to bed early to rise
03:40 donabella09     : nah to me is late to late
03:41 donabella09     : welp nightzies and cya later
03:48 donabella09     : imma hit the hay im tired ;-; my eyes are starting to get watery
03:48 donabella09     : nightzies tiki/malon/melon/tek and cya tomorrow
15:47 RedPanda_FTW: yes i am
17:16 Tektronic   : /er 
17:29 Donald_JTrump: Heyyo
17:30 Tektronic    : ayy
17:30 Donald_JTrump: Sorry I wasn't on at all yesterday
17:32 Donald_JTrump: I lost my claim
17:32 Tektronic    : :(
17:40 Donald_JTrump: WB
17:40 Tektronic    : thx i forgot to reconnect in 30 sex
17:49 Tektronic    : i dont wanaaaaaaaaaaaaaa gooooooooooooooo
17:49 Donald_JTrump: Wb and where you going
17:50 Tektronic    : gotta leeeeaveeeeeeeeeee for the weeeeeeeeeeeeeeeeeeeeeekeeeeeeeeeeenddddddddddddd
17:50 Tektronic    : feels bad man
17:50 Donald_JTrump: Oh the in-laws
17:53 Tektronic    : im bringing a computer, i'll be playin tonight cuz i'll be bored af
17:53 Donald_JTrump: Oh hahah
17:54 Donald_JTrump: My friend is coming over tonight and I also have work today from 12:40-3
17:54 Donald_JTrump: So I might not be on until 4
17:59 Donald_JTrump: wb
17:59 Tektronic    : thx fg
18:01 Donald_JTrump: Wb
18:01 Donald_JTrump: I gtg
18:01 xSpiderMan   : Bai
18:01 Donald_JTrump: Later Tekky
18:01 Tektronic    : cya
18:01 xSpiderMan   : bai trump
18:01 xSpiderMan   : Tek
18:02 xSpiderMan   : I might log off
18:02 xSpiderMan   : Because when I try getting out of full-screen sometimes my mc crashes, so I might leave but I will
18:02 xSpiderMan   : be back.
18:02 xSpiderMan   : k it didnt crash
18:03 Tektronic    : that sux bro
18:03 xSpiderMan   : Ye,
18:03 xSpiderMan   : ...
18:03 xSpiderMan   : I dont know what to chnage my name to :-:
18:03 xSpiderMan   : I have about 5 options rn
18:04 xSpiderMan   : I could do:
18:04 xSpiderMan   : xMysterio, xRedSkull, xHobGoblin, xGreenGoblin, xDoctorStrange
18:06 xSpiderMan   : Tek, I have a question
18:06 Tektronic    : sup
18:06 xSpiderMan   : Where did you get the doctor strange skin used for the model?
18:06 Tektronic    : idk some website
18:06 xSpiderMan   : oh
18:07 xSpiderMan   : Omg
18:07 xSpiderMan   : Tp now xD
18:07 xSpiderMan   : This thing is huge
18:07 Tektronic    : yeah well my thing is bigger than ur thing
18:08 xSpiderMan   : ...
18:08 xSpiderMan   : oo
18:12 Tektronic    : im gonna spawn a killer zombie in ur house
18:12 Tektronic    : just for lolz
18:12 xSpiderMan   : ok
18:12 Tektronic    : WUT U MEAN OK
18:12 Tektronic    : UR SUPPOSED TO SAY NO
18:12 Tektronic    : no fun
18:12 xSpiderMan   : W8
18:12 Tektronic    : im not doing it
18:12 xSpiderMan   : Is it an op one like wither???
18:12 Tektronic    : much worse than the wither
18:12 xSpiderMan   : erm
18:13 xSpiderMan   : dunt spawn it pls :_:
18:13 Tektronic    : oh okay
18:13 xSpiderMan   : Nuuu
18:13 xSpiderMan   : :OO
18:13 xSpiderMan   : PLS
18:13 xSpiderMan   : TEK
18:13 xSpiderMan   : UR BETTER DEN DISS
18:14 xSpiderMan   : :O
18:14 xSpiderMan   : I DIDNT MEAN 2
18:14 Tektronic    : uh
18:14 xSpiderMan   : PLS
18:14 Tektronic    : well shit
18:14 Tektronic    : u must made an invincible zombie
18:14 Tektronic    : i guess he's urs now
18:14 xSpiderMan   : :O
18:14 Tektronic    : i was editing it
18:14 xSpiderMan   : I NEED HIM IN MY CAGE NOW
18:14 Tektronic    : gl
18:14 xSpiderMan   : OMG
18:14 xSpiderMan   : HE DEALS LIKE 13 HEARTS PER HIT
18:14 AceTrainerBailey: Whats happeningg
18:15 Tektronic       : i have to leave ace
18:15 Tektronic       : i'll beon in like 6 or 7 hours
18:15 Tektronic       : i hope
18:15 Tektronic       : maybe more
18:15 AceTrainerBailey: Okay
18:15 AceTrainerBailey: Damn
18:15 xSpiderMan      : pls
18:15 xSpiderMan      : HE SPAWNED AN OP KILLER ZOMBIEE
18:15 AceTrainerBailey: Ima work on my project
18:15 xSpiderMan      : Plss
18:15 Tektronic       : he's lying
18:15 AceTrainerBailey: IM DETERMINED
18:15 Tektronic       : i didnt spawn him
18:15 Tektronic       : spidey spawned him
18:15 xSpiderMan      : I accidently diddd
18:16 Tektronic       : "accidentally" my ass
18:16 Tektronic       : u intentionally pushed that ubtton
18:16 Tektronic       : that was no accideny
18:16 Tektronic       : lol
18:16 AceTrainerBailey: xD
18:17 xSpiderMan      : pls
18:17 Tektronic       : hes ur problum until i getback on later tonight
18:18 AceTrainerBailey: Why cant you just kill him xSpiderMan
18:18 xSpiderMan      : He is invincible...
18:18 Tektronic       : he's invincible
18:18 xSpiderMan      : DIS IS NU FUNN
18:18 AceTrainerBailey: really?
18:18 AceTrainerBailey: xDDDDD
18:18 Tektronic       : ya
18:18 xSpiderMan      : HES IN MY TRAP NOW
18:18 xSpiderMan      : OK
18:18 Tektronic       : i was editing the zombie to make him killable
18:18 xSpiderMan      : IM FINALLY FREE
18:18 Tektronic       : but spidey spawned him before i could
18:18 xSpiderMan      : I didnt mean 22
18:18 Tektronic       : lies lol
18:19 AceTrainerBailey: I wanna come free him
18:19 AceTrainerBailey: I mean what
18:19 AceTrainerBailey: see him
18:19 xSpiderMan      : He cant fly
18:19 xSpiderMan      : :)
18:19 AceTrainerBailey: Can i free him?
18:19 xSpiderMan      : nu
18:19 AceTrainerBailey: Why not
18:19 xSpiderMan      : if ur gonna free him
18:19 xSpiderMan      : put him in my cage
18:20 AceTrainerBailey: what cage
18:20 xSpiderMan      : its upstairs tho
18:20 xSpiderMan      : nvm
18:20 xSpiderMan      : dis 1
18:20 AceTrainerBailey: Just attach a lead to him
18:20 xSpiderMan      : I need one
18:20 xSpiderMan      : Ill free him
18:21 xSpiderMan      : Give meh a leadd
18:21 xSpiderMan      : i has a plan
18:21 AceTrainerBailey: I mean, youll die you're in survival
18:21 Tektronic       : ace can do gmc
18:21 xSpiderMan      : I cant lead himm
18:21 Tektronic       : hes a master builder
18:21 AceTrainerBailey: You need to do it from above
18:21 AceTrainerBailey: in the hole
18:22 xSpiderMan      : I can
18:22 xSpiderMan      : cant *
18:22 xSpiderMan      : the string
18:22 AceTrainerBailey: The string is in the wat
18:22 AceTrainerBailey: way*
18:22 xSpiderMan      : back pls
18:22 xSpiderMan      : The lead dunt qokk
18:22 xSpiderMan      : workk *
18:22 AceTrainerBailey: i cant get him he is in your claim
18:23 xSpiderMan      : Neither can I :-:
18:23 AceTrainerBailey: So its up to you
18:23 xSpiderMan      : im leaving him in there forever
18:23 xSpiderMan      : ace
18:23 xSpiderMan      : My string back pls
18:23 AceTrainerBailey: Here
18:24 xSpiderMan      : derr
18:24 xSpiderMan      : if anybody gets stuck in the trap
18:24 xSpiderMan      : ...
18:25 xSpiderMan      : alright
18:25 xSpiderMan      : I need a name tag
18:25 xSpiderMan      : I shall name him
18:25 Tektronic       : fartbuster
18:26 xSpiderMan      : Sir-No-Kill
18:26 Tektronic       : i think zombie can still be killed via OPM
18:26 xSpiderMan      : idc
18:26 xSpiderMan      : Im naming him so he can never despawn
18:26 xSpiderMan      : I named him
18:27 xSpiderMan      : follow me 2 see his nametag
18:27 Tektronic       : goodbye see you in a million hours
18:27 Tektronic       : :(
18:27 xSpiderMan      : bai :(
18:27 AceTrainerBailey: Cya D:
18:27 xSpiderMan      : ace c'mere
18:27 xSpiderMan      : You can see his name now
18:27 AceTrainerBailey: Yeah
18:28 xSpiderMan      : hes un-killable
18:28 xSpiderMan      : no use :-:
18:28 xSpiderMan      : Ace
18:28 AceTrainerBailey: ?
18:29 xSpiderMan      : The only reason I trapped him was so he would not kill me
18:29 AceTrainerBailey: I wanna kill himm
18:29 xSpiderMan      : W8
18:29 xSpiderMan      : What enchants r on da sword
18:29 AceTrainerBailey: sharp 5 fire aspect 2
18:29 xSpiderMan      : k
18:29 xSpiderMan      : try your best
18:29 xSpiderMan      : I have been using a sharpness 5
18:29 xSpiderMan      : with fire 2
18:30 AceTrainerBailey: Have you been timing your hits
18:30 xSpiderMan      : yus :-:
18:30 xSpiderMan      : Lets let him be xD
18:31 AceTrainerBailey: What if i spawn an enderdragon on him
18:31 xSpiderMan      : PLS
18:31 xSpiderMan      : DONT DO
18:31 xSpiderMan      : THAT
18:31 AceTrainerBailey: xD
18:31 AceTrainerBailey: Im not
18:31 xSpiderMan      : better not >.>
18:31 AceTrainerBailey: I gtg anyways
18:31 AceTrainerBailey: see you soon
18:31 xSpiderMan      : nuu
18:55 xSpiderMan      : finally somebody else joins
18:55 DiamondMaster03 : hi
18:56 xSpiderMan      : ...
18:56 xSpiderMan      : Diamond
18:57 DiamondMaster03 : ya?
18:57 xSpiderMan      : Tek spawned an un-killable zombie on my island
18:57 DiamondMaster03 : ...
18:57 xSpiderMan      : I used a nametag and named him Sir-No-Kill
18:57 xSpiderMan      : der he is
18:58 xSpiderMan      : Invincible
18:58 DiamondMaster03 : dont see the name
18:58 xSpiderMan      : ye, c'mere
18:58 xSpiderMan      : Accept
18:58 DiamondMaster03 : LOL
18:58 DiamondMaster03 : OP!!!!!
18:59 xSpiderMan      : IK
18:59 xSpiderMan      : Dont go near him xD
18:59 DiamondMaster03 : ok
18:59 xSpiderMan      : k out of dis room
19:00 xSpiderMan      : Diamond
19:00 DiamondMaster03 : ya?
19:00 xSpiderMan      : I dont know how 2 kill himmm
19:00 DiamondMaster03 : letmetry
19:00 xSpiderMan      : u sure?
19:00 DiamondMaster03 : ya i think
19:00 DiamondMaster03 : wait
19:01 DiamondMaster03 : use opm
19:01 xSpiderMan      : Opm?
19:01 DiamondMaster03 : one punch man
19:01 xSpiderMan      : Im not using him :-:
19:01 DiamondMaster03 : brb
19:02 xSpiderMan      : Wait
19:02 xSpiderMan      : alright, get rid of him
19:02 xSpiderMan      : Accept
19:02 DiamondMaster03 : ????
19:02 xSpiderMan      : :o
19:03 DiamondMaster03 : i need to hit him once and he's supposed to be dead
19:03 xSpiderMan      : Well
19:03 DiamondMaster03 : ONE punch man
19:03 xSpiderMan      : He is stuck in my trap forever
19:03 DiamondMaster03 : brb
19:03 xSpiderMan      : kk
19:04 xSpiderMan      : .
19:58 Converse_Boy    : t
21:22 xSpiderMan      : OMG
