01:34 donabella09: wb
01:34 Tektronic  : ayy
01:34 Converse_Boy: ys
01:34 Converse_Boy: YES
01:34 Converse_Boy: SOMEONES ONLINE
01:34 donabella09 : ...
01:34 Converse_Boy: IVE BEEN ON THIS SERVER ALONE SINCE THE BEGINNING OF THE DAY
01:35 Tektronic   : no one really plays on the weekend
01:35 Converse_Boy: oh but anyways
01:35 Converse_Boy: any progress on the station
01:35 Tektronic   : no progress on the station
01:35 Converse_Boy: oh
01:36 Converse_Boy: im makin a book
01:36 Tektronic   : awesome
01:36 Converse_Boy: so what are you guys doing?
01:36 Tektronic   : chillin
01:37 donabella09 : building .-.
01:37 Converse_Boy: nice i guess for both of you
01:37 Tektronic   : ya its pretty sweet
01:37 Converse_Boy: god i wish if humantorch touched somebody or something theyd go on fire
01:37 Converse_Boy: thatd me sick
01:38 Tektronic   : i could easily do that
01:38 Converse_Boy: CAN YOU
01:38 Tektronic   : yeah
01:38 Converse_Boy: YAY
01:41 Tektronic   : ay
01:41 Tektronic   : u a black man
01:41 Converse_Boy: you just standin their motionless
01:41 Converse_Boy: im not black im derpy
01:41 Tektronic   : yeah i cant really move arounhd
01:42 Tektronic   : i'll DC
01:42 Converse_Boy: DC?
01:42 Converse_Boy: what that stand for
01:42 Tektronic   : dis
01:43 donabella09 : wb
01:43 Converse_Boy: wb
01:43 AceTrainerBailey: Ty
01:43 Tektronic       : ay phreak
01:44 Converse_Boy    : hmm
01:45 Converse_Boy    : i wish there was a new hero
01:45 Tektronic       : me too
01:46 Converse_Boy    : but dont you create the heroes?
01:46 Tektronic       : yes i do
01:46 Converse_Boy    : so how would you wish for yourself
01:46 AceTrainerBailey: We kinda need to finish the lab before you can start adding heroes, right?
01:46 Converse_Boy    : to make more heroes
01:46 Tektronic       : thats correct ace
01:46 AceTrainerBailey: Aye
01:47 Converse_Boy    : can i tpa to somebody im borrreeed
01:47 Tektronic       : you can tpa to me
01:47 Converse_Boy    : you have tpa disabled
01:47 Tektronic       : fixed
01:48 Converse_Boy    : thanks i guess
01:48 Tektronic       : np bro
01:48 Tektronic       : any time
01:49 AceTrainerBailey: Tek have you start the basement levels yet?
01:49 Tektronic       : i have not
01:49 Tektronic       : i was planning on starting that after the main building
01:50 Tektronic       : you are more than welcome to start early
01:50 AceTrainerBailey: Okay, good idea
01:50 Tektronic       : or not at all if u wish for me to do it all
01:50 AceTrainerBailey: Of course not
01:50 Tektronic       : i will do the entire project myself if no one helps
01:50 Tektronic       : so its really fine if u dont awnna
01:50 Tektronic       : wanna
01:50 AceTrainerBailey: I honestly want too
01:50 Converse_Boy    : /me two years later 
01:50 Tektronic       : thanks ace
01:50 Tektronic       : so much
01:50 Tektronic       : do u need build perms?
01:50 AceTrainerBailey: On one of the plots, yeah
01:51 Tektronic       : if i DC i'll be back
01:51 Tektronic       : im gonna try and TP to u
01:51 AceTrainerBailey: Okay
01:51 Converse_Boy    : WB
01:51 Tektronic       : you can build here
01:51 Converse_Boy    : sorry caps
01:51 Tektronic       : thx
01:51 donabella09     : thx
01:51 donabella09     : .-.
01:52 AceTrainerBailey: Okay thank you
01:52 Converse_Boy    : i said wb too both of you lol
01:52 Converse_Boy    : wb
01:52 Tektronic       : wb
01:56 AceTrainerBailey:  placed a sign @ plots: x207, z-324
  Help
  Desk
01:56 AceTrainerBailey:  placed a sign @ plots: x209, z-324
  Hel
01:56 AceTrainerBailey:  placed a sign @ plots: x206, z-324
  Help
  Desk
01:56 AceTrainerBailey:  placed a sign @ plots: x207, z-324
  Help
  Desk
01:57 AceTrainerBailey:  placed a sign @ plots: x204, z-324
  Employee
  Sign
  In
01:58 donabella09     : wb
01:59 Tektronic       : ik\
02:06 donabella09     : wb
02:06 Tektronic       : ik
02:36 Tektronic       : ik
02:47 Tektronic       : ik
02:48 Tektronic       : ehhhhhhhh
02:48 Tektronic       : not bad
02:48 donabella09     : ?
02:48 Tektronic       : ik
02:50 Tektronic       : oooo
02:50 Tektronic       : much better
02:50 Tektronic       : only 5 seconds slow of the WR
02:50 donabella09     : yup
02:54 Tektronic       : ik
02:55 donabella09     : wb
02:55 Tektronic       : ik
02:57 Tektronic       : ima try
02:57 AceTrainerBailey: ?
02:57 Tektronic       : i dont havea mouse but i dont need it for hurdles
02:59 donabella09     : gg
02:59 Tektronic       : i guess i do need a mo0use to look at the last panes of glass
02:59 Tektronic       : its hard to bunny hop without looking dow
02:59 donabella09     : how come u dont have a mouse?
02:59 Tektronic       : im at my inlaws
02:59 AceTrainerBailey: Damnit gtg fucking againnnn
02:59 donabella09     : oh
02:59 Tektronic       : on a laptop with a trackpad
03:00 donabella09     : i think u can look around with the trackpad i used to play minecraft with the trackpad
03:00 Tektronic       : oh yeah totally
03:00 Tektronic       : i just keep losing
03:00 Tektronic       : i'pll try again
03:01 Tektronic       : aw
03:01 Tektronic       : wtf
03:01 Tektronic       : gay
03:01 Tektronic       : this internet wouldnt load the last section
03:01 Tektronic       : i cant see the blocks
03:01 Tektronic       : fuck
03:01 Tektronic       : lol
03:01 Tektronic       : goddamnit i hate ithere
03:02 donabella09     : XD
03:02 Tektronic       : fuck this im going afk at spawn again
03:02 Tektronic       : lol
03:02 Tektronic       : gg bella
03:02 donabella09     : gg
03:02 Tektronic       : beat me legity
03:02 donabella09     : wb
03:02 Tektronic       : ugh
03:02 Tektronic       : lol
03:04 donabella09     : besides im just practicing
03:12 Tektronic       : ik
17:04 Converse_Boy    : hi
17:04 Converse_Boy    : diamond master
17:07 DiamondMaster03 : Converse!!
17:07 Converse_Boy    : eyo
17:08 DiamondMaster03 : wanna hang out?
17:08 Converse_Boy    : sure
17:08 DiamondMaster03 : look!
17:08 Converse_Boy    : Oh god
17:08 DiamondMaster03 : was it u?
17:08 Converse_Boy    : no
17:09 DiamondMaster03 : ok
17:09 Converse_Boy    : but they left a web
17:09 DiamondMaster03 : its a spider
17:09 DiamondMaster03 : web = spider
17:09 Converse_Boy    : yeah
17:09 DiamondMaster03 : spiderman or black spiderman
17:09 Converse_Boy    : hmmm yeah
17:09 DiamondMaster03 : but we have no spiders on the team.
17:09 Converse_Boy    : they could've changed
17:10 Converse_Boy    : their hero
17:10 DiamondMaster03 : ya...
17:10 Converse_Boy    : can i rejoin the team?
17:10 DiamondMaster03 : yes
17:10 Converse_Boy    : k
17:10 DiamondMaster03 : u never left
17:10 Converse_Boy    : oh ook
17:10 DiamondMaster03 : theres always a spot 4 u
17:10 Converse_Boy    : thanks
17:11 Converse_Boy    : lol our team is sorta like young justice
17:11 DiamondMaster03 : lol
17:11 DiamondMaster03 : it kinda is
17:11 DiamondMaster03 : u wanna upgrade HQ?
17:11 Converse_Boy    : sure
17:11 Converse_Boy    : what should we add
17:11 DiamondMaster03 : basement
17:11 Converse_Boy    : k
17:11 DiamondMaster03 : here
17:12 DiamondMaster03 : no
17:12 Converse_Boy    : k
17:12 DiamondMaster03 : here
17:14 Converse_Boy    : we should name our faction the rangers of justice
17:14 DiamondMaster03 : that is the name
17:14 Converse_Boy    : yea
17:14 DiamondMaster03 : look
17:14 Converse_Boy    : Ramgers of Justic HW
17:14 Converse_Boy    : HQ
17:15 Converse_Boy    : how do you get stone?
17:15 DiamondMaster03 : smelt cobble
17:15 Converse_Boy    : oh
17:17 DiamondMaster03 : theres a villager in the house Converse_Boy
17:17 Converse_Boy    : its me
17:17 DiamondMaster03 : ??
17:17 Converse_Boy    : im antman
17:17 DiamondMaster03 : how did u grow?
17:17 Converse_Boy    : is an antman feature
17:17 DiamondMaster03 : tell me
17:17 Converse_Boy    : to grow
17:17 DiamondMaster03 : tell me
17:17 Converse_Boy    : to the size
17:17 Converse_Boy    : of a villager
17:17 DiamondMaster03 : tell me
17:18 Converse_Boy    : do /undisguise
17:18 Converse_Boy    : when your antman
17:18 DiamondMaster03 : ok
17:18 Converse_Boy    : to go reg size
17:18 DiamondMaster03 : move
17:19 Converse_Boy    : i think this house should get some protection
17:19 Converse_Boy    : because im scared
17:19 Converse_Boy    : if the guy who wrote this note
17:19 Converse_Boy    : could just come and just raid
17:19 Converse_Boy    : the place
17:19 Converse_Boy    : i might be wrong
17:20 DiamondMaster03 : they said their part of the team.
17:20 Converse_Boy    : should we keep the sign
17:20 DiamondMaster03 : "mole"
17:20 DiamondMaster03 : yes keep it
17:20 DiamondMaster03 : 4 now
17:20 DiamondMaster03 : they said their part of the team.
17:20 DiamondMaster03 : "mole"
17:20 Converse_Boy    : yeah i know
17:20 Converse_Boy    : they might
17:20 Converse_Boy    : be working
17:20 Converse_Boy    : with a villans faction
17:21 Converse_Boy    : like Apocalypse Inc
17:21 DiamondMaster03 : u think its deadpool(girl)?
17:21 Converse_Boy    : you mean dona?
17:21 DiamondMaster03 : no
17:21 DiamondMaster03 : misspunk...
17:21 Converse_Boy    : i havent seen her on in a looooong while
17:21 DiamondMaster03 : me too
17:21 Converse_Boy    : could be
17:21 DiamondMaster03 : suspiucs right?
17:22 Converse_Boy    : yeah
17:22 Converse_Boy    : nuuuuu
17:22 Converse_Boy    : there must be ooone
17:24 Converse_Boy    : THERES TWO OF ME
17:24 DiamondMaster03 : LOL
17:24 Converse_Boy    : ok this is awkward
17:24 Converse_Boy    : you gonna keep em
17:24 DiamondMaster03 : there
17:25 Converse_Boy    : nightwings sick with his sticks
17:25 Converse_Boy    : aim them at me
17:26 Converse_Boy    : when im in water
17:26 Converse_Boy    : ouch
17:26 Converse_Boy    : oh god
17:26 DiamondMaster03 : OH YEAH
17:27 Converse_Boy    : ya love nightwing
17:27 DiamondMaster03 : i made this skin
17:27 DiamondMaster03 : u like it
17:27 Converse_Boy    : nice
17:27 Converse_Boy    : i like it
17:27 DiamondMaster03 : thanks
17:28 Converse_Boy    : teks gonna give antman invis and intangibility for his smaller sizes when the new stations done
17:28 DiamondMaster03 : ok
17:29 Converse_Boy    : what should we store in this area
17:29 DiamondMaster03 : store wat?
17:29 Converse_Boy    : like keep in this area
17:29 DiamondMaster03 : store wat?
17:29 Converse_Boy    : i mean like what should we keep in here
17:29 DiamondMaster03 : *shrugs*
17:30 Converse_Boy    : /me doesnt shrug 
17:30 DiamondMaster03 : suits!!
17:30 Converse_Boy    : oooooo
17:30 DiamondMaster03 : superhero suits!!
17:30 Converse_Boy    : thats sounds so cool
17:30 DiamondMaster03 : flash suit is upstairs
17:30 Converse_Boy    : where?
17:30 Converse_Boy    : ooooo lucky
17:30 DiamondMaster03 : look flash suit
17:31 Converse_Boy    : ooooooooooo
17:31 Converse_Boy    : how are we gonna get other suits?
17:31 DiamondMaster03 : ya!
17:31 Converse_Boy    : it'll be sorta hard
17:31 Converse_Boy    : a batman suit
17:31 Converse_Boy    : i could get easily
17:31 DiamondMaster03 : we need "stuff"
17:32 DiamondMaster03 : no batman is tricky
17:32 Converse_Boy    : i think i might change into batman
17:32 DiamondMaster03 : no batman is tricky
17:32 Converse_Boy    : oh
17:32 Converse_Boy    : what about antman
17:32 DiamondMaster03 : gray dye=batman pants
17:32 DiamondMaster03 : gray dye=batman shirt
17:32 DiamondMaster03 : gray dye=batman pants only
17:33 Converse_Boy    : where do you get grey dye?
17:34 DiamondMaster03 : bonemeal+ink sac = gray
17:34 Converse_Boy    : shoot i dont know where im gonna get a grey sack
17:35 DiamondMaster03 : i have ink and bonemeal
17:35 Converse_Boy    : good
17:35 Converse_Boy    : !
17:35 DiamondMaster03 : look wat i made
17:35 Converse_Boy    : nice
17:36 DiamondMaster03 : come help
17:36 Converse_Boy    : k
17:36 DiamondMaster03 : wait'
17:36 DiamondMaster03 : wait
17:36 DiamondMaster03 : no
17:38 Converse_Boy    : anything i can do?
17:40 Converse_Boy    : gonna get more stone
17:40 DiamondMaster03 : i dug this all out with my fist!
17:41 DiamondMaster03 : WHERES THE STONE
17:41 Converse_Boy    : i used it to fill up the blank spots
17:41 DiamondMaster03 : gimme
17:41 Converse_Boy    : uh ill make more
17:42 Converse_Boy    : k im smelting some cobble
17:42 DiamondMaster03 : ok
17:42 Converse_Boy    : youll have 25 stone
17:42 DiamondMaster03 : ok...
17:43 Converse_Boy    : oh god i neeed food
17:43 DiamondMaster03 : i have some
17:43 Converse_Boy    : can i please have some
17:43 Converse_Boy    : thanks!
17:44 DiamondMaster03 : ur welcome
17:47 DiamondMaster03 : Converse_Boy u still on?
17:47 Converse_Boy    : yeah
17:47 DiamondMaster03 : ok
17:47 Converse_Boy    : im just gathering squids
17:47 DiamondMaster03 : ok
17:48 Converse_Boy    : time for the cows
17:48 DiamondMaster03 : Converse_Boy
17:48 Converse_Boy    : yes
17:48 DiamondMaster03 : i have a name 4 the "mole"
17:48 Converse_Boy    : who
17:48 DiamondMaster03 : Master of Injustice?
17:49 Converse_Boy    : dude that sounds awesome
17:49 DiamondMaster03 : ok
17:49 Converse_Boy    : do you have any leather
17:50 DiamondMaster03 : yes
17:50 Converse_Boy    : is it too much to ask if i can borrow it
17:50 DiamondMaster03 : CREEPER!!
17:50 DiamondMaster03 : in the base
17:50 Converse_Boy    : YOUR SUPERMAN USE YOUR LASER VISION
17:50 Converse_Boy    : ON IT
17:50 Converse_Boy    : i found a wolf
17:51 Converse_Boy    : correction i found 2 wolves
17:51 Converse_Boy    : wb
17:51 Converse_Boy    : acey
17:51 DiamondMaster03 : i used all the bones on bonemeal
17:51 DiamondMaster03 : :(
17:51 Converse_Boy    : oh
17:51 AceTrainerBailey: Sup guys
17:51 Converse_Boy    : hi
17:51 DiamondMaster03 : hi
17:51 DiamondMaster03 : Converse_Boy where r u?
17:51 DiamondMaster03 : oh
17:52 Converse_Boy    : bacl
17:52 Converse_Boy    : back
17:53 DiamondMaster03 : WITCH
17:53 AceTrainerBailey: Yall need help?
17:53 Converse_Boy    : she got KILLED
17:53 DiamondMaster03 : yes
17:53 AceTrainerBailey: What you need?
17:53 DiamondMaster03 : milk
17:53 DiamondMaster03 : WITCH
17:53 Converse_Boy    : Should i make your tomb or something
17:54 Converse_Boy    : nvm
17:54 DiamondMaster03 : ...
17:54 AceTrainerBailey: All THe mIlk
17:54 Converse_Boy    : you lived
17:54 AceTrainerBailey: MIlk
17:54 DiamondMaster03 : only kryptonite kills me
17:54 Converse_Boy    : i thought you were flash?
17:54 DiamondMaster03 : i am
17:54 AceTrainerBailey: I could kill you easily >:D
17:54 Converse_Boy    : then why are you super?
17:54 DiamondMaster03 : not right now i am super
17:55 AceTrainerBailey: ./kill DiamondMaster03
17:55 Converse_Boy    : THE GOD OF THUNDER HAS ARRIVED
17:55 Converse_Boy    : god im bored i wanna battle
17:55 AceTrainerBailey: Wanna battle 10 witches at once
17:55 Converse_Boy    : me
17:56 Converse_Boy    : ?
17:56 Converse_Boy    : because if so I DO
17:56 AceTrainerBailey: Ready?
17:56 Converse_Boy    : YES
17:56 DiamondMaster03 : HELP
17:56 AceTrainerBailey: Here let me build a container then release them
17:56 Converse_Boy    : OK
17:56 DiamondMaster03 : HELP
17:56 DiamondMaster03 : NVM
17:57 Converse_Boy    : SOZ
17:57 AceTrainerBailey: let me spawn the witches
17:57 Converse_Boy    : super boy
17:57 AceTrainerBailey: stad under the pod
17:57 Converse_Boy    : k
17:58 DiamondMaster03 : LOL
17:58 AceTrainerBailey: go go go
17:58 AceTrainerBailey: tons of witchessss
17:58 Converse_Boy    : OH GOD
18:00 AceTrainerBailey: YES
18:00 DiamondMaster03 : ...
18:00 AceTrainerBailey: I WIN
18:00 Converse_Boy    : NOOOOOO
18:00 DiamondMaster03 : REALLY
18:00 AceTrainerBailey: All THE MOBS
18:00 AceTrainerBailey: tp me me
18:00 AceTrainerBailey: your stuff is under me
18:01 AceTrainerBailey: Nvm
18:01 Converse_Boy    : LES FIGHT
18:01 AceTrainerBailey: Who
18:01 DiamondMaster03 : WHY?!
18:01 Converse_Boy    : DID YOU HAVE ANYTHING VALUABLE
18:01 DiamondMaster03 : YES
18:01 Converse_Boy    : because if so IM SO SORRY
18:02 DiamondMaster03 : i think
18:02 Converse_Boy    : its underwater
18:02 DiamondMaster03 : I LOST EVERYTHING
18:02 Converse_Boy    : you cna have my valuable
18:02 Converse_Boy    : stuff
18:02 DiamondMaster03 : ok!!
18:03 AceTrainerBailey: What did you lose
18:03 Converse_Boy    : like my prismarine shards
18:03 DiamondMaster03 : i will take
18:03 DiamondMaster03 : i lost everything AceTrainerBailey
18:03 AceTrainerBailey: What did you have
18:03 DiamondMaster03 : not sure but i think some of it was important
18:04 AceTrainerBailey: Like what??
18:04 DiamondMaster03 : Converse_Boy u owe me
18:04 Converse_Boy    : sorry
18:04 DiamondMaster03 : BIG TIME
18:04 DiamondMaster03 : Converse_Boy u owe me
18:04 DiamondMaster03 : BIG TIME
18:04 AceTrainerBailey: WHAT DID YOU LOSE I CAN GET YOUR STUFF BACK
18:04 DiamondMaster03 : i cant reameber
18:04 Converse_Boy    : .....
18:04 DiamondMaster03 : memory is fogy
18:04 DiamondMaster03 : sometimes
18:05 AceTrainerBailey: If you cant remember than Converse_Boy shouldnt owe you anything
18:05 AceTrainerBailey: you couldve had dirt and be lieing
18:05 DiamondMaster03 : HE KILLED ME
18:05 Converse_Boy    : well you killed me too
18:05 Converse_Boy    : so yeah
18:05 DiamondMaster03 : ya well i stoped
18:05 AceTrainerBailey: He killde you once
18:05 AceTrainerBailey: You killed him ocnce
18:05 AceTrainerBailey: once*
18:05 DiamondMaster03 : ok fine we're even
18:06 DiamondMaster03 : but my stuff
18:06 Converse_Boy    : k diamond sorry
18:06 DiamondMaster03 : ...
18:06 DiamondMaster03 : its fine
18:06 AceTrainerBailey: You risked losing it when you killed him
18:06 DiamondMaster03 : not the 1st time i lost my stuff
18:06 Converse_Boy    : whoever wants iron ore tp to me
18:06 DiamondMaster03 : found the laser vision and food
18:07 Converse_Boy    : no one wants iron ore
18:07 Converse_Boy    : I MUST NOT CHANGE MY HERO
18:07 Converse_Boy    : EVER AGAIN
18:07 DiamondMaster03 : why?
18:07 Converse_Boy    : Because i need a hero and stay with it
18:07 DiamondMaster03 : i can change once/twice more
18:08 DiamondMaster03 : i grant u that
18:08 Converse_Boy    : ok
18:08 DiamondMaster03 : u can borrow a hero but u have to change back when done
18:08 Converse_Boy    : im staying super though
18:08 DiamondMaster03 : superman?
18:08 Converse_Boy    : what else supers you know?
18:09 AceTrainerBailey: super boy
18:09 AceTrainerBailey: super girl
18:09 DiamondMaster03 : supergirl/superboy
18:09 Converse_Boy    : yeah well tek
18:09 AceTrainerBailey: super woman
18:09 Converse_Boy    : ok
18:09 Converse_Boy    : then
18:09 DiamondMaster03 : superwomen=wonderwomen
18:09 AceTrainerBailey: No
18:09 DiamondMaster03 : ?
18:10 AceTrainerBailey: Superwoman and wonderwoman are different
18:10 DiamondMaster03 : ...
18:10 AceTrainerBailey: And supergirl is different from both of them
18:10 DiamondMaster03 : i rember wat i lost!
18:10 Converse_Boy    : i discovered some obsidian
18:11 DiamondMaster03 : i put it my suff in a chest before Converse_Boy killed me
18:11 Converse_Boy    : ......
18:11 DiamondMaster03 : i think
18:11 DiamondMaster03 : ya
18:11 Converse_Boy    : ....
18:11 DiamondMaster03 : sorry dude
18:11 Converse_Boy    : its ok
18:12 DiamondMaster03 : wanna fight Converse_Boy?
18:12 Converse_Boy    : sure
18:13 DiamondMaster03 : do /warp battle
18:13 DiamondMaster03 : do /warp battle
18:13 Converse_Boy    : im ready
18:13 DiamondMaster03 : look
18:13 DiamondMaster03 : ur near me
18:13 DiamondMaster03 : very
18:14 Converse_Boy    : we start
18:14 Converse_Boy    : in 1
18:14 DiamondMaster03 : look
18:14 Converse_Boy    : in 2
18:14 Converse_Boy    : in 3
18:14 Converse_Boy    : GO
18:16 Converse_Boy    : tell me when your ready
18:16 DiamondMaster03 : wanna race super vs flash
18:16 Converse_Boy    : can i fly?
18:16 AceTrainerBailey: Both of them can do /run 9
18:16 AceTrainerBailey: so its a tie
18:16 Converse_Boy    : oh ok
18:17 DiamondMaster03 : yes? (round 1)
18:17 Converse_Boy    : k where
18:17 Converse_Boy    : race start
18:17 DiamondMaster03 : here
18:18 DiamondMaster03 : wait
18:18 Converse_Boy    : no dont start
18:18 DiamondMaster03 : i will start here
18:18 Converse_Boy    : my mouse ran outta batteries
18:18 DiamondMaster03 : u there
18:18 DiamondMaster03 : 1 2 3
18:19 DiamondMaster03 : 4 5 6
18:19 DiamondMaster03 : 7 8 9
18:19 DiamondMaster03 : GO
18:19 DiamondMaster03 : nvm
18:23 AceTrainerBailey: I GLITCHED THE WATER
18:23 DiamondMaster03 : ?
18:23 AceTrainerBailey: Tp to me
18:23 AceTrainerBailey: I glitched it
18:23 DiamondMaster03 : sponge
18:24 AceTrainerBailey: It is a floating water tunnel
18:24 AceTrainerBailey: MAGIIcCCC
18:24 DiamondMaster03 : sponge
18:25 AceTrainerBailey: I know
18:25 DiamondMaster03 : lol
18:25 DiamondMaster03 : aquaman can get into this place
18:30 Converse_Boy    : eating brb
18:39 DiamondMaster03 : brb Converse_Boy
19:09 Converse_Boy    : hmm
19:15 Converse_Boy    : hi
19:15 DiamondMaster03 : i am back
19:15 Converse_Boy    : wb
19:15 Converse_Boy    : wb
19:15 DiamondMaster03 : Converse_Boy do /nick Converse_Boy
19:17 DiamondMaster03 : um
19:17 DiamondMaster03 : Converse_Boy
19:18 Converse_Boy    : ?
19:18 DiamondMaster03 : where r u?
19:18 Converse_Boy    : at my house
19:18 DiamondMaster03 : ok
19:19 DiamondMaster03 : is this all urs?
19:19 Converse_Boy    : no me and nick_a_nauts
19:19 Converse_Boy    : hes the mayor
19:19 Converse_Boy    : of this town
19:19 DiamondMaster03 : ok...
19:19 Converse_Boy    : and im a resident
19:19 DiamondMaster03 : :(
19:19 DiamondMaster03 : ok...
19:20 DiamondMaster03 : :(
19:20 Converse_Boy    : and i dont mean resident
19:20 Converse_Boy    : like a retired
19:20 Converse_Boy    : here
19:20 Converse_Boy    : and im old and wrinkly
19:20 DiamondMaster03 : ?
19:20 Converse_Boy    : ok nvm
19:20 DiamondMaster03 : how do i become a resident?
19:20 Converse_Boy    : you were talking about a spongebob
19:20 Converse_Boy    : place
19:21 DiamondMaster03 : how do i become a resident?
19:21 Converse_Boy    : that only aquaman can get to
19:21 DiamondMaster03 : how do i become a resident?
19:21 Converse_Boy    : uh i dont know
19:21 DiamondMaster03 : ok
19:21 Converse_Boy    : i just asked nick
19:21 Converse_Boy    : and he said he wasl ooking
19:21 DiamondMaster03 : ok
19:21 Converse_Boy    : for one person to live with him
19:21 Converse_Boy    : and i asked and he said sure
19:21 DiamondMaster03 : theres a water house owend by ace
19:21 DiamondMaster03 : with sponges
19:21 Converse_Boy    : oh cool
19:22 DiamondMaster03 : ask him about it
19:22 Converse_Boy    : anyways diamond if i see nick online do you want me to ask him
19:22 DiamondMaster03 : yes
19:22 DiamondMaster03 : plz
19:22 Converse_Boy    : k
19:22 DiamondMaster03 : u still on the team?
19:22 Converse_Boy    : yeah
19:23 DiamondMaster03 : ok we still have to finish the basement
19:23 Converse_Boy    : k
19:24 DiamondMaster03 : u ganna help?
19:24 Converse_Boy    : is the basement where we keep suits
19:24 DiamondMaster03 : ya
19:24 DiamondMaster03 : it needs work
19:24 Converse_Boy    : just to say i dont need a suit because ican do this
19:25 DiamondMaster03 : ur skin
19:25 DiamondMaster03 : how?
19:25 DiamondMaster03 : how?!
19:25 DiamondMaster03 : how?!
19:25 DiamondMaster03 : how?!
19:25 Converse_Boy    : with disguise
19:25 DiamondMaster03 : how?!
19:25 DiamondMaster03 : how?!
19:25 DiamondMaster03 : wat
19:27 Converse_Boy    : nOOOO
