--------------------[New debug session]--------------------
[02.01.2018 17:56:15] DEBUG: Loaded pl language
[02.01.2018 17:56:15] DEBUG: Loaded en language
[02.01.2018 17:56:15] DEBUG: Loaded de language
[02.01.2018 17:56:15] DEBUG: Loaded fr language
[02.01.2018 17:56:15] DEBUG: Loaded cn language
[02.01.2018 17:56:15] DEBUG: Loaded es language
[02.01.2018 17:56:15] DEBUG: Loaded nl language
[02.01.2018 17:56:15] DEBUG: Loaded it language
[02.01.2018 17:56:15] DEBUG: Loaded hu language
[02.01.2018 17:56:15] BROAD: Deploying default package!
[02.01.2018 17:56:15] DEBUG: Connecting to MySQL database
[02.01.2018 17:56:15] DEBUG: MySQL says: Must specify port after ':' in connection string
[02.01.2018 17:56:15] BROAD: Using SQLite for storing data!
[02.01.2018 17:56:15] DEBUG: Initializing updater with version v56, destination is v56
[02.01.2018 17:56:15] BROAD: Configuration up to date!
[02.01.2018 17:56:15] DEBUG: Initializing static events
[02.01.2018 17:56:15] DEBUG: Searching package default
[02.01.2018 17:56:15] DEBUG: There are no static events defined, skipping
[02.01.2018 17:56:15] DEBUG: Static events initialization done
[02.01.2018 17:56:15] DEBUG: Registering health condition type
[02.01.2018 17:56:15] DEBUG: Registering permission condition type
[02.01.2018 17:56:15] DEBUG: Registering experience condition type
[02.01.2018 17:56:15] DEBUG: Registering tag condition type
[02.01.2018 17:56:15] DEBUG: Registering point condition type
[02.01.2018 17:56:15] DEBUG: Registering and condition type
[02.01.2018 17:56:15] DEBUG: Registering or condition type
[02.01.2018 17:56:15] DEBUG: Registering time condition type
[02.01.2018 17:56:15] DEBUG: Registering weather condition type
[02.01.2018 17:56:15] DEBUG: Registering height condition type
[02.01.2018 17:56:15] DEBUG: Registering item condition type
[02.01.2018 17:56:15] DEBUG: Registering hand condition type
[02.01.2018 17:56:15] DEBUG: Registering location condition type
[02.01.2018 17:56:15] DEBUG: Registering armor condition type
[02.01.2018 17:56:15] DEBUG: Registering effect condition type
[02.01.2018 17:56:15] DEBUG: Registering rating condition type
[02.01.2018 17:56:15] DEBUG: Registering sneak condition type
[02.01.2018 17:56:15] DEBUG: Registering random condition type
[02.01.2018 17:56:15] DEBUG: Registering journal condition type
[02.01.2018 17:56:15] DEBUG: Registering testforblock condition type
[02.01.2018 17:56:15] DEBUG: Registering empty condition type
[02.01.2018 17:56:15] DEBUG: Registering party condition type
[02.01.2018 17:56:15] DEBUG: Registering monsters condition type
[02.01.2018 17:56:15] DEBUG: Registering objective condition type
[02.01.2018 17:56:15] DEBUG: Registering check condition type
[02.01.2018 17:56:15] DEBUG: Registering chestitem condition type
[02.01.2018 17:56:15] DEBUG: Registering score condition type
[02.01.2018 17:56:15] DEBUG: Registering riding condition type
[02.01.2018 17:56:15] DEBUG: Registering world condition type
[02.01.2018 17:56:15] DEBUG: Registering gamemode condition type
[02.01.2018 17:56:15] DEBUG: Registering achievement condition type
[02.01.2018 17:56:15] DEBUG: Registering variable condition type
[02.01.2018 17:56:15] DEBUG: Registering fly condition type
[02.01.2018 17:56:15] DEBUG: Registering biome condition type
[02.01.2018 17:56:15] DEBUG: Registering message event type
[02.01.2018 17:56:15] DEBUG: Registering objective event type
[02.01.2018 17:56:15] DEBUG: Registering command event type
[02.01.2018 17:56:15] DEBUG: Registering tag event type
[02.01.2018 17:56:15] DEBUG: Registering journal event type
[02.01.2018 17:56:15] DEBUG: Registering teleport event type
[02.01.2018 17:56:15] DEBUG: Registering explosion event type
[02.01.2018 17:56:15] DEBUG: Registering lightning event type
[02.01.2018 17:56:15] DEBUG: Registering point event type
[02.01.2018 17:56:15] DEBUG: Registering give event type
[02.01.2018 17:56:15] DEBUG: Registering take event type
[02.01.2018 17:56:15] DEBUG: Registering conversation event type
[02.01.2018 17:56:15] DEBUG: Registering kill event type
[02.01.2018 17:56:15] DEBUG: Registering effect event type
[02.01.2018 17:56:15] DEBUG: Registering spawn event type
[02.01.2018 17:56:15] DEBUG: Registering time event type
[02.01.2018 17:56:15] DEBUG: Registering weather event type
[02.01.2018 17:56:15] DEBUG: Registering folder event type
[02.01.2018 17:56:15] DEBUG: Registering setblock event type
[02.01.2018 17:56:15] DEBUG: Registering damage event type
[02.01.2018 17:56:15] DEBUG: Registering party event type
[02.01.2018 17:56:15] DEBUG: Registering clear event type
[02.01.2018 17:56:15] DEBUG: Registering run event type
[02.01.2018 17:56:15] DEBUG: Registering givejournal event type
[02.01.2018 17:56:15] DEBUG: Registering sudo event type
[02.01.2018 17:56:15] DEBUG: Registering chestgive event type
[02.01.2018 17:56:15] DEBUG: Registering chesttake event type
[02.01.2018 17:56:15] DEBUG: Registering chestclear event type
[02.01.2018 17:56:15] DEBUG: Registering compass event type
[02.01.2018 17:56:15] DEBUG: Registering cancel event type
[02.01.2018 17:56:15] DEBUG: Registering score event type
[02.01.2018 17:56:15] DEBUG: Registering lever event type
[02.01.2018 17:56:15] DEBUG: Registering door event type
[02.01.2018 17:56:15] DEBUG: Registering if event type
[02.01.2018 17:56:15] DEBUG: Registering variable event type
[02.01.2018 17:56:15] DEBUG: Registering title event type
[02.01.2018 17:56:15] DEBUG: Registering language event type
[02.01.2018 17:56:15] DEBUG: Registering playsound event type
[02.01.2018 17:56:15] DEBUG: Registering location objective type
[02.01.2018 17:56:15] DEBUG: Registering block objective type
[02.01.2018 17:56:15] DEBUG: Registering mobkill objective type
[02.01.2018 17:56:15] DEBUG: Registering action objective type
[02.01.2018 17:56:15] DEBUG: Registering die objective type
[02.01.2018 17:56:15] DEBUG: Registering craft objective type
[02.01.2018 17:56:15] DEBUG: Registering smelt objective type
[02.01.2018 17:56:15] DEBUG: Registering tame objective type
[02.01.2018 17:56:15] DEBUG: Registering delay objective type
[02.01.2018 17:56:15] DEBUG: Registering arrow objective type
[02.01.2018 17:56:15] DEBUG: Registering experience objective type
[02.01.2018 17:56:15] DEBUG: Registering step objective type
[02.01.2018 17:56:15] DEBUG: Registering logout objective type
[02.01.2018 17:56:15] DEBUG: Registering password objective type
[02.01.2018 17:56:15] DEBUG: Registering fish objective type
[02.01.2018 17:56:15] DEBUG: Registering enchant objective type
[02.01.2018 17:56:15] DEBUG: Registering shear objective type
[02.01.2018 17:56:15] DEBUG: Registering chestput objective type
[02.01.2018 17:56:15] DEBUG: Registering potion objective type
[02.01.2018 17:56:15] DEBUG: Registering vehicle objective type
[02.01.2018 17:56:15] DEBUG: Registering consume objective type
[02.01.2018 17:56:15] DEBUG: Registering variable objective type
[02.01.2018 17:56:15] DEBUG: Registering kill objective type
[02.01.2018 17:56:15] DEBUG: Registering breed objective type
[02.01.2018 17:56:15] DEBUG: Registering interact objective type
[02.01.2018 17:56:15] DEBUG: Registering simple conversation IO type
[02.01.2018 17:56:15] DEBUG: Registering tellraw conversation IO type
[02.01.2018 17:56:15] DEBUG: Registering chest conversation IO type
[02.01.2018 17:56:15] DEBUG: Registering player variable type
[02.01.2018 17:56:15] DEBUG: Registering npc variable type
[02.01.2018 17:56:15] DEBUG: Registering objective variable type
[02.01.2018 17:56:15] DEBUG: Registering point variable type
[02.01.2018 17:56:15] DEBUG: Registering item variable type
[02.01.2018 17:56:15] DEBUG: Registering version variable type
[02.01.2018 17:56:15] DEBUG: Registering location variable type
[02.01.2018 17:56:15] BROAD: Autoupdater enabled!
[02.01.2018 17:56:15] BROAD: BetonQuest succesfully enabled!
[02.01.2018 17:56:15] BROAD: Hooking into ProtocolLib
[02.01.2018 17:56:16] BROAD: Hooking into Vault
[02.01.2018 17:56:16] DEBUG: Registering money event type
[02.01.2018 17:56:16] DEBUG: Registering money condition type
[02.01.2018 17:56:16] DEBUG: Registering money variable type
[02.01.2018 17:56:16] DEBUG: Registering permission event type
[02.01.2018 17:56:59] BROAD: Hooking into WorldEdit
[02.01.2018 17:56:59] DEBUG: Registering paste event type
[02.01.2018 17:57:01] BROAD: Hooking into HolographicDisplays
[02.01.2018 17:57:01] BROAD: Hooking into WorldGuard
[02.01.2018 17:57:01] DEBUG: Registering region condition type
[02.01.2018 17:57:01] DEBUG: Registering region objective type
[02.01.2018 17:57:02] BROAD: Hooking into MythicMobs
[02.01.2018 17:57:02] DEBUG: Registering mmobkill objective type
[02.01.2018 17:57:02] DEBUG: Registering mspawnmob event type
[02.01.2018 17:57:06] BROAD: Hooking into Magic
[02.01.2018 17:57:06] DEBUG: Registering wand condition type
[02.01.2018 17:57:06] BROAD: Hooking into Quests
[02.01.2018 17:57:06] DEBUG: Registering quest condition type
[02.01.2018 17:57:06] DEBUG: Registering quest event type
[02.01.2018 17:57:09] DEBUG: Loading stuff in package default
[02.01.2018 17:57:09] DEBUG:   Event 'default.wood_start' loaded
[02.01.2018 17:57:09] DEBUG:   Event 'default.tag_wood_started' loaded
[02.01.2018 17:57:09] DEBUG:   Event 'default.tag_wood_done' loaded
[02.01.2018 17:57:09] DEBUG:   Event 'default.tag_wood_paid' loaded
[02.01.2018 17:57:09] DEBUG:   Event 'default.entry_wood_started' loaded
[02.01.2018 17:57:09] DEBUG:   Event 'default.entry_wood_done' loaded
[02.01.2018 17:57:09] DEBUG:   Event 'default.entry_wood_paid' loaded
[02.01.2018 17:57:09] DEBUG:   Event 'default.wood_reward' loaded
[02.01.2018 17:57:09] DEBUG:   Event 'default.remove_wood' loaded
[02.01.2018 17:57:09] DEBUG:   Condition 'default.wood_started' loaded
[02.01.2018 17:57:09] DEBUG:   Condition 'default.wood_done' loaded
[02.01.2018 17:57:09] DEBUG:   Condition 'default.wood_paid' loaded
[02.01.2018 17:57:09] DEBUG:   Condition 'default.has_wood' loaded
[02.01.2018 17:57:09] DEBUG:   Objective 'default.wood' loaded
[02.01.2018 17:57:09] DEBUG: Loading innkeeper conversation from default package
[02.01.2018 17:57:09] DEBUG: Variable default-%player% loaded
[02.01.2018 17:57:09] DEBUG: Conversation loaded: 16 NPC options and 15 player options
[02.01.2018 17:57:09] DEBUG: Everything in package default loaded
[02.01.2018 17:57:09] BROAD: There are 4 conditions, 9 events, 1 objectives and 1 conversations loaded from 1 packages.
[02.01.2018 17:57:09] DEBUG: There are 0 objectives, 0 tags, 0 points, 0 journal entries and 0 items loaded for player connorbriz
[02.01.2018 17:57:09] DEBUG: Inserting data for connorbriz
[02.01.2018 17:57:09] DEBUG: There are 0 objectives, 0 tags, 0 points, 0 journal entries and 0 items loaded for player Darkknight0208
[02.01.2018 17:57:09] DEBUG: Inserting data for Darkknight0208
[02.01.2018 17:57:09] DEBUG: There are 0 objectives, 0 tags, 0 points, 0 journal entries and 0 items loaded for player connorbriz
[02.01.2018 17:57:09] DEBUG: Inserting data for connorbriz
[02.01.2018 17:57:48] DEBUG: There are 0 objectives, 0 tags, 0 points, 0 journal entries and 0 items loaded for player MythsAdvisor
[02.01.2018 17:57:48] DEBUG: Inserting data for MythsAdvisor
[02.01.2018 18:01:12] DEBUG: There are 0 objectives, 0 tags, 0 points, 0 journal entries and 0 items loaded for player Bubblz27
[02.01.2018 18:01:12] DEBUG: Inserting data for Bubblz27
[02.01.2018 18:13:41] DEBUG: Killing all timers on disable
[02.01.2018 18:13:41] BROAD: BetonQuest succesfully disabled!
