[14.01.2018 06:52:08] ERROR: Could not get the latest dev build number
[14.01.2018 07:20:21] ERROR: Could not get the latest dev build number
[14.01.2018 07:48:21] ERROR: Could not get the latest dev build number
[15.01.2018 01:24:03] ERROR: Could not get the latest dev build number
[16.01.2018 02:53:43] ERROR: Could not get the latest dev build number
[16.01.2018 03:07:09] ERROR: Could not get the latest dev build number
[16.01.2018 16:45:59] ERROR: Could not get the latest dev build number
[17.01.2018 05:46:38] ERROR: Could not get the latest dev build number
[17.01.2018 15:08:11] ERROR: Could not get the latest dev build number
[19.01.2018 01:10:29] ERROR: Error in 'default.has_shield' condition (item): Error while parsing 1 argument: Error while parsing 'shield:1' item: Error while parsing 1 argument: Error while loading item: Item 'default.shield' is not defined
[20.01.2018 05:55:08] ERROR: Error in 'default.has_shield' condition (item): Error while parsing 1 argument: Error while parsing 'shield:1' item: Error while parsing 1 argument: Error while loading item: Item 'default.shield' is not defined
[20.01.2018 06:05:49] ERROR: Error in 'default.has_shield' condition (item): Error while parsing 1 argument: Error while parsing 'shield:1' item: Error while parsing 1 argument: Error while loading item: Item 'default.shield' is not defined
[20.01.2018 06:13:41] ERROR: Error in 'default.has_shield' condition (item): Error while parsing 1 argument: Error while parsing 'shield:1' item: Error while parsing 1 argument: Error while loading item: Item 'default.shield' is not defined
[20.01.2018 17:06:44] ERROR: Error in 'default.event_shield_start' event (objective): Error while parsing 2 argument: Error while loading objective: Objective 'default.shield' is not defined
[20.01.2018 17:06:44] ERROR: Error in 'default.remove_shield' event (take): Error while parsing 1 argument: Error while parsing 'shield:1' item: Error while parsing 1 argument: Error while loading item: Item 'default.shield' is not defined
[20.01.2018 17:06:44] ERROR: Error in 'default.shield_reward' event (give): Error while parsing 1 argument: Error while parsing 'book:1' item: Error while parsing 1 argument: Error while loading item: Item 'default.book' is not defined
[20.01.2018 17:06:44] ERROR: Error in 'default.has_shield' condition (item): Error while parsing 1 argument: Error while parsing 'shield:1' item: Error while parsing 1 argument: Error while loading item: Item 'default.shield' is not defined
[20.01.2018 17:06:44] ERROR: Error in 'default.captainamerica' conversation: Starting options are not defined
[20.01.2018 17:11:38] ERROR: Error in 'default.event_shield_start' event (objective): Error while parsing 2 argument: Error while loading objective: Objective 'default.shield' is not defined
[20.01.2018 17:11:38] ERROR: Error in 'default.remove_shield' event (take): Error while parsing 1 argument: Error while parsing 'shield:1' item: Error while parsing 1 argument: Error while loading item: Item 'default.shield' is not defined
[20.01.2018 17:11:38] ERROR: Error in 'default.shield_reward' event (give): Error while parsing 1 argument: Error while parsing 'book:1' item: Error while parsing 1 argument: Error while loading item: Item 'default.book' is not defined
[20.01.2018 17:11:38] ERROR: Error in 'default.has_shield' condition (item): Error while parsing 1 argument: Error while parsing 'shield:1' item: Error while parsing 1 argument: Error while loading item: Item 'default.shield' is not defined
[20.01.2018 17:11:38] ERROR: Error in 'default.captainamerica' conversation: Starting options are not defined
[20.01.2018 17:38:02] ERROR: Error in 'default.event_shield_start' event (objective): Error while parsing 2 argument: Error while loading objective: Objective 'default.shield' is not defined
[20.01.2018 17:38:02] ERROR: Error in 'default.remove_shield' event (take): Error while parsing 1 argument: Error while parsing 'shield:1' item: Error while parsing 1 argument: Error while loading item: Item 'default.shield' is not defined
[20.01.2018 17:38:02] ERROR: Error in 'default.shield_reward' event (give): Error while parsing 1 argument: Error while parsing 'book:1' item: Error while parsing 1 argument: Error while loading item: Item 'default.book' is not defined
[20.01.2018 17:38:02] ERROR: Error in 'default.has_shield' condition (item): Error while parsing 1 argument: Error while parsing 'shield:1' item: Error while parsing 1 argument: Error while loading item: Item 'default.shield' is not defined
[20.01.2018 17:38:02] ERROR: Error in 'default.captainamerica' conversation: Starting options are not defined
[20.01.2018 17:42:24] ERROR: Error in 'default.event_shield_start' event (objective): Error while parsing 2 argument: Error while loading objective: Objective 'default.shield' is not defined
[20.01.2018 17:42:24] ERROR: Error in 'default.remove_shield' event (take): Error while parsing 1 argument: Error while parsing 'shield:1' item: Error while parsing 1 argument: Error while loading item: Item 'default.shield' is not defined
[20.01.2018 17:42:24] ERROR: Error in 'default.shield_reward' event (give): Error while parsing 1 argument: Error while parsing 'book:1' item: Error while parsing 1 argument: Error while loading item: Item 'default.book' is not defined
[20.01.2018 17:42:24] ERROR: Error in 'default.has_shield' condition (item): Error while parsing 1 argument: Error while parsing 'shield:1' item: Error while parsing 1 argument: Error while loading item: Item 'default.shield' is not defined
[20.01.2018 17:42:24] ERROR: Error in 'default.captainamerica' conversation: NPC option no_quests points to questions player option, but it does not exist
[20.01.2018 17:51:15] ERROR: Error in 'default.event_shield_start' event (objective): Error while parsing 2 argument: Error while loading objective: Objective 'default.shield' is not defined
[20.01.2018 17:51:15] ERROR: Error in 'default.remove_shield' event (take): Error while parsing 1 argument: Error while parsing 'shield:1' item: Error while parsing 1 argument: Error while loading item: Item 'default.shield' is not defined
[20.01.2018 17:51:15] ERROR: Error in 'default.shield_reward' event (give): Error while parsing 1 argument: Error while parsing 'book:1' item: Error while parsing 1 argument: Error while loading item: Item 'default.book' is not defined
[20.01.2018 17:51:15] ERROR: Error in 'default.has_shield' condition (item): Error while parsing 1 argument: Error while parsing 'shield:1' item: Error while parsing 1 argument: Error while loading item: Item 'default.shield' is not defined
[20.01.2018 17:51:15] ERROR: Error in 'default.captainamerica' conversation: NPC option shield_reward points to reward_text player option, but it does not exist
