(May-01|15:03:38) [WARNING] [AutoSaveWorld] Plugin ProjectKorra attempted to establish connection http://projectkorra.com/forums/dev-builds.16/index.rss in main server thread
(May-01|15:03:39) [WARNING] [AutoSaveWorld] Plugin ProjectKorra attempted to establish connection socket://projectkorra.com:80 in main server thread
(May-01|16:36:55) [WARNING] [AutoSaveWorld] Plugin ProjectKorra attempted to establish connection http://projectkorra.com/forums/dev-builds.16/index.rss in main server thread
(May-01|16:36:55) [WARNING] [AutoSaveWorld] Plugin ProjectKorra attempted to establish connection socket://projectkorra.com:80 in main server thread
(May-01|16:38:29) [WARNING] [AutoSaveWorld] Plugin ProjectKorra attempted to establish connection http://projectkorra.com/forums/dev-builds.16/index.rss in main server thread
(May-01|16:38:29) [WARNING] [AutoSaveWorld] Plugin ProjectKorra attempted to establish connection socket://projectkorra.com:80 in main server thread
(May-02|13:13:24) [WARNING] [AutoSaveWorld] Plugin ProjectKorra attempted to establish connection http://projectkorra.com/forums/dev-builds.16/index.rss in main server thread
(May-02|13:13:24) [WARNING] [AutoSaveWorld] Plugin ProjectKorra attempted to establish connection socket://projectkorra.com:80 in main server thread
(May-02|22:21:18) [WARNING] [AutoSaveWorld] Plugin ProjectKorra attempted to establish connection http://projectkorra.com/forums/dev-builds.16/index.rss in main server thread
(May-02|22:21:18) [WARNING] [AutoSaveWorld] Plugin ProjectKorra attempted to establish connection socket://projectkorra.com:80 in main server thread
(May-03|00:51:16) [WARNING] [AutoSaveWorld] Plugin ProjectKorra attempted to establish connection http://projectkorra.com/forums/dev-builds.16/index.rss in main server thread
(May-03|00:51:16) [WARNING] [AutoSaveWorld] Plugin ProjectKorra attempted to establish connection socket://projectkorra.com:80 in main server thread
(May-03|01:17:41) [WARNING] [AutoSaveWorld] Plugin ProjectKorra attempted to establish connection http://projectkorra.com/forums/dev-builds.16/index.rss in main server thread
(May-03|01:17:41) [WARNING] [AutoSaveWorld] Plugin ProjectKorra attempted to establish connection socket://projectkorra.com:80 in main server thread
(May-03|01:19:22) [WARNING] [AutoSaveWorld] Plugin ProjectKorra attempted to establish connection http://projectkorra.com/forums/dev-builds.16/index.rss in main server thread
(May-03|01:19:22) [WARNING] [AutoSaveWorld] Plugin ProjectKorra attempted to establish connection socket://projectkorra.com:80 in main server thread
(May-03|01:35:00) [WARNING] [AutoSaveWorld] Plugin ProjectKorra attempted to establish connection http://projectkorra.com/forums/dev-builds.16/index.rss in main server thread
(May-03|01:35:00) [WARNING] [AutoSaveWorld] Plugin ProjectKorra attempted to establish connection socket://projectkorra.com:80 in main server thread
(May-03|02:10:51) [WARNING] [AutoSaveWorld] Plugin ProjectKorra attempted to establish connection http://projectkorra.com/forums/dev-builds.16/index.rss in main server thread
(May-03|02:10:51) [WARNING] [AutoSaveWorld] Plugin ProjectKorra attempted to establish connection socket://projectkorra.com:80 in main server thread
(May-03|02:53:27) [WARNING] [AutoSaveWorld] Plugin ProjectKorra attempted to establish connection http://projectkorra.com/forums/dev-builds.16/index.rss in main server thread
(May-03|02:53:27) [WARNING] [AutoSaveWorld] Plugin ProjectKorra attempted to establish connection socket://projectkorra.com:80 in main server thread
(May-03|03:03:26) [WARNING] [AutoSaveWorld] Plugin ProjectKorra attempted to establish connection http://projectkorra.com/forums/dev-builds.16/index.rss in main server thread
(May-03|03:03:27) [WARNING] [AutoSaveWorld] Plugin ProjectKorra attempted to establish connection socket://projectkorra.com:80 in main server thread
(May-03|14:01:50) [WARNING] [AutoSaveWorld] Plugin ProjectKorra attempted to establish connection http://projectkorra.com/forums/dev-builds.16/index.rss in main server thread
(May-03|14:01:50) [WARNING] [AutoSaveWorld] Plugin ProjectKorra attempted to establish connection socket://projectkorra.com:80 in main server thread
(May-04|13:46:51) [WARNING] [AutoSaveWorld] Plugin ProjectKorra attempted to establish connection http://projectkorra.com/forums/dev-builds.16/index.rss in main server thread
(May-04|13:46:51) [WARNING] [AutoSaveWorld] Plugin ProjectKorra attempted to establish connection socket://projectkorra.com:80 in main server thread
(May-04|18:03:21) [WARNING] [AutoSaveWorld] Plugin ProjectKorra attempted to establish connection http://projectkorra.com/forums/dev-builds.16/index.rss in main server thread
(May-04|18:03:21) [WARNING] [AutoSaveWorld] Plugin ProjectKorra attempted to establish connection socket://projectkorra.com:80 in main server thread
(May-05|13:13:55) [WARNING] [AutoSaveWorld] Plugin ProjectKorra attempted to establish connection http://projectkorra.com/forums/dev-builds.16/index.rss in main server thread
(May-05|13:13:55) [WARNING] [AutoSaveWorld] Plugin ProjectKorra attempted to establish connection socket://projectkorra.com:80 in main server thread
(May-06|20:38:55) [SEVERE] Could not pass event PlayerAnimationEvent to ProjectKorra v1.8.3
org.bukkit.event.EventException
	at org.bukkit.plugin.EventExecutor$1.execute(EventExecutor.java:46)
	at co.aikar.timings.TimedEventExecutor.execute(TimedEventExecutor.java:78)
	at org.bukkit.plugin.RegisteredListener.callEvent(RegisteredListener.java:62)
	at org.bukkit.plugin.SimplePluginManager.fireEvent(SimplePluginManager.java:517)
	at org.bukkit.plugin.SimplePluginManager.callEvent(SimplePluginManager.java:502)
	at net.minecraft.server.v1_11_R1.PlayerConnection.a(PlayerConnection.java:1436)
	at net.minecraft.server.v1_11_R1.PacketPlayInArmAnimation.a(PacketPlayInArmAnimation.java:24)
	at net.minecraft.server.v1_11_R1.PacketPlayInArmAnimation.a(PacketPlayInArmAnimation.java:5)
	at net.minecraft.server.v1_11_R1.PlayerConnectionUtils.lambda$ensureMainThread$0(PlayerConnectionUtils.java:14)
	at java.util.concurrent.Executors$RunnableAdapter.call(Executors.java:511)
	at java.util.concurrent.FutureTask.run(FutureTask.java:266)
	at net.minecraft.server.v1_11_R1.SystemUtils.a(SourceFile:46)
	at net.minecraft.server.v1_11_R1.MinecraftServer.D(MinecraftServer.java:830)
	at net.minecraft.server.v1_11_R1.DedicatedServer.D(DedicatedServer.java:403)
	at net.minecraft.server.v1_11_R1.MinecraftServer.C(MinecraftServer.java:754)
	at net.minecraft.server.v1_11_R1.MinecraftServer.run(MinecraftServer.java:652)
	at java.lang.Thread.run(Thread.java:748)
Caused by: java.lang.IllegalStateException: Start block missed in BlockIterator
	at org.bukkit.util.BlockIterator.<init>(BlockIterator.java:170)
	at org.bukkit.util.BlockIterator.<init>(BlockIterator.java:233)
	at org.bukkit.util.BlockIterator.<init>(BlockIterator.java:268)
	at org.bukkit.craftbukkit.v1_11_R1.entity.CraftLivingEntity.getLineOfSight(CraftLivingEntity.java:169)
	at org.bukkit.craftbukkit.v1_11_R1.entity.CraftLivingEntity.getTargetBlock(CraftLivingEntity.java:204)
	at com.projectkorra.projectkorra.PKListener.onPlayerSwing(PKListener.java:1462)
	at com.destroystokyo.paper.event.executor.asm.generated.GeneratedEventExecutor791.execute(Unknown Source)
	at org.bukkit.plugin.EventExecutor$1.execute(EventExecutor.java:44)
	... 16 more
(May-06|20:38:55) [SEVERE] Could not pass event PlayerAnimationEvent to ProjectKorra v1.8.3
org.bukkit.event.EventException
	at org.bukkit.plugin.EventExecutor$1.execute(EventExecutor.java:46)
	at co.aikar.timings.TimedEventExecutor.execute(TimedEventExecutor.java:78)
	at org.bukkit.plugin.RegisteredListener.callEvent(RegisteredListener.java:62)
	at org.bukkit.plugin.SimplePluginManager.fireEvent(SimplePluginManager.java:517)
	at org.bukkit.plugin.SimplePluginManager.callEvent(SimplePluginManager.java:502)
	at net.minecraft.server.v1_11_R1.PlayerConnection.a(PlayerConnection.java:1436)
	at net.minecraft.server.v1_11_R1.PacketPlayInArmAnimation.a(PacketPlayInArmAnimation.java:24)
	at net.minecraft.server.v1_11_R1.PacketPlayInArmAnimation.a(PacketPlayInArmAnimation.java:5)
	at net.minecraft.server.v1_11_R1.PlayerConnectionUtils.lambda$ensureMainThread$0(PlayerConnectionUtils.java:14)
	at java.util.concurrent.Executors$RunnableAdapter.call(Executors.java:511)
	at java.util.concurrent.FutureTask.run(FutureTask.java:266)
	at net.minecraft.server.v1_11_R1.SystemUtils.a(SourceFile:46)
	at net.minecraft.server.v1_11_R1.MinecraftServer.D(MinecraftServer.java:830)
	at net.minecraft.server.v1_11_R1.DedicatedServer.D(DedicatedServer.java:403)
	at net.minecraft.server.v1_11_R1.MinecraftServer.C(MinecraftServer.java:754)
	at net.minecraft.server.v1_11_R1.MinecraftServer.run(MinecraftServer.java:652)
	at java.lang.Thread.run(Thread.java:748)
Caused by: java.lang.IllegalStateException: Start block missed in BlockIterator
	at org.bukkit.util.BlockIterator.<init>(BlockIterator.java:170)
	at org.bukkit.util.BlockIterator.<init>(BlockIterator.java:233)
	at org.bukkit.util.BlockIterator.<init>(BlockIterator.java:268)
	at org.bukkit.craftbukkit.v1_11_R1.entity.CraftLivingEntity.getLineOfSight(CraftLivingEntity.java:169)
	at org.bukkit.craftbukkit.v1_11_R1.entity.CraftLivingEntity.getTargetBlock(CraftLivingEntity.java:204)
	at com.projectkorra.projectkorra.PKListener.onPlayerSwing(PKListener.java:1462)
	at com.destroystokyo.paper.event.executor.asm.generated.GeneratedEventExecutor791.execute(Unknown Source)
	at org.bukkit.plugin.EventExecutor$1.execute(EventExecutor.java:44)
	... 16 more
(May-06|20:38:55) [SEVERE] Could not pass event PlayerAnimationEvent to ProjectKorra v1.8.3
org.bukkit.event.EventException
	at org.bukkit.plugin.EventExecutor$1.execute(EventExecutor.java:46)
	at co.aikar.timings.TimedEventExecutor.execute(TimedEventExecutor.java:78)
	at org.bukkit.plugin.RegisteredListener.callEvent(RegisteredListener.java:62)
	at org.bukkit.plugin.SimplePluginManager.fireEvent(SimplePluginManager.java:517)
	at org.bukkit.plugin.SimplePluginManager.callEvent(SimplePluginManager.java:502)
	at net.minecraft.server.v1_11_R1.PlayerConnection.a(PlayerConnection.java:1436)
	at net.minecraft.server.v1_11_R1.PacketPlayInArmAnimation.a(PacketPlayInArmAnimation.java:24)
	at net.minecraft.server.v1_11_R1.PacketPlayInArmAnimation.a(PacketPlayInArmAnimation.java:5)
	at net.minecraft.server.v1_11_R1.PlayerConnectionUtils.lambda$ensureMainThread$0(PlayerConnectionUtils.java:14)
	at java.util.concurrent.Executors$RunnableAdapter.call(Executors.java:511)
	at java.util.concurrent.FutureTask.run(FutureTask.java:266)
	at net.minecraft.server.v1_11_R1.SystemUtils.a(SourceFile:46)
	at net.minecraft.server.v1_11_R1.MinecraftServer.D(MinecraftServer.java:830)
	at net.minecraft.server.v1_11_R1.DedicatedServer.D(DedicatedServer.java:403)
	at net.minecraft.server.v1_11_R1.MinecraftServer.C(MinecraftServer.java:754)
	at net.minecraft.server.v1_11_R1.MinecraftServer.run(MinecraftServer.java:652)
	at java.lang.Thread.run(Thread.java:748)
Caused by: java.lang.IllegalStateException: Start block missed in BlockIterator
	at org.bukkit.util.BlockIterator.<init>(BlockIterator.java:170)
	at org.bukkit.util.BlockIterator.<init>(BlockIterator.java:233)
	at org.bukkit.util.BlockIterator.<init>(BlockIterator.java:268)
	at org.bukkit.craftbukkit.v1_11_R1.entity.CraftLivingEntity.getLineOfSight(CraftLivingEntity.java:169)
	at org.bukkit.craftbukkit.v1_11_R1.entity.CraftLivingEntity.getTargetBlock(CraftLivingEntity.java:204)
	at com.projectkorra.projectkorra.PKListener.onPlayerSwing(PKListener.java:1462)
	at com.destroystokyo.paper.event.executor.asm.generated.GeneratedEventExecutor791.execute(Unknown Source)
	at org.bukkit.plugin.EventExecutor$1.execute(EventExecutor.java:44)
	... 16 more
(May-06|20:38:55) [SEVERE] Could not pass event PlayerAnimationEvent to ProjectKorra v1.8.3
org.bukkit.event.EventException
	at org.bukkit.plugin.EventExecutor$1.execute(EventExecutor.java:46)
	at co.aikar.timings.TimedEventExecutor.execute(TimedEventExecutor.java:78)
	at org.bukkit.plugin.RegisteredListener.callEvent(RegisteredListener.java:62)
	at org.bukkit.plugin.SimplePluginManager.fireEvent(SimplePluginManager.java:517)
	at org.bukkit.plugin.SimplePluginManager.callEvent(SimplePluginManager.java:502)
	at net.minecraft.server.v1_11_R1.PlayerConnection.a(PlayerConnection.java:1436)
	at net.minecraft.server.v1_11_R1.PacketPlayInArmAnimation.a(PacketPlayInArmAnimation.java:24)
	at net.minecraft.server.v1_11_R1.PacketPlayInArmAnimation.a(PacketPlayInArmAnimation.java:5)
	at net.minecraft.server.v1_11_R1.PlayerConnectionUtils.lambda$ensureMainThread$0(PlayerConnectionUtils.java:14)
	at java.util.concurrent.Executors$RunnableAdapter.call(Executors.java:511)
	at java.util.concurrent.FutureTask.run(FutureTask.java:266)
	at net.minecraft.server.v1_11_R1.SystemUtils.a(SourceFile:46)
	at net.minecraft.server.v1_11_R1.MinecraftServer.D(MinecraftServer.java:830)
	at net.minecraft.server.v1_11_R1.DedicatedServer.D(DedicatedServer.java:403)
	at net.minecraft.server.v1_11_R1.MinecraftServer.C(MinecraftServer.java:754)
	at net.minecraft.server.v1_11_R1.MinecraftServer.run(MinecraftServer.java:652)
	at java.lang.Thread.run(Thread.java:748)
Caused by: java.lang.IllegalStateException: Start block missed in BlockIterator
	at org.bukkit.util.BlockIterator.<init>(BlockIterator.java:170)
	at org.bukkit.util.BlockIterator.<init>(BlockIterator.java:233)
	at org.bukkit.util.BlockIterator.<init>(BlockIterator.java:268)
	at org.bukkit.craftbukkit.v1_11_R1.entity.CraftLivingEntity.getLineOfSight(CraftLivingEntity.java:169)
	at org.bukkit.craftbukkit.v1_11_R1.entity.CraftLivingEntity.getTargetBlock(CraftLivingEntity.java:204)
	at com.projectkorra.projectkorra.PKListener.onPlayerSwing(PKListener.java:1462)
	at com.destroystokyo.paper.event.executor.asm.generated.GeneratedEventExecutor791.execute(Unknown Source)
	at org.bukkit.plugin.EventExecutor$1.execute(EventExecutor.java:44)
	... 16 more
(May-06|20:38:55) [SEVERE] Could not pass event PlayerAnimationEvent to ProjectKorra v1.8.3
org.bukkit.event.EventException
	at org.bukkit.plugin.EventExecutor$1.execute(EventExecutor.java:46)
	at co.aikar.timings.TimedEventExecutor.execute(TimedEventExecutor.java:78)
	at org.bukkit.plugin.RegisteredListener.callEvent(RegisteredListener.java:62)
	at org.bukkit.plugin.SimplePluginManager.fireEvent(SimplePluginManager.java:517)
	at org.bukkit.plugin.SimplePluginManager.callEvent(SimplePluginManager.java:502)
	at net.minecraft.server.v1_11_R1.PlayerConnection.a(PlayerConnection.java:1436)
	at net.minecraft.server.v1_11_R1.PacketPlayInArmAnimation.a(PacketPlayInArmAnimation.java:24)
	at net.minecraft.server.v1_11_R1.PacketPlayInArmAnimation.a(PacketPlayInArmAnimation.java:5)
	at net.minecraft.server.v1_11_R1.PlayerConnectionUtils.lambda$ensureMainThread$0(PlayerConnectionUtils.java:14)
	at java.util.concurrent.Executors$RunnableAdapter.call(Executors.java:511)
	at java.util.concurrent.FutureTask.run(FutureTask.java:266)
	at net.minecraft.server.v1_11_R1.SystemUtils.a(SourceFile:46)
	at net.minecraft.server.v1_11_R1.MinecraftServer.D(MinecraftServer.java:830)
	at net.minecraft.server.v1_11_R1.DedicatedServer.D(DedicatedServer.java:403)
	at net.minecraft.server.v1_11_R1.MinecraftServer.C(MinecraftServer.java:754)
	at net.minecraft.server.v1_11_R1.MinecraftServer.run(MinecraftServer.java:652)
	at java.lang.Thread.run(Thread.java:748)
Caused by: java.lang.IllegalStateException: Start block missed in BlockIterator
	at org.bukkit.util.BlockIterator.<init>(BlockIterator.java:170)
	at org.bukkit.util.BlockIterator.<init>(BlockIterator.java:233)
	at org.bukkit.util.BlockIterator.<init>(BlockIterator.java:268)
	at org.bukkit.craftbukkit.v1_11_R1.entity.CraftLivingEntity.getLineOfSight(CraftLivingEntity.java:169)
	at org.bukkit.craftbukkit.v1_11_R1.entity.CraftLivingEntity.getTargetBlock(CraftLivingEntity.java:204)
	at com.projectkorra.projectkorra.PKListener.onPlayerSwing(PKListener.java:1462)
	at com.destroystokyo.paper.event.executor.asm.generated.GeneratedEventExecutor791.execute(Unknown Source)
	at org.bukkit.plugin.EventExecutor$1.execute(EventExecutor.java:44)
	... 16 more
(May-06|20:38:55) [SEVERE] Could not pass event PlayerAnimationEvent to ProjectKorra v1.8.3
org.bukkit.event.EventException
	at org.bukkit.plugin.EventExecutor$1.execute(EventExecutor.java:46)
	at co.aikar.timings.TimedEventExecutor.execute(TimedEventExecutor.java:78)
	at org.bukkit.plugin.RegisteredListener.callEvent(RegisteredListener.java:62)
	at org.bukkit.plugin.SimplePluginManager.fireEvent(SimplePluginManager.java:517)
	at org.bukkit.plugin.SimplePluginManager.callEvent(SimplePluginManager.java:502)
	at net.minecraft.server.v1_11_R1.PlayerConnection.a(PlayerConnection.java:1436)
	at net.minecraft.server.v1_11_R1.PacketPlayInArmAnimation.a(PacketPlayInArmAnimation.java:24)
	at net.minecraft.server.v1_11_R1.PacketPlayInArmAnimation.a(PacketPlayInArmAnimation.java:5)
	at net.minecraft.server.v1_11_R1.PlayerConnectionUtils.lambda$ensureMainThread$0(PlayerConnectionUtils.java:14)
	at java.util.concurrent.Executors$RunnableAdapter.call(Executors.java:511)
	at java.util.concurrent.FutureTask.run(FutureTask.java:266)
	at net.minecraft.server.v1_11_R1.SystemUtils.a(SourceFile:46)
	at net.minecraft.server.v1_11_R1.MinecraftServer.D(MinecraftServer.java:830)
	at net.minecraft.server.v1_11_R1.DedicatedServer.D(DedicatedServer.java:403)
	at net.minecraft.server.v1_11_R1.MinecraftServer.C(MinecraftServer.java:754)
	at net.minecraft.server.v1_11_R1.MinecraftServer.run(MinecraftServer.java:652)
	at java.lang.Thread.run(Thread.java:748)
Caused by: java.lang.IllegalStateException: Start block missed in BlockIterator
	at org.bukkit.util.BlockIterator.<init>(BlockIterator.java:170)
	at org.bukkit.util.BlockIterator.<init>(BlockIterator.java:233)
	at org.bukkit.util.BlockIterator.<init>(BlockIterator.java:268)
	at org.bukkit.craftbukkit.v1_11_R1.entity.CraftLivingEntity.getLineOfSight(CraftLivingEntity.java:169)
	at org.bukkit.craftbukkit.v1_11_R1.entity.CraftLivingEntity.getTargetBlock(CraftLivingEntity.java:204)
	at com.projectkorra.projectkorra.PKListener.onPlayerSwing(PKListener.java:1462)
	at com.destroystokyo.paper.event.executor.asm.generated.GeneratedEventExecutor791.execute(Unknown Source)
	at org.bukkit.plugin.EventExecutor$1.execute(EventExecutor.java:44)
	... 16 more
(May-07|13:35:59) [WARNING] [AutoSaveWorld] Plugin ProjectKorra attempted to establish connection http://projectkorra.com/forums/dev-builds.16/index.rss in main server thread
(May-07|13:35:59) [WARNING] [AutoSaveWorld] Plugin ProjectKorra attempted to establish connection socket://projectkorra.com:80 in main server thread
(May-08|13:55:06) [WARNING] [AutoSaveWorld] Plugin ProjectKorra attempted to establish connection http://projectkorra.com/forums/dev-builds.16/index.rss in main server thread
(May-08|13:55:06) [WARNING] [AutoSaveWorld] Plugin ProjectKorra attempted to establish connection socket://projectkorra.com:80 in main server thread
(May-09|13:05:36) [WARNING] [AutoSaveWorld] Plugin ProjectKorra attempted to establish connection http://projectkorra.com/forums/dev-builds.16/index.rss in main server thread
(May-09|13:05:36) [WARNING] [AutoSaveWorld] Plugin ProjectKorra attempted to establish connection socket://projectkorra.com:80 in main server thread
(May-10|13:38:35) [WARNING] [AutoSaveWorld] Plugin ProjectKorra attempted to establish connection http://projectkorra.com/forums/dev-builds.16/index.rss in main server thread
(May-10|13:38:35) [WARNING] [AutoSaveWorld] Plugin ProjectKorra attempted to establish connection socket://projectkorra.com:80 in main server thread
(May-11|21:45:38) [WARNING] [AutoSaveWorld] Plugin ProjectKorra attempted to establish connection http://projectkorra.com/forums/dev-builds.16/index.rss in main server thread
(May-11|21:45:38) [WARNING] [AutoSaveWorld] Plugin ProjectKorra attempted to establish connection socket://projectkorra.com:80 in main server thread
(May-12|15:06:35) [WARNING] [AutoSaveWorld] Plugin ProjectKorra attempted to establish connection http://projectkorra.com/forums/dev-builds.16/index.rss in main server thread
(May-12|15:06:35) [WARNING] [AutoSaveWorld] Plugin ProjectKorra attempted to establish connection socket://projectkorra.com:80 in main server thread
(May-14|14:24:33) [WARNING] [AutoSaveWorld] Plugin ProjectKorra attempted to establish connection http://projectkorra.com/forums/dev-builds.16/index.rss in main server thread
(May-14|14:24:33) [WARNING] [AutoSaveWorld] Plugin ProjectKorra attempted to establish connection socket://projectkorra.com:80 in main server thread
(May-14|15:53:50) [WARNING] [AutoSaveWorld] Plugin ProjectKorra attempted to establish connection http://projectkorra.com/forums/dev-builds.16/index.rss in main server thread
(May-14|15:53:50) [WARNING] [AutoSaveWorld] Plugin ProjectKorra attempted to establish connection socket://projectkorra.com:80 in main server thread
