
------------------------------------[ 19.01.2018 01:42:53 ]-----------------------------------
Boss 1.5.6 encountered a COm9
Running Paper 1.12.2-R0.1-SNAPSHOT and Java 1.8.0_151
Plugins: CleanroomGenerator v1.0.0, AsyncWorldEditInjector v3.4.9, CoreProtect v2.14.2, OpenInv v3.3.2, Essentials vTeamCity, CommandHelper v3.3.2-SNAPSHOT.3301-, Boss v1.5.6, CrackShot v0.98.7, BetterChairs v0.9.5, WorldBorder v1.8.7, BetonQuest v1.10-dev#325, The Multiverse-Core Plugin, ProtocolLib v4.4.0-SNAPSHOT-b390, LibsDisguises v9.5.0-SNAPSHOT, BCC v0.5.5, AsyncWorldEdit v3.4.11, SuperTrails v9.6.7, EssentialsProtect vTeamCity, EditableSign v3.2.0, EssentialsGeoIP vTeamCity, EssentialsAntiBuild vTeamCity, PermissionsEx v1.23.4, Timer v0.001, Vault v1.5.6-b49, xInventories v2.4, EssentialsSpawn vTeamCity, PerPlayerBlood v2.6, WorldEdit v6.1.9-SNAPSHOT;3730-2a3318b, Parties v2.1.5, ChatControl v7.6.33, HolographicDisplays v2.2.6, WorldGuard v6.2.2-SNAPSHOT;1710-95b88ea, PreventShare v1.0.2, Citizens v2.0.22-SNAPSHOT (build 1498), MythicMobs v4.3.2-SNAPSHOT, GriefPrevention v16.8, CrackShotFlagAddon v1.0, CrackShotPlus v1.61, Magic v6.9.21-SNAPSHOT, Quests v3.2.2-b245
----------------------------------------------------------------------------------------------

More Information: 
Value '__global__' is already in the list!
COm9 Report / Value '__global__' is already in the list!
	 at me.kangarko.boss.final. .COM1.protected(SourceFile:30)
	 at me.kangarko.boss.final. .z.short(SourceFile:86)
	 at me.kangarko.boss.final. .z.transient(SourceFile:76)
	 at me.kangarko.boss.final. .z.protected(SourceFile:52)
	 at me.kangarko.boss.final. .z.<init>(SourceFile:37)
	 at me.kangarko.boss.final. .COm7.<init>(SourceFile:14)
	 at me.kangarko.boss.final. .COm7.protected(SourceFile:49)
	 at me.kangarko.boss.final. .aa.<init>(SourceFile:47)
	 at me.kangarko.boss.final. .aa.<init>(SourceFile:40)
	 at me.kangarko.boss.final. .aa.<init>(SourceFile:36)
	 at me.kangarko.boss.final. .aw$Con.<init>(SourceFile:1829)
	 at me.kangarko.boss.final. .aw$cOn.protected(SourceFile:1787)
	 at me.kangarko.boss.final. .aw$cOn.protected(SourceFile:1735)
	 at me.kangarko.boss.final. .aa.protected(SourceFile:141)
	 at me.kangarko.boss.final. .T.onInvClick(SourceFile:63)
	 at com.destroystokyo.paper.event.executor.asm.generated.GeneratedEventExecutor167.execute(Unknown Source)
	 at org.bukkit.plugin.EventExecutor$2.execute(EventExecutor.java:70)
	 at co.aikar.timings.TimedEventExecutor.execute(TimedEventExecutor.java:78)
	 at org.bukkit.plugin.RegisteredListener.callEvent(RegisteredListener.java:62)
	 at org.bukkit.plugin.SimplePluginManager.fireEvent(SimplePluginManager.java:515)
	 at org.bukkit.plugin.SimplePluginManager.callEvent(SimplePluginManager.java:500)
----------------------------------------------------------------------------------------------


------------------------------------[ 19.01.2018 02:29:58 ]-----------------------------------
Boss 1.5.6 encountered a COm9
Running Paper 1.12.2-R0.1-SNAPSHOT and Java 1.8.0_151
Plugins: CleanroomGenerator v1.0.0, AsyncWorldEditInjector v3.4.9, CoreProtect v2.14.2, OpenInv v3.3.2, Essentials vTeamCity, CommandHelper v3.3.2-SNAPSHOT.3301-, Boss v1.5.6, CrackShot v0.98.7, BetterChairs v0.9.5, WorldBorder v1.8.7, BetonQuest v1.10-dev#325, The Multiverse-Core Plugin, ProtocolLib v4.4.0-SNAPSHOT-b390, LibsDisguises v9.5.0-SNAPSHOT, BCC v0.5.5, AsyncWorldEdit v3.4.11, SuperTrails v9.6.7, EssentialsProtect vTeamCity, EditableSign v3.2.0, EssentialsGeoIP vTeamCity, EssentialsAntiBuild vTeamCity, PermissionsEx v1.23.4, Timer v0.001, Vault v1.5.6-b49, xInventories v2.4, EssentialsSpawn vTeamCity, PerPlayerBlood v2.6, WorldEdit v6.1.9-SNAPSHOT;3730-2a3318b, Parties v2.1.5, ChatControl v7.6.33, HolographicDisplays v2.2.6, WorldGuard v6.2.2-SNAPSHOT;1710-95b88ea, PreventShare v1.0.2, Citizens v2.0.22-SNAPSHOT (build 1498), MythicMobs v4.3.2-SNAPSHOT, GriefPrevention v16.8, CrackShotFlagAddon v1.0, CrackShotPlus v1.61, Magic v6.9.21-SNAPSHOT, Quests v3.2.2-b245
----------------------------------------------------------------------------------------------

More Information: 
Value '__global__' is already in the list!
COm9 Report / Value '__global__' is already in the list!
	 at me.kangarko.boss.final. .COM1.protected(SourceFile:30)
	 at me.kangarko.boss.final. .z.short(SourceFile:86)
	 at me.kangarko.boss.final. .z.transient(SourceFile:76)
	 at me.kangarko.boss.final. .z.protected(SourceFile:52)
	 at me.kangarko.boss.final. .z.<init>(SourceFile:37)
	 at me.kangarko.boss.final. .COm7.<init>(SourceFile:14)
	 at me.kangarko.boss.final. .COm7.protected(SourceFile:49)
	 at me.kangarko.boss.final. .aa.<init>(SourceFile:47)
	 at me.kangarko.boss.final. .aa.<init>(SourceFile:40)
	 at me.kangarko.boss.final. .aa.<init>(SourceFile:36)
	 at me.kangarko.boss.final. .aw$Con.<init>(SourceFile:1829)
	 at me.kangarko.boss.final. .aw$cOn.protected(SourceFile:1787)
	 at me.kangarko.boss.final. .aw$cOn.protected(SourceFile:1735)
	 at me.kangarko.boss.final. .aa.protected(SourceFile:141)
	 at me.kangarko.boss.final. .T.onInvClick(SourceFile:63)
	 at com.destroystokyo.paper.event.executor.asm.generated.GeneratedEventExecutor167.execute(Unknown Source)
	 at org.bukkit.plugin.EventExecutor$2.execute(EventExecutor.java:70)
	 at co.aikar.timings.TimedEventExecutor.execute(TimedEventExecutor.java:78)
	 at org.bukkit.plugin.RegisteredListener.callEvent(RegisteredListener.java:62)
	 at org.bukkit.plugin.SimplePluginManager.fireEvent(SimplePluginManager.java:515)
	 at org.bukkit.plugin.SimplePluginManager.callEvent(SimplePluginManager.java:500)
----------------------------------------------------------------------------------------------


------------------------------------[ 19.01.2018 02:38:54 ]-----------------------------------
Boss 1.5.6 encountered a COm9
Running Paper 1.12.2-R0.1-SNAPSHOT and Java 1.8.0_151
Plugins: CleanroomGenerator v1.0.0, AsyncWorldEditInjector v3.4.9, CoreProtect v2.14.2, OpenInv v3.3.2, Essentials vTeamCity, CommandHelper v3.3.2-SNAPSHOT.3301-, Boss v1.5.6, CrackShot v0.98.7, BetterChairs v0.9.5, WorldBorder v1.8.7, BetonQuest v1.10-dev#325, The Multiverse-Core Plugin, ProtocolLib v4.4.0-SNAPSHOT-b390, LibsDisguises v9.5.0-SNAPSHOT, BCC v0.5.5, AsyncWorldEdit v3.4.11, SuperTrails v9.6.7, EssentialsProtect vTeamCity, EditableSign v3.2.0, EssentialsGeoIP vTeamCity, EssentialsAntiBuild vTeamCity, PermissionsEx v1.23.4, Timer v0.001, Vault v1.5.6-b49, xInventories v2.4, EssentialsSpawn vTeamCity, PerPlayerBlood v2.6, WorldEdit v6.1.9-SNAPSHOT;3730-2a3318b, Parties v2.1.5, ChatControl v7.6.33, HolographicDisplays v2.2.6, WorldGuard v6.2.2-SNAPSHOT;1710-95b88ea, PreventShare v1.0.2, Citizens v2.0.22-SNAPSHOT (build 1498), MythicMobs v4.3.2-SNAPSHOT, GriefPrevention v16.8, CrackShotFlagAddon v1.0, CrackShotPlus v1.61, Magic v6.9.21-SNAPSHOT, Quests v3.2.2-b245
----------------------------------------------------------------------------------------------

More Information: 
Value '__global__' is already in the list!
COm9 Report / Value '__global__' is already in the list!
	 at me.kangarko.boss.final. .COM1.protected(SourceFile:30)
	 at me.kangarko.boss.final. .z.short(SourceFile:86)
	 at me.kangarko.boss.final. .z.transient(SourceFile:76)
	 at me.kangarko.boss.final. .z.protected(SourceFile:52)
	 at me.kangarko.boss.final. .z.<init>(SourceFile:37)
	 at me.kangarko.boss.final. .COm7.<init>(SourceFile:14)
	 at me.kangarko.boss.final. .COm7.protected(SourceFile:49)
	 at me.kangarko.boss.final. .aa.<init>(SourceFile:47)
	 at me.kangarko.boss.final. .aa.<init>(SourceFile:40)
	 at me.kangarko.boss.final. .aa.<init>(SourceFile:36)
	 at me.kangarko.boss.final. .aw$Con.<init>(SourceFile:1829)
	 at me.kangarko.boss.final. .aw$cOn.protected(SourceFile:1787)
	 at me.kangarko.boss.final. .aw$cOn.protected(SourceFile:1735)
	 at me.kangarko.boss.final. .aa.protected(SourceFile:141)
	 at me.kangarko.boss.final. .T.onInvClick(SourceFile:63)
	 at com.destroystokyo.paper.event.executor.asm.generated.GeneratedEventExecutor167.execute(Unknown Source)
	 at org.bukkit.plugin.EventExecutor$2.execute(EventExecutor.java:70)
	 at co.aikar.timings.TimedEventExecutor.execute(TimedEventExecutor.java:78)
	 at org.bukkit.plugin.RegisteredListener.callEvent(RegisteredListener.java:62)
	 at org.bukkit.plugin.SimplePluginManager.fireEvent(SimplePluginManager.java:515)
	 at org.bukkit.plugin.SimplePluginManager.callEvent(SimplePluginManager.java:500)
----------------------------------------------------------------------------------------------


------------------------------------[ 19.01.2018 02:39:53 ]-----------------------------------
Boss 1.5.6 encountered a COm9
Running Paper 1.12.2-R0.1-SNAPSHOT and Java 1.8.0_151
Plugins: CleanroomGenerator v1.0.0, AsyncWorldEditInjector v3.4.9, CoreProtect v2.14.2, OpenInv v3.3.2, Essentials vTeamCity, CommandHelper v3.3.2-SNAPSHOT.3301-, Boss v1.5.6, CrackShot v0.98.7, BetterChairs v0.9.5, WorldBorder v1.8.7, BetonQuest v1.10-dev#325, The Multiverse-Core Plugin, ProtocolLib v4.4.0-SNAPSHOT-b390, LibsDisguises v9.5.0-SNAPSHOT, BCC v0.5.5, AsyncWorldEdit v3.4.11, SuperTrails v9.6.7, EssentialsProtect vTeamCity, EditableSign v3.2.0, EssentialsGeoIP vTeamCity, EssentialsAntiBuild vTeamCity, PermissionsEx v1.23.4, Timer v0.001, Vault v1.5.6-b49, xInventories v2.4, EssentialsSpawn vTeamCity, PerPlayerBlood v2.6, WorldEdit v6.1.9-SNAPSHOT;3730-2a3318b, Parties v2.1.5, ChatControl v7.6.33, HolographicDisplays v2.2.6, WorldGuard v6.2.2-SNAPSHOT;1710-95b88ea, PreventShare v1.0.2, Citizens v2.0.22-SNAPSHOT (build 1498), MythicMobs v4.3.2-SNAPSHOT, GriefPrevention v16.8, CrackShotFlagAddon v1.0, CrackShotPlus v1.61, Magic v6.9.21-SNAPSHOT, Quests v3.2.2-b245
----------------------------------------------------------------------------------------------

More Information: 
Value '__global__' is already in the list!
COm9 Report / Value '__global__' is already in the list!
	 at me.kangarko.boss.final. .COM1.protected(SourceFile:30)
	 at me.kangarko.boss.final. .z.short(SourceFile:86)
	 at me.kangarko.boss.final. .z.transient(SourceFile:76)
	 at me.kangarko.boss.final. .z.protected(SourceFile:52)
	 at me.kangarko.boss.final. .z.<init>(SourceFile:37)
	 at me.kangarko.boss.final. .COm7.<init>(SourceFile:14)
	 at me.kangarko.boss.final. .COm7.protected(SourceFile:49)
	 at me.kangarko.boss.final. .aa.<init>(SourceFile:47)
	 at me.kangarko.boss.final. .aa.<init>(SourceFile:40)
	 at me.kangarko.boss.final. .aa.<init>(SourceFile:36)
	 at me.kangarko.boss.final. .aw$Con.<init>(SourceFile:1829)
	 at me.kangarko.boss.final. .aw$cOn.protected(SourceFile:1787)
	 at me.kangarko.boss.final. .aw$cOn.protected(SourceFile:1735)
	 at me.kangarko.boss.final. .aa.protected(SourceFile:141)
	 at me.kangarko.boss.final. .T.onInvClick(SourceFile:63)
	 at com.destroystokyo.paper.event.executor.asm.generated.GeneratedEventExecutor167.execute(Unknown Source)
	 at org.bukkit.plugin.EventExecutor$2.execute(EventExecutor.java:70)
	 at co.aikar.timings.TimedEventExecutor.execute(TimedEventExecutor.java:78)
	 at org.bukkit.plugin.RegisteredListener.callEvent(RegisteredListener.java:62)
	 at org.bukkit.plugin.SimplePluginManager.fireEvent(SimplePluginManager.java:515)
	 at org.bukkit.plugin.SimplePluginManager.callEvent(SimplePluginManager.java:500)
----------------------------------------------------------------------------------------------


------------------------------------[ 19.01.2018 02:47:12 ]-----------------------------------
Boss 1.5.6 encountered a COm9
Running Paper 1.12.2-R0.1-SNAPSHOT and Java 1.8.0_151
Plugins: CleanroomGenerator v1.0.0, AsyncWorldEditInjector v3.4.9, CoreProtect v2.14.2, OpenInv v3.3.2, Essentials vTeamCity, CommandHelper v3.3.2-SNAPSHOT.3301-, Boss v1.5.6, CrackShot v0.98.7, BetterChairs v0.9.5, WorldBorder v1.8.7, BetonQuest v1.10-dev#325, The Multiverse-Core Plugin, ProtocolLib v4.4.0-SNAPSHOT-b390, LibsDisguises v9.5.0-SNAPSHOT, BCC v0.5.5, AsyncWorldEdit v3.4.11, SuperTrails v9.6.7, EssentialsProtect vTeamCity, EditableSign v3.2.0, EssentialsGeoIP vTeamCity, EssentialsAntiBuild vTeamCity, PermissionsEx v1.23.4, Timer v0.001, Vault v1.5.6-b49, xInventories v2.4, EssentialsSpawn vTeamCity, PerPlayerBlood v2.6, WorldEdit v6.1.9-SNAPSHOT;3730-2a3318b, Parties v2.1.5, ChatControl v7.6.33, HolographicDisplays v2.2.6, WorldGuard v6.2.2-SNAPSHOT;1710-95b88ea, PreventShare v1.0.2, Citizens v2.0.22-SNAPSHOT (build 1498), MythicMobs v4.3.2-SNAPSHOT, GriefPrevention v16.8, CrackShotFlagAddon v1.0, CrackShotPlus v1.61, Magic v6.9.21-SNAPSHOT, Quests v3.2.2-b245
----------------------------------------------------------------------------------------------

More Information: 
Value '__global__' is already in the list!
COm9 Report / Value '__global__' is already in the list!
	 at me.kangarko.boss.final. .COM1.protected(SourceFile:30)
	 at me.kangarko.boss.final. .z.short(SourceFile:86)
	 at me.kangarko.boss.final. .z.transient(SourceFile:76)
	 at me.kangarko.boss.final. .z.protected(SourceFile:52)
	 at me.kangarko.boss.final. .z.<init>(SourceFile:37)
	 at me.kangarko.boss.final. .COm7.<init>(SourceFile:14)
	 at me.kangarko.boss.final. .COm7.protected(SourceFile:49)
	 at me.kangarko.boss.final. .aa.<init>(SourceFile:47)
	 at me.kangarko.boss.final. .aa.<init>(SourceFile:40)
	 at me.kangarko.boss.final. .aa.<init>(SourceFile:36)
	 at me.kangarko.boss.final. .aw$Con.<init>(SourceFile:1829)
	 at me.kangarko.boss.final. .aw$cOn.protected(SourceFile:1787)
	 at me.kangarko.boss.final. .aw$cOn.protected(SourceFile:1735)
	 at me.kangarko.boss.final. .aa.protected(SourceFile:141)
	 at me.kangarko.boss.final. .T.onInvClick(SourceFile:63)
	 at com.destroystokyo.paper.event.executor.asm.generated.GeneratedEventExecutor167.execute(Unknown Source)
	 at org.bukkit.plugin.EventExecutor$2.execute(EventExecutor.java:70)
	 at co.aikar.timings.TimedEventExecutor.execute(TimedEventExecutor.java:78)
	 at org.bukkit.plugin.RegisteredListener.callEvent(RegisteredListener.java:62)
	 at org.bukkit.plugin.SimplePluginManager.fireEvent(SimplePluginManager.java:515)
	 at org.bukkit.plugin.SimplePluginManager.callEvent(SimplePluginManager.java:500)
----------------------------------------------------------------------------------------------


------------------------------------[ 19.01.2018 13:32:13 ]-----------------------------------
Boss 1.5.6 encountered a COm9
Running Paper 1.12.2-R0.1-SNAPSHOT and Java 1.8.0_151
Plugins: CleanroomGenerator v1.0.0, AsyncWorldEditInjector v3.4.9, CoreProtect v2.14.2, OpenInv v3.3.2, Essentials vTeamCity, CommandHelper v3.3.2-SNAPSHOT.3301-, Boss v1.5.6, CrackShot v0.98.7, BetterChairs v0.9.5, WorldBorder v1.8.7, BetonQuest v1.10-dev#325, The Multiverse-Core Plugin, ProtocolLib v4.4.0-SNAPSHOT-b390, LibsDisguises v9.5.0-SNAPSHOT, BCC v0.5.5, AsyncWorldEdit v3.4.11, SuperTrails v9.6.7, EssentialsProtect vTeamCity, EditableSign v3.2.0, EssentialsGeoIP vTeamCity, EssentialsAntiBuild vTeamCity, PermissionsEx v1.23.4, Timer v0.001, Vault v1.5.6-b49, xInventories v2.4, EssentialsSpawn vTeamCity, PerPlayerBlood v2.6, WorldEdit v6.1.9-SNAPSHOT;3730-2a3318b, Parties v2.1.5, ChatControl v7.6.33, HolographicDisplays v2.2.6, WorldGuard v6.2.2-SNAPSHOT;1710-95b88ea, PreventShare v1.0.2, Citizens v2.0.22-SNAPSHOT (build 1498), MythicMobs v4.3.2-SNAPSHOT, GriefPrevention v16.8, CrackShotFlagAddon v1.0, CrackShotPlus v1.61, Magic v6.9.21-SNAPSHOT, Quests v3.2.2-b245
----------------------------------------------------------------------------------------------

More Information: 
Value '__global__' is already in the list!
COm9 Report / Value '__global__' is already in the list!
	 at me.kangarko.boss.final. .COM1.protected(SourceFile:30)
	 at me.kangarko.boss.final. .z.short(SourceFile:86)
	 at me.kangarko.boss.final. .z.transient(SourceFile:76)
	 at me.kangarko.boss.final. .z.protected(SourceFile:52)
	 at me.kangarko.boss.final. .z.<init>(SourceFile:37)
	 at me.kangarko.boss.final. .COm7.<init>(SourceFile:14)
	 at me.kangarko.boss.final. .COm7.protected(SourceFile:49)
	 at me.kangarko.boss.final. .aa.<init>(SourceFile:47)
	 at me.kangarko.boss.final. .aa.<init>(SourceFile:40)
	 at me.kangarko.boss.final. .aa.<init>(SourceFile:36)
	 at me.kangarko.boss.final. .aw$Con.<init>(SourceFile:1829)
	 at me.kangarko.boss.final. .aw$cOn.protected(SourceFile:1787)
	 at me.kangarko.boss.final. .aw$cOn.protected(SourceFile:1735)
	 at me.kangarko.boss.final. .aa.protected(SourceFile:141)
	 at me.kangarko.boss.final. .T.onInvClick(SourceFile:63)
	 at com.destroystokyo.paper.event.executor.asm.generated.GeneratedEventExecutor167.execute(Unknown Source)
	 at org.bukkit.plugin.EventExecutor$2.execute(EventExecutor.java:70)
	 at co.aikar.timings.TimedEventExecutor.execute(TimedEventExecutor.java:78)
	 at org.bukkit.plugin.RegisteredListener.callEvent(RegisteredListener.java:62)
	 at org.bukkit.plugin.SimplePluginManager.fireEvent(SimplePluginManager.java:515)
	 at org.bukkit.plugin.SimplePluginManager.callEvent(SimplePluginManager.java:500)
----------------------------------------------------------------------------------------------


------------------------------------[ 19.01.2018 13:33:15 ]-----------------------------------
Boss 1.5.6 encountered a COm9
Running Paper 1.12.2-R0.1-SNAPSHOT and Java 1.8.0_151
Plugins: CleanroomGenerator v1.0.0, AsyncWorldEditInjector v3.4.9, CoreProtect v2.14.2, OpenInv v3.3.2, Essentials vTeamCity, CommandHelper v3.3.2-SNAPSHOT.3301-, Boss v1.5.6, CrackShot v0.98.7, BetterChairs v0.9.5, WorldBorder v1.8.7, BetonQuest v1.10-dev#325, The Multiverse-Core Plugin, ProtocolLib v4.4.0-SNAPSHOT-b390, LibsDisguises v9.5.0-SNAPSHOT, BCC v0.5.5, AsyncWorldEdit v3.4.11, SuperTrails v9.6.7, EssentialsProtect vTeamCity, EditableSign v3.2.0, EssentialsGeoIP vTeamCity, EssentialsAntiBuild vTeamCity, PermissionsEx v1.23.4, Timer v0.001, Vault v1.5.6-b49, xInventories v2.4, EssentialsSpawn vTeamCity, PerPlayerBlood v2.6, WorldEdit v6.1.9-SNAPSHOT;3730-2a3318b, Parties v2.1.5, ChatControl v7.6.33, HolographicDisplays v2.2.6, WorldGuard v6.2.2-SNAPSHOT;1710-95b88ea, PreventShare v1.0.2, Citizens v2.0.22-SNAPSHOT (build 1498), MythicMobs v4.3.2-SNAPSHOT, GriefPrevention v16.8, CrackShotFlagAddon v1.0, CrackShotPlus v1.61, Magic v6.9.21-SNAPSHOT, Quests v3.2.2-b245
----------------------------------------------------------------------------------------------

More Information: 
Value '__global__' is already in the list!
COm9 Report / Value '__global__' is already in the list!
	 at me.kangarko.boss.final. .COM1.protected(SourceFile:30)
	 at me.kangarko.boss.final. .z.short(SourceFile:86)
	 at me.kangarko.boss.final. .z.transient(SourceFile:76)
	 at me.kangarko.boss.final. .z.protected(SourceFile:52)
	 at me.kangarko.boss.final. .z.<init>(SourceFile:37)
	 at me.kangarko.boss.final. .COm7.<init>(SourceFile:14)
	 at me.kangarko.boss.final. .COm7.protected(SourceFile:49)
	 at me.kangarko.boss.final. .aa.<init>(SourceFile:47)
	 at me.kangarko.boss.final. .aa.<init>(SourceFile:40)
	 at me.kangarko.boss.final. .aa.<init>(SourceFile:36)
	 at me.kangarko.boss.final. .aw$Con.<init>(SourceFile:1829)
	 at me.kangarko.boss.final. .aw$cOn.protected(SourceFile:1787)
	 at me.kangarko.boss.final. .aw$cOn.protected(SourceFile:1735)
	 at me.kangarko.boss.final. .aa.protected(SourceFile:141)
	 at me.kangarko.boss.final. .T.onInvClick(SourceFile:63)
	 at com.destroystokyo.paper.event.executor.asm.generated.GeneratedEventExecutor167.execute(Unknown Source)
	 at org.bukkit.plugin.EventExecutor$2.execute(EventExecutor.java:70)
	 at co.aikar.timings.TimedEventExecutor.execute(TimedEventExecutor.java:78)
	 at org.bukkit.plugin.RegisteredListener.callEvent(RegisteredListener.java:62)
	 at org.bukkit.plugin.SimplePluginManager.fireEvent(SimplePluginManager.java:515)
	 at org.bukkit.plugin.SimplePluginManager.callEvent(SimplePluginManager.java:500)
----------------------------------------------------------------------------------------------


------------------------------------[ 20.01.2018 20:17:14 ]-----------------------------------
Boss 1.5.6 encountered a COm9
Running Paper 1.12.2-R0.1-SNAPSHOT and Java 1.8.0_151
Plugins: CleanroomGenerator v1.0.0, AsyncWorldEditInjector v3.4.9, CoreProtect v2.14.2, OpenInv v3.3.2, Essentials vTeamCity, CommandHelper v3.3.2-SNAPSHOT.3303-, Boss v1.5.6, CrackShot v0.98.7, BetterChairs v0.9.5, WorldBorder v1.8.7, BetonQuest v1.10-dev#325, The Multiverse-Core Plugin, ProtocolLib v4.4.0-SNAPSHOT-b390, LibsDisguises v9.5.0-SNAPSHOT, BCC v0.5.5, AsyncWorldEdit v3.4.11, SuperTrails v9.6.7, EssentialsProtect vTeamCity, EditableSign v3.2.0, EssentialsGeoIP vTeamCity, EssentialsAntiBuild vTeamCity, PermissionsEx v1.23.4, Timer v0.001, BlivTrails v1.1.5, Vault v1.5.6-b49, xInventories v2.4, EssentialsSpawn vTeamCity, PerPlayerBlood v2.6, WorldEdit v6.1.9-SNAPSHOT;3730-2a3318b, Parties v2.1.5, ChatControl v7.6.33, HolographicDisplays v2.2.6, WorldGuard v6.2.2-SNAPSHOT;1710-95b88ea, PreventShare v1.0.2, Citizens v2.0.22-SNAPSHOT (build 1498), MythicMobs v4.3.2-SNAPSHOT, GriefPrevention v16.8, CrackShotFlagAddon v1.0, CrackShotPlus v1.63, Magic v6.9.21-SNAPSHOT, Quests v3.2.2-b245
----------------------------------------------------------------------------------------------

More Information: 
Value '__global__' is already in the list!
COm9 Report / Value '__global__' is already in the list!
	 at me.kangarko.boss.final. .COM1.protected(SourceFile:30)
	 at me.kangarko.boss.final. .z.short(SourceFile:86)
	 at me.kangarko.boss.final. .z.transient(SourceFile:76)
	 at me.kangarko.boss.final. .z.protected(SourceFile:52)
	 at me.kangarko.boss.final. .z.<init>(SourceFile:37)
	 at me.kangarko.boss.final. .COm7.<init>(SourceFile:14)
	 at me.kangarko.boss.final. .COm7.protected(SourceFile:49)
	 at me.kangarko.boss.final. .aa.<init>(SourceFile:47)
	 at me.kangarko.boss.final. .aa.<init>(SourceFile:40)
	 at me.kangarko.boss.final. .aa.<init>(SourceFile:36)
	 at me.kangarko.boss.final. .aw$Con.<init>(SourceFile:1829)
	 at me.kangarko.boss.final. .aw$cOn.protected(SourceFile:1787)
	 at me.kangarko.boss.final. .aw$cOn.protected(SourceFile:1735)
	 at me.kangarko.boss.final. .aa.protected(SourceFile:141)
	 at me.kangarko.boss.final. .T.onInvClick(SourceFile:63)
	 at com.destroystokyo.paper.event.executor.asm.generated.GeneratedEventExecutor167.execute(Unknown Source)
	 at org.bukkit.plugin.EventExecutor$2.execute(EventExecutor.java:70)
	 at co.aikar.timings.TimedEventExecutor.execute(TimedEventExecutor.java:78)
	 at org.bukkit.plugin.RegisteredListener.callEvent(RegisteredListener.java:62)
	 at org.bukkit.plugin.SimplePluginManager.fireEvent(SimplePluginManager.java:515)
	 at org.bukkit.plugin.SimplePluginManager.callEvent(SimplePluginManager.java:500)
----------------------------------------------------------------------------------------------


------------------------------------[ 20.01.2018 21:30:47 ]-----------------------------------
Boss 1.5.6 encountered a COm9
Running Paper 1.12.2-R0.1-SNAPSHOT and Java 1.8.0_151
Plugins: CleanroomGenerator v1.0.0, AsyncWorldEditInjector v3.4.9, CoreProtect v2.14.2, OpenInv v3.3.2, Essentials vTeamCity, CommandHelper v3.3.2-SNAPSHOT.3303-, Boss v1.5.6, CrackShot v0.98.7, BetterChairs v0.9.5, WorldBorder v1.8.7, BetonQuest v1.10-dev#325, The Multiverse-Core Plugin, ProtocolLib v4.4.0-SNAPSHOT-b390, LibsDisguises v9.5.0-SNAPSHOT, BCC v0.5.5, AsyncWorldEdit v3.4.11, SuperTrails v9.6.7, EssentialsProtect vTeamCity, EditableSign v3.2.0, EssentialsGeoIP vTeamCity, EssentialsAntiBuild vTeamCity, PermissionsEx v1.23.4, Timer v0.001, BlivTrails v1.1.5, Vault v1.5.6-b49, xInventories v2.4, EssentialsSpawn vTeamCity, PerPlayerBlood v2.6, WorldEdit v6.1.9-SNAPSHOT;3730-2a3318b, Parties v2.1.5, ChatControl v7.6.33, HolographicDisplays v2.2.6, WorldGuard v6.2.2-SNAPSHOT;1710-95b88ea, PreventShare v1.0.2, Citizens v2.0.22-SNAPSHOT (build 1498), MythicMobs v4.3.2-SNAPSHOT, GriefPrevention v16.8, CrackShotFlagAddon v1.0, CrackShotPlus v1.63, Magic v6.9.21-SNAPSHOT, Quests v3.2.2-b245
----------------------------------------------------------------------------------------------

More Information: 
Value '__global__' is already in the list!
COm9 Report / Value '__global__' is already in the list!
	 at me.kangarko.boss.final. .COM1.protected(SourceFile:30)
	 at me.kangarko.boss.final. .z.short(SourceFile:86)
	 at me.kangarko.boss.final. .z.transient(SourceFile:76)
	 at me.kangarko.boss.final. .z.protected(SourceFile:52)
	 at me.kangarko.boss.final. .z.<init>(SourceFile:37)
	 at me.kangarko.boss.final. .COm7.<init>(SourceFile:14)
	 at me.kangarko.boss.final. .COm7.protected(SourceFile:49)
	 at me.kangarko.boss.final. .aa.<init>(SourceFile:47)
	 at me.kangarko.boss.final. .aa.<init>(SourceFile:40)
	 at me.kangarko.boss.final. .aa.<init>(SourceFile:36)
	 at me.kangarko.boss.final. .aw$Con.<init>(SourceFile:1829)
	 at me.kangarko.boss.final. .aw$cOn.protected(SourceFile:1787)
	 at me.kangarko.boss.final. .aw$cOn.protected(SourceFile:1735)
	 at me.kangarko.boss.final. .aa.protected(SourceFile:141)
	 at me.kangarko.boss.final. .T.onInvClick(SourceFile:63)
	 at com.destroystokyo.paper.event.executor.asm.generated.GeneratedEventExecutor167.execute(Unknown Source)
	 at org.bukkit.plugin.EventExecutor$2.execute(EventExecutor.java:70)
	 at co.aikar.timings.TimedEventExecutor.execute(TimedEventExecutor.java:78)
	 at org.bukkit.plugin.RegisteredListener.callEvent(RegisteredListener.java:62)
	 at org.bukkit.plugin.SimplePluginManager.fireEvent(SimplePluginManager.java:515)
	 at org.bukkit.plugin.SimplePluginManager.callEvent(SimplePluginManager.java:500)
----------------------------------------------------------------------------------------------


------------------------------------[ 23.01.2018 04:28:48 ]-----------------------------------
Boss 1.5.7 encountered a IllegalArgumentException
Running Paper 1.12.2-R0.1-SNAPSHOT and Java 1.8.0_151
Plugins: CleanroomGenerator v1.0.0, AsyncWorldEditInjector v3.4.9, CoreProtect v2.14.2, OpenInv v3.3.2, Essentials vTeamCity, CommandHelper v3.3.2-SNAPSHOT.3303-, Boss v1.5.7, CrackShot v0.98.7, BetterChairs v0.9.5, WorldBorder v1.8.7, BetonQuest v1.10-dev#325, The Multiverse-Core Plugin, ProtocolLib v4.4.0-SNAPSHOT-b390, LibsDisguises v9.5.0-SNAPSHOT, BCC v0.5.5, AsyncWorldEdit v3.4.11, SuperTrails v9.6.7, EssentialsProtect vTeamCity, EditableSign v3.2.0, EssentialsGeoIP vTeamCity, EssentialsAntiBuild vTeamCity, PermissionsEx v1.23.4, Timer v0.001, BlivTrails v1.1.5, Vault v1.5.6-b49, xInventories v2.4, EssentialsSpawn vTeamCity, PerPlayerBlood v2.6, WorldEdit v6.1.9-SNAPSHOT;3730-2a3318b, Parties v2.1.5, ChatControl v7.6.33, HolographicDisplays v2.2.6, WorldGuard v6.2.2-SNAPSHOT;1712-3a332fd, PreventShare v1.0.2, Citizens v2.0.22-SNAPSHOT (build 1498), MythicMobs v4.3.2-SNAPSHOT, GriefPrevention v16.8, CrackShotFlagAddon v1.0, CrackShotPlus v1.66, Magic v6.9.21-SNAPSHOT, Quests v3.2.2-b246
----------------------------------------------------------------------------------------------

More Information: 
Error running skill 'Shoot Fireball'!
Boss: Varon
Error: x not finite
IllegalArgumentException x not finite
	 at org.bukkit.util.NumberConversions.checkFinite(NumberConversions.java:115)
	 at org.bukkit.util.Vector.checkFinite(Vector.java:624)
	 at org.bukkit.craftbukkit.v1_12_R1.entity.CraftEntity.setVelocity(CraftEntity.java:242)
	 at me.kangarko.boss.final. .aX.execute(SourceFile:56)
	 at me.kangarko.boss.final. .aE.protected(SourceFile:47)
	 at me.kangarko.boss.final. .aE.run(SourceFile:36)
	 at org.bukkit.craftbukkit.v1_12_R1.scheduler.CraftTask.run(CraftTask.java:58)
	 at org.bukkit.craftbukkit.v1_12_R1.scheduler.CraftScheduler.mainThreadHeartbeat(CraftScheduler.java:356)
----------------------------------------------------------------------------------------------


------------------------------------[ 23.01.2018 04:28:48 ]-----------------------------------
Boss 1.5.7 encountered a IllegalArgumentException
Running Paper 1.12.2-R0.1-SNAPSHOT and Java 1.8.0_151
Plugins: CleanroomGenerator v1.0.0, AsyncWorldEditInjector v3.4.9, CoreProtect v2.14.2, OpenInv v3.3.2, Essentials vTeamCity, CommandHelper v3.3.2-SNAPSHOT.3303-, Boss v1.5.7, CrackShot v0.98.7, BetterChairs v0.9.5, WorldBorder v1.8.7, BetonQuest v1.10-dev#325, The Multiverse-Core Plugin, ProtocolLib v4.4.0-SNAPSHOT-b390, LibsDisguises v9.5.0-SNAPSHOT, BCC v0.5.5, AsyncWorldEdit v3.4.11, SuperTrails v9.6.7, EssentialsProtect vTeamCity, EditableSign v3.2.0, EssentialsGeoIP vTeamCity, EssentialsAntiBuild vTeamCity, PermissionsEx v1.23.4, Timer v0.001, BlivTrails v1.1.5, Vault v1.5.6-b49, xInventories v2.4, EssentialsSpawn vTeamCity, PerPlayerBlood v2.6, WorldEdit v6.1.9-SNAPSHOT;3730-2a3318b, Parties v2.1.5, ChatControl v7.6.33, HolographicDisplays v2.2.6, WorldGuard v6.2.2-SNAPSHOT;1712-3a332fd, PreventShare v1.0.2, Citizens v2.0.22-SNAPSHOT (build 1498), MythicMobs v4.3.2-SNAPSHOT, GriefPrevention v16.8, CrackShotFlagAddon v1.0, CrackShotPlus v1.66, Magic v6.9.21-SNAPSHOT, Quests v3.2.2-b246
----------------------------------------------------------------------------------------------

More Information: 
Error running skill 'Shoot Arrow'!
Boss: Varon
Error: x not finite
IllegalArgumentException x not finite
	 at org.bukkit.util.NumberConversions.checkFinite(NumberConversions.java:115)
	 at org.bukkit.util.Vector.checkFinite(Vector.java:624)
	 at org.bukkit.craftbukkit.v1_12_R1.entity.CraftEntity.setVelocity(CraftEntity.java:242)
	 at me.kangarko.boss.final. .aR.execute(SourceFile:61)
	 at me.kangarko.boss.final. .aE.protected(SourceFile:47)
	 at me.kangarko.boss.final. .aE.run(SourceFile:36)
	 at org.bukkit.craftbukkit.v1_12_R1.scheduler.CraftTask.run(CraftTask.java:58)
	 at org.bukkit.craftbukkit.v1_12_R1.scheduler.CraftScheduler.mainThreadHeartbeat(CraftScheduler.java:356)
----------------------------------------------------------------------------------------------

