2013-10-04 02:54:00 [INFO] [Multiverse-Core] - Version 2.4-b527 (API v14) Enabled - By Rigby, fernferret, lithium3141 and main--
2013-10-04 02:54:01 [INFO] [Multiverse-Core] Loading World & Settings - 'Crapcakes and Applesauce' - Env: NORMAL - Type: NORMAL & seed: -1852527365
2013-10-04 02:54:01 [WARNING] [Multiverse-Core] Spawn location from world.dat file was unsafe. Adjusting...
2013-10-04 02:54:01 [WARNING] [Multiverse-Core] Original Location: X: 120 Y: 64 Z: 252 P: 0 Y: 0 
2013-10-04 02:54:01 [INFO] [Multiverse-Core] New Spawn for 'Crapcakes and Applesauce' is Located at: Crapcakes and Applesauce:117.50,65.00,259.50:0.00:0.00
2013-10-04 02:54:02 [INFO] [Multiverse-Core] Loading World & Settings - 'Crapcakes and Applesauce_nether' - Env: NETHER - Type: NORMAL & seed: -1852527365
2013-10-04 02:54:02 [WARNING] [Multiverse-Core] Spawn location from world.dat file was unsafe. Adjusting...
2013-10-04 02:54:02 [WARNING] [Multiverse-Core] Original Location: X: 0 Y: 64 Z: 0 P: 0 Y: 0 
2013-10-04 02:54:02 [INFO] [Multiverse-Core] New Spawn for 'Crapcakes and Applesauce_nether' is Located at: Crapcakes and Applesauce_nether:8.50,65.00,-6.50:0.00:0.00
2013-10-04 02:54:03 [INFO] [Multiverse-Core] Loading World & Settings - 'Crapcakes and Applesauce_the_end' - Env: THE_END - Type: NORMAL & seed: -1852527365
2013-10-04 02:54:03 [WARNING] [Multiverse-Core] Spawn location from world.dat file was unsafe. Adjusting...
2013-10-04 02:54:03 [WARNING] [Multiverse-Core] Original Location: X: 0 Y: 50 Z: 0 P: 0 Y: 0 
2013-10-04 02:54:03 [INFO] [Multiverse-Core] New Spawn for 'Crapcakes and Applesauce_the_end' is Located at: Crapcakes and Applesauce_the_end:0.00,62.00,0.00:0.00:0.00
2013-10-04 02:54:03 [INFO] [Multiverse-Core] Loading World & Settings - 'Crapcakes and Applesauce' - Env: NORMAL - Type: NORMAL & seed: -1852527365
2013-10-04 02:54:03 [INFO] [Multiverse-Core] Loading World & Settings - 'Crapcakes and Applesauce_nether' - Env: NETHER - Type: NORMAL & seed: -1852527365
2013-10-04 02:54:04 [INFO] [Multiverse-Core] Loading World & Settings - 'Crapcakes and Applesauce_the_end' - Env: THE_END - Type: NORMAL & seed: -1852527365
2013-10-04 02:54:04 [INFO] [Multiverse-Core] 3 - World(s) loaded.
2013-10-04 03:05:07 [INFO] [Multiverse-Core] Loading World & Settings - 'creative' - Env: NORMAL - Type: NORMAL
2013-10-04 03:05:17 [WARNING] [Multiverse-Core] Spawn location from world.dat file was unsafe. Adjusting...
2013-10-04 03:05:17 [WARNING] [Multiverse-Core] Original Location: X: -36 Y: 64 Z: 256 P: 0 Y: 0 
2013-10-04 03:05:17 [INFO] [Multiverse-Core] New Spawn for 'creative' is Located at: creative:-41.50,64.00,257.50:0.00:0.00
2013-10-04 03:14:24 [INFO] [Multiverse-Core] - Version 2.4-b527 (API v14) Enabled - By Rigby, fernferret, lithium3141 and main--
2013-10-04 03:14:26 [INFO] [Multiverse-Core] Loading World & Settings - 'Crapcakes and Applesauce' - Env: NORMAL - Type: NORMAL & seed: -1852527365
2013-10-04 03:14:26 [INFO] [Multiverse-Core] Loading World & Settings - 'Crapcakes and Applesauce_nether' - Env: NETHER - Type: NORMAL & seed: -1852527365
2013-10-04 03:14:26 [INFO] [Multiverse-Core] Loading World & Settings - 'Crapcakes and Applesauce_the_end' - Env: THE_END - Type: NORMAL & seed: -1852527365
2013-10-04 03:14:26 [INFO] [Multiverse-Core] Loading World & Settings - 'creative' - Env: NORMAL - Type: NORMAL & seed: 3462946279285790660
2013-10-04 03:14:27 [INFO] [Multiverse-Core] 4 - World(s) loaded.
2013-10-04 03:20:16 [INFO] [Multiverse-Core] - Version 2.4-b527 (API v14) Enabled - By Rigby, fernferret, lithium3141 and main--
2013-10-04 03:20:17 [INFO] [Multiverse-Core] Loading World & Settings - 'Crapcakes and Applesauce' - Env: NORMAL - Type: NORMAL & seed: -1852527365
2013-10-04 03:20:17 [INFO] [Multiverse-Core] Loading World & Settings - 'Crapcakes and Applesauce_nether' - Env: NETHER - Type: NORMAL & seed: -1852527365
2013-10-04 03:20:17 [INFO] [Multiverse-Core] Loading World & Settings - 'Crapcakes and Applesauce_the_end' - Env: THE_END - Type: NORMAL & seed: -1852527365
2013-10-04 03:20:18 [INFO] [Multiverse-Core] Loading World & Settings - 'creative' - Env: NORMAL - Type: NORMAL & seed: 3462946279285790660
2013-10-04 03:20:18 [INFO] [Multiverse-Core] 4 - World(s) loaded.
2013-10-04 03:48:14 [INFO] [Multiverse-Core] - Version 2.4-b527 (API v14) Enabled - By Rigby, fernferret, lithium3141 and main--
2013-10-04 03:48:16 [INFO] [Multiverse-Core] Loading World & Settings - 'Crapcakes and Applesauce' - Env: NORMAL - Type: NORMAL & seed: -1852527365
2013-10-04 03:48:16 [INFO] [Multiverse-Core] Loading World & Settings - 'Crapcakes and Applesauce_nether' - Env: NETHER - Type: NORMAL & seed: -1852527365
2013-10-04 03:48:16 [INFO] [Multiverse-Core] Loading World & Settings - 'Crapcakes and Applesauce_the_end' - Env: THE_END - Type: NORMAL & seed: -1852527365
2013-10-04 03:48:16 [INFO] [Multiverse-Core] Loading World & Settings - 'creative' - Env: NORMAL - Type: NORMAL & seed: 3462946279285790660
2013-10-04 03:48:20 [INFO] [Multiverse-Core] 4 - World(s) loaded.
2013-10-04 03:49:24 [INFO] [Multiverse-Core] - Version 2.4-b527 (API v14) Enabled - By Rigby, fernferret, lithium3141 and main--
2013-10-04 03:49:26 [INFO] [Multiverse-Core] Loading World & Settings - 'Crapcakes and Applesauce' - Env: NORMAL - Type: NORMAL & seed: -1852527365
2013-10-04 03:49:26 [INFO] [Multiverse-Core] Loading World & Settings - 'Crapcakes and Applesauce_nether' - Env: NETHER - Type: NORMAL & seed: -1852527365
2013-10-04 03:49:26 [INFO] [Multiverse-Core] Loading World & Settings - 'Crapcakes and Applesauce_the_end' - Env: THE_END - Type: NORMAL & seed: -1852527365
2013-10-04 03:49:26 [INFO] [Multiverse-Core] Loading World & Settings - 'creative' - Env: NORMAL - Type: NORMAL & seed: 3462946279285790660
2013-10-04 03:49:27 [INFO] [Multiverse-Core] 4 - World(s) loaded.
2013-10-04 03:53:15 [INFO] [Multiverse-Core] - Version 2.4-b527 (API v14) Enabled - By Rigby, fernferret, lithium3141 and main--
2013-10-04 03:53:17 [INFO] [Multiverse-Core] Loading World & Settings - 'Crapcakes and Applesauce' - Env: NORMAL - Type: NORMAL & seed: -1852527365
2013-10-04 03:53:17 [INFO] [Multiverse-Core] Loading World & Settings - 'Crapcakes and Applesauce_nether' - Env: NETHER - Type: NORMAL & seed: -1852527365
2013-10-04 03:53:17 [INFO] [Multiverse-Core] Loading World & Settings - 'Crapcakes and Applesauce_the_end' - Env: THE_END - Type: NORMAL & seed: -1852527365
2013-10-04 03:53:17 [INFO] [Multiverse-Core] Loading World & Settings - 'creative' - Env: NORMAL - Type: NORMAL & seed: 3462946279285790660
2013-10-04 03:53:18 [INFO] [Multiverse-Core] 4 - World(s) loaded.
2013-10-04 04:01:43 [INFO] [Multiverse-Core] - Version 2.4-b527 (API v14) Enabled - By Rigby, fernferret, lithium3141 and main--
2013-10-04 04:01:46 [INFO] [Multiverse-Core] Loading World & Settings - 'Crapcakes and Applesauce' - Env: NORMAL - Type: NORMAL & seed: -1852527365
2013-10-04 04:01:46 [INFO] [Multiverse-Core] Loading World & Settings - 'Crapcakes and Applesauce_nether' - Env: NETHER - Type: NORMAL & seed: -1852527365
2013-10-04 04:01:46 [INFO] [Multiverse-Core] Loading World & Settings - 'Crapcakes and Applesauce_the_end' - Env: THE_END - Type: NORMAL & seed: -1852527365
2013-10-04 04:01:46 [INFO] [Multiverse-Core] Loading World & Settings - 'creative' - Env: NORMAL - Type: NORMAL & seed: 3462946279285790660
2013-10-04 04:01:47 [INFO] [Multiverse-Core] 4 - World(s) loaded.
2013-10-04 04:07:03 [INFO] [Multiverse-Core] - Version 2.4-b527 (API v14) Enabled - By Rigby, fernferret, lithium3141 and main--
2013-10-04 04:07:05 [INFO] [Multiverse-Core] Loading World & Settings - 'Crapcakes and Applesauce' - Env: NORMAL - Type: NORMAL & seed: -1852527365
2013-10-04 04:07:05 [INFO] [Multiverse-Core] Loading World & Settings - 'Crapcakes and Applesauce_nether' - Env: NETHER - Type: NORMAL & seed: -1852527365
2013-10-04 04:07:06 [INFO] [Multiverse-Core] Loading World & Settings - 'Crapcakes and Applesauce_the_end' - Env: THE_END - Type: NORMAL & seed: -1852527365
2013-10-04 04:07:06 [INFO] [Multiverse-Core] Loading World & Settings - 'creative' - Env: NORMAL - Type: NORMAL & seed: 3462946279285790660
2013-10-04 04:07:07 [INFO] [Multiverse-Core] 4 - World(s) loaded.
2013-10-04 04:08:19 [INFO] [Multiverse-Core] - Version 2.4-b527 (API v14) Enabled - By Rigby, fernferret, lithium3141 and main--
2013-10-04 04:08:20 [INFO] [Multiverse-Core] Loading World & Settings - 'Crapcakes and Applesauce' - Env: NORMAL - Type: NORMAL & seed: -1852527365
2013-10-04 04:08:20 [INFO] [Multiverse-Core] Loading World & Settings - 'Crapcakes and Applesauce_nether' - Env: NETHER - Type: NORMAL & seed: -1852527365
2013-10-04 04:08:20 [INFO] [Multiverse-Core] Loading World & Settings - 'Crapcakes and Applesauce_the_end' - Env: THE_END - Type: NORMAL & seed: -1852527365
2013-10-04 04:08:21 [INFO] [Multiverse-Core] Loading World & Settings - 'creative' - Env: NORMAL - Type: NORMAL & seed: 3462946279285790660
2013-10-04 04:08:21 [INFO] [Multiverse-Core] 4 - World(s) loaded.
2013-10-04 04:30:32 [INFO] [Multiverse-Core] - Version 2.4-b527 (API v14) Enabled - By Rigby, fernferret, lithium3141 and main--
2013-10-04 04:30:34 [INFO] [Multiverse-Core] Loading World & Settings - 'Crapcakes and Applesauce' - Env: NORMAL - Type: NORMAL & seed: -1852527365
2013-10-04 04:30:34 [INFO] [Multiverse-Core] Loading World & Settings - 'Crapcakes and Applesauce_nether' - Env: NETHER - Type: NORMAL & seed: -1852527365
2013-10-04 04:30:34 [INFO] [Multiverse-Core] Loading World & Settings - 'Crapcakes and Applesauce_the_end' - Env: THE_END - Type: NORMAL & seed: -1852527365
2013-10-04 04:30:34 [INFO] [Multiverse-Core] Loading World & Settings - 'creative' - Env: NORMAL - Type: NORMAL & seed: 3462946279285790660
2013-10-04 04:30:35 [INFO] [Multiverse-Core] 4 - World(s) loaded.
2013-10-04 04:37:06 [INFO] [Multiverse-Core] - Version 2.4-b527 (API v14) Enabled - By Rigby, fernferret, lithium3141 and main--
2013-10-04 04:37:07 [INFO] [Multiverse-Core] Loading World & Settings - 'Crapcakes and Applesauce' - Env: NORMAL - Type: NORMAL & seed: -1852527365
2013-10-04 04:37:08 [INFO] [Multiverse-Core] Loading World & Settings - 'Crapcakes and Applesauce_nether' - Env: NETHER - Type: NORMAL & seed: -1852527365
2013-10-04 04:37:08 [INFO] [Multiverse-Core] Loading World & Settings - 'Crapcakes and Applesauce_the_end' - Env: THE_END - Type: NORMAL & seed: -1852527365
2013-10-04 04:37:08 [INFO] [Multiverse-Core] Loading World & Settings - 'creative' - Env: NORMAL - Type: NORMAL & seed: 3462946279285790660
2013-10-04 04:37:08 [INFO] [Multiverse-Core] 4 - World(s) loaded.
2013-10-04 05:04:52 [INFO] [Multiverse-Core] - Version 2.4-b527 (API v14) Enabled - By Rigby, fernferret, lithium3141 and main--
2013-10-04 05:04:54 [INFO] [Multiverse-Core] Loading World & Settings - 'Crapcakes and Applesauce' - Env: NORMAL - Type: NORMAL & seed: -1852527365
2013-10-04 05:04:54 [INFO] [Multiverse-Core] Loading World & Settings - 'Crapcakes and Applesauce_nether' - Env: NETHER - Type: NORMAL & seed: -1852527365
2013-10-04 05:04:54 [INFO] [Multiverse-Core] Loading World & Settings - 'Crapcakes and Applesauce_the_end' - Env: THE_END - Type: NORMAL & seed: -1852527365
2013-10-04 05:04:54 [INFO] [Multiverse-Core] Loading World & Settings - 'creative' - Env: NORMAL - Type: NORMAL & seed: 3462946279285790660
2013-10-04 05:04:55 [INFO] [Multiverse-Core] 4 - World(s) loaded.
2013-10-04 05:34:28 [INFO] [Multiverse-Core] - Version 2.4-b527 (API v14) Enabled - By Rigby, fernferret, lithium3141 and main--
2013-10-04 05:34:30 [INFO] [Multiverse-Core] Loading World & Settings - 'Crapcakes and Applesauce' - Env: NORMAL - Type: NORMAL & seed: -1852527365
2013-10-04 05:34:30 [INFO] [Multiverse-Core] Loading World & Settings - 'Crapcakes and Applesauce_nether' - Env: NETHER - Type: NORMAL & seed: -1852527365
2013-10-04 05:34:30 [INFO] [Multiverse-Core] Loading World & Settings - 'Crapcakes and Applesauce_the_end' - Env: THE_END - Type: NORMAL & seed: -1852527365
2013-10-04 05:34:30 [INFO] [Multiverse-Core] Loading World & Settings - 'creative' - Env: NORMAL - Type: NORMAL & seed: 3462946279285790660
2013-10-04 05:34:31 [INFO] [Multiverse-Core] 4 - World(s) loaded.
2013-10-04 05:58:38 [INFO] [Multiverse-Core] - Version 2.4-b527 (API v14) Enabled - By Rigby, fernferret, lithium3141 and main--
2013-10-04 05:58:40 [INFO] [Multiverse-Core] Loading World & Settings - 'Crapcakes and Applesauce' - Env: NORMAL - Type: NORMAL & seed: -1852527365
2013-10-04 05:58:40 [INFO] [Multiverse-Core] Loading World & Settings - 'Crapcakes and Applesauce_nether' - Env: NETHER - Type: NORMAL & seed: -1852527365
2013-10-04 05:58:40 [INFO] [Multiverse-Core] Loading World & Settings - 'Crapcakes and Applesauce_the_end' - Env: THE_END - Type: NORMAL & seed: -1852527365
2013-10-04 05:58:40 [INFO] [Multiverse-Core] Loading World & Settings - 'creative' - Env: NORMAL - Type: NORMAL & seed: 3462946279285790660
2013-10-04 05:58:43 [INFO] [Multiverse-Core] 4 - World(s) loaded.
2013-10-04 06:04:17 [INFO] [Multiverse-Core] - Version 2.4-b527 (API v14) Enabled - By Rigby, fernferret, lithium3141 and main--
2013-10-04 06:04:18 [INFO] [Multiverse-Core] Loading World & Settings - 'Crapcakes and Applesauce' - Env: NORMAL - Type: NORMAL & seed: -1852527365
2013-10-04 06:04:18 [INFO] [Multiverse-Core] Loading World & Settings - 'Crapcakes and Applesauce_nether' - Env: NETHER - Type: NORMAL & seed: -1852527365
2013-10-04 06:04:18 [INFO] [Multiverse-Core] Loading World & Settings - 'Crapcakes and Applesauce_the_end' - Env: THE_END - Type: NORMAL & seed: -1852527365
2013-10-04 06:04:19 [INFO] [Multiverse-Core] Loading World & Settings - 'creative' - Env: NORMAL - Type: NORMAL & seed: 3462946279285790660
2013-10-04 06:04:19 [INFO] [Multiverse-Core] 4 - World(s) loaded.
2013-10-04 06:09:21 [INFO] [Multiverse-Core] - Version 2.4-b527 (API v14) Enabled - By Rigby, fernferret, lithium3141 and main--
2013-10-04 06:09:22 [INFO] [Multiverse-Core] Loading World & Settings - 'Crapcakes and Applesauce' - Env: NORMAL - Type: NORMAL & seed: -1852527365
2013-10-04 06:09:23 [INFO] [Multiverse-Core] Loading World & Settings - 'Crapcakes and Applesauce_nether' - Env: NETHER - Type: NORMAL & seed: -1852527365
2013-10-04 06:09:23 [INFO] [Multiverse-Core] Loading World & Settings - 'Crapcakes and Applesauce_the_end' - Env: THE_END - Type: NORMAL & seed: -1852527365
2013-10-04 06:09:23 [INFO] [Multiverse-Core] Loading World & Settings - 'creative' - Env: NORMAL - Type: NORMAL & seed: 3462946279285790660
2013-10-04 06:09:23 [INFO] [Multiverse-Core] 4 - World(s) loaded.
2013-10-04 06:22:20 [INFO] [Multiverse-Core] - Version 2.4-b527 (API v14) Enabled - By Rigby, fernferret, lithium3141 and main--
2013-10-04 06:22:23 [INFO] [Multiverse-Core] Loading World & Settings - 'Crapcakes and Applesauce' - Env: NORMAL - Type: NORMAL & seed: -1852527365
2013-10-04 06:22:23 [INFO] [Multiverse-Core] Loading World & Settings - 'Crapcakes and Applesauce_nether' - Env: NETHER - Type: NORMAL & seed: -1852527365
2013-10-04 06:22:23 [INFO] [Multiverse-Core] Loading World & Settings - 'Crapcakes and Applesauce_the_end' - Env: THE_END - Type: NORMAL & seed: -1852527365
2013-10-04 06:22:23 [INFO] [Multiverse-Core] Loading World & Settings - 'creative' - Env: NORMAL - Type: NORMAL & seed: 3462946279285790660
2013-10-04 06:22:24 [INFO] [Multiverse-Core] 4 - World(s) loaded.
2013-10-04 06:34:53 [INFO] [Multiverse-Core] - Version 2.4-b527 (API v14) Enabled - By Rigby, fernferret, lithium3141 and main--
2013-10-04 06:34:54 [INFO] [Multiverse-Core] Loading World & Settings - 'Crapcakes and Applesauce' - Env: NORMAL - Type: NORMAL & seed: -1852527365
2013-10-04 06:34:55 [INFO] [Multiverse-Core] Loading World & Settings - 'Crapcakes and Applesauce_nether' - Env: NETHER - Type: NORMAL & seed: -1852527365
2013-10-04 06:34:56 [INFO] [Multiverse-Core] Loading World & Settings - 'Crapcakes and Applesauce_the_end' - Env: THE_END - Type: NORMAL & seed: -1852527365
2013-10-04 06:34:56 [INFO] [Multiverse-Core] Loading World & Settings - 'creative' - Env: NORMAL - Type: NORMAL & seed: 3462946279285790660
2013-10-04 06:34:57 [INFO] [Multiverse-Core] 4 - World(s) loaded.
2013-10-04 12:23:02 [INFO] [Multiverse-Core] - Version 2.4-b527 (API v14) Enabled - By Rigby, fernferret, lithium3141 and main--
2013-10-04 12:23:05 [INFO] [Multiverse-Core] Loading World & Settings - 'Crapcakes and Applesauce' - Env: NORMAL - Type: NORMAL & seed: -1852527365
2013-10-04 12:23:05 [INFO] [Multiverse-Core] Loading World & Settings - 'Crapcakes and Applesauce_nether' - Env: NETHER - Type: NORMAL & seed: -1852527365
2013-10-04 12:23:05 [INFO] [Multiverse-Core] Loading World & Settings - 'Crapcakes and Applesauce_the_end' - Env: THE_END - Type: NORMAL & seed: -1852527365
2013-10-04 12:23:05 [INFO] [Multiverse-Core] Loading World & Settings - 'creative' - Env: NORMAL - Type: NORMAL & seed: 3462946279285790660
2013-10-04 12:23:07 [INFO] [Multiverse-Core] 4 - World(s) loaded.
2013-10-04 18:22:39 [INFO] [Multiverse-Core] - Version 2.4-b527 (API v14) Enabled - By Rigby, fernferret, lithium3141 and main--
2013-10-04 18:22:41 [INFO] [Multiverse-Core] Loading World & Settings - 'Crapcakes and Applesauce' - Env: NORMAL - Type: NORMAL & seed: -1852527365
2013-10-04 18:22:41 [INFO] [Multiverse-Core] Loading World & Settings - 'Crapcakes and Applesauce_nether' - Env: NETHER - Type: NORMAL & seed: -1852527365
2013-10-04 18:22:41 [INFO] [Multiverse-Core] Loading World & Settings - 'Crapcakes and Applesauce_the_end' - Env: THE_END - Type: NORMAL & seed: -1852527365
2013-10-04 18:22:42 [INFO] [Multiverse-Core] Loading World & Settings - 'creative' - Env: NORMAL - Type: NORMAL & seed: 3462946279285790660
2013-10-04 18:22:43 [INFO] [Multiverse-Core] 4 - World(s) loaded.
2013-10-05 00:23:13 [INFO] [Multiverse-Core] - Version 2.4-b527 (API v14) Enabled - By Rigby, fernferret, lithium3141 and main--
2013-10-05 00:23:15 [INFO] [Multiverse-Core] Loading World & Settings - 'Crapcakes and Applesauce' - Env: NORMAL - Type: NORMAL & seed: -1852527365
2013-10-05 00:23:15 [INFO] [Multiverse-Core] Loading World & Settings - 'Crapcakes and Applesauce_nether' - Env: NETHER - Type: NORMAL & seed: -1852527365
2013-10-05 00:23:15 [INFO] [Multiverse-Core] Loading World & Settings - 'Crapcakes and Applesauce_the_end' - Env: THE_END - Type: NORMAL & seed: -1852527365
2013-10-05 00:23:15 [INFO] [Multiverse-Core] Loading World & Settings - 'creative' - Env: NORMAL - Type: NORMAL & seed: 3462946279285790660
2013-10-05 00:23:16 [INFO] [Multiverse-Core] 4 - World(s) loaded.
2013-10-05 06:22:56 [INFO] [Multiverse-Core] - Version 2.4-b527 (API v14) Enabled - By Rigby, fernferret, lithium3141 and main--
2013-10-05 06:22:58 [INFO] [Multiverse-Core] Loading World & Settings - 'Crapcakes and Applesauce' - Env: NORMAL - Type: NORMAL & seed: -1852527365
2013-10-05 06:22:58 [INFO] [Multiverse-Core] Loading World & Settings - 'Crapcakes and Applesauce_nether' - Env: NETHER - Type: NORMAL & seed: -1852527365
2013-10-05 06:22:58 [INFO] [Multiverse-Core] Loading World & Settings - 'Crapcakes and Applesauce_the_end' - Env: THE_END - Type: NORMAL & seed: -1852527365
2013-10-05 06:22:58 [INFO] [Multiverse-Core] Loading World & Settings - 'creative' - Env: NORMAL - Type: NORMAL & seed: 3462946279285790660
2013-10-05 06:22:59 [INFO] [Multiverse-Core] 4 - World(s) loaded.
2013-10-05 12:22:52 [INFO] [Multiverse-Core] - Version 2.4-b527 (API v14) Enabled - By Rigby, fernferret, lithium3141 and main--
2013-10-05 12:22:54 [INFO] [Multiverse-Core] Loading World & Settings - 'Crapcakes and Applesauce' - Env: NORMAL - Type: NORMAL & seed: -1852527365
2013-10-05 12:22:54 [INFO] [Multiverse-Core] Loading World & Settings - 'Crapcakes and Applesauce_nether' - Env: NETHER - Type: NORMAL & seed: -1852527365
2013-10-05 12:22:54 [INFO] [Multiverse-Core] Loading World & Settings - 'Crapcakes and Applesauce_the_end' - Env: THE_END - Type: NORMAL & seed: -1852527365
2013-10-05 12:22:54 [INFO] [Multiverse-Core] Loading World & Settings - 'creative' - Env: NORMAL - Type: NORMAL & seed: 3462946279285790660
2013-10-05 12:22:55 [INFO] [Multiverse-Core] 4 - World(s) loaded.
2013-10-05 18:22:56 [INFO] [Multiverse-Core] - Version 2.4-b527 (API v14) Enabled - By Rigby, fernferret, lithium3141 and main--
2013-10-05 18:22:58 [INFO] [Multiverse-Core] Loading World & Settings - 'Crapcakes and Applesauce' - Env: NORMAL - Type: NORMAL & seed: -1852527365
2013-10-05 18:22:58 [INFO] [Multiverse-Core] Loading World & Settings - 'Crapcakes and Applesauce_nether' - Env: NETHER - Type: NORMAL & seed: -1852527365
2013-10-05 18:22:58 [INFO] [Multiverse-Core] Loading World & Settings - 'Crapcakes and Applesauce_the_end' - Env: THE_END - Type: NORMAL & seed: -1852527365
2013-10-05 18:22:58 [INFO] [Multiverse-Core] Loading World & Settings - 'creative' - Env: NORMAL - Type: NORMAL & seed: 3462946279285790660
2013-10-05 18:23:00 [INFO] [Multiverse-Core] 4 - World(s) loaded.
2013-10-06 00:22:37 [INFO] [Multiverse-Core] - Version 2.4-b527 (API v14) Enabled - By Rigby, fernferret, lithium3141 and main--
2013-10-06 00:22:39 [INFO] [Multiverse-Core] Loading World & Settings - 'Crapcakes and Applesauce' - Env: NORMAL - Type: NORMAL & seed: -1852527365
2013-10-06 00:22:39 [INFO] [Multiverse-Core] Loading World & Settings - 'Crapcakes and Applesauce_nether' - Env: NETHER - Type: NORMAL & seed: -1852527365
2013-10-06 00:22:39 [INFO] [Multiverse-Core] Loading World & Settings - 'Crapcakes and Applesauce_the_end' - Env: THE_END - Type: NORMAL & seed: -1852527365
2013-10-06 00:22:39 [INFO] [Multiverse-Core] Loading World & Settings - 'creative' - Env: NORMAL - Type: NORMAL & seed: 3462946279285790660
2013-10-06 00:22:40 [INFO] [Multiverse-Core] 4 - World(s) loaded.
2013-10-06 06:22:19 [INFO] [Multiverse-Core] - Version 2.4-b527 (API v14) Enabled - By Rigby, fernferret, lithium3141 and main--
2013-10-06 06:22:21 [INFO] [Multiverse-Core] Loading World & Settings - 'Crapcakes and Applesauce' - Env: NORMAL - Type: NORMAL & seed: -1852527365
2013-10-06 06:22:21 [INFO] [Multiverse-Core] Loading World & Settings - 'Crapcakes and Applesauce_nether' - Env: NETHER - Type: NORMAL & seed: -1852527365
2013-10-06 06:22:21 [INFO] [Multiverse-Core] Loading World & Settings - 'Crapcakes and Applesauce_the_end' - Env: THE_END - Type: NORMAL & seed: -1852527365
2013-10-06 06:22:21 [INFO] [Multiverse-Core] Loading World & Settings - 'creative' - Env: NORMAL - Type: NORMAL & seed: 3462946279285790660
2013-10-06 06:22:23 [INFO] [Multiverse-Core] 4 - World(s) loaded.
2013-10-06 12:22:33 [INFO] [Multiverse-Core] - Version 2.4-b527 (API v14) Enabled - By Rigby, fernferret, lithium3141 and main--
2013-10-06 12:22:35 [INFO] [Multiverse-Core] Loading World & Settings - 'Crapcakes and Applesauce' - Env: NORMAL - Type: NORMAL & seed: -1852527365
2013-10-06 12:22:35 [INFO] [Multiverse-Core] Loading World & Settings - 'Crapcakes and Applesauce_nether' - Env: NETHER - Type: NORMAL & seed: -1852527365
2013-10-06 12:22:35 [INFO] [Multiverse-Core] Loading World & Settings - 'Crapcakes and Applesauce_the_end' - Env: THE_END - Type: NORMAL & seed: -1852527365
2013-10-06 12:22:35 [INFO] [Multiverse-Core] Loading World & Settings - 'creative' - Env: NORMAL - Type: NORMAL & seed: 3462946279285790660
2013-10-06 12:22:36 [INFO] [Multiverse-Core] 4 - World(s) loaded.
2013-10-06 18:22:59 [INFO] [Multiverse-Core] - Version 2.4-b527 (API v14) Enabled - By Rigby, fernferret, lithium3141 and main--
2013-10-06 18:23:02 [INFO] [Multiverse-Core] Loading World & Settings - 'Crapcakes and Applesauce' - Env: NORMAL - Type: NORMAL & seed: -1852527365
2013-10-06 18:23:02 [INFO] [Multiverse-Core] Loading World & Settings - 'Crapcakes and Applesauce_nether' - Env: NETHER - Type: NORMAL & seed: -1852527365
2013-10-06 18:23:02 [INFO] [Multiverse-Core] Loading World & Settings - 'Crapcakes and Applesauce_the_end' - Env: THE_END - Type: NORMAL & seed: -1852527365
2013-10-06 18:23:02 [INFO] [Multiverse-Core] Loading World & Settings - 'creative' - Env: NORMAL - Type: NORMAL & seed: 3462946279285790660
2013-10-06 18:23:03 [WARNING] [Multiverse-Core] Spawn location from world.dat file was unsafe. Adjusting...
2013-10-06 18:23:03 [WARNING] [Multiverse-Core] Original Location: X: 0 Y: 65 Z: -2 P: 0 Y: 0 
2013-10-06 18:23:03 [INFO] [Multiverse-Core] New Spawn for 'creative' is Located at: creative:0.50,65.00,0.50:0.00:0.00
2013-10-06 18:23:03 [INFO] [Multiverse-Core] 4 - World(s) loaded.
2013-10-21 05:46:22 [INFO] [Multiverse-Core] - Version 2.4-b527 (API v14) Enabled - By Rigby, fernferret, lithium3141 and main--
2013-10-21 05:46:22 [INFO] [Multiverse-Core] Loading World & Settings - 'Crapcakes and Applesauce' - Env: NORMAL - Type: NORMAL & seed: -1852527365
2013-10-21 05:46:23 [INFO] [Multiverse-Core] Loading World & Settings - 'Crapcakes and Applesauce_nether' - Env: NETHER - Type: NORMAL & seed: -1852527365
2013-10-21 05:46:23 [INFO] [Multiverse-Core] Loading World & Settings - 'Crapcakes and Applesauce_the_end' - Env: THE_END - Type: NORMAL & seed: -1852527365
2013-10-21 05:46:23 [INFO] [Multiverse-Core] Loading World & Settings - 'creative' - Env: NORMAL - Type: NORMAL & seed: -4455661805641682028
2013-10-21 05:46:24 [INFO] [Multiverse-Core] 4 - World(s) loaded.
2013-10-21 07:13:50 [INFO] [Multiverse-Core] - Version 2.4-b527 (API v14) Enabled - By Rigby, fernferret, lithium3141 and main--
2013-10-21 07:13:54 [INFO] [Multiverse-Core] Loading World & Settings - 'Crapcakes and Applesauce' - Env: NORMAL - Type: NORMAL & seed: -1852527365
2013-10-21 07:13:54 [INFO] [Multiverse-Core] Loading World & Settings - 'Crapcakes and Applesauce_nether' - Env: NETHER - Type: NORMAL & seed: -1852527365
2013-10-21 07:13:55 [INFO] [Multiverse-Core] Loading World & Settings - 'Crapcakes and Applesauce_the_end' - Env: THE_END - Type: NORMAL & seed: -1852527365
2013-10-21 07:13:55 [INFO] [Multiverse-Core] Loading World & Settings - 'creative' - Env: NORMAL - Type: NORMAL & seed: -4455661805641682028
2013-10-21 07:13:57 [INFO] [Multiverse-Core] 4 - World(s) loaded.
2013-10-21 07:22:59 [INFO] [Multiverse-Core] - Version 2.4-b527 (API v14) Enabled - By Rigby, fernferret, lithium3141 and main--
2013-10-21 07:23:01 [INFO] [Multiverse-Core] Loading World & Settings - 'Crapcakes and Applesauce' - Env: NORMAL - Type: NORMAL & seed: -1852527365
2013-10-21 07:23:01 [INFO] [Multiverse-Core] Loading World & Settings - 'Crapcakes and Applesauce_nether' - Env: NETHER - Type: NORMAL & seed: -1852527365
2013-10-21 07:23:01 [INFO] [Multiverse-Core] Loading World & Settings - 'Crapcakes and Applesauce_the_end' - Env: THE_END - Type: NORMAL & seed: -1852527365
2013-10-21 07:23:01 [INFO] [Multiverse-Core] Loading World & Settings - 'creative' - Env: NORMAL - Type: NORMAL & seed: -4455661805641682028
2013-10-21 07:23:02 [INFO] [Multiverse-Core] 4 - World(s) loaded.
2013-10-22 04:00:23 [INFO] [Multiverse-Core] - Version 2.4-b527 (API v14) Enabled - By Rigby, fernferret, lithium3141 and main--
2013-10-22 04:00:25 [INFO] [Multiverse-Core] Loading World & Settings - 'Crapcakes and Applesauce' - Env: NORMAL - Type: NORMAL & seed: -1852527365
2013-10-22 04:00:25 [INFO] [Multiverse-Core] Loading World & Settings - 'Crapcakes and Applesauce_nether' - Env: NETHER - Type: NORMAL & seed: -1852527365
2013-10-22 04:00:25 [INFO] [Multiverse-Core] Loading World & Settings - 'Crapcakes and Applesauce_the_end' - Env: THE_END - Type: NORMAL & seed: -1852527365
2013-10-22 04:00:25 [INFO] [Multiverse-Core] Loading World & Settings - 'creative' - Env: NORMAL - Type: NORMAL & seed: -4455661805641682028
2013-10-22 04:00:27 [INFO] [Multiverse-Core] 4 - World(s) loaded.
2013-10-23 04:00:27 [INFO] [Multiverse-Core] - Version 2.4-b527 (API v14) Enabled - By Rigby, fernferret, lithium3141 and main--
2013-10-23 04:00:29 [INFO] [Multiverse-Core] Loading World & Settings - 'Crapcakes and Applesauce' - Env: NORMAL - Type: NORMAL & seed: -1852527365
2013-10-23 04:00:29 [INFO] [Multiverse-Core] Loading World & Settings - 'Crapcakes and Applesauce_nether' - Env: NETHER - Type: NORMAL & seed: -1852527365
2013-10-23 04:00:29 [INFO] [Multiverse-Core] Loading World & Settings - 'Crapcakes and Applesauce_the_end' - Env: THE_END - Type: NORMAL & seed: -1852527365
2013-10-23 04:00:29 [INFO] [Multiverse-Core] Loading World & Settings - 'creative' - Env: NORMAL - Type: NORMAL & seed: -4455661805641682028
2013-10-23 04:00:30 [INFO] [Multiverse-Core] 4 - World(s) loaded.
2013-10-24 04:00:24 [INFO] [Multiverse-Core] - Version 2.4-b527 (API v14) Enabled - By Rigby, fernferret, lithium3141 and main--
2013-10-24 04:00:25 [INFO] [Multiverse-Core] Loading World & Settings - 'Crapcakes and Applesauce' - Env: NORMAL - Type: NORMAL & seed: -1852527365
2013-10-24 04:00:25 [INFO] [Multiverse-Core] Loading World & Settings - 'Crapcakes and Applesauce_nether' - Env: NETHER - Type: NORMAL & seed: -1852527365
2013-10-24 04:00:26 [INFO] [Multiverse-Core] Loading World & Settings - 'Crapcakes and Applesauce_the_end' - Env: THE_END - Type: NORMAL & seed: -1852527365
2013-10-24 04:00:26 [INFO] [Multiverse-Core] Loading World & Settings - 'creative' - Env: NORMAL - Type: NORMAL & seed: -4455661805641682028
2013-10-24 04:00:27 [INFO] [Multiverse-Core] 4 - World(s) loaded.
2013-10-25 04:00:25 [INFO] [Multiverse-Core] - Version 2.4-b527 (API v14) Enabled - By Rigby, fernferret, lithium3141 and main--
2013-10-25 04:00:27 [INFO] [Multiverse-Core] Loading World & Settings - 'Crapcakes and Applesauce' - Env: NORMAL - Type: NORMAL & seed: -1852527365
2013-10-25 04:00:27 [INFO] [Multiverse-Core] Loading World & Settings - 'Crapcakes and Applesauce_nether' - Env: NETHER - Type: NORMAL & seed: -1852527365
2013-10-25 04:00:27 [INFO] [Multiverse-Core] Loading World & Settings - 'Crapcakes and Applesauce_the_end' - Env: THE_END - Type: NORMAL & seed: -1852527365
2013-10-25 04:00:28 [INFO] [Multiverse-Core] Loading World & Settings - 'creative' - Env: NORMAL - Type: NORMAL & seed: -4455661805641682028
2013-10-25 04:00:30 [INFO] [Multiverse-Core] 4 - World(s) loaded.
2013-12-04 01:46:31 [INFO] [Multiverse-Core] - Version 2.4-b527 (API v14) Enabled - By Rigby, fernferret, lithium3141 and main--
2013-12-04 01:46:31 [INFO] [Multiverse-Core] Loading World & Settings - 'wooftywoo' - Env: NORMAL - Type: NORMAL & seed: -1695579485
2013-12-04 01:46:31 [INFO] [Multiverse-Core] Loading World & Settings - 'wooftywoo_nether' - Env: NETHER - Type: NORMAL & seed: -1695579485
2013-12-04 01:46:31 [WARNING] [Multiverse-Core] Spawn location from world.dat file was unsafe. Adjusting...
2013-12-04 01:46:31 [WARNING] [Multiverse-Core] Original Location: X: 232 Y: 64 Z: 248 P: 0 Y: 0 
2013-12-04 01:46:31 [INFO] [Multiverse-Core] New Spawn for 'wooftywoo_nether' is Located at: wooftywoo_nether:229.50,63.00,251.50:0.00:0.00
2013-12-04 01:46:31 [INFO] [Multiverse-Core] Loading World & Settings - 'wooftywoo_the_end' - Env: THE_END - Type: NORMAL & seed: -1695579485
2013-12-04 01:46:31 [WARNING] [Multiverse-Core] Spawn location from world.dat file was unsafe. Adjusting...
2013-12-04 01:46:31 [WARNING] [Multiverse-Core] Original Location: X: 232 Y: 64 Z: 248 P: 0 Y: 0 
2013-12-04 01:46:32 [INFO] [Multiverse-Core] New Spawn for 'wooftywoo_the_end' is Located at: wooftywoo_the_end:0.00,63.00,0.00:0.00:0.00
2013-12-04 01:46:34 [INFO] [Multiverse-Core] Loading World & Settings - 'Crapcakes and Applesauce' - Env: NORMAL - Type: NORMAL & seed: -1852527365
2013-12-04 01:46:46 [WARNING] [Multiverse-Core] Spawn location from world.dat file was unsafe. Adjusting...
2013-12-04 01:46:46 [WARNING] [Multiverse-Core] Original Location: X: -240 Y: 64 Z: 104 P: 0 Y: 0 
2013-12-04 01:46:46 [INFO] [Multiverse-Core] New Spawn for 'Crapcakes and Applesauce' is Located at: Crapcakes and Applesauce:-238.50,64.00,104.50:0.00:0.00
2013-12-04 01:46:52 [INFO] [Multiverse-Core] Loading World & Settings - 'Crapcakes and Applesauce_nether' - Env: NETHER - Type: NORMAL & seed: -1852527365
2013-12-04 01:47:03 [INFO] [Multiverse-Core] Loading World & Settings - 'Crapcakes and Applesauce_the_end' - Env: THE_END - Type: NORMAL & seed: -1852527365
2013-12-04 01:47:05 [INFO] [Multiverse-Core] Loading World & Settings - 'creative' - Env: NORMAL - Type: NORMAL & seed: -4455661805641682028
2013-12-04 01:47:12 [INFO] [Multiverse-Core] Loading World & Settings - 'wooftywoo' - Env: NORMAL - Type: NORMAL & seed: -1695579485
2013-12-04 01:47:12 [INFO] [Multiverse-Core] Loading World & Settings - 'wooftywoo_nether' - Env: NETHER - Type: NORMAL & seed: -1695579485
2013-12-04 01:47:12 [INFO] [Multiverse-Core] Loading World & Settings - 'wooftywoo_the_end' - Env: THE_END - Type: NORMAL & seed: -1695579485
2013-12-04 01:47:12 [INFO] [Multiverse-Core] 7 - World(s) loaded.
2013-12-04 02:06:20 [INFO] [Multiverse-Core] - Version 2.4-b527 (API v14) Enabled - By Rigby, fernferret, lithium3141 and main--
2013-12-04 02:06:20 [INFO] [Multiverse-Core] Loading World & Settings - 'Crapcakes and Applesauce' - Env: NORMAL - Type: NORMAL & seed: -1852527365
2013-12-04 02:06:28 [INFO] [Multiverse-Core] Loading World & Settings - 'Crapcakes and Applesauce_nether' - Env: NETHER - Type: NORMAL & seed: -1852527365
2013-12-04 02:06:30 [INFO] [Multiverse-Core] Loading World & Settings - 'Crapcakes and Applesauce_the_end' - Env: THE_END - Type: NORMAL & seed: -1852527365
2013-12-04 02:06:30 [INFO] [Multiverse-Core] Loading World & Settings - 'creative' - Env: NORMAL - Type: NORMAL & seed: -4455661805641682028
2013-12-04 02:06:37 [INFO] [Multiverse-Core] Loading World & Settings - 'wooftywoo' - Env: NORMAL - Type: NORMAL & seed: -1695579485
2013-12-04 02:06:37 [INFO] [Multiverse-Core] Loading World & Settings - 'wooftywoo_nether' - Env: NETHER - Type: NORMAL & seed: -1695579485
2013-12-04 02:06:37 [INFO] [Multiverse-Core] Loading World & Settings - 'wooftywoo_the_end' - Env: THE_END - Type: NORMAL & seed: -1695579485
2013-12-04 02:06:37 [INFO] [Multiverse-Core] 7 - World(s) loaded.
2013-12-04 02:07:15 [INFO] [Multiverse-Core] - Version 2.4-b527 (API v14) Enabled - By Rigby, fernferret, lithium3141 and main--
2013-12-04 02:07:15 [INFO] [Multiverse-Core] Loading World & Settings - 'Crapcakes and Applesauce' - Env: NORMAL - Type: NORMAL & seed: -1852527365
2013-12-04 02:07:22 [INFO] [Multiverse-Core] Loading World & Settings - 'Crapcakes and Applesauce_nether' - Env: NETHER - Type: NORMAL & seed: -1852527365
2013-12-04 02:07:23 [INFO] [Multiverse-Core] Loading World & Settings - 'Crapcakes and Applesauce_the_end' - Env: THE_END - Type: NORMAL & seed: -1852527365
2013-12-04 02:07:23 [INFO] [Multiverse-Core] Loading World & Settings - 'creative' - Env: NORMAL - Type: NORMAL & seed: -4455661805641682028
2013-12-04 02:07:27 [INFO] [Multiverse-Core] Loading World & Settings - 'wooftywoo' - Env: NORMAL - Type: NORMAL & seed: -1695579485
2013-12-04 02:07:27 [INFO] [Multiverse-Core] Loading World & Settings - 'wooftywoo_nether' - Env: NETHER - Type: NORMAL & seed: -1695579485
2013-12-04 02:07:27 [INFO] [Multiverse-Core] Loading World & Settings - 'wooftywoo_the_end' - Env: THE_END - Type: NORMAL & seed: -1695579485
2013-12-04 02:07:27 [INFO] [Multiverse-Core] 7 - World(s) loaded.
2013-12-04 02:08:29 [INFO] [Multiverse-Core] - Version 2.4-b527 (API v14) Enabled - By Rigby, fernferret, lithium3141 and main--
2013-12-04 02:08:30 [INFO] [Multiverse-Core] Loading World & Settings - 'Crapcakes and Applesauce' - Env: NORMAL - Type: NORMAL & seed: -1852527365
2013-12-04 02:08:37 [INFO] [Multiverse-Core] Loading World & Settings - 'Crapcakes and Applesauce_nether' - Env: NETHER - Type: NORMAL & seed: -1852527365
2013-12-04 02:08:37 [INFO] [Multiverse-Core] Loading World & Settings - 'Crapcakes and Applesauce_the_end' - Env: THE_END - Type: NORMAL & seed: -1852527365
2013-12-04 02:08:39 [INFO] [Multiverse-Core] Loading World & Settings - 'creative' - Env: NORMAL - Type: NORMAL & seed: -4455661805641682028
2013-12-04 02:08:43 [INFO] [Multiverse-Core] Loading World & Settings - 'wooftywoo' - Env: NORMAL - Type: NORMAL & seed: -1695579485
2013-12-04 02:08:43 [INFO] [Multiverse-Core] Loading World & Settings - 'wooftywoo_nether' - Env: NETHER - Type: NORMAL & seed: -1695579485
2013-12-04 02:08:43 [INFO] [Multiverse-Core] Loading World & Settings - 'wooftywoo_the_end' - Env: THE_END - Type: NORMAL & seed: -1695579485
2013-12-04 02:08:43 [INFO] [Multiverse-Core] 7 - World(s) loaded.
2013-12-06 22:16:06 [INFO] [Multiverse-Core] - Version 2.4-b527 (API v14) Enabled - By Rigby, fernferret, lithium3141 and main--
2013-12-06 22:16:06 [INFO] [Multiverse-Core] Loading World & Settings - 'Crapcakes and Applesauce' - Env: NORMAL - Type: NORMAL & seed: -1852527365
2013-12-06 22:16:09 [INFO] [Multiverse-Core] Loading World & Settings - 'Crapcakes and Applesauce_nether' - Env: NETHER - Type: NORMAL & seed: -1852527365
2013-12-06 22:16:09 [INFO] [Multiverse-Core] Loading World & Settings - 'Crapcakes and Applesauce_the_end' - Env: THE_END - Type: NORMAL & seed: -1852527365
2013-12-06 22:16:10 [INFO] [Multiverse-Core] Loading World & Settings - 'creative' - Env: NORMAL - Type: NORMAL & seed: -4455661805641682028
2013-12-06 22:16:12 [INFO] [Multiverse-Core] Loading World & Settings - 'wooftywoo' - Env: NORMAL - Type: NORMAL & seed: -1695579485
2013-12-06 22:16:12 [INFO] [Multiverse-Core] Loading World & Settings - 'wooftywoo_nether' - Env: NETHER - Type: NORMAL & seed: -1695579485
2013-12-06 22:16:12 [INFO] [Multiverse-Core] Loading World & Settings - 'wooftywoo_the_end' - Env: THE_END - Type: NORMAL & seed: -1695579485
2013-12-06 22:16:12 [INFO] [Multiverse-Core] 7 - World(s) loaded.
2013-12-15 08:51:50 [INFO] [Multiverse-Core] - Version 2.4-b527 (API v14) Enabled - By Rigby, fernferret, lithium3141 and main--
2013-12-15 08:51:50 [INFO] [Multiverse-Core] Loading World & Settings - 'Crapcakes and Applesauce' - Env: NORMAL - Type: NORMAL & seed: -1852527365
2013-12-15 08:51:51 [INFO] [Multiverse-Core] Loading World & Settings - 'Crapcakes and Applesauce_nether' - Env: NETHER - Type: NORMAL & seed: -1852527365
2013-12-15 08:51:52 [INFO] [Multiverse-Core] Loading World & Settings - 'Crapcakes and Applesauce_the_end' - Env: THE_END - Type: NORMAL & seed: -1852527365
2013-12-15 08:51:52 [INFO] [Multiverse-Core] Loading World & Settings - 'creative' - Env: NORMAL - Type: NORMAL & seed: -4455661805641682028
2013-12-15 08:51:55 [INFO] [Multiverse-Core] Loading World & Settings - 'wooftywoo' - Env: NORMAL - Type: NORMAL & seed: -1695579485
2013-12-15 08:51:56 [INFO] [Multiverse-Core] Loading World & Settings - 'wooftywoo_nether' - Env: NETHER - Type: NORMAL & seed: -1695579485
2013-12-15 08:51:56 [INFO] [Multiverse-Core] Loading World & Settings - 'wooftywoo_the_end' - Env: THE_END - Type: NORMAL & seed: -1695579485
2013-12-15 08:51:56 [INFO] [Multiverse-Core] 7 - World(s) loaded.
2013-12-15 21:55:14 [INFO] [Multiverse-Core] Loading World & Settings - 'Crapcakes and Applesauce' - Env: NORMAL - Type: NORMAL & seed: -1852527365
2013-12-15 21:55:14 [INFO] [Multiverse-Core] Loading World & Settings - 'Crapcakes and Applesauce_nether' - Env: NETHER - Type: NORMAL & seed: -1852527365
2013-12-15 21:55:14 [INFO] [Multiverse-Core] Loading World & Settings - 'Crapcakes and Applesauce_the_end' - Env: THE_END - Type: NORMAL & seed: -1852527365
2013-12-15 21:55:14 [INFO] [Multiverse-Core] Loading World & Settings - 'creative' - Env: NORMAL - Type: NORMAL & seed: -4455661805641682028
2013-12-15 21:55:14 [INFO] [Multiverse-Core] Loading World & Settings - 'wooftywoo' - Env: NORMAL - Type: NORMAL & seed: -1695579485
2013-12-15 21:55:16 [INFO] [Multiverse-Core] Loading World & Settings - 'wooftywoo_nether' - Env: NETHER - Type: NORMAL & seed: -1695579485
2013-12-15 21:55:16 [INFO] [Multiverse-Core] Loading World & Settings - 'wooftywoo_the_end' - Env: THE_END - Type: NORMAL & seed: -1695579485
2013-12-15 21:55:17 [INFO] [Multiverse-Core] 7 - World(s) loaded.
2013-12-15 22:01:27 [INFO] [Multiverse-Core] - Version 2.4-b527 (API v14) Enabled - By Rigby, fernferret, lithium3141 and main--
2013-12-15 22:01:27 [INFO] [Multiverse-Core] Loading World & Settings - 'Crapcakes and Applesauce' - Env: NORMAL - Type: NORMAL & seed: -1852527365
2013-12-15 22:01:34 [INFO] [Multiverse-Core] Loading World & Settings - 'Crapcakes and Applesauce_nether' - Env: NETHER - Type: NORMAL & seed: -1852527365
2013-12-15 22:01:35 [INFO] [Multiverse-Core] Loading World & Settings - 'Crapcakes and Applesauce_the_end' - Env: THE_END - Type: NORMAL & seed: -1852527365
2013-12-15 22:01:36 [INFO] [Multiverse-Core] Loading World & Settings - 'creative' - Env: NORMAL - Type: NORMAL & seed: -4455661805641682028
2013-12-15 22:01:39 [INFO] [Multiverse-Core] Loading World & Settings - 'wooftywoo' - Env: NORMAL - Type: NORMAL & seed: -1695579485
2013-12-15 22:01:39 [INFO] [Multiverse-Core] Loading World & Settings - 'wooftywoo_nether' - Env: NETHER - Type: NORMAL & seed: -1695579485
2013-12-15 22:01:39 [INFO] [Multiverse-Core] Loading World & Settings - 'wooftywoo_the_end' - Env: THE_END - Type: NORMAL & seed: -1695579485
2013-12-15 22:01:39 [INFO] [Multiverse-Core] 7 - World(s) loaded.
