2014-01-22 04:41.40 - [CommandHelper][ERROR][COMPILER] COMPILE ERROR: The command /water is ambiguous because it matches the signature of /water defined at /home/mcma/Minecraft/plugins/CommandHelper/config.txt:10
	:/home/mcma/Minecraft/plugins/CommandHelper/config.txt:24
 /home/mcma/Minecraft/plugins/CommandHelper/config.txt:24
2014-01-22 04:41.40 - [CommandHelper][ERROR][COMPILER] COMPILE ERROR: The command /lava is ambiguous because it matches the signature of /lava defined at /home/mcma/Minecraft/plugins/CommandHelper/config.txt:11
	:/home/mcma/Minecraft/plugins/CommandHelper/config.txt:25
 /home/mcma/Minecraft/plugins/CommandHelper/config.txt:25
2014-01-22 04:42.48 - [CommandHelper][ERROR][RUNTIME] InsufficientPermissionException: You do not have permission to use the sudo function.
	<<main code>>:/home/mcma/Minecraft/plugins/CommandHelper/config.txt:18
 /home/mcma/Minecraft/plugins/CommandHelper/config.txt:18
2014-01-22 04:42.52 - [CommandHelper][ERROR][RUNTIME] FatalRuntimeException: Unable to run command, script not yet compiled, or a compiler error occured for that command. To see the compile error, run /reloadaliases
	<<main code>>:/home/mcma/Minecraft/plugins/CommandHelper/config.txt:10
 /home/mcma/Minecraft/plugins/CommandHelper/config.txt:10
2014-01-22 04:43.01 - [CommandHelper][ERROR][RUNTIME] FatalRuntimeException: Unable to run command, script not yet compiled, or a compiler error occured for that command. To see the compile error, run /reloadaliases
	<<main code>>:/home/mcma/Minecraft/plugins/CommandHelper/config.txt:10
 /home/mcma/Minecraft/plugins/CommandHelper/config.txt:10
2014-01-22 04:43.22 - [CommandHelper][ERROR][RUNTIME] FatalRuntimeException: Unable to run command, script not yet compiled, or a compiler error occured for that command. To see the compile error, run /reloadaliases
	<<main code>>:/home/mcma/Minecraft/plugins/CommandHelper/config.txt:11
 /home/mcma/Minecraft/plugins/CommandHelper/config.txt:11
2014-01-22 04:44.29 - [CommandHelper][ERROR][RUNTIME] InsufficientPermissionException: You do not have permission to use the sudo function.
	<<main code>>:/home/mcma/Minecraft/plugins/CommandHelper/config.txt:17
 /home/mcma/Minecraft/plugins/CommandHelper/config.txt:17
