2014-01-04 00:26.36 - [CommandHelper][ERROR][RUNTIME] InsufficientPermissionException: You do not have permission to use the pisop function.
	<<main code>>:/home/mcma/Minecraft/plugins/CommandHelper/main.ms:21
 /home/mcma/Minecraft/plugins/CommandHelper/main.ms:21
2014-01-04 00:38.54 - [CommandHelper][ERROR][RUNTIME] InsufficientPermissionException: You do not have permission to use the sudo function.
	<<main code>>:/home/mcma/Minecraft/plugins/CommandHelper/config.txt:11
 /home/mcma/Minecraft/plugins/CommandHelper/config.txt:11
2014-01-04 00:39.03 - [CommandHelper][ERROR][RUNTIME] InsufficientPermissionException: You do not have permission to use the sudo function.
	<<main code>>:/home/mcma/Minecraft/plugins/CommandHelper/config.txt:11
 /home/mcma/Minecraft/plugins/CommandHelper/config.txt:11
2014-01-04 01:54.20 - [CommandHelper][ERROR][RUNTIME] InsufficientPermissionException: You do not have permission to use the pisop function.
	<<main code>>:/home/mcma/Minecraft/plugins/CommandHelper/main.ms:21
 /home/mcma/Minecraft/plugins/CommandHelper/main.ms:21
2014-01-04 02:08.01 - [CommandHelper][ERROR][RUNTIME] InsufficientPermissionException: You do not have permission to use the pisop function.
	<<main code>>:/home/mcma/Minecraft/plugins/CommandHelper/main.ms:21
 /home/mcma/Minecraft/plugins/CommandHelper/main.ms:21
2014-01-04 02:16.04 - [CommandHelper][ERROR][RUNTIME] InsufficientPermissionException: You do not have permission to use the pisop function.
	<<main code>>:/home/mcma/Minecraft/plugins/CommandHelper/main.ms:21
 /home/mcma/Minecraft/plugins/CommandHelper/main.ms:21
2014-01-04 02:36.42 - [CommandHelper][ERROR][RUNTIME] InsufficientPermissionException: You do not have permission to use the pisop function.
	<<main code>>:/home/mcma/Minecraft/plugins/CommandHelper/main.ms:21
 /home/mcma/Minecraft/plugins/CommandHelper/main.ms:21
2014-01-04 02:41.59 - [CommandHelper][ERROR][RUNTIME] InsufficientPermissionException: You do not have permission to use the pisop function.
	<<main code>>:/home/mcma/Minecraft/plugins/CommandHelper/main.ms:21
 /home/mcma/Minecraft/plugins/CommandHelper/main.ms:21
2014-01-04 02:54.03 - [CommandHelper][ERROR][RUNTIME] InsufficientPermissionException: You do not have permission to use the pisop function.
	<<main code>>:/home/mcma/Minecraft/plugins/CommandHelper/main.ms:21
 /home/mcma/Minecraft/plugins/CommandHelper/main.ms:21
2014-01-04 02:58.36 - [CommandHelper][ERROR][RUNTIME] InsufficientPermissionException: You do not have permission to use the pisop function.
	<<main code>>:/home/mcma/Minecraft/plugins/CommandHelper/main.ms:21
 /home/mcma/Minecraft/plugins/CommandHelper/main.ms:21
2014-01-04 03:08.17 - [CommandHelper][ERROR][RUNTIME] InsufficientPermissionException: You do not have permission to use the pisop function.
	<<main code>>:/home/mcma/Minecraft/plugins/CommandHelper/main.ms:21
 /home/mcma/Minecraft/plugins/CommandHelper/main.ms:21
2014-01-04 03:32.46 - [CommandHelper][ERROR][RUNTIME] InsufficientPermissionException: You do not have permission to use the pisop function.
	<<main code>>:/home/mcma/Minecraft/plugins/CommandHelper/main.ms:21
 /home/mcma/Minecraft/plugins/CommandHelper/main.ms:21
2014-01-04 03:33.49 - [CommandHelper][ERROR][RUNTIME] InsufficientPermissionException: You do not have permission to use the pisop function.
	<<main code>>:/home/mcma/Minecraft/plugins/CommandHelper/main.ms:21
 /home/mcma/Minecraft/plugins/CommandHelper/main.ms:21
2014-01-04 03:34.37 - [CommandHelper][ERROR][RUNTIME] InsufficientPermissionException: You do not have permission to use the pisop function.
	<<main code>>:/home/mcma/Minecraft/plugins/CommandHelper/main.ms:21
 /home/mcma/Minecraft/plugins/CommandHelper/main.ms:21
2014-01-04 03:38.53 - [CommandHelper][ERROR][RUNTIME] InsufficientPermissionException: You do not have permission to use the pisop function.
	<<main code>>:/home/mcma/Minecraft/plugins/CommandHelper/main.ms:21
 /home/mcma/Minecraft/plugins/CommandHelper/main.ms:21
2014-01-04 03:39.55 - [CommandHelper][ERROR][RUNTIME] InsufficientPermissionException: You do not have permission to use the pisop function.
	<<main code>>:/home/mcma/Minecraft/plugins/CommandHelper/main.ms:21
 /home/mcma/Minecraft/plugins/CommandHelper/main.ms:21
2014-01-04 03:44.26 - [CommandHelper][ERROR][RUNTIME] InsufficientPermissionException: You do not have permission to use the pisop function.
	<<main code>>:/home/mcma/Minecraft/plugins/CommandHelper/main.ms:21
 /home/mcma/Minecraft/plugins/CommandHelper/main.ms:21
2014-01-04 03:52.12 - [CommandHelper][ERROR][RUNTIME] InsufficientPermissionException: You do not have permission to use the pisop function.
	<<main code>>:/home/mcma/Minecraft/plugins/CommandHelper/main.ms:21
 /home/mcma/Minecraft/plugins/CommandHelper/main.ms:21
2014-01-04 03:52.14 - [CommandHelper][ERROR][RUNTIME] InsufficientPermissionException: You do not have permission to use the pisop function.
	<<main code>>:/home/mcma/Minecraft/plugins/CommandHelper/main.ms:21
 /home/mcma/Minecraft/plugins/CommandHelper/main.ms:21
2014-01-04 03:53.02 - [CommandHelper][ERROR][RUNTIME] InsufficientPermissionException: You do not have permission to use the pisop function.
	<<main code>>:/home/mcma/Minecraft/plugins/CommandHelper/main.ms:21
 /home/mcma/Minecraft/plugins/CommandHelper/main.ms:21
2014-01-04 03:53.23 - [CommandHelper][ERROR][RUNTIME] InsufficientPermissionException: You do not have permission to use the sudo function.
	<<main code>>:/home/mcma/Minecraft/plugins/CommandHelper/config.txt:24
 /home/mcma/Minecraft/plugins/CommandHelper/config.txt:24
2014-01-04 03:53.33 - [CommandHelper][ERROR][RUNTIME] InsufficientPermissionException: You do not have permission to use the sudo function.
	<<main code>>:/home/mcma/Minecraft/plugins/CommandHelper/config.txt:24
 /home/mcma/Minecraft/plugins/CommandHelper/config.txt:24
2014-01-04 03:53.40 - [CommandHelper][ERROR][RUNTIME] InsufficientPermissionException: You do not have permission to use the sudo function.
	<<main code>>:/home/mcma/Minecraft/plugins/CommandHelper/config.txt:10
 /home/mcma/Minecraft/plugins/CommandHelper/config.txt:10
2014-01-04 03:54.13 - [CommandHelper][ERROR][RUNTIME] InsufficientPermissionException: You do not have permission to use the pisop function.
	<<main code>>:/home/mcma/Minecraft/plugins/CommandHelper/main.ms:21
 /home/mcma/Minecraft/plugins/CommandHelper/main.ms:21
2014-01-04 03:58.02 - [CommandHelper][ERROR][RUNTIME] InsufficientPermissionException: You do not have permission to use the pisop function.
	<<main code>>:/home/mcma/Minecraft/plugins/CommandHelper/main.ms:21
 /home/mcma/Minecraft/plugins/CommandHelper/main.ms:21
2014-01-04 04:00.13 - [CommandHelper][ERROR][RUNTIME] InsufficientPermissionException: You do not have permission to use the sudo function.
	<<main code>>:/home/mcma/Minecraft/plugins/CommandHelper/config.txt:10
 /home/mcma/Minecraft/plugins/CommandHelper/config.txt:10
2014-01-04 04:00.33 - [CommandHelper][ERROR][RUNTIME] InsufficientPermissionException: You do not have permission to use the sudo function.
	<<main code>>:/home/mcma/Minecraft/plugins/CommandHelper/config.txt:24
 /home/mcma/Minecraft/plugins/CommandHelper/config.txt:24
2014-01-04 04:01.08 - [CommandHelper][ERROR][RUNTIME] InsufficientPermissionException: You do not have permission to use the pisop function.
	<<main code>>:/home/mcma/Minecraft/plugins/CommandHelper/main.ms:21
 /home/mcma/Minecraft/plugins/CommandHelper/main.ms:21
2014-01-04 04:04.02 - [CommandHelper][ERROR][RUNTIME] InsufficientPermissionException: You do not have permission to use the sudo function.
	<<main code>>:/home/mcma/Minecraft/plugins/CommandHelper/config.txt:24
 /home/mcma/Minecraft/plugins/CommandHelper/config.txt:24
2014-01-04 04:04.24 - [CommandHelper][ERROR][RUNTIME] InsufficientPermissionException: You do not have permission to use the pisop function.
	<<main code>>:/home/mcma/Minecraft/plugins/CommandHelper/main.ms:21
 /home/mcma/Minecraft/plugins/CommandHelper/main.ms:21
2014-01-04 04:05.05 - [CommandHelper][ERROR][RUNTIME] InsufficientPermissionException: You do not have permission to use the sudo function.
	<<main code>>:/home/mcma/Minecraft/plugins/CommandHelper/config.txt:24
 /home/mcma/Minecraft/plugins/CommandHelper/config.txt:24
2014-01-04 04:05.11 - [CommandHelper][ERROR][RUNTIME] InsufficientPermissionException: You do not have permission to use the sudo function.
	<<main code>>:/home/mcma/Minecraft/plugins/CommandHelper/config.txt:10
 /home/mcma/Minecraft/plugins/CommandHelper/config.txt:10
2014-01-04 04:09.42 - [CommandHelper][ERROR][RUNTIME] InsufficientPermissionException: You do not have permission to use the sudo function.
	<<main code>>:/home/mcma/Minecraft/plugins/CommandHelper/config.txt:24
 /home/mcma/Minecraft/plugins/CommandHelper/config.txt:24
2014-01-04 04:10.04 - [CommandHelper][ERROR][RUNTIME] InsufficientPermissionException: You do not have permission to use the sudo function.
	<<main code>>:/home/mcma/Minecraft/plugins/CommandHelper/config.txt:24
 /home/mcma/Minecraft/plugins/CommandHelper/config.txt:24
2014-01-04 04:10.08 - [CommandHelper][ERROR][RUNTIME] InsufficientPermissionException: You do not have permission to use the sudo function.
	<<main code>>:/home/mcma/Minecraft/plugins/CommandHelper/config.txt:24
 /home/mcma/Minecraft/plugins/CommandHelper/config.txt:24
2014-01-04 04:10.23 - [CommandHelper][ERROR][RUNTIME] InsufficientPermissionException: You do not have permission to use the sudo function.
	<<main code>>:/home/mcma/Minecraft/plugins/CommandHelper/config.txt:24
 /home/mcma/Minecraft/plugins/CommandHelper/config.txt:24
2014-01-04 04:10.27 - [CommandHelper][ERROR][RUNTIME] InsufficientPermissionException: You do not have permission to use the sudo function.
	<<main code>>:/home/mcma/Minecraft/plugins/CommandHelper/config.txt:24
 /home/mcma/Minecraft/plugins/CommandHelper/config.txt:24
2014-01-04 04:10.30 - [CommandHelper][ERROR][RUNTIME] InsufficientPermissionException: You do not have permission to use the sudo function.
	<<main code>>:/home/mcma/Minecraft/plugins/CommandHelper/config.txt:10
 /home/mcma/Minecraft/plugins/CommandHelper/config.txt:10
2014-01-04 04:18.25 - [CommandHelper][ERROR][RUNTIME] InsufficientPermissionException: You do not have permission to use the pisop function.
	<<main code>>:/home/mcma/Minecraft/plugins/CommandHelper/main.ms:21
 /home/mcma/Minecraft/plugins/CommandHelper/main.ms:21
2014-01-04 04:22.44 - [CommandHelper][ERROR][RUNTIME] InsufficientPermissionException: You do not have permission to use the pisop function.
	<<main code>>:/home/mcma/Minecraft/plugins/CommandHelper/main.ms:21
 /home/mcma/Minecraft/plugins/CommandHelper/main.ms:21
2014-01-04 04:27.08 - [CommandHelper][ERROR][RUNTIME] InsufficientPermissionException: You do not have permission to use the sudo function.
	<<main code>>:/home/mcma/Minecraft/plugins/CommandHelper/config.txt:24
 /home/mcma/Minecraft/plugins/CommandHelper/config.txt:24
2014-01-04 04:27.50 - [CommandHelper][ERROR][RUNTIME] InsufficientPermissionException: You do not have permission to use the sudo function.
	<<main code>>:/home/mcma/Minecraft/plugins/CommandHelper/config.txt:24
 /home/mcma/Minecraft/plugins/CommandHelper/config.txt:24
2014-01-04 04:30.29 - [CommandHelper][ERROR][RUNTIME] InsufficientPermissionException: You do not have permission to use the pisop function.
	<<main code>>:/home/mcma/Minecraft/plugins/CommandHelper/main.ms:21
 /home/mcma/Minecraft/plugins/CommandHelper/main.ms:21
2014-01-04 04:33.19 - [CommandHelper][ERROR][RUNTIME] InsufficientPermissionException: You do not have permission to use the pisop function.
	<<main code>>:/home/mcma/Minecraft/plugins/CommandHelper/main.ms:21
 /home/mcma/Minecraft/plugins/CommandHelper/main.ms:21
2014-01-04 04:37.54 - [CommandHelper][ERROR][RUNTIME] InsufficientPermissionException: You do not have permission to use the pisop function.
	<<main code>>:/home/mcma/Minecraft/plugins/CommandHelper/main.ms:21
 /home/mcma/Minecraft/plugins/CommandHelper/main.ms:21
2014-01-04 05:11.26 - [CommandHelper][ERROR][RUNTIME] InsufficientPermissionException: You do not have permission to use the pisop function.
	<<main code>>:/home/mcma/Minecraft/plugins/CommandHelper/main.ms:21
 /home/mcma/Minecraft/plugins/CommandHelper/main.ms:21
2014-01-04 06:41.59 - [CommandHelper][ERROR][RUNTIME] InsufficientPermissionException: You do not have permission to use the pisop function.
	<<main code>>:/home/mcma/Minecraft/plugins/CommandHelper/main.ms:21
 /home/mcma/Minecraft/plugins/CommandHelper/main.ms:21
2014-01-04 07:09.13 - [CommandHelper][ERROR][RUNTIME] InsufficientPermissionException: You do not have permission to use the pisop function.
	<<main code>>:/home/mcma/Minecraft/plugins/CommandHelper/main.ms:21
 /home/mcma/Minecraft/plugins/CommandHelper/main.ms:21
2014-01-04 07:11.55 - [CommandHelper][ERROR][RUNTIME] InsufficientPermissionException: You do not have permission to use the pisop function.
	<<main code>>:/home/mcma/Minecraft/plugins/CommandHelper/main.ms:21
 /home/mcma/Minecraft/plugins/CommandHelper/main.ms:21
2014-01-04 02:44.20 - [CommandHelper][ERROR][RUNTIME] InsufficientPermissionException: You do not have permission to use the pisop function.
	<<main code>>:/home/mcma/Minecraft/plugins/CommandHelper/main.ms:21
 /home/mcma/Minecraft/plugins/CommandHelper/main.ms:21
2014-01-04 02:45.39 - [CommandHelper][ERROR][RUNTIME] InsufficientPermissionException: You do not have permission to use the pisop function.
	<<main code>>:/home/mcma/Minecraft/plugins/CommandHelper/main.ms:21
 /home/mcma/Minecraft/plugins/CommandHelper/main.ms:21
2014-01-04 02:46.52 - [CommandHelper][ERROR][RUNTIME] InsufficientPermissionException: You do not have permission to use the pisop function.
	<<main code>>:/home/mcma/Minecraft/plugins/CommandHelper/main.ms:21
 /home/mcma/Minecraft/plugins/CommandHelper/main.ms:21
2014-01-04 02:49.14 - [CommandHelper][ERROR][RUNTIME] InsufficientPermissionException: You do not have permission to use the pisop function.
	<<main code>>:/home/mcma/Minecraft/plugins/CommandHelper/main.ms:21
 /home/mcma/Minecraft/plugins/CommandHelper/main.ms:21
2014-01-04 04:19.02 - [CommandHelper][ERROR][RUNTIME] InsufficientPermissionException: You do not have permission to use the pisop function.
	<<main code>>:/home/mcma/Minecraft/plugins/CommandHelper/main.ms:21
 /home/mcma/Minecraft/plugins/CommandHelper/main.ms:21
2014-01-04 04:33.57 - [CommandHelper][ERROR][RUNTIME] InsufficientPermissionException: You do not have permission to use the pisop function.
	<<main code>>:/home/mcma/Minecraft/plugins/CommandHelper/main.ms:21
 /home/mcma/Minecraft/plugins/CommandHelper/main.ms:21
2014-01-04 05:30.07 - [CommandHelper][ERROR][RUNTIME] InsufficientPermissionException: You do not have permission to use the pisop function.
	<<main code>>:/home/mcma/Minecraft/plugins/CommandHelper/main.ms:21
 /home/mcma/Minecraft/plugins/CommandHelper/main.ms:21
2014-01-04 05:46.49 - [CommandHelper][ERROR][RUNTIME] InsufficientPermissionException: You do not have permission to use the sudo function.
	<<main code>>:/home/mcma/Minecraft/plugins/CommandHelper/config.txt:43
 /home/mcma/Minecraft/plugins/CommandHelper/config.txt:43
2014-01-04 05:49.24 - [CommandHelper][ERROR][RUNTIME] InsufficientPermissionException: You do not have permission to use the sudo function.
	<<main code>>:/home/mcma/Minecraft/plugins/CommandHelper/config.txt:43
 /home/mcma/Minecraft/plugins/CommandHelper/config.txt:43
2014-01-04 05:50.01 - [CommandHelper][ERROR][RUNTIME] InsufficientPermissionException: You do not have permission to use the sudo function.
	<<main code>>:/home/mcma/Minecraft/plugins/CommandHelper/config.txt:43
 /home/mcma/Minecraft/plugins/CommandHelper/config.txt:43
2014-01-04 05:51.08 - [CommandHelper][ERROR][RUNTIME] InsufficientPermissionException: You do not have permission to use the sudo function.
	<<main code>>:/home/mcma/Minecraft/plugins/CommandHelper/config.txt:43
 /home/mcma/Minecraft/plugins/CommandHelper/config.txt:43
2014-01-04 05:52.36 - [CommandHelper][ERROR][RUNTIME] InsufficientPermissionException: You do not have permission to use the pisop function.
	<<main code>>:/home/mcma/Minecraft/plugins/CommandHelper/main.ms:21
 /home/mcma/Minecraft/plugins/CommandHelper/main.ms:21
2014-01-04 05:53.12 - [CommandHelper][ERROR][RUNTIME] InsufficientPermissionException: You do not have permission to use the sudo function.
	<<main code>>:/home/mcma/Minecraft/plugins/CommandHelper/config.txt:43
 /home/mcma/Minecraft/plugins/CommandHelper/config.txt:43
2014-01-04 05:53.56 - [CommandHelper][ERROR][RUNTIME] InsufficientPermissionException: You do not have permission to use the pisop function.
	<<main code>>:/home/mcma/Minecraft/plugins/CommandHelper/main.ms:21
 /home/mcma/Minecraft/plugins/CommandHelper/main.ms:21
2014-01-04 05:54.24 - [CommandHelper][ERROR][RUNTIME] InsufficientPermissionException: You do not have permission to use the sudo function.
	<<main code>>:/home/mcma/Minecraft/plugins/CommandHelper/config.txt:43
 /home/mcma/Minecraft/plugins/CommandHelper/config.txt:43
2014-01-04 05:56.27 - [CommandHelper][ERROR][RUNTIME] InsufficientPermissionException: You do not have permission to use the pisop function.
	<<main code>>:/home/mcma/Minecraft/plugins/CommandHelper/main.ms:21
 /home/mcma/Minecraft/plugins/CommandHelper/main.ms:21
2014-01-04 05:57.21 - [CommandHelper][ERROR][RUNTIME] InsufficientPermissionException: You do not have permission to use the sudo function.
	<<main code>>:/home/mcma/Minecraft/plugins/CommandHelper/config.txt:43
 /home/mcma/Minecraft/plugins/CommandHelper/config.txt:43
2014-01-04 06:03.31 - [CommandHelper][ERROR][RUNTIME] InsufficientPermissionException: You do not have permission to use the pisop function.
	<<main code>>:/home/mcma/Minecraft/plugins/CommandHelper/main.ms:21
 /home/mcma/Minecraft/plugins/CommandHelper/main.ms:21
2014-01-04 06:04.32 - [CommandHelper][ERROR][RUNTIME] InsufficientPermissionException: You do not have permission to use the pisop function.
	<<main code>>:/home/mcma/Minecraft/plugins/CommandHelper/main.ms:21
 /home/mcma/Minecraft/plugins/CommandHelper/main.ms:21
2014-01-04 06:12.10 - [CommandHelper][ERROR][RUNTIME] InsufficientPermissionException: You do not have permission to use the pisop function.
	<<main code>>:/home/mcma/Minecraft/plugins/CommandHelper/main.ms:21
 /home/mcma/Minecraft/plugins/CommandHelper/main.ms:21
2014-01-04 06:14.29 - [CommandHelper][ERROR][RUNTIME] InsufficientPermissionException: You do not have permission to use the pisop function.
	<<main code>>:/home/mcma/Minecraft/plugins/CommandHelper/main.ms:21
 /home/mcma/Minecraft/plugins/CommandHelper/main.ms:21
2014-01-04 06:20.30 - [CommandHelper][ERROR][RUNTIME] InsufficientPermissionException: You do not have permission to use the pisop function.
	<<main code>>:/home/mcma/Minecraft/plugins/CommandHelper/main.ms:21
 /home/mcma/Minecraft/plugins/CommandHelper/main.ms:21
2014-01-04 06:39.22 - [CommandHelper][ERROR][RUNTIME] InsufficientPermissionException: You do not have permission to use the pisop function.
	<<main code>>:/home/mcma/Minecraft/plugins/CommandHelper/main.ms:21
 /home/mcma/Minecraft/plugins/CommandHelper/main.ms:21
2014-01-04 06:43.52 - [CommandHelper][ERROR][RUNTIME] InsufficientPermissionException: You do not have permission to use the pisop function.
	<<main code>>:/home/mcma/Minecraft/plugins/CommandHelper/main.ms:21
 /home/mcma/Minecraft/plugins/CommandHelper/main.ms:21
2014-01-04 07:00.45 - [CommandHelper][ERROR][RUNTIME] InsufficientPermissionException: You do not have permission to use the pisop function.
	<<main code>>:/home/mcma/Minecraft/plugins/CommandHelper/main.ms:21
 /home/mcma/Minecraft/plugins/CommandHelper/main.ms:21
2014-01-04 07:04.04 - [CommandHelper][ERROR][RUNTIME] InsufficientPermissionException: You do not have permission to use the pisop function.
	<<main code>>:/home/mcma/Minecraft/plugins/CommandHelper/main.ms:21
 /home/mcma/Minecraft/plugins/CommandHelper/main.ms:21
2014-01-04 07:18.21 - [CommandHelper][ERROR][RUNTIME] InsufficientPermissionException: You do not have permission to use the pisop function.
	<<main code>>:/home/mcma/Minecraft/plugins/CommandHelper/main.ms:21
 /home/mcma/Minecraft/plugins/CommandHelper/main.ms:21
2014-01-04 07:22.58 - [CommandHelper][ERROR][RUNTIME] InsufficientPermissionException: You do not have permission to use the pisop function.
	<<main code>>:/home/mcma/Minecraft/plugins/CommandHelper/main.ms:21
 /home/mcma/Minecraft/plugins/CommandHelper/main.ms:21
2014-01-04 07:37.08 - [CommandHelper][ERROR][RUNTIME] InsufficientPermissionException: You do not have permission to use the pisop function.
	<<main code>>:/home/mcma/Minecraft/plugins/CommandHelper/main.ms:21
 /home/mcma/Minecraft/plugins/CommandHelper/main.ms:21
2014-01-04 07:40.50 - [CommandHelper][ERROR][RUNTIME] InsufficientPermissionException: You do not have permission to use the pisop function.
	<<main code>>:/home/mcma/Minecraft/plugins/CommandHelper/main.ms:21
 /home/mcma/Minecraft/plugins/CommandHelper/main.ms:21
2014-01-04 07:43.45 - [CommandHelper][ERROR][RUNTIME] InsufficientPermissionException: You do not have permission to use the pisop function.
	<<main code>>:/home/mcma/Minecraft/plugins/CommandHelper/main.ms:21
 /home/mcma/Minecraft/plugins/CommandHelper/main.ms:21
2014-01-04 07:47.29 - [CommandHelper][ERROR][RUNTIME] InsufficientPermissionException: You do not have permission to use the pisop function.
	<<main code>>:/home/mcma/Minecraft/plugins/CommandHelper/main.ms:21
 /home/mcma/Minecraft/plugins/CommandHelper/main.ms:21
2014-01-04 07:47.38 - [CommandHelper][ERROR][RUNTIME] InsufficientPermissionException: You do not have permission to use the pisop function.
	<<main code>>:/home/mcma/Minecraft/plugins/CommandHelper/main.ms:21
 /home/mcma/Minecraft/plugins/CommandHelper/main.ms:21
2014-01-04 07:52.36 - [CommandHelper][ERROR][RUNTIME] InsufficientPermissionException: You do not have permission to use the pisop function.
	<<main code>>:/home/mcma/Minecraft/plugins/CommandHelper/main.ms:21
 /home/mcma/Minecraft/plugins/CommandHelper/main.ms:21
2014-01-04 08:11.31 - [CommandHelper][ERROR][RUNTIME] InsufficientPermissionException: You do not have permission to use the pisop function.
	<<main code>>:/home/mcma/Minecraft/plugins/CommandHelper/main.ms:21
 /home/mcma/Minecraft/plugins/CommandHelper/main.ms:21
2014-01-04 08:17.30 - [CommandHelper][ERROR][RUNTIME] InsufficientPermissionException: You do not have permission to use the pisop function.
	<<main code>>:/home/mcma/Minecraft/plugins/CommandHelper/main.ms:21
 /home/mcma/Minecraft/plugins/CommandHelper/main.ms:21
2014-01-04 08:25.39 - [CommandHelper][ERROR][RUNTIME] InsufficientPermissionException: You do not have permission to use the pisop function.
	<<main code>>:/home/mcma/Minecraft/plugins/CommandHelper/main.ms:21
 /home/mcma/Minecraft/plugins/CommandHelper/main.ms:21
2014-01-04 08:26.09 - [CommandHelper][ERROR][RUNTIME] InsufficientPermissionException: You do not have permission to use the pisop function.
	<<main code>>:/home/mcma/Minecraft/plugins/CommandHelper/main.ms:21
 /home/mcma/Minecraft/plugins/CommandHelper/main.ms:21
2014-01-04 08:35.39 - [CommandHelper][ERROR][RUNTIME] InsufficientPermissionException: You do not have permission to use the pisop function.
	<<main code>>:/home/mcma/Minecraft/plugins/CommandHelper/main.ms:21
 /home/mcma/Minecraft/plugins/CommandHelper/main.ms:21
2014-01-04 08:37.08 - [CommandHelper][ERROR][RUNTIME] InsufficientPermissionException: You do not have permission to use the pisop function.
	<<main code>>:/home/mcma/Minecraft/plugins/CommandHelper/main.ms:21
 /home/mcma/Minecraft/plugins/CommandHelper/main.ms:21
2014-01-04 08:48.25 - [CommandHelper][ERROR][RUNTIME] InsufficientPermissionException: You do not have permission to use the pisop function.
	<<main code>>:/home/mcma/Minecraft/plugins/CommandHelper/main.ms:21
 /home/mcma/Minecraft/plugins/CommandHelper/main.ms:21
2014-01-04 09:07.00 - [CommandHelper][ERROR][RUNTIME] InsufficientPermissionException: You do not have permission to use the pisop function.
	<<main code>>:/home/mcma/Minecraft/plugins/CommandHelper/main.ms:21
 /home/mcma/Minecraft/plugins/CommandHelper/main.ms:21
2014-01-04 09:08.35 - [CommandHelper][ERROR][RUNTIME] InsufficientPermissionException: You do not have permission to use the pisop function.
	<<main code>>:/home/mcma/Minecraft/plugins/CommandHelper/main.ms:21
 /home/mcma/Minecraft/plugins/CommandHelper/main.ms:21
2014-01-04 09:59.55 - [CommandHelper][ERROR][RUNTIME] InsufficientPermissionException: You do not have permission to use the pisop function.
	<<main code>>:/home/mcma/Minecraft/plugins/CommandHelper/main.ms:21
 /home/mcma/Minecraft/plugins/CommandHelper/main.ms:21
2014-01-04 10:03.28 - [CommandHelper][ERROR][RUNTIME] InsufficientPermissionException: You do not have permission to use the pisop function.
	<<main code>>:/home/mcma/Minecraft/plugins/CommandHelper/main.ms:21
 /home/mcma/Minecraft/plugins/CommandHelper/main.ms:21
2014-01-04 10:05.12 - [CommandHelper][ERROR][RUNTIME] InsufficientPermissionException: You do not have permission to use the pisop function.
	<<main code>>:/home/mcma/Minecraft/plugins/CommandHelper/main.ms:21
 /home/mcma/Minecraft/plugins/CommandHelper/main.ms:21
2014-01-04 10:19.51 - [CommandHelper][ERROR][RUNTIME] InsufficientPermissionException: You do not have permission to use the pisop function.
	<<main code>>:/home/mcma/Minecraft/plugins/CommandHelper/main.ms:21
 /home/mcma/Minecraft/plugins/CommandHelper/main.ms:21
2014-01-04 10:25.56 - [CommandHelper][ERROR][RUNTIME] InsufficientPermissionException: You do not have permission to use the pisop function.
	<<main code>>:/home/mcma/Minecraft/plugins/CommandHelper/main.ms:21
 /home/mcma/Minecraft/plugins/CommandHelper/main.ms:21
2014-01-04 10:43.32 - [CommandHelper][ERROR][RUNTIME] InsufficientPermissionException: You do not have permission to use the pisop function.
	<<main code>>:/home/mcma/Minecraft/plugins/CommandHelper/main.ms:21
 /home/mcma/Minecraft/plugins/CommandHelper/main.ms:21
2014-01-04 10:47.53 - [CommandHelper][ERROR][RUNTIME] InsufficientPermissionException: You do not have permission to use the pisop function.
	<<main code>>:/home/mcma/Minecraft/plugins/CommandHelper/main.ms:21
 /home/mcma/Minecraft/plugins/CommandHelper/main.ms:21
2014-01-04 10:59.10 - [CommandHelper][ERROR][RUNTIME] InsufficientPermissionException: You do not have permission to use the pisop function.
	<<main code>>:/home/mcma/Minecraft/plugins/CommandHelper/main.ms:21
 /home/mcma/Minecraft/plugins/CommandHelper/main.ms:21
2014-01-04 11:09.05 - [CommandHelper][ERROR][RUNTIME] InsufficientPermissionException: You do not have permission to use the pisop function.
	<<main code>>:/home/mcma/Minecraft/plugins/CommandHelper/main.ms:21
 /home/mcma/Minecraft/plugins/CommandHelper/main.ms:21
2014-01-04 11:24.05 - [CommandHelper][ERROR][RUNTIME] InsufficientPermissionException: You do not have permission to use the pisop function.
	<<main code>>:/home/mcma/Minecraft/plugins/CommandHelper/main.ms:21
 /home/mcma/Minecraft/plugins/CommandHelper/main.ms:21
2014-01-04 11:45.32 - [CommandHelper][ERROR][RUNTIME] InsufficientPermissionException: You do not have permission to use the pisop function.
	<<main code>>:/home/mcma/Minecraft/plugins/CommandHelper/main.ms:21
 /home/mcma/Minecraft/plugins/CommandHelper/main.ms:21
