2014-01-05 03:50.58 - [CommandHelper][ERROR][RUNTIME] InsufficientPermissionException: You do not have permission to use the pisop function.
	<<main code>>:/home/mcma/Minecraft/plugins/CommandHelper/main.ms:21
 /home/mcma/Minecraft/plugins/CommandHelper/main.ms:21
2014-01-05 04:34.42 - [CommandHelper][ERROR][RUNTIME] InsufficientPermissionException: You do not have permission to use the pisop function.
	<<main code>>:/home/mcma/Minecraft/plugins/CommandHelper/main.ms:21
 /home/mcma/Minecraft/plugins/CommandHelper/main.ms:21
2014-01-05 04:59.03 - [CommandHelper][ERROR][RUNTIME] InsufficientPermissionException: You do not have permission to use the pisop function.
	<<main code>>:/home/mcma/Minecraft/plugins/CommandHelper/main.ms:21
 /home/mcma/Minecraft/plugins/CommandHelper/main.ms:21
2014-01-05 06:04.06 - [CommandHelper][ERROR][RUNTIME] InsufficientPermissionException: You do not have permission to use the pisop function.
	<<main code>>:/home/mcma/Minecraft/plugins/CommandHelper/main.ms:21
 /home/mcma/Minecraft/plugins/CommandHelper/main.ms:21
2014-01-05 06:09.21 - [CommandHelper][ERROR][RUNTIME] InsufficientPermissionException: You do not have permission to use the pisop function.
	<<main code>>:/home/mcma/Minecraft/plugins/CommandHelper/main.ms:21
 /home/mcma/Minecraft/plugins/CommandHelper/main.ms:21
2014-01-05 06:30.48 - [CommandHelper][ERROR][RUNTIME] InsufficientPermissionException: You do not have permission to use the pisop function.
	<<main code>>:/home/mcma/Minecraft/plugins/CommandHelper/main.ms:21
 /home/mcma/Minecraft/plugins/CommandHelper/main.ms:21
2014-01-05 06:36.59 - [CommandHelper][ERROR][RUNTIME] InsufficientPermissionException: You do not have permission to use the pisop function.
	<<main code>>:/home/mcma/Minecraft/plugins/CommandHelper/main.ms:21
 /home/mcma/Minecraft/plugins/CommandHelper/main.ms:21
2014-01-05 06:38.05 - [CommandHelper][ERROR][RUNTIME] InsufficientPermissionException: You do not have permission to use the pisop function.
	<<main code>>:/home/mcma/Minecraft/plugins/CommandHelper/main.ms:21
 /home/mcma/Minecraft/plugins/CommandHelper/main.ms:21
2014-01-05 06:39.29 - [CommandHelper][ERROR][RUNTIME] InsufficientPermissionException: You do not have permission to use the pisop function.
	<<main code>>:/home/mcma/Minecraft/plugins/CommandHelper/main.ms:21
 /home/mcma/Minecraft/plugins/CommandHelper/main.ms:21
2014-01-05 08:09.08 - [CommandHelper][ERROR][RUNTIME] InsufficientPermissionException: You do not have permission to use the pisop function.
	<<main code>>:/home/mcma/Minecraft/plugins/CommandHelper/main.ms:21
 /home/mcma/Minecraft/plugins/CommandHelper/main.ms:21
2014-01-05 08:14.17 - [CommandHelper][ERROR][RUNTIME] InsufficientPermissionException: You do not have permission to use the sudo function.
	<<main code>>:/home/mcma/Minecraft/plugins/CommandHelper/config.txt:38
 /home/mcma/Minecraft/plugins/CommandHelper/config.txt:38
2014-01-05 08:15.03 - [CommandHelper][ERROR][RUNTIME] InsufficientPermissionException: You do not have permission to use the pisop function.
	<<main code>>:/home/mcma/Minecraft/plugins/CommandHelper/main.ms:21
 /home/mcma/Minecraft/plugins/CommandHelper/main.ms:21
2014-01-05 08:15.13 - [CommandHelper][ERROR][RUNTIME] InsufficientPermissionException: You do not have permission to use the pisop function.
	<<main code>>:/home/mcma/Minecraft/plugins/CommandHelper/main.ms:21
 /home/mcma/Minecraft/plugins/CommandHelper/main.ms:21
2014-01-05 09:01.23 - [CommandHelper][ERROR][RUNTIME] InsufficientPermissionException: You do not have permission to use the pisop function.
	<<main code>>:/home/mcma/Minecraft/plugins/CommandHelper/main.ms:21
 /home/mcma/Minecraft/plugins/CommandHelper/main.ms:21
2014-01-05 09:02.58 - [CommandHelper][ERROR][RUNTIME] InsufficientPermissionException: You do not have permission to use the pisop function.
	<<main code>>:/home/mcma/Minecraft/plugins/CommandHelper/main.ms:21
 /home/mcma/Minecraft/plugins/CommandHelper/main.ms:21
2014-01-05 09:04.24 - [CommandHelper][ERROR][RUNTIME] InsufficientPermissionException: You do not have permission to use the pisop function.
	<<main code>>:/home/mcma/Minecraft/plugins/CommandHelper/main.ms:21
 /home/mcma/Minecraft/plugins/CommandHelper/main.ms:21
2014-01-05 09:05.24 - [CommandHelper][ERROR][RUNTIME] InsufficientPermissionException: You do not have permission to use the pisop function.
	<<main code>>:/home/mcma/Minecraft/plugins/CommandHelper/main.ms:21
 /home/mcma/Minecraft/plugins/CommandHelper/main.ms:21
2014-01-05 09:06.02 - [CommandHelper][ERROR][RUNTIME] InsufficientPermissionException: You do not have permission to use the pisop function.
	<<main code>>:/home/mcma/Minecraft/plugins/CommandHelper/main.ms:21
 /home/mcma/Minecraft/plugins/CommandHelper/main.ms:21
2014-01-05 09:06.22 - [CommandHelper][ERROR][RUNTIME] InsufficientPermissionException: You do not have permission to use the pisop function.
	<<main code>>:/home/mcma/Minecraft/plugins/CommandHelper/main.ms:21
 /home/mcma/Minecraft/plugins/CommandHelper/main.ms:21
2014-01-05 09:06.51 - [CommandHelper][ERROR][RUNTIME] InsufficientPermissionException: You do not have permission to use the pisop function.
	<<main code>>:/home/mcma/Minecraft/plugins/CommandHelper/main.ms:21
 /home/mcma/Minecraft/plugins/CommandHelper/main.ms:21
2014-01-05 09:07.26 - [CommandHelper][ERROR][RUNTIME] InsufficientPermissionException: You do not have permission to use the pisop function.
	<<main code>>:/home/mcma/Minecraft/plugins/CommandHelper/main.ms:21
 /home/mcma/Minecraft/plugins/CommandHelper/main.ms:21
2014-01-05 11:14.36 - [CommandHelper][ERROR][RUNTIME] InsufficientPermissionException: You do not have permission to use the pisop function.
	<<main code>>:/home/mcma/Minecraft/plugins/CommandHelper/main.ms:21
 /home/mcma/Minecraft/plugins/CommandHelper/main.ms:21
2014-01-05 11:19.22 - [CommandHelper][ERROR][RUNTIME] InsufficientPermissionException: You do not have permission to use the pisop function.
	<<main code>>:/home/mcma/Minecraft/plugins/CommandHelper/main.ms:21
 /home/mcma/Minecraft/plugins/CommandHelper/main.ms:21
2014-01-05 11:21.18 - [CommandHelper][ERROR][RUNTIME] InsufficientPermissionException: You do not have permission to use the pisop function.
	<<main code>>:/home/mcma/Minecraft/plugins/CommandHelper/main.ms:21
 /home/mcma/Minecraft/plugins/CommandHelper/main.ms:21
2014-01-05 11:27.37 - [CommandHelper][ERROR][RUNTIME] InsufficientPermissionException: You do not have permission to use the pisop function.
	<<main code>>:/home/mcma/Minecraft/plugins/CommandHelper/main.ms:21
 /home/mcma/Minecraft/plugins/CommandHelper/main.ms:21
2014-01-05 11:30.32 - [CommandHelper][ERROR][RUNTIME] InsufficientPermissionException: You do not have permission to use the sudo function.
	<<main code>>:/home/mcma/Minecraft/plugins/CommandHelper/config.txt:26
 /home/mcma/Minecraft/plugins/CommandHelper/config.txt:26
2014-01-05 11:59.38 - [CommandHelper][ERROR][RUNTIME] InsufficientPermissionException: You do not have permission to use the pisop function.
	<<main code>>:/home/mcma/Minecraft/plugins/CommandHelper/main.ms:21
 /home/mcma/Minecraft/plugins/CommandHelper/main.ms:21
