2015-06-24 03:05.18 - [CommandHelper][ERROR][RUNTIME] InsufficientPermissionException: You do not have permission to use the sudo function.
	<<main code>>:/home/minecraft/server/plugins/CommandHelper/config.txt:106
 /home/minecraft/server/plugins/CommandHelper/config.txt:106
2015-06-24 06:33.50 - [CommandHelper][ERROR][RUNTIME] PlayerOfflineException: The specified player (malon) is not online
	<<main code>>:/home/minecraft/server/plugins/CommandHelper/main.ms:5
 /home/minecraft/server/plugins/CommandHelper/main.ms:5
2015-06-24 07:39.38 - [CommandHelper][ERROR][RUNTIME] InsufficientPermissionException: You do not have permission to use the sudo function.
	<<main code>>:/home/minecraft/server/plugins/CommandHelper/config.txt:87
 /home/minecraft/server/plugins/CommandHelper/config.txt:87
2015-06-24 07:39.40 - [CommandHelper][ERROR][RUNTIME] InsufficientPermissionException: You do not have permission to use the sudo function.
	<<main code>>:/home/minecraft/server/plugins/CommandHelper/config.txt:87
 /home/minecraft/server/plugins/CommandHelper/config.txt:87
2015-06-24 07:39.40 - [CommandHelper][ERROR][RUNTIME] InsufficientPermissionException: You do not have permission to use the sudo function.
	<<main code>>:/home/minecraft/server/plugins/CommandHelper/config.txt:87
 /home/minecraft/server/plugins/CommandHelper/config.txt:87
2015-06-24 07:39.41 - [CommandHelper][ERROR][RUNTIME] InsufficientPermissionException: You do not have permission to use the sudo function.
	<<main code>>:/home/minecraft/server/plugins/CommandHelper/config.txt:87
 /home/minecraft/server/plugins/CommandHelper/config.txt:87
2015-06-24 07:40.12 - [CommandHelper][ERROR][RUNTIME] InsufficientPermissionException: You do not have permission to use the sudo function.
	<<main code>>:/home/minecraft/server/plugins/CommandHelper/config.txt:87
 /home/minecraft/server/plugins/CommandHelper/config.txt:87
