2015-06-11 06:29.41 - [CommandHelper][WARNING][COMPILER] Unreachable code. Consider removing this code. /home/minecraft/server/plugins/CommandHelper/main.ms:4
2015-06-11 06:30.26 - [CommandHelper][WARNING][COMPILER] Unreachable code. Consider removing this code. /home/minecraft/server/plugins/CommandHelper/main.ms:4
2015-06-11 07:13.41 - [CommandHelper][ERROR][COMPILER] COMPILE ERROR: Incorrect number of arguments passed to trigger
	:/home/minecraft/server/plugins/CommandHelper/main.ms:4
 /home/minecraft/server/plugins/CommandHelper/main.ms:4
2015-06-11 09:09.21 - [CommandHelper][ERROR][RUNTIME] InsufficientPermissionException: You do not have permission to use the sudo function.
	<<main code>>:/home/minecraft/server/plugins/CommandHelper/config.txt:79
 /home/minecraft/server/plugins/CommandHelper/config.txt:79
2015-06-11 09:10.32 - [CommandHelper][ERROR][RUNTIME] InsufficientPermissionException: You do not have permission to use the sudo function.
	<<main code>>:/home/minecraft/server/plugins/CommandHelper/config.txt:79
 /home/minecraft/server/plugins/CommandHelper/config.txt:79
2015-06-11 09:10.36 - [CommandHelper][ERROR][RUNTIME] InsufficientPermissionException: You do not have permission to use the sudo function.
	<<main code>>:/home/minecraft/server/plugins/CommandHelper/config.txt:58
 /home/minecraft/server/plugins/CommandHelper/config.txt:58
2015-06-11 10:27.34 - [CommandHelper][ERROR][RUNTIME] InsufficientPermissionException: You do not have permission to use the sudo function.
	<<main code>>:/home/minecraft/server/plugins/CommandHelper/config.txt:84
 /home/minecraft/server/plugins/CommandHelper/config.txt:84
2015-06-11 10:27.48 - [CommandHelper][ERROR][RUNTIME] InsufficientPermissionException: You do not have permission to use the sudo function.
	<<main code>>:/home/minecraft/server/plugins/CommandHelper/config.txt:66
 /home/minecraft/server/plugins/CommandHelper/config.txt:66
2015-06-11 11:44.51 - [CommandHelper][ERROR][RUNTIME] InsufficientPermissionException: You do not have permission to use the sudo function.
	<<main code>>:/home/minecraft/server/plugins/CommandHelper/config.txt:79
 /home/minecraft/server/plugins/CommandHelper/config.txt:79
