2015-07-31 03:59.15 - [CommandHelper][ERROR][COMPILER] COMPILE ERROR: Invalid label specified
	:/home/minecraft/server/plugins/CommandHelper/config.txt:7
 /home/minecraft/server/plugins/CommandHelper/config.txt:7
2015-07-31 06:21.42 - [CommandHelper][ERROR][COMPILER] COMPILE ERROR: Invalid label specified
	:/home/minecraft/server/plugins/CommandHelper/config.txt:7
 /home/minecraft/server/plugins/CommandHelper/config.txt:7
2015-07-31 06:23.02 - [CommandHelper][ERROR][COMPILER] COMPILE ERROR: Invalid label specified
	:/home/minecraft/server/plugins/CommandHelper/config.txt:7
 /home/minecraft/server/plugins/CommandHelper/config.txt:7
2015-07-31 06:31.02 - [CommandHelper][ERROR][COMPILER] COMPILE ERROR: Invalid label specified
	:/home/minecraft/server/plugins/CommandHelper/config.txt:7
 /home/minecraft/server/plugins/CommandHelper/config.txt:7
2015-07-31 06:31.07 - [CommandHelper][ERROR][RUNTIME] InvalidProcedureException: Unknown procedure "_flipString"
	<<main code>>:/home/minecraft/server/plugins/CommandHelper/main.ms:12
 /home/minecraft/server/plugins/CommandHelper/main.ms:12
2015-07-31 06:31.07 - [CommandHelper][ERROR][RUNTIME] InvalidProcedureException: Unknown procedure "_flipString"
	<<main code>>:/home/minecraft/server/plugins/CommandHelper/main.ms:12
 /home/minecraft/server/plugins/CommandHelper/main.ms:12
2015-07-31 06:31.19 - [CommandHelper][ERROR][RUNTIME] InvalidProcedureException: Unknown procedure "_flipString"
	<<main code>>:/home/minecraft/server/plugins/CommandHelper/main.ms:12
 /home/minecraft/server/plugins/CommandHelper/main.ms:12
2015-07-31 06:31.22 - [CommandHelper][ERROR][RUNTIME] InvalidProcedureException: Unknown procedure "_flipString"
	<<main code>>:/home/minecraft/server/plugins/CommandHelper/main.ms:12
 /home/minecraft/server/plugins/CommandHelper/main.ms:12
2015-07-31 06:31.48 - [CommandHelper][ERROR][RUNTIME] InvalidProcedureException: Unknown procedure "_flipString"
	<<main code>>:/home/minecraft/server/plugins/CommandHelper/main.ms:12
 /home/minecraft/server/plugins/CommandHelper/main.ms:12
2015-07-31 06:31.53 - [CommandHelper][ERROR][RUNTIME] InvalidProcedureException: Unknown procedure "_flipString"
	<<main code>>:/home/minecraft/server/plugins/CommandHelper/main.ms:12
 /home/minecraft/server/plugins/CommandHelper/main.ms:12
2015-07-31 06:32.03 - [CommandHelper][ERROR][COMPILER] COMPILE ERROR: Invalid label specified
	:/home/minecraft/server/plugins/CommandHelper/config.txt:7
 /home/minecraft/server/plugins/CommandHelper/config.txt:7
2015-07-31 06:32.23 - [CommandHelper][ERROR][COMPILER] COMPILE ERROR: Invalid label specified
	:/home/minecraft/server/plugins/CommandHelper/config.txt:7
 /home/minecraft/server/plugins/CommandHelper/config.txt:7
2015-07-31 06:35.04 - [CommandHelper][ERROR][COMPILER] COMPILE ERROR: Invalid label specified
	:/home/minecraft/server/plugins/CommandHelper/config.txt:7
 /home/minecraft/server/plugins/CommandHelper/config.txt:7
2015-07-31 06:36.10 - [CommandHelper][ERROR][COMPILER] COMPILE ERROR: Invalid label specified
	:/home/minecraft/server/plugins/CommandHelper/config.txt:7
 /home/minecraft/server/plugins/CommandHelper/config.txt:7
2015-07-31 07:00.33 - [CommandHelper][ERROR][COMPILER] COMPILE ERROR: The escape sequence \  is not a recognized escape sequence
	:/home/minecraft/server/plugins/CommandHelper/main.ms:10
 /home/minecraft/server/plugins/CommandHelper/main.ms:10
2015-07-31 07:00.33 - [CommandHelper][ERROR][COMPILER] COMPILE ERROR: Invalid label specified
	:/home/minecraft/server/plugins/CommandHelper/config.txt:7
 /home/minecraft/server/plugins/CommandHelper/config.txt:7
2015-07-31 07:00.59 - [CommandHelper][ERROR][COMPILER] COMPILE ERROR: The escape sequence \  is not a recognized escape sequence
	:/home/minecraft/server/plugins/CommandHelper/main.ms:10
 /home/minecraft/server/plugins/CommandHelper/main.ms:10
2015-07-31 07:00.59 - [CommandHelper][ERROR][COMPILER] COMPILE ERROR: Invalid label specified
	:/home/minecraft/server/plugins/CommandHelper/config.txt:7
 /home/minecraft/server/plugins/CommandHelper/config.txt:7
2015-07-31 07:25.34 - [CommandHelper][ERROR][COMPILER] COMPILE ERROR: The escape sequence \  is not a recognized escape sequence
	:/home/minecraft/server/plugins/CommandHelper/main.ms:10
 /home/minecraft/server/plugins/CommandHelper/main.ms:10
2015-07-31 07:25.34 - [CommandHelper][ERROR][COMPILER] COMPILE ERROR: Invalid label specified
	:/home/minecraft/server/plugins/CommandHelper/config.txt:7
 /home/minecraft/server/plugins/CommandHelper/config.txt:7
2015-07-31 07:25.53 - [CommandHelper][ERROR][COMPILER] COMPILE ERROR: The escape sequence \Q is not a recognized escape sequence
	:/home/minecraft/server/plugins/CommandHelper/main.ms:10
 /home/minecraft/server/plugins/CommandHelper/main.ms:10
2015-07-31 07:25.53 - [CommandHelper][ERROR][COMPILER] COMPILE ERROR: Invalid label specified
	:/home/minecraft/server/plugins/CommandHelper/config.txt:7
 /home/minecraft/server/plugins/CommandHelper/config.txt:7
2015-07-31 07:26.58 - [CommandHelper][ERROR][COMPILER] COMPILE ERROR: Invalid label specified
	:/home/minecraft/server/plugins/CommandHelper/config.txt:7
 /home/minecraft/server/plugins/CommandHelper/config.txt:7
2015-07-31 07:27.49 - [CommandHelper][ERROR][COMPILER] COMPILE ERROR: Invalid label specified
	:/home/minecraft/server/plugins/CommandHelper/config.txt:7
 /home/minecraft/server/plugins/CommandHelper/config.txt:7
2015-07-31 09:20.45 - [CommandHelper][ERROR][COMPILER] COMPILE ERROR: Invalid label specified
	:/home/minecraft/server/plugins/CommandHelper/config.txt:7
 /home/minecraft/server/plugins/CommandHelper/config.txt:7
2015-07-31 09:23.01 - [CommandHelper][ERROR][COMPILER] COMPILE ERROR: Invalid label specified
	:/home/minecraft/server/plugins/CommandHelper/config.txt:7
 /home/minecraft/server/plugins/CommandHelper/config.txt:7
2015-07-31 09:26.09 - [CommandHelper][ERROR][COMPILER] COMPILE ERROR: Invalid label specified
	:/home/minecraft/server/plugins/CommandHelper/config.txt:7
 /home/minecraft/server/plugins/CommandHelper/config.txt:7
2015-07-31 09:29.16 - [CommandHelper][ERROR][COMPILER] COMPILE ERROR: Invalid label specified
	:/home/minecraft/server/plugins/CommandHelper/config.txt:7
 /home/minecraft/server/plugins/CommandHelper/config.txt:7
2015-07-31 09:38.30 - [CommandHelper][ERROR][COMPILER] COMPILE ERROR: Invalid label specified
	:/home/minecraft/server/plugins/CommandHelper/config.txt:7
 /home/minecraft/server/plugins/CommandHelper/config.txt:7
2015-07-31 09:45.36 - [CommandHelper][ERROR][COMPILER] COMPILE ERROR: The escape sequence \b is not a recognized escape sequence
	:/home/minecraft/server/plugins/CommandHelper/main.ms:18
 /home/minecraft/server/plugins/CommandHelper/main.ms:18
2015-07-31 09:45.36 - [CommandHelper][ERROR][COMPILER] COMPILE ERROR: Invalid label specified
	:/home/minecraft/server/plugins/CommandHelper/config.txt:7
 /home/minecraft/server/plugins/CommandHelper/config.txt:7
2015-07-31 09:49.12 - [CommandHelper][ERROR][COMPILER] COMPILE ERROR: Invalid label specified
	:/home/minecraft/server/plugins/CommandHelper/config.txt:7
 /home/minecraft/server/plugins/CommandHelper/config.txt:7
2015-07-31 11:14.54 - [CommandHelper][ERROR][COMPILER] COMPILE ERROR: Incorrect number of arguments passed to if()
	:/home/minecraft/server/plugins/CommandHelper/main.ms:9
 /home/minecraft/server/plugins/CommandHelper/main.ms:9
2015-07-31 11:14.54 - [CommandHelper][ERROR][COMPILER] COMPILE ERROR: Invalid label specified
	:/home/minecraft/server/plugins/CommandHelper/config.txt:7
 /home/minecraft/server/plugins/CommandHelper/config.txt:7
2015-07-31 11:19.23 - [CommandHelper][ERROR][COMPILER] COMPILE ERROR: Incorrect number of arguments passed to if()
	:/home/minecraft/server/plugins/CommandHelper/main.ms:9
 /home/minecraft/server/plugins/CommandHelper/main.ms:9
2015-07-31 11:19.23 - [CommandHelper][ERROR][COMPILER] COMPILE ERROR: Invalid label specified
	:/home/minecraft/server/plugins/CommandHelper/config.txt:7
 /home/minecraft/server/plugins/CommandHelper/config.txt:7
2015-07-31 11:28.25 - [CommandHelper][ERROR][COMPILER] COMPILE ERROR: Incorrect number of arguments passed to if()
	:/home/minecraft/server/plugins/CommandHelper/main.ms:9
 /home/minecraft/server/plugins/CommandHelper/main.ms:9
2015-07-31 11:28.25 - [CommandHelper][ERROR][COMPILER] COMPILE ERROR: Invalid label specified
	:/home/minecraft/server/plugins/CommandHelper/config.txt:7
 /home/minecraft/server/plugins/CommandHelper/config.txt:7
2015-07-31 11:51.26 - [CommandHelper][ERROR][COMPILER] COMPILE ERROR: Incorrect number of arguments passed to if()
	:/home/minecraft/server/plugins/CommandHelper/main.ms:11
 /home/minecraft/server/plugins/CommandHelper/main.ms:11
2015-07-31 11:51.26 - [CommandHelper][ERROR][COMPILER] COMPILE ERROR: Incorrect number of arguments passed to if()
	:/home/minecraft/server/plugins/CommandHelper/main.ms:9
 /home/minecraft/server/plugins/CommandHelper/main.ms:9
2015-07-31 11:51.26 - [CommandHelper][ERROR][COMPILER] COMPILE ERROR: Invalid label specified
	:/home/minecraft/server/plugins/CommandHelper/config.txt:7
 /home/minecraft/server/plugins/CommandHelper/config.txt:7
2015-07-31 11:51.55 - [CommandHelper][ERROR][COMPILER] COMPILE ERROR: Incorrect number of arguments passed to if()
	:/home/minecraft/server/plugins/CommandHelper/main.ms:9
 /home/minecraft/server/plugins/CommandHelper/main.ms:9
2015-07-31 11:51.55 - [CommandHelper][ERROR][COMPILER] COMPILE ERROR: Incorrect number of arguments passed to if()
	:/home/minecraft/server/plugins/CommandHelper/main.ms:11
 /home/minecraft/server/plugins/CommandHelper/main.ms:11
2015-07-31 11:51.55 - [CommandHelper][ERROR][COMPILER] COMPILE ERROR: Invalid label specified
	:/home/minecraft/server/plugins/CommandHelper/config.txt:7
 /home/minecraft/server/plugins/CommandHelper/config.txt:7
2015-07-31 11:52.40 - [CommandHelper][ERROR][COMPILER] COMPILE ERROR: Incorrect number of arguments passed to if()
	:/home/minecraft/server/plugins/CommandHelper/main.ms:11
 /home/minecraft/server/plugins/CommandHelper/main.ms:11
2015-07-31 11:52.40 - [CommandHelper][ERROR][COMPILER] COMPILE ERROR: Incorrect number of arguments passed to if()
	:/home/minecraft/server/plugins/CommandHelper/main.ms:9
 /home/minecraft/server/plugins/CommandHelper/main.ms:9
2015-07-31 11:52.40 - [CommandHelper][ERROR][COMPILER] COMPILE ERROR: Invalid label specified
	:/home/minecraft/server/plugins/CommandHelper/config.txt:7
 /home/minecraft/server/plugins/CommandHelper/config.txt:7
2015-07-31 11:55.05 - [CommandHelper][ERROR][COMPILER] COMPILE ERROR: Invalid label specified
	:/home/minecraft/server/plugins/CommandHelper/config.txt:7
 /home/minecraft/server/plugins/CommandHelper/config.txt:7
2015-07-31 11:58.22 - [CommandHelper][ERROR][COMPILER] COMPILE ERROR: Invalid label specified
	:/home/minecraft/server/plugins/CommandHelper/config.txt:7
 /home/minecraft/server/plugins/CommandHelper/config.txt:7
