2016-06-12 02:32.32 - [CommandHelper][ERROR][RUNTIME] InsufficientPermissionException: You do not have permission to use the sudo function.
	<<main code>>:/home/minecraft/server/plugins/CommandHelper/config.txt:351
 /home/minecraft/server/plugins/CommandHelper/config.txt:351
2016-06-12 04:20.46 - [CommandHelper][ERROR][RUNTIME] InsufficientPermissionException: You do not have permission to use the sudo function.
	<<main code>>:/home/minecraft/server/plugins/CommandHelper/config.txt:311
 /home/minecraft/server/plugins/CommandHelper/config.txt:311
2016-06-12 04:44.45 - [CommandHelper][ERROR][RUNTIME] When trying to convert org.bukkit.event.entity.EntityDamageEvent$DamageCause.HOT_FLOOR to a com.laytonsmith.abstraction.enums.MCDamageCause, no match was found. This may be caused by an old plugin version, or a newer server version.
2016-06-12 04:44.46 - [CommandHelper][ERROR][RUNTIME] When trying to convert org.bukkit.event.entity.EntityDamageEvent$DamageCause.HOT_FLOOR to a com.laytonsmith.abstraction.enums.MCDamageCause, no match was found. This may be caused by an old plugin version, or a newer server version.
2016-06-12 04:49.37 - [CommandHelper][ERROR][RUNTIME] InsufficientPermissionException: You do not have permission to use the sudo function.
	<<main code>>:/home/minecraft/server/plugins/CommandHelper/config.txt:248
 /home/minecraft/server/plugins/CommandHelper/config.txt:248
2016-06-12 04:57.06 - [CommandHelper][ERROR][RUNTIME] InsufficientPermissionException: You do not have permission to use the sudo function.
	<<main code>>:/home/minecraft/server/plugins/CommandHelper/config.txt:291
 /home/minecraft/server/plugins/CommandHelper/config.txt:291
2016-06-12 04:57.09 - [CommandHelper][ERROR][RUNTIME] InsufficientPermissionException: You do not have permission to use the sudo function.
	<<main code>>:/home/minecraft/server/plugins/CommandHelper/config.txt:287
 /home/minecraft/server/plugins/CommandHelper/config.txt:287
2016-06-12 05:04.04 - [CommandHelper][ERROR][RUNTIME] InsufficientPermissionException: You do not have permission to use the sudo function.
	<<main code>>:/home/minecraft/server/plugins/CommandHelper/config.txt:569
 /home/minecraft/server/plugins/CommandHelper/config.txt:569
2016-06-12 05:08.30 - [CommandHelper][ERROR][RUNTIME] When trying to convert org.bukkit.event.entity.EntityDamageEvent$DamageCause.HOT_FLOOR to a com.laytonsmith.abstraction.enums.MCDamageCause, no match was found. This may be caused by an old plugin version, or a newer server version.
2016-06-12 05:08.32 - [CommandHelper][ERROR][RUNTIME] When trying to convert org.bukkit.event.entity.EntityDamageEvent$DamageCause.HOT_FLOOR to a com.laytonsmith.abstraction.enums.MCDamageCause, no match was found. This may be caused by an old plugin version, or a newer server version.
2016-06-12 05:11.28 - [CommandHelper][ERROR][RUNTIME] InsufficientPermissionException: You do not have permission to use the sudo function.
	<<main code>>:/home/minecraft/server/plugins/CommandHelper/config.txt:355
 /home/minecraft/server/plugins/CommandHelper/config.txt:355
2016-06-12 05:19.17 - [CommandHelper][ERROR][RUNTIME] InsufficientPermissionException: You do not have permission to use the sudo function.
	<<main code>>:/home/minecraft/server/plugins/CommandHelper/config.txt:347
 /home/minecraft/server/plugins/CommandHelper/config.txt:347
2016-06-12 05:19.20 - [CommandHelper][ERROR][RUNTIME] InsufficientPermissionException: You do not have permission to use the sudo function.
	<<main code>>:/home/minecraft/server/plugins/CommandHelper/config.txt:343
 /home/minecraft/server/plugins/CommandHelper/config.txt:343
2016-06-12 05:29.28 - [CommandHelper][ERROR][RUNTIME] InsufficientPermissionException: You do not have permission to use the sudo function.
	<<main code>>:/home/minecraft/server/plugins/CommandHelper/config.txt:1185
 /home/minecraft/server/plugins/CommandHelper/config.txt:1185
2016-06-12 05:30.45 - [CommandHelper][ERROR][RUNTIME] InsufficientPermissionException: You do not have permission to use the sudo function.
	<<main code>>:/home/minecraft/server/plugins/CommandHelper/config.txt:248
 /home/minecraft/server/plugins/CommandHelper/config.txt:248
2016-06-12 05:33.06 - [CommandHelper][ERROR][RUNTIME] InsufficientPermissionException: You do not have permission to use the sudo function.
	<<main code>>:/home/minecraft/server/plugins/CommandHelper/config.txt:1116
 /home/minecraft/server/plugins/CommandHelper/config.txt:1116
2016-06-12 05:36.07 - [CommandHelper][ERROR][RUNTIME] InsufficientPermissionException: You do not have permission to use the sudo function.
	<<main code>>:/home/minecraft/server/plugins/CommandHelper/config.txt:248
 /home/minecraft/server/plugins/CommandHelper/config.txt:248
2016-06-12 05:42.06 - [CommandHelper][ERROR][RUNTIME] InsufficientPermissionException: You do not have permission to use the sudo function.
	<<main code>>:/home/minecraft/server/plugins/CommandHelper/config.txt:371
 /home/minecraft/server/plugins/CommandHelper/config.txt:371
2016-06-12 05:45.32 - [CommandHelper][ERROR][RUNTIME] InsufficientPermissionException: You do not have permission to use the sudo function.
	<<main code>>:/home/minecraft/server/plugins/CommandHelper/config.txt:248
 /home/minecraft/server/plugins/CommandHelper/config.txt:248
2016-06-12 05:49.22 - [CommandHelper][ERROR][RUNTIME] InsufficientPermissionException: You do not have permission to use the sudo function.
	<<main code>>:/home/minecraft/server/plugins/CommandHelper/config.txt:248
 /home/minecraft/server/plugins/CommandHelper/config.txt:248
2016-06-12 05:49.59 - [CommandHelper][ERROR][RUNTIME] InsufficientPermissionException: You do not have permission to use the sudo function.
	<<main code>>:/home/minecraft/server/plugins/CommandHelper/config.txt:248
 /home/minecraft/server/plugins/CommandHelper/config.txt:248
2016-06-12 05:50.15 - [CommandHelper][ERROR][RUNTIME] InsufficientPermissionException: You do not have permission to use the sudo function.
	<<main code>>:/home/minecraft/server/plugins/CommandHelper/config.txt:248
 /home/minecraft/server/plugins/CommandHelper/config.txt:248
2016-06-12 06:07.53 - [CommandHelper][ERROR][RUNTIME] InsufficientPermissionException: You do not have permission to use the sudo function.
	<<main code>>:/home/minecraft/server/plugins/CommandHelper/config.txt:303
 /home/minecraft/server/plugins/CommandHelper/config.txt:303
2016-06-12 06:27.13 - [CommandHelper][ERROR][RUNTIME] InsufficientPermissionException: You do not have permission to use the sudo function.
	<<main code>>:/home/minecraft/server/plugins/CommandHelper/config.txt:267
 /home/minecraft/server/plugins/CommandHelper/config.txt:267
2016-06-12 07:59.57 - [CommandHelper][ERROR][RUNTIME] InsufficientPermissionException: You do not have permission to use the sudo function.
	<<main code>>:/home/minecraft/server/plugins/CommandHelper/config.txt:331
 /home/minecraft/server/plugins/CommandHelper/config.txt:331
2016-06-12 08:00.02 - [CommandHelper][ERROR][RUNTIME] InsufficientPermissionException: You do not have permission to use the sudo function.
	<<main code>>:/home/minecraft/server/plugins/CommandHelper/config.txt:347
 /home/minecraft/server/plugins/CommandHelper/config.txt:347
2016-06-12 08:25.00 - [CommandHelper][ERROR][RUNTIME] InsufficientPermissionException: You do not have permission to use the sudo function.
	<<main code>>:/home/minecraft/server/plugins/CommandHelper/config.txt:925
 /home/minecraft/server/plugins/CommandHelper/config.txt:925
2016-06-12 08:25.09 - [CommandHelper][ERROR][RUNTIME] InsufficientPermissionException: You do not have permission to use the sudo function.
	<<main code>>:/home/minecraft/server/plugins/CommandHelper/config.txt:925
 /home/minecraft/server/plugins/CommandHelper/config.txt:925
2016-06-12 08:36.34 - [CommandHelper][ERROR][RUNTIME] InsufficientPermissionException: You do not have permission to use the sudo function.
	<<main code>>:/home/minecraft/server/plugins/CommandHelper/config.txt:1060
 /home/minecraft/server/plugins/CommandHelper/config.txt:1060
2016-06-12 08:36.50 - [CommandHelper][ERROR][RUNTIME] InsufficientPermissionException: You do not have permission to use the sudo function.
	<<main code>>:/home/minecraft/server/plugins/CommandHelper/config.txt:1060
 /home/minecraft/server/plugins/CommandHelper/config.txt:1060
2016-06-12 08:39.31 - [CommandHelper][ERROR][RUNTIME] InsufficientPermissionException: You do not have permission to use the sudo function.
	<<main code>>:/home/minecraft/server/plugins/CommandHelper/config.txt:1054
 /home/minecraft/server/plugins/CommandHelper/config.txt:1054
2016-06-12 08:47.23 - [CommandHelper][ERROR][RUNTIME] InsufficientPermissionException: You do not have permission to use the sudo function.
	<<main code>>:/home/minecraft/server/plugins/CommandHelper/config.txt:925
 /home/minecraft/server/plugins/CommandHelper/config.txt:925
2016-06-12 08:55.04 - [CommandHelper][ERROR][RUNTIME] InsufficientPermissionException: You do not have permission to use the sudo function.
	<<main code>>:/home/minecraft/server/plugins/CommandHelper/config.txt:1054
 /home/minecraft/server/plugins/CommandHelper/config.txt:1054
2016-06-12 08:55.17 - [CommandHelper][ERROR][RUNTIME] InsufficientPermissionException: You do not have permission to use the sudo function.
	<<main code>>:/home/minecraft/server/plugins/CommandHelper/config.txt:1054
 /home/minecraft/server/plugins/CommandHelper/config.txt:1054
2016-06-12 08:59.44 - [CommandHelper][ERROR][RUNTIME] InsufficientPermissionException: You do not have permission to use the sudo function.
	<<main code>>:/home/minecraft/server/plugins/CommandHelper/config.txt:331
 /home/minecraft/server/plugins/CommandHelper/config.txt:331
2016-06-12 09:05.49 - [CommandHelper][ERROR][RUNTIME] When trying to convert org.bukkit.event.entity.EntityDamageEvent$DamageCause.HOT_FLOOR to a com.laytonsmith.abstraction.enums.MCDamageCause, no match was found. This may be caused by an old plugin version, or a newer server version.
2016-06-12 11:48.59 - [CommandHelper][ERROR][RUNTIME] InsufficientPermissionException: You do not have permission to use the sudo function.
	<<main code>>:/home/minecraft/server/plugins/CommandHelper/config.txt:248
 /home/minecraft/server/plugins/CommandHelper/config.txt:248
2016-06-12 11:52.17 - [CommandHelper][ERROR][RUNTIME] FormatException: In the key "storage.afk.._, the namespace "_" is not allowed. (Namespaces may contain an underscore, but may not be just an underscore.)
	<<main code>>:/home/minecraft/server/plugins/CommandHelper/main.ms:262
 /home/minecraft/server/plugins/CommandHelper/main.ms:262
