2016-05-14 10:41.38 - [CommandHelper][ERROR][RUNTIME] FormatException: In the key "storage.afk.._, the namespace "_" is not allowed. (Namespaces may contain an underscore, but may not be just an underscore.)
	<<main code>>:/home/minecraft/server/plugins/CommandHelper/main.ms:206
 /home/minecraft/server/plugins/CommandHelper/main.ms:206
2016-05-14 11:07.54 - [CommandHelper][ERROR][RUNTIME] InsufficientPermissionException: You do not have permission to use the sudo function.
	<<main code>>:/home/minecraft/server/plugins/CommandHelper/config.txt:267
 /home/minecraft/server/plugins/CommandHelper/config.txt:267
2016-05-14 11:15.50 - [CommandHelper][ERROR][RUNTIME] InsufficientPermissionException: You do not have permission to use the sudo function.
	<<main code>>:/home/minecraft/server/plugins/CommandHelper/config.txt:371
 /home/minecraft/server/plugins/CommandHelper/config.txt:371
2016-05-14 11:18.30 - [CommandHelper][ERROR][RUNTIME] InsufficientPermissionException: You do not have permission to use the sudo function.
	<<main code>>:/home/minecraft/server/plugins/CommandHelper/config.txt:386
 /home/minecraft/server/plugins/CommandHelper/config.txt:386
2016-05-14 11:18.33 - [CommandHelper][ERROR][RUNTIME] InsufficientPermissionException: You do not have permission to use the sudo function.
	<<main code>>:/home/minecraft/server/plugins/CommandHelper/config.txt:248
 /home/minecraft/server/plugins/CommandHelper/config.txt:248
2016-05-14 11:26.07 - [CommandHelper][ERROR][RUNTIME] InsufficientPermissionException: You do not have permission to use the sudo function.
	<<main code>>:/home/minecraft/server/plugins/CommandHelper/config.txt:291
 /home/minecraft/server/plugins/CommandHelper/config.txt:291
2016-05-14 11:31.40 - [CommandHelper][ERROR][RUNTIME] InsufficientPermissionException: You do not have permission to use the sudo function.
	<<main code>>:/home/minecraft/server/plugins/CommandHelper/config.txt:259
 /home/minecraft/server/plugins/CommandHelper/config.txt:259
2016-05-14 11:32.38 - [CommandHelper][ERROR][RUNTIME] FormatException: In the key "storage.afk.._, the namespace "_" is not allowed. (Namespaces may contain an underscore, but may not be just an underscore.)
	<<main code>>:/home/minecraft/server/plugins/CommandHelper/main.ms:206
 /home/minecraft/server/plugins/CommandHelper/main.ms:206
2016-05-14 11:50.09 - [CommandHelper][ERROR][RUNTIME] InsufficientPermissionException: You do not have permission to use the sudo function.
	<<main code>>:/home/minecraft/server/plugins/CommandHelper/config.txt:371
 /home/minecraft/server/plugins/CommandHelper/config.txt:371
2016-05-14 11:53.56 - [CommandHelper][ERROR][RUNTIME] InsufficientPermissionException: You do not have permission to use the sudo function.
	<<main code>>:/home/minecraft/server/plugins/CommandHelper/config.txt:331
 /home/minecraft/server/plugins/CommandHelper/config.txt:331
