2016-07-04 03:34.25 - [CommandHelper][ERROR][RUNTIME] InsufficientPermissionException: You do not have permission to use the sudo function.
	<<main code>>:/home/minecraft/server/plugins/CommandHelper/config.txt:286
 /home/minecraft/server/plugins/CommandHelper/config.txt:286
2016-07-04 03:34.28 - [CommandHelper][ERROR][RUNTIME] InsufficientPermissionException: You do not have permission to use the sudo function.
	<<main code>>:/home/minecraft/server/plugins/CommandHelper/config.txt:282
 /home/minecraft/server/plugins/CommandHelper/config.txt:282
2016-07-04 04:11.56 - [CommandHelper][ERROR][RUNTIME] InsufficientPermissionException: You do not have permission to use the sudo function.
	<<main code>>:/home/minecraft/server/plugins/CommandHelper/config.txt:318
 /home/minecraft/server/plugins/CommandHelper/config.txt:318
2016-07-04 04:15.58 - [CommandHelper][ERROR][RUNTIME] InsufficientPermissionException: You do not have permission to use the sudo function.
	<<main code>>:/home/minecraft/server/plugins/CommandHelper/config.txt:259
 /home/minecraft/server/plugins/CommandHelper/config.txt:259
2016-07-04 01:07.50 - [CommandHelper][ERROR][RUNTIME] InsufficientPermissionException: You do not have permission to use the sudo function.
	<<main code>>:/home/minecraft/server/plugins/CommandHelper/config.txt:326
 /home/minecraft/server/plugins/CommandHelper/config.txt:326
2016-07-04 01:08.05 - [CommandHelper][ERROR][RUNTIME] InsufficientPermissionException: You do not have permission to use the sudo function.
	<<main code>>:/home/minecraft/server/plugins/CommandHelper/config.txt:326
 /home/minecraft/server/plugins/CommandHelper/config.txt:326
2016-07-04 01:29.39 - [CommandHelper][ERROR][RUNTIME] InsufficientPermissionException: You do not have permission to use the sudo function.
	<<main code>>:/home/minecraft/server/plugins/CommandHelper/config.txt:338
 /home/minecraft/server/plugins/CommandHelper/config.txt:338
2016-07-04 03:11.09 - [CommandHelper][ERROR][RUNTIME] InsufficientPermissionException: You do not have permission to use the sudo function.
	<<main code>>:/home/minecraft/server/plugins/CommandHelper/config.txt:342
 /home/minecraft/server/plugins/CommandHelper/config.txt:342
2016-07-04 03:26.02 - [CommandHelper][ERROR][RUNTIME] InsufficientPermissionException: You do not have permission to use the sudo function.
	<<main code>>:/home/minecraft/server/plugins/CommandHelper/config.txt:657
 /home/minecraft/server/plugins/CommandHelper/config.txt:657
2016-07-04 03:27.55 - [CommandHelper][ERROR][RUNTIME] InsufficientPermissionException: You do not have permission to use the sudo function.
	<<main code>>:/home/minecraft/server/plugins/CommandHelper/config.txt:302
 /home/minecraft/server/plugins/CommandHelper/config.txt:302
2016-07-04 06:41.34 - [CommandHelper][ERROR][RUNTIME] InsufficientPermissionException: You do not have permission to use the broadcast function.
	<<closure>>:/home/minecraft/server/plugins/CommandHelper/config.txt:1384
 /home/minecraft/server/plugins/CommandHelper/config.txt:1384
2016-07-04 06:41.35 - [CommandHelper][ERROR][RUNTIME] InsufficientPermissionException: You do not have permission to use the broadcast function.
	<<closure>>:/home/minecraft/server/plugins/CommandHelper/config.txt:1388
 /home/minecraft/server/plugins/CommandHelper/config.txt:1388
2016-07-04 06:41.36 - [CommandHelper][ERROR][RUNTIME] InsufficientPermissionException: You do not have permission to use the broadcast function.
	<<closure>>:/home/minecraft/server/plugins/CommandHelper/config.txt:1392
 /home/minecraft/server/plugins/CommandHelper/config.txt:1392
2016-07-04 06:41.39 - [CommandHelper][ERROR][RUNTIME] InsufficientPermissionException: You do not have permission to use the pmode function.
	<<closure>>:/home/minecraft/server/plugins/CommandHelper/config.txt:1403
 /home/minecraft/server/plugins/CommandHelper/config.txt:1403
2016-07-04 06:51.42 - [CommandHelper][ERROR][RUNTIME] InsufficientPermissionException: You do not have permission to use the sudo function.
	<<main code>>:/home/minecraft/server/plugins/CommandHelper/config.txt:326
 /home/minecraft/server/plugins/CommandHelper/config.txt:326
2016-07-04 07:11.42 - [CommandHelper][ERROR][RUNTIME] InsufficientPermissionException: You do not have permission to use the sudo function.
	<<main code>>:/home/minecraft/server/plugins/CommandHelper/config.txt:322
 /home/minecraft/server/plugins/CommandHelper/config.txt:322
2016-07-04 07:12.32 - [CommandHelper][ERROR][RUNTIME] InsufficientPermissionException: You do not have permission to use the sudo function.
	<<main code>>:/home/minecraft/server/plugins/CommandHelper/config.txt:1062
 /home/minecraft/server/plugins/CommandHelper/config.txt:1062
2016-07-04 07:14.27 - [CommandHelper][ERROR][RUNTIME] InsufficientPermissionException: You do not have permission to use the sudo function.
	<<main code>>:/home/minecraft/server/plugins/CommandHelper/config.txt:259
 /home/minecraft/server/plugins/CommandHelper/config.txt:259
2016-07-04 07:20.23 - [CommandHelper][ERROR][RUNTIME] InsufficientPermissionException: You do not have permission to use the sudo function.
	<<main code>>:/home/minecraft/server/plugins/CommandHelper/config.txt:342
 /home/minecraft/server/plugins/CommandHelper/config.txt:342
2016-07-04 08:13.16 - [CommandHelper][ERROR][RUNTIME] InsufficientPermissionException: You do not have permission to use the sudo function.
	<<main code>>:/home/minecraft/server/plugins/CommandHelper/config.txt:259
 /home/minecraft/server/plugins/CommandHelper/config.txt:259
2016-07-04 08:19.27 - [CommandHelper][ERROR][RUNTIME] InsufficientPermissionException: You do not have permission to use the all_players function.
	<<main code>>:/home/minecraft/server/plugins/CommandHelper/config.txt:1370
 /home/minecraft/server/plugins/CommandHelper/config.txt:1370
2016-07-04 08:20.37 - [CommandHelper][ERROR][RUNTIME] InsufficientPermissionException: You do not have permission to use the sudo function.
	<<main code>>:/home/minecraft/server/plugins/CommandHelper/config.txt:259
 /home/minecraft/server/plugins/CommandHelper/config.txt:259
2016-07-04 08:21.29 - [CommandHelper][ERROR][RUNTIME] InsufficientPermissionException: You do not have permission to use the all_players function.
	<<main code>>:/home/minecraft/server/plugins/CommandHelper/config.txt:1370
 /home/minecraft/server/plugins/CommandHelper/config.txt:1370
2016-07-04 08:28.02 - [CommandHelper][ERROR][RUNTIME] InsufficientPermissionException: You do not have permission to use the all_players function.
	<<main code>>:/home/minecraft/server/plugins/CommandHelper/config.txt:1370
 /home/minecraft/server/plugins/CommandHelper/config.txt:1370
2016-07-04 10:06.21 - [CommandHelper][ERROR][RUNTIME] InsufficientPermissionException: You do not have permission to use the sudo function.
	<<main code>>:/home/minecraft/server/plugins/CommandHelper/config.txt:382
 /home/minecraft/server/plugins/CommandHelper/config.txt:382
2016-07-04 11:34.56 - [CommandHelper][ERROR][RUNTIME] InsufficientPermissionException: You do not have permission to use the sudo function.
	<<main code>>:/home/minecraft/server/plugins/CommandHelper/config.txt:780
 /home/minecraft/server/plugins/CommandHelper/config.txt:780
