2016-06-30 06:51.14 - [CommandHelper][ERROR][RUNTIME] InsufficientPermissionException: You do not have permission to use the sudo function.
	<<main code>>:/home/minecraft/server/plugins/CommandHelper/config.txt:1152
 /home/minecraft/server/plugins/CommandHelper/config.txt:1152
2016-06-30 07:13.44 - [CommandHelper][ERROR][RUNTIME] InsufficientPermissionException: You do not have permission to use the sudo function.
	<<main code>>:/home/minecraft/server/plugins/CommandHelper/config.txt:259
 /home/minecraft/server/plugins/CommandHelper/config.txt:259
2016-06-30 07:15.37 - [CommandHelper][ERROR][RUNTIME] InsufficientPermissionException: You do not have permission to use the sudo function.
	<<main code>>:/home/minecraft/server/plugins/CommandHelper/config.txt:342
 /home/minecraft/server/plugins/CommandHelper/config.txt:342
2016-06-30 07:15.46 - [CommandHelper][ERROR][RUNTIME] InsufficientPermissionException: You do not have permission to use the sudo function.
	<<main code>>:/home/minecraft/server/plugins/CommandHelper/config.txt:326
 /home/minecraft/server/plugins/CommandHelper/config.txt:326
2016-06-30 07:24.01 - [CommandHelper][ERROR][RUNTIME] InsufficientPermissionException: You do not have permission to use the sudo function.
	<<main code>>:/home/minecraft/server/plugins/CommandHelper/config.txt:326
 /home/minecraft/server/plugins/CommandHelper/config.txt:326
2016-06-30 07:24.08 - [CommandHelper][ERROR][RUNTIME] InsufficientPermissionException: You do not have permission to use the sudo function.
	<<main code>>:/home/minecraft/server/plugins/CommandHelper/config.txt:326
 /home/minecraft/server/plugins/CommandHelper/config.txt:326
2016-06-30 07:42.01 - [CommandHelper][ERROR][RUNTIME] InsufficientPermissionException: You do not have permission to use the all_players function.
	<<main code>>:/home/minecraft/server/plugins/CommandHelper/config.txt:1370
 /home/minecraft/server/plugins/CommandHelper/config.txt:1370
2016-06-30 07:50.08 - [CommandHelper][ERROR][RUNTIME] InsufficientPermissionException: You do not have permission to use the sudo function.
	<<main code>>:/home/minecraft/server/plugins/CommandHelper/config.txt:282
 /home/minecraft/server/plugins/CommandHelper/config.txt:282
2016-06-30 07:50.10 - [CommandHelper][ERROR][RUNTIME] InsufficientPermissionException: You do not have permission to use the sudo function.
	<<main code>>:/home/minecraft/server/plugins/CommandHelper/config.txt:282
 /home/minecraft/server/plugins/CommandHelper/config.txt:282
2016-06-30 08:39.59 - [CommandHelper][ERROR][RUNTIME] InsufficientPermissionException: You do not have permission to use the sudo function.
	<<main code>>:/home/minecraft/server/plugins/CommandHelper/config.txt:259
 /home/minecraft/server/plugins/CommandHelper/config.txt:259
2016-06-30 10:46.24 - [CommandHelper][ERROR][RUNTIME] InsufficientPermissionException: You do not have permission to use the sudo function.
	<<main code>>:/home/minecraft/server/plugins/CommandHelper/config.txt:370
 /home/minecraft/server/plugins/CommandHelper/config.txt:370
2016-06-30 10:46.37 - [CommandHelper][ERROR][RUNTIME] InsufficientPermissionException: You do not have permission to use the sudo function.
	<<main code>>:/home/minecraft/server/plugins/CommandHelper/config.txt:322
 /home/minecraft/server/plugins/CommandHelper/config.txt:322
2016-06-30 10:46.44 - [CommandHelper][ERROR][RUNTIME] InsufficientPermissionException: You do not have permission to use the sudo function.
	<<main code>>:/home/minecraft/server/plugins/CommandHelper/config.txt:326
 /home/minecraft/server/plugins/CommandHelper/config.txt:326
2016-06-30 10:46.49 - [CommandHelper][ERROR][RUNTIME] InsufficientPermissionException: You do not have permission to use the sudo function.
	<<main code>>:/home/minecraft/server/plugins/CommandHelper/config.txt:326
 /home/minecraft/server/plugins/CommandHelper/config.txt:326
2016-06-30 10:47.03 - [CommandHelper][ERROR][RUNTIME] InsufficientPermissionException: You do not have permission to use the sudo function.
	<<main code>>:/home/minecraft/server/plugins/CommandHelper/config.txt:322
 /home/minecraft/server/plugins/CommandHelper/config.txt:322
2016-06-30 11:16.31 - [CommandHelper][ERROR][RUNTIME] InsufficientPermissionException: You do not have permission to use the sudo function.
	<<main code>>:/home/minecraft/server/plugins/CommandHelper/config.txt:322
 /home/minecraft/server/plugins/CommandHelper/config.txt:322
2016-06-30 11:41.02 - [CommandHelper][ERROR][RUNTIME] InsufficientPermissionException: You do not have permission to use the get_value function.
	<<main code>>:/home/minecraft/server/plugins/CommandHelper/config.txt:1439
 /home/minecraft/server/plugins/CommandHelper/config.txt:1439
2016-06-30 11:41.07 - [CommandHelper][ERROR][RUNTIME] InsufficientPermissionException: You do not have permission to use the pinfo function.
	<<main code>>:/home/minecraft/server/plugins/CommandHelper/config.txt:1476
 /home/minecraft/server/plugins/CommandHelper/config.txt:1476
