2016-06-03 00:02.44 - [CommandHelper][ERROR][RUNTIME] InsufficientPermissionException: You do not have permission to use the sudo function.
	<<main code>>:/home/minecraft/server/plugins/CommandHelper/config.txt:736
 /home/minecraft/server/plugins/CommandHelper/config.txt:736
2016-06-03 03:28.57 - [CommandHelper][ERROR][RUNTIME] InsufficientPermissionException: You do not have permission to use the sudo function.
	<<main code>>:/home/minecraft/server/plugins/CommandHelper/config.txt:343
 /home/minecraft/server/plugins/CommandHelper/config.txt:343
2016-06-03 07:38.45 - [CommandHelper][ERROR][RUNTIME] InsufficientPermissionException: You do not have permission to use the sudo function.
	<<main code>>:/home/minecraft/server/plugins/CommandHelper/config.txt:371
 /home/minecraft/server/plugins/CommandHelper/config.txt:371
2016-06-03 00:07.14 - [CommandHelper][ERROR][RUNTIME] InsufficientPermissionException: You do not have permission to use the sudo function.
	<<main code>>:/home/minecraft/server/plugins/CommandHelper/config.txt:657
 /home/minecraft/server/plugins/CommandHelper/config.txt:657
2016-06-03 00:07.24 - [CommandHelper][ERROR][RUNTIME] InsufficientPermissionException: You do not have permission to use the sudo function.
	<<main code>>:/home/minecraft/server/plugins/CommandHelper/config.txt:307
 /home/minecraft/server/plugins/CommandHelper/config.txt:307
2016-06-03 00:07.32 - [CommandHelper][ERROR][RUNTIME] InsufficientPermissionException: You do not have permission to use the sudo function.
	<<main code>>:/home/minecraft/server/plugins/CommandHelper/config.txt:271
 /home/minecraft/server/plugins/CommandHelper/config.txt:271
2016-06-03 00:09.18 - [CommandHelper][ERROR][RUNTIME] InsufficientPermissionException: You do not have permission to use the sudo function.
	<<main code>>:/home/minecraft/server/plugins/CommandHelper/config.txt:248
 /home/minecraft/server/plugins/CommandHelper/config.txt:248
2016-06-03 00:09.23 - [CommandHelper][ERROR][RUNTIME] FormatException: In the key "storage.afk.._, the namespace "_" is not allowed. (Namespaces may contain an underscore, but may not be just an underscore.)
	<<main code>>:/home/minecraft/server/plugins/CommandHelper/main.ms:262
 /home/minecraft/server/plugins/CommandHelper/main.ms:262
2016-06-03 00:15.32 - [CommandHelper][ERROR][RUNTIME] FormatException: In the key "storage.afk.._, the namespace "_" is not allowed. (Namespaces may contain an underscore, but may not be just an underscore.)
	<<main code>>:/home/minecraft/server/plugins/CommandHelper/main.ms:262
 /home/minecraft/server/plugins/CommandHelper/main.ms:262
2016-06-03 04:33.37 - [CommandHelper][ERROR][RUNTIME] InsufficientPermissionException: You do not have permission to use the sudo function.
	<<main code>>:/home/minecraft/server/plugins/CommandHelper/config.txt:351
 /home/minecraft/server/plugins/CommandHelper/config.txt:351
2016-06-03 04:42.59 - [CommandHelper][ERROR][RUNTIME] InsufficientPermissionException: You do not have permission to use the sudo function.
	<<main code>>:/home/minecraft/server/plugins/CommandHelper/config.txt:311
 /home/minecraft/server/plugins/CommandHelper/config.txt:311
2016-06-03 04:43.06 - [CommandHelper][ERROR][RUNTIME] InsufficientPermissionException: You do not have permission to use the sudo function.
	<<main code>>:/home/minecraft/server/plugins/CommandHelper/config.txt:307
 /home/minecraft/server/plugins/CommandHelper/config.txt:307
2016-06-03 04:46.41 - [CommandHelper][ERROR][RUNTIME] InsufficientPermissionException: You do not have permission to use the pinfo function.
	<<main code>>:/home/minecraft/server/plugins/CommandHelper/config.txt:607
 /home/minecraft/server/plugins/CommandHelper/config.txt:607
2016-06-03 04:46.44 - [CommandHelper][ERROR][RUNTIME] InsufficientPermissionException: You do not have permission to use the pinfo function.
	<<main code>>:/home/minecraft/server/plugins/CommandHelper/config.txt:607
 /home/minecraft/server/plugins/CommandHelper/config.txt:607
2016-06-03 04:46.45 - [CommandHelper][ERROR][RUNTIME] InsufficientPermissionException: You do not have permission to use the pinfo function.
	<<main code>>:/home/minecraft/server/plugins/CommandHelper/config.txt:607
 /home/minecraft/server/plugins/CommandHelper/config.txt:607
2016-06-03 04:47.41 - [CommandHelper][ERROR][RUNTIME] PlayerOfflineException: The specified player (DannyRandt) is not online
	<<main code>>:/home/minecraft/server/plugins/CommandHelper/config.txt:607
 /home/minecraft/server/plugins/CommandHelper/config.txt:607
2016-06-03 04:47.41 - [CommandHelper][ERROR][RUNTIME] PlayerOfflineException: The specified player (DannyRandtt) is not online
	<<main code>>:/home/minecraft/server/plugins/CommandHelper/config.txt:607
 /home/minecraft/server/plugins/CommandHelper/config.txt:607
2016-06-03 04:47.41 - [CommandHelper][ERROR][RUNTIME] PlayerOfflineException: The specified player (DannyRandttt) is not online
	<<main code>>:/home/minecraft/server/plugins/CommandHelper/config.txt:607
 /home/minecraft/server/plugins/CommandHelper/config.txt:607
2016-06-03 04:47.42 - [CommandHelper][ERROR][RUNTIME] PlayerOfflineException: The specified player (DannyRandtttt) is not online
	<<main code>>:/home/minecraft/server/plugins/CommandHelper/config.txt:607
 /home/minecraft/server/plugins/CommandHelper/config.txt:607
2016-06-03 04:47.48 - [CommandHelper][ERROR][RUNTIME] InsufficientPermissionException: You do not have permission to use the sudo function.
	<<main code>>:/home/minecraft/server/plugins/CommandHelper/config.txt:248
 /home/minecraft/server/plugins/CommandHelper/config.txt:248
2016-06-03 09:08.47 - [CommandHelper][ERROR][RUNTIME] InsufficientPermissionException: You do not have permission to use the sudo function.
	<<main code>>:/home/minecraft/server/plugins/CommandHelper/config.txt:371
 /home/minecraft/server/plugins/CommandHelper/config.txt:371
2016-06-03 09:29.09 - [CommandHelper][ERROR][RUNTIME] InsufficientPermissionException: You do not have permission to use the sudo function.
	<<main code>>:/home/minecraft/server/plugins/CommandHelper/config.txt:355
 /home/minecraft/server/plugins/CommandHelper/config.txt:355
2016-06-03 10:16.22 - [CommandHelper][ERROR][RUNTIME] InsufficientPermissionException: You do not have permission to use the sudo function.
	<<main code>>:/home/minecraft/server/plugins/CommandHelper/config.txt:1108
 /home/minecraft/server/plugins/CommandHelper/config.txt:1108
2016-06-03 10:16.45 - [CommandHelper][ERROR][RUNTIME] InsufficientPermissionException: You do not have permission to use the sudo function.
	<<main code>>:/home/minecraft/server/plugins/CommandHelper/config.txt:1108
 /home/minecraft/server/plugins/CommandHelper/config.txt:1108
2016-06-03 10:17.21 - [CommandHelper][ERROR][RUNTIME] InsufficientPermissionException: You do not have permission to use the sudo function.
	<<main code>>:/home/minecraft/server/plugins/CommandHelper/config.txt:1122
 /home/minecraft/server/plugins/CommandHelper/config.txt:1122
2016-06-03 10:18.02 - [CommandHelper][ERROR][RUNTIME] InsufficientPermissionException: You do not have permission to use the sudo function.
	<<main code>>:/home/minecraft/server/plugins/CommandHelper/config.txt:315
 /home/minecraft/server/plugins/CommandHelper/config.txt:315
2016-06-03 10:18.07 - [CommandHelper][ERROR][RUNTIME] InsufficientPermissionException: You do not have permission to use the sudo function.
	<<main code>>:/home/minecraft/server/plugins/CommandHelper/config.txt:315
 /home/minecraft/server/plugins/CommandHelper/config.txt:315
2016-06-03 10:18.14 - [CommandHelper][ERROR][RUNTIME] InsufficientPermissionException: You do not have permission to use the sudo function.
	<<main code>>:/home/minecraft/server/plugins/CommandHelper/config.txt:315
 /home/minecraft/server/plugins/CommandHelper/config.txt:315
2016-06-03 10:18.22 - [CommandHelper][ERROR][RUNTIME] InsufficientPermissionException: You do not have permission to use the sudo function.
	<<main code>>:/home/minecraft/server/plugins/CommandHelper/config.txt:315
 /home/minecraft/server/plugins/CommandHelper/config.txt:315
2016-06-03 10:18.27 - [CommandHelper][ERROR][RUNTIME] InsufficientPermissionException: You do not have permission to use the sudo function.
	<<main code>>:/home/minecraft/server/plugins/CommandHelper/config.txt:315
 /home/minecraft/server/plugins/CommandHelper/config.txt:315
2016-06-03 10:18.30 - [CommandHelper][ERROR][RUNTIME] InsufficientPermissionException: You do not have permission to use the sudo function.
	<<main code>>:/home/minecraft/server/plugins/CommandHelper/config.txt:311
 /home/minecraft/server/plugins/CommandHelper/config.txt:311
2016-06-03 10:19.34 - [CommandHelper][ERROR][RUNTIME] InsufficientPermissionException: You do not have permission to use the sudo function.
	<<main code>>:/home/minecraft/server/plugins/CommandHelper/config.txt:371
 /home/minecraft/server/plugins/CommandHelper/config.txt:371
2016-06-03 10:19.39 - [CommandHelper][ERROR][RUNTIME] InsufficientPermissionException: You do not have permission to use the sudo function.
	<<main code>>:/home/minecraft/server/plugins/CommandHelper/config.txt:315
 /home/minecraft/server/plugins/CommandHelper/config.txt:315
2016-06-03 10:19.41 - [CommandHelper][ERROR][RUNTIME] InsufficientPermissionException: You do not have permission to use the sudo function.
	<<main code>>:/home/minecraft/server/plugins/CommandHelper/config.txt:355
 /home/minecraft/server/plugins/CommandHelper/config.txt:355
2016-06-03 10:30.24 - [CommandHelper][ERROR][RUNTIME] InsufficientPermissionException: You do not have permission to use the sudo function.
	<<main code>>:/home/minecraft/server/plugins/CommandHelper/config.txt:27
 /home/minecraft/server/plugins/CommandHelper/config.txt:27
2016-06-03 10:36.25 - [CommandHelper][ERROR][RUNTIME] InsufficientPermissionException: You do not have permission to use the sudo function.
	<<main code>>:/home/minecraft/server/plugins/CommandHelper/config.txt:248
 /home/minecraft/server/plugins/CommandHelper/config.txt:248
2016-06-03 10:37.22 - [CommandHelper][ERROR][RUNTIME] InsufficientPermissionException: You do not have permission to use the sudo function.
	<<main code>>:/home/minecraft/server/plugins/CommandHelper/config.txt:307
 /home/minecraft/server/plugins/CommandHelper/config.txt:307
2016-06-03 10:43.31 - [CommandHelper][ERROR][RUNTIME] InsufficientPermissionException: You do not have permission to use the sudo function.
	<<main code>>:/home/minecraft/server/plugins/CommandHelper/config.txt:371
 /home/minecraft/server/plugins/CommandHelper/config.txt:371
2016-06-03 10:43.33 - [CommandHelper][ERROR][RUNTIME] InsufficientPermissionException: You do not have permission to use the sudo function.
	<<main code>>:/home/minecraft/server/plugins/CommandHelper/config.txt:371
 /home/minecraft/server/plugins/CommandHelper/config.txt:371
2016-06-03 11:00.16 - [CommandHelper][ERROR][RUNTIME] InsufficientPermissionException: You do not have permission to use the sudo function.
	<<main code>>:/home/minecraft/server/plugins/CommandHelper/config.txt:657
 /home/minecraft/server/plugins/CommandHelper/config.txt:657
2016-06-03 11:01.13 - [CommandHelper][ERROR][RUNTIME] InsufficientPermissionException: You do not have permission to use the sudo function.
	<<main code>>:/home/minecraft/server/plugins/CommandHelper/config.txt:248
 /home/minecraft/server/plugins/CommandHelper/config.txt:248
2016-06-03 11:14.17 - [CommandHelper][ERROR][RUNTIME] InsufficientPermissionException: You do not have permission to use the sudo function.
	<<main code>>:/home/minecraft/server/plugins/CommandHelper/config.txt:371
 /home/minecraft/server/plugins/CommandHelper/config.txt:371
2016-06-03 11:16.00 - [CommandHelper][ERROR][RUNTIME] InsufficientPermissionException: You do not have permission to use the sudo function.
	<<main code>>:/home/minecraft/server/plugins/CommandHelper/config.txt:61
 /home/minecraft/server/plugins/CommandHelper/config.txt:61
2016-06-03 11:29.43 - [CommandHelper][ERROR][RUNTIME] InsufficientPermissionException: You do not have permission to use the sudo function.
	<<main code>>:/home/minecraft/server/plugins/CommandHelper/config.txt:279
 /home/minecraft/server/plugins/CommandHelper/config.txt:279
2016-06-03 11:29.47 - [CommandHelper][ERROR][RUNTIME] InsufficientPermissionException: You do not have permission to use the sudo function.
	<<main code>>:/home/minecraft/server/plugins/CommandHelper/config.txt:271
 /home/minecraft/server/plugins/CommandHelper/config.txt:271
2016-06-03 11:41.15 - [CommandHelper][ERROR][RUNTIME] InsufficientPermissionException: You do not have permission to use the pinfo function.
	<<main code>>:/home/minecraft/server/plugins/CommandHelper/config.txt:607
 /home/minecraft/server/plugins/CommandHelper/config.txt:607
2016-06-03 11:44.37 - [CommandHelper][ERROR][RUNTIME] InsufficientPermissionException: You do not have permission to use the pinfo function.
	<<main code>>:/home/minecraft/server/plugins/CommandHelper/config.txt:607
 /home/minecraft/server/plugins/CommandHelper/config.txt:607
2016-06-03 11:44.48 - [CommandHelper][ERROR][RUNTIME] InsufficientPermissionException: You do not have permission to use the pinfo function.
	<<main code>>:/home/minecraft/server/plugins/CommandHelper/config.txt:607
 /home/minecraft/server/plugins/CommandHelper/config.txt:607
2016-06-03 11:58.44 - [CommandHelper][ERROR][RUNTIME] FormatException: In the key "storage.afk.._, the namespace "_" is not allowed. (Namespaces may contain an underscore, but may not be just an underscore.)
	<<main code>>:/home/minecraft/server/plugins/CommandHelper/main.ms:262
 /home/minecraft/server/plugins/CommandHelper/main.ms:262
