2016-04-03 01:21.35 - [CommandHelper][ERROR][COMPILER] COMPILE ERROR: Unexpected parenthesis
	:/home/minecraft/server/plugins/CommandHelper/config.txt:417
 /home/minecraft/server/plugins/CommandHelper/config.txt:417
2016-04-03 03:07.11 - [CommandHelper][ERROR][COMPILER] COMPILE ERROR: Mismatched parenthesis
	:/home/minecraft/server/plugins/CommandHelper/config.txt:569
 /home/minecraft/server/plugins/CommandHelper/config.txt:569
2016-04-03 03:07.49 - [CommandHelper][ERROR][COMPILER] COMPILE ERROR: Mismatched curly braces
	:/home/minecraft/server/plugins/CommandHelper/config.txt:569
 /home/minecraft/server/plugins/CommandHelper/config.txt:569
2016-04-03 04:33.20 - [CommandHelper][ERROR][RUNTIME] CastException: Parameter 2 of foreach must be an ivariable
	<<main code>>:/home/minecraft/server/plugins/CommandHelper/main.ms:12
 /home/minecraft/server/plugins/CommandHelper/main.ms:12
2016-04-03 04:50.41 - [CommandHelper][ERROR][RUNTIME] InsufficientPermissionException: You do not have permission to use the sudo function.
	<<main code>>:/home/minecraft/server/plugins/CommandHelper/config.txt:346
 /home/minecraft/server/plugins/CommandHelper/config.txt:346
2016-04-03 05:16.53 - [CommandHelper][ERROR][RUNTIME] CastException: Parameter 2 of foreach must be an ivariable
	<<main code>>:/home/minecraft/server/plugins/CommandHelper/main.ms:12
 /home/minecraft/server/plugins/CommandHelper/main.ms:12
2016-04-03 05:18.29 - [CommandHelper][ERROR][RUNTIME] CastException: Parameter 2 of foreach must be an ivariable
	<<main code>>:/home/minecraft/server/plugins/CommandHelper/main.ms:12
 /home/minecraft/server/plugins/CommandHelper/main.ms:12
2016-04-03 05:21.52 - [CommandHelper][ERROR][RUNTIME] CastException: Parameter 2 of foreach must be an ivariable
	<<main code>>:/home/minecraft/server/plugins/CommandHelper/main.ms:12
 /home/minecraft/server/plugins/CommandHelper/main.ms:12
2016-04-03 05:22.19 - [CommandHelper][ERROR][RUNTIME] CastException: Parameter 2 of foreach must be an ivariable
	<<main code>>:/home/minecraft/server/plugins/CommandHelper/main.ms:12
 /home/minecraft/server/plugins/CommandHelper/main.ms:12
2016-04-03 05:23.49 - [CommandHelper][ERROR][RUNTIME] Using undefined variable: @sourcePlayer /home/minecraft/server/plugins/CommandHelper/main.ms:19
2016-04-03 05:23.50 - [CommandHelper][ERROR][RUNTIME] Using undefined variable: @sourcePlayer /home/minecraft/server/plugins/CommandHelper/main.ms:22
2016-04-03 05:36.12 - [CommandHelper][ERROR][RUNTIME] InsufficientPermissionException: You do not have permission to use the sudo function.
	<<main code>>:/home/minecraft/server/plugins/CommandHelper/config.txt:346
 /home/minecraft/server/plugins/CommandHelper/config.txt:346
2016-04-03 04:14.04 - [CommandHelper][ERROR][RUNTIME] InsufficientPermissionException: You do not have permission to use the sudo function.
	<<main code>>:/home/minecraft/server/plugins/CommandHelper/config.txt:347
 /home/minecraft/server/plugins/CommandHelper/config.txt:347
2016-04-03 04:14.12 - [CommandHelper][ERROR][RUNTIME] InsufficientPermissionException: You do not have permission to use the sudo function.
	<<main code>>:/home/minecraft/server/plugins/CommandHelper/config.txt:347
 /home/minecraft/server/plugins/CommandHelper/config.txt:347
2016-04-03 04:46.03 - [CommandHelper][ERROR][RUNTIME] InsufficientPermissionException: You do not have permission to use the sudo function.
	<<main code>>:/home/minecraft/server/plugins/CommandHelper/config.txt:359
 /home/minecraft/server/plugins/CommandHelper/config.txt:359
2016-04-03 04:52.22 - [CommandHelper][ERROR][RUNTIME] Using undefined variable: @sourcePlayer /home/minecraft/server/plugins/CommandHelper/main.ms:29
2016-04-03 04:52.22 - [CommandHelper][ERROR][RUNTIME] PlayerOfflineException: The specified player (null) is not online
	<<main code>>:/home/minecraft/server/plugins/CommandHelper/main.ms:29
 /home/minecraft/server/plugins/CommandHelper/main.ms:29
2016-04-03 05:04.40 - [CommandHelper][ERROR][RUNTIME] Using undefined variable: @sourcePlayer /home/minecraft/server/plugins/CommandHelper/main.ms:19
2016-04-03 05:04.40 - [CommandHelper][ERROR][RUNTIME] Using undefined variable: @sourcePlayer /home/minecraft/server/plugins/CommandHelper/main.ms:22
2016-04-03 05:13.35 - [CommandHelper][ERROR][RUNTIME] Using undefined variable: @sourcePlayer /home/minecraft/server/plugins/CommandHelper/main.ms:19
2016-04-03 05:13.35 - [CommandHelper][ERROR][RUNTIME] Using undefined variable: @sourcePlayer /home/minecraft/server/plugins/CommandHelper/main.ms:22
2016-04-03 05:59.27 - [CommandHelper][ERROR][RUNTIME] InsufficientPermissionException: You do not have permission to use the sudo function.
	<<main code>>:/home/minecraft/server/plugins/CommandHelper/config.txt:347
 /home/minecraft/server/plugins/CommandHelper/config.txt:347
2016-04-03 11:26.37 - [CommandHelper][ERROR][RUNTIME] InsufficientPermissionException: You do not have permission to use the sudo function.
	<<main code>>:/home/minecraft/server/plugins/CommandHelper/config.txt:322
 /home/minecraft/server/plugins/CommandHelper/config.txt:322
2016-04-03 11:26.40 - [CommandHelper][ERROR][RUNTIME] InsufficientPermissionException: You do not have permission to use the sudo function.
	<<main code>>:/home/minecraft/server/plugins/CommandHelper/config.txt:322
 /home/minecraft/server/plugins/CommandHelper/config.txt:322
