2016-05-09 01:33.51 - [CommandHelper][ERROR][RUNTIME] InsufficientPermissionException: You do not have permission to use the sudo function.
	<<main code>>:/home/minecraft/server/plugins/CommandHelper/config.txt:904
 /home/minecraft/server/plugins/CommandHelper/config.txt:904
2016-05-09 01:34.34 - [CommandHelper][ERROR][RUNTIME] InsufficientPermissionException: You do not have permission to use the sudo function.
	<<main code>>:/home/minecraft/server/plugins/CommandHelper/config.txt:911
 /home/minecraft/server/plugins/CommandHelper/config.txt:911
2016-05-09 01:35.06 - [CommandHelper][ERROR][RUNTIME] InsufficientPermissionException: You do not have permission to use the sudo function.
	<<main code>>:/home/minecraft/server/plugins/CommandHelper/config.txt:351
 /home/minecraft/server/plugins/CommandHelper/config.txt:351
2016-05-09 01:35.32 - [CommandHelper][ERROR][RUNTIME] InsufficientPermissionException: You do not have permission to use the sudo function.
	<<main code>>:/home/minecraft/server/plugins/CommandHelper/config.txt:315
 /home/minecraft/server/plugins/CommandHelper/config.txt:315
2016-05-09 01:35.59 - [CommandHelper][ERROR][RUNTIME] InsufficientPermissionException: You do not have permission to use the sudo function.
	<<main code>>:/home/minecraft/server/plugins/CommandHelper/config.txt:315
 /home/minecraft/server/plugins/CommandHelper/config.txt:315
2016-05-09 01:43.28 - [CommandHelper][ERROR][RUNTIME] InsufficientPermissionException: You do not have permission to use the sudo function.
	<<main code>>:/home/minecraft/server/plugins/CommandHelper/config.txt:315
 /home/minecraft/server/plugins/CommandHelper/config.txt:315
2016-05-09 02:03.07 - [CommandHelper][ERROR][RUNTIME] InsufficientPermissionException: You do not have permission to use the sudo function.
	<<main code>>:/home/minecraft/server/plugins/CommandHelper/config.txt:307
 /home/minecraft/server/plugins/CommandHelper/config.txt:307
2016-05-09 07:58.50 - [CommandHelper][ERROR][COMPILER] COMPILE ERROR: Expecting integer in a slice, but was given "different" and "."
	:/home/minecraft/server/plugins/CommandHelper/config.txt:459
 /home/minecraft/server/plugins/CommandHelper/config.txt:459
2016-05-09 08:00.39 - [CommandHelper][ERROR][COMPILER] COMPILE ERROR: Expecting integer in a slice, but was given "different" and "."
	:/home/minecraft/server/plugins/CommandHelper/config.txt:459
 /home/minecraft/server/plugins/CommandHelper/config.txt:459
2016-05-09 08:00.41 - [CommandHelper][ERROR][COMPILER] COMPILE ERROR: Expecting integer in a slice, but was given "different" and "."
	:/home/minecraft/server/plugins/CommandHelper/config.txt:459
 /home/minecraft/server/plugins/CommandHelper/config.txt:459
2016-05-09 08:03.10 - [CommandHelper][ERROR][COMPILER] COMPILE ERROR: Expecting integer in a slice, but was given "different" and "."
	:/home/minecraft/server/plugins/CommandHelper/config.txt:459
 /home/minecraft/server/plugins/CommandHelper/config.txt:459
2016-05-09 08:42.48 - [CommandHelper][ERROR][RUNTIME] FormatException: Could not find an entity or location matching  for target!
	<<main code>>:/home/minecraft/server/plugins/CommandHelper/main.ms:71
 /home/minecraft/server/plugins/CommandHelper/main.ms:71
2016-05-09 08:57.47 - [CommandHelper][ERROR][RUNTIME] LengthException: A UUID is expected to be 32 or 36 characters, but the given string was 9 characters.
	<<main code>>:/home/minecraft/server/plugins/CommandHelper/main.ms:50
 /home/minecraft/server/plugins/CommandHelper/main.ms:50
2016-05-09 08:57.49 - [CommandHelper][ERROR][RUNTIME] LengthException: A UUID is expected to be 32 or 36 characters, but the given string was 9 characters.
	<<main code>>:/home/minecraft/server/plugins/CommandHelper/main.ms:50
 /home/minecraft/server/plugins/CommandHelper/main.ms:50
2016-05-09 08:57.51 - [CommandHelper][ERROR][RUNTIME] LengthException: A UUID is expected to be 32 or 36 characters, but the given string was 9 characters.
	<<main code>>:/home/minecraft/server/plugins/CommandHelper/main.ms:50
 /home/minecraft/server/plugins/CommandHelper/main.ms:50
2016-05-09 08:57.52 - [CommandHelper][ERROR][RUNTIME] LengthException: A UUID is expected to be 32 or 36 characters, but the given string was 9 characters.
	<<main code>>:/home/minecraft/server/plugins/CommandHelper/main.ms:50
 /home/minecraft/server/plugins/CommandHelper/main.ms:50
2016-05-09 08:57.54 - [CommandHelper][ERROR][RUNTIME] LengthException: A UUID is expected to be 32 or 36 characters, but the given string was 9 characters.
	<<main code>>:/home/minecraft/server/plugins/CommandHelper/main.ms:50
 /home/minecraft/server/plugins/CommandHelper/main.ms:50
2016-05-09 09:27.35 - [CommandHelper][ERROR][COMPILER] COMPILE ERROR: Unexpected parenthesis
	:/home/minecraft/server/plugins/CommandHelper/main.ms:61
 /home/minecraft/server/plugins/CommandHelper/main.ms:61
2016-05-09 11:08.55 - [CommandHelper][ERROR][RUNTIME] InsufficientPermissionException: You do not have permission to use the sudo function.
	<<main code>>:/home/minecraft/server/plugins/CommandHelper/config.txt:248
 /home/minecraft/server/plugins/CommandHelper/config.txt:248
2016-05-09 11:21.51 - [CommandHelper][ERROR][RUNTIME] InsufficientPermissionException: You do not have permission to use the sudo function.
	<<main code>>:/home/minecraft/server/plugins/CommandHelper/config.txt:387
 /home/minecraft/server/plugins/CommandHelper/config.txt:387
2016-05-09 11:21.54 - [CommandHelper][ERROR][RUNTIME] InsufficientPermissionException: You do not have permission to use the sudo function.
	<<main code>>:/home/minecraft/server/plugins/CommandHelper/config.txt:387
 /home/minecraft/server/plugins/CommandHelper/config.txt:387
2016-05-09 11:41.22 - [CommandHelper][ERROR][RUNTIME] InsufficientPermissionException: You do not have permission to use the sudo function.
	<<main code>>:/home/minecraft/server/plugins/CommandHelper/config.txt:517
 /home/minecraft/server/plugins/CommandHelper/config.txt:517
2016-05-09 11:43.38 - [CommandHelper][ERROR][RUNTIME] InsufficientPermissionException: You do not have permission to use the sudo function.
	<<main code>>:/home/minecraft/server/plugins/CommandHelper/config.txt:248
 /home/minecraft/server/plugins/CommandHelper/config.txt:248
2016-05-09 11:50.53 - [CommandHelper][ERROR][RUNTIME] InsufficientPermissionException: You do not have permission to use the sudo function.
	<<main code>>:/home/minecraft/server/plugins/CommandHelper/config.txt:598
 /home/minecraft/server/plugins/CommandHelper/config.txt:598
