2016-06-10 06:27.29 - [CommandHelper][ERROR][RUNTIME] InsufficientPermissionException: You do not have permission to use the sudo function.
	<<main code>>:/home/minecraft/server/plugins/CommandHelper/config.txt:248
 /home/minecraft/server/plugins/CommandHelper/config.txt:248
2016-06-10 06:58.49 - [CommandHelper][ERROR][RUNTIME] InsufficientPermissionException: You do not have permission to use the sudo function.
	<<main code>>:/home/minecraft/server/plugins/CommandHelper/config.txt:248
 /home/minecraft/server/plugins/CommandHelper/config.txt:248
2016-06-10 06:58.59 - [CommandHelper][ERROR][RUNTIME] InsufficientPermissionException: You do not have permission to use the sudo function.
	<<main code>>:/home/minecraft/server/plugins/CommandHelper/config.txt:248
 /home/minecraft/server/plugins/CommandHelper/config.txt:248
2016-06-10 07:18.56 - [CommandHelper][ERROR][RUNTIME] FormatException: In the key "storage.afk.._, the namespace "_" is not allowed. (Namespaces may contain an underscore, but may not be just an underscore.)
	<<main code>>:/home/minecraft/server/plugins/CommandHelper/main.ms:262
 /home/minecraft/server/plugins/CommandHelper/main.ms:262
2016-06-10 07:22.03 - [CommandHelper][ERROR][RUNTIME] InsufficientPermissionException: You do not have permission to use the sudo function.
	<<main code>>:/home/minecraft/server/plugins/CommandHelper/config.txt:331
 /home/minecraft/server/plugins/CommandHelper/config.txt:331
2016-06-10 07:22.07 - [CommandHelper][ERROR][RUNTIME] InsufficientPermissionException: You do not have permission to use the sudo function.
	<<main code>>:/home/minecraft/server/plugins/CommandHelper/config.txt:327
 /home/minecraft/server/plugins/CommandHelper/config.txt:327
2016-06-10 07:22.13 - [CommandHelper][ERROR][RUNTIME] InsufficientPermissionException: You do not have permission to use the sudo function.
	<<main code>>:/home/minecraft/server/plugins/CommandHelper/config.txt:311
 /home/minecraft/server/plugins/CommandHelper/config.txt:311
2016-06-10 07:22.21 - [CommandHelper][ERROR][RUNTIME] InsufficientPermissionException: You do not have permission to use the sudo function.
	<<main code>>:/home/minecraft/server/plugins/CommandHelper/config.txt:371
 /home/minecraft/server/plugins/CommandHelper/config.txt:371
2016-06-10 07:22.25 - [CommandHelper][ERROR][RUNTIME] InsufficientPermissionException: You do not have permission to use the sudo function.
	<<main code>>:/home/minecraft/server/plugins/CommandHelper/config.txt:355
 /home/minecraft/server/plugins/CommandHelper/config.txt:355
2016-06-10 07:22.27 - [CommandHelper][ERROR][RUNTIME] InsufficientPermissionException: You do not have permission to use the sudo function.
	<<main code>>:/home/minecraft/server/plugins/CommandHelper/config.txt:351
 /home/minecraft/server/plugins/CommandHelper/config.txt:351
2016-06-10 07:22.34 - [CommandHelper][ERROR][RUNTIME] InsufficientPermissionException: You do not have permission to use the sudo function.
	<<main code>>:/home/minecraft/server/plugins/CommandHelper/config.txt:291
 /home/minecraft/server/plugins/CommandHelper/config.txt:291
2016-06-10 07:22.36 - [CommandHelper][ERROR][RUNTIME] InsufficientPermissionException: You do not have permission to use the sudo function.
	<<main code>>:/home/minecraft/server/plugins/CommandHelper/config.txt:271
 /home/minecraft/server/plugins/CommandHelper/config.txt:271
2016-06-10 07:23.20 - [CommandHelper][ERROR][RUNTIME] InsufficientPermissionException: You do not have permission to use the sudo function.
	<<main code>>:/home/minecraft/server/plugins/CommandHelper/config.txt:311
 /home/minecraft/server/plugins/CommandHelper/config.txt:311
2016-06-10 07:24.26 - [CommandHelper][ERROR][RUNTIME] InsufficientPermissionException: You do not have permission to use the sudo function.
	<<main code>>:/home/minecraft/server/plugins/CommandHelper/config.txt:351
 /home/minecraft/server/plugins/CommandHelper/config.txt:351
2016-06-10 07:38.32 - [CommandHelper][ERROR][RUNTIME] When trying to convert org.bukkit.event.entity.EntityDamageEvent$DamageCause.HOT_FLOOR to a com.laytonsmith.abstraction.enums.MCDamageCause, no match was found. This may be caused by an old plugin version, or a newer server version.
2016-06-10 07:38.33 - [CommandHelper][ERROR][RUNTIME] When trying to convert org.bukkit.event.entity.EntityDamageEvent$DamageCause.HOT_FLOOR to a com.laytonsmith.abstraction.enums.MCDamageCause, no match was found. This may be caused by an old plugin version, or a newer server version.
2016-06-10 07:38.33 - [CommandHelper][ERROR][RUNTIME] When trying to convert org.bukkit.event.entity.EntityDamageEvent$DamageCause.HOT_FLOOR to a com.laytonsmith.abstraction.enums.MCDamageCause, no match was found. This may be caused by an old plugin version, or a newer server version.
2016-06-10 07:38.34 - [CommandHelper][ERROR][RUNTIME] When trying to convert org.bukkit.event.entity.EntityDamageEvent$DamageCause.HOT_FLOOR to a com.laytonsmith.abstraction.enums.MCDamageCause, no match was found. This may be caused by an old plugin version, or a newer server version.
2016-06-10 07:38.34 - [CommandHelper][ERROR][RUNTIME] When trying to convert org.bukkit.event.entity.EntityDamageEvent$DamageCause.HOT_FLOOR to a com.laytonsmith.abstraction.enums.MCDamageCause, no match was found. This may be caused by an old plugin version, or a newer server version.
2016-06-10 07:38.35 - [CommandHelper][ERROR][RUNTIME] When trying to convert org.bukkit.event.entity.EntityDamageEvent$DamageCause.HOT_FLOOR to a com.laytonsmith.abstraction.enums.MCDamageCause, no match was found. This may be caused by an old plugin version, or a newer server version.
2016-06-10 07:38.35 - [CommandHelper][ERROR][RUNTIME] When trying to convert org.bukkit.event.entity.EntityDamageEvent$DamageCause.HOT_FLOOR to a com.laytonsmith.abstraction.enums.MCDamageCause, no match was found. This may be caused by an old plugin version, or a newer server version.
2016-06-10 07:38.36 - [CommandHelper][ERROR][RUNTIME] When trying to convert org.bukkit.event.entity.EntityDamageEvent$DamageCause.HOT_FLOOR to a com.laytonsmith.abstraction.enums.MCDamageCause, no match was found. This may be caused by an old plugin version, or a newer server version.
2016-06-10 07:38.36 - [CommandHelper][ERROR][RUNTIME] When trying to convert org.bukkit.event.entity.EntityDamageEvent$DamageCause.HOT_FLOOR to a com.laytonsmith.abstraction.enums.MCDamageCause, no match was found. This may be caused by an old plugin version, or a newer server version.
2016-06-10 07:38.57 - [CommandHelper][ERROR][RUNTIME] When trying to convert org.bukkit.event.entity.EntityDamageEvent$DamageCause.HOT_FLOOR to a com.laytonsmith.abstraction.enums.MCDamageCause, no match was found. This may be caused by an old plugin version, or a newer server version.
2016-06-10 07:38.58 - [CommandHelper][ERROR][RUNTIME] When trying to convert org.bukkit.event.entity.EntityDamageEvent$DamageCause.HOT_FLOOR to a com.laytonsmith.abstraction.enums.MCDamageCause, no match was found. This may be caused by an old plugin version, or a newer server version.
2016-06-10 07:38.58 - [CommandHelper][ERROR][RUNTIME] When trying to convert org.bukkit.event.entity.EntityDamageEvent$DamageCause.HOT_FLOOR to a com.laytonsmith.abstraction.enums.MCDamageCause, no match was found. This may be caused by an old plugin version, or a newer server version.
2016-06-10 07:38.59 - [CommandHelper][ERROR][RUNTIME] When trying to convert org.bukkit.event.entity.EntityDamageEvent$DamageCause.HOT_FLOOR to a com.laytonsmith.abstraction.enums.MCDamageCause, no match was found. This may be caused by an old plugin version, or a newer server version.
2016-06-10 07:38.59 - [CommandHelper][ERROR][RUNTIME] When trying to convert org.bukkit.event.entity.EntityDamageEvent$DamageCause.HOT_FLOOR to a com.laytonsmith.abstraction.enums.MCDamageCause, no match was found. This may be caused by an old plugin version, or a newer server version.
2016-06-10 07:39.00 - [CommandHelper][ERROR][RUNTIME] When trying to convert org.bukkit.event.entity.EntityDamageEvent$DamageCause.HOT_FLOOR to a com.laytonsmith.abstraction.enums.MCDamageCause, no match was found. This may be caused by an old plugin version, or a newer server version.
2016-06-10 07:39.00 - [CommandHelper][ERROR][RUNTIME] When trying to convert org.bukkit.event.entity.EntityDamageEvent$DamageCause.HOT_FLOOR to a com.laytonsmith.abstraction.enums.MCDamageCause, no match was found. This may be caused by an old plugin version, or a newer server version.
2016-06-10 07:39.01 - [CommandHelper][ERROR][RUNTIME] When trying to convert org.bukkit.event.entity.EntityDamageEvent$DamageCause.HOT_FLOOR to a com.laytonsmith.abstraction.enums.MCDamageCause, no match was found. This may be caused by an old plugin version, or a newer server version.
2016-06-10 07:39.01 - [CommandHelper][ERROR][RUNTIME] When trying to convert org.bukkit.event.entity.EntityDamageEvent$DamageCause.HOT_FLOOR to a com.laytonsmith.abstraction.enums.MCDamageCause, no match was found. This may be caused by an old plugin version, or a newer server version.
2016-06-10 07:39.02 - [CommandHelper][ERROR][RUNTIME] When trying to convert org.bukkit.event.entity.EntityDamageEvent$DamageCause.HOT_FLOOR to a com.laytonsmith.abstraction.enums.MCDamageCause, no match was found. This may be caused by an old plugin version, or a newer server version.
2016-06-10 07:39.02 - [CommandHelper][ERROR][RUNTIME] When trying to convert org.bukkit.event.entity.EntityDamageEvent$DamageCause.HOT_FLOOR to a com.laytonsmith.abstraction.enums.MCDamageCause, no match was found. This may be caused by an old plugin version, or a newer server version.
2016-06-10 07:39.03 - [CommandHelper][ERROR][RUNTIME] When trying to convert org.bukkit.event.entity.EntityDamageEvent$DamageCause.HOT_FLOOR to a com.laytonsmith.abstraction.enums.MCDamageCause, no match was found. This may be caused by an old plugin version, or a newer server version.
2016-06-10 07:39.03 - [CommandHelper][ERROR][RUNTIME] When trying to convert org.bukkit.event.entity.EntityDamageEvent$DamageCause.HOT_FLOOR to a com.laytonsmith.abstraction.enums.MCDamageCause, no match was found. This may be caused by an old plugin version, or a newer server version.
2016-06-10 07:39.04 - [CommandHelper][ERROR][RUNTIME] When trying to convert org.bukkit.event.entity.EntityDamageEvent$DamageCause.HOT_FLOOR to a com.laytonsmith.abstraction.enums.MCDamageCause, no match was found. This may be caused by an old plugin version, or a newer server version.
2016-06-10 07:39.04 - [CommandHelper][ERROR][RUNTIME] When trying to convert org.bukkit.event.entity.EntityDamageEvent$DamageCause.HOT_FLOOR to a com.laytonsmith.abstraction.enums.MCDamageCause, no match was found. This may be caused by an old plugin version, or a newer server version.
2016-06-10 07:39.05 - [CommandHelper][ERROR][RUNTIME] When trying to convert org.bukkit.event.entity.EntityDamageEvent$DamageCause.HOT_FLOOR to a com.laytonsmith.abstraction.enums.MCDamageCause, no match was found. This may be caused by an old plugin version, or a newer server version.
2016-06-10 07:39.05 - [CommandHelper][ERROR][RUNTIME] When trying to convert org.bukkit.event.entity.EntityDamageEvent$DamageCause.HOT_FLOOR to a com.laytonsmith.abstraction.enums.MCDamageCause, no match was found. This may be caused by an old plugin version, or a newer server version.
2016-06-10 07:39.06 - [CommandHelper][ERROR][RUNTIME] When trying to convert org.bukkit.event.entity.EntityDamageEvent$DamageCause.HOT_FLOOR to a com.laytonsmith.abstraction.enums.MCDamageCause, no match was found. This may be caused by an old plugin version, or a newer server version.
2016-06-10 07:39.06 - [CommandHelper][ERROR][RUNTIME] When trying to convert org.bukkit.event.entity.EntityDamageEvent$DamageCause.HOT_FLOOR to a com.laytonsmith.abstraction.enums.MCDamageCause, no match was found. This may be caused by an old plugin version, or a newer server version.
2016-06-10 07:39.07 - [CommandHelper][ERROR][RUNTIME] When trying to convert org.bukkit.event.entity.EntityDamageEvent$DamageCause.HOT_FLOOR to a com.laytonsmith.abstraction.enums.MCDamageCause, no match was found. This may be caused by an old plugin version, or a newer server version.
2016-06-10 07:39.07 - [CommandHelper][ERROR][RUNTIME] When trying to convert org.bukkit.event.entity.EntityDamageEvent$DamageCause.HOT_FLOOR to a com.laytonsmith.abstraction.enums.MCDamageCause, no match was found. This may be caused by an old plugin version, or a newer server version.
2016-06-10 07:39.08 - [CommandHelper][ERROR][RUNTIME] When trying to convert org.bukkit.event.entity.EntityDamageEvent$DamageCause.HOT_FLOOR to a com.laytonsmith.abstraction.enums.MCDamageCause, no match was found. This may be caused by an old plugin version, or a newer server version.
2016-06-10 07:39.08 - [CommandHelper][ERROR][RUNTIME] When trying to convert org.bukkit.event.entity.EntityDamageEvent$DamageCause.HOT_FLOOR to a com.laytonsmith.abstraction.enums.MCDamageCause, no match was found. This may be caused by an old plugin version, or a newer server version.
2016-06-10 07:39.09 - [CommandHelper][ERROR][RUNTIME] When trying to convert org.bukkit.event.entity.EntityDamageEvent$DamageCause.HOT_FLOOR to a com.laytonsmith.abstraction.enums.MCDamageCause, no match was found. This may be caused by an old plugin version, or a newer server version.
2016-06-10 07:39.09 - [CommandHelper][ERROR][RUNTIME] When trying to convert org.bukkit.event.entity.EntityDamageEvent$DamageCause.HOT_FLOOR to a com.laytonsmith.abstraction.enums.MCDamageCause, no match was found. This may be caused by an old plugin version, or a newer server version.
2016-06-10 07:39.10 - [CommandHelper][ERROR][RUNTIME] When trying to convert org.bukkit.event.entity.EntityDamageEvent$DamageCause.HOT_FLOOR to a com.laytonsmith.abstraction.enums.MCDamageCause, no match was found. This may be caused by an old plugin version, or a newer server version.
2016-06-10 07:39.10 - [CommandHelper][ERROR][RUNTIME] When trying to convert org.bukkit.event.entity.EntityDamageEvent$DamageCause.HOT_FLOOR to a com.laytonsmith.abstraction.enums.MCDamageCause, no match was found. This may be caused by an old plugin version, or a newer server version.
2016-06-10 07:39.11 - [CommandHelper][ERROR][RUNTIME] When trying to convert org.bukkit.event.entity.EntityDamageEvent$DamageCause.HOT_FLOOR to a com.laytonsmith.abstraction.enums.MCDamageCause, no match was found. This may be caused by an old plugin version, or a newer server version.
2016-06-10 07:39.11 - [CommandHelper][ERROR][RUNTIME] When trying to convert org.bukkit.event.entity.EntityDamageEvent$DamageCause.HOT_FLOOR to a com.laytonsmith.abstraction.enums.MCDamageCause, no match was found. This may be caused by an old plugin version, or a newer server version.
2016-06-10 07:39.12 - [CommandHelper][ERROR][RUNTIME] When trying to convert org.bukkit.event.entity.EntityDamageEvent$DamageCause.HOT_FLOOR to a com.laytonsmith.abstraction.enums.MCDamageCause, no match was found. This may be caused by an old plugin version, or a newer server version.
2016-06-10 07:39.12 - [CommandHelper][ERROR][RUNTIME] When trying to convert org.bukkit.event.entity.EntityDamageEvent$DamageCause.HOT_FLOOR to a com.laytonsmith.abstraction.enums.MCDamageCause, no match was found. This may be caused by an old plugin version, or a newer server version.
2016-06-10 07:39.13 - [CommandHelper][ERROR][RUNTIME] When trying to convert org.bukkit.event.entity.EntityDamageEvent$DamageCause.HOT_FLOOR to a com.laytonsmith.abstraction.enums.MCDamageCause, no match was found. This may be caused by an old plugin version, or a newer server version.
2016-06-10 07:39.13 - [CommandHelper][ERROR][RUNTIME] When trying to convert org.bukkit.event.entity.EntityDamageEvent$DamageCause.HOT_FLOOR to a com.laytonsmith.abstraction.enums.MCDamageCause, no match was found. This may be caused by an old plugin version, or a newer server version.
2016-06-10 07:39.14 - [CommandHelper][ERROR][RUNTIME] When trying to convert org.bukkit.event.entity.EntityDamageEvent$DamageCause.HOT_FLOOR to a com.laytonsmith.abstraction.enums.MCDamageCause, no match was found. This may be caused by an old plugin version, or a newer server version.
2016-06-10 07:39.14 - [CommandHelper][ERROR][RUNTIME] When trying to convert org.bukkit.event.entity.EntityDamageEvent$DamageCause.HOT_FLOOR to a com.laytonsmith.abstraction.enums.MCDamageCause, no match was found. This may be caused by an old plugin version, or a newer server version.
2016-06-10 07:39.15 - [CommandHelper][ERROR][RUNTIME] When trying to convert org.bukkit.event.entity.EntityDamageEvent$DamageCause.HOT_FLOOR to a com.laytonsmith.abstraction.enums.MCDamageCause, no match was found. This may be caused by an old plugin version, or a newer server version.
2016-06-10 07:39.15 - [CommandHelper][ERROR][RUNTIME] When trying to convert org.bukkit.event.entity.EntityDamageEvent$DamageCause.HOT_FLOOR to a com.laytonsmith.abstraction.enums.MCDamageCause, no match was found. This may be caused by an old plugin version, or a newer server version.
2016-06-10 07:39.16 - [CommandHelper][ERROR][RUNTIME] When trying to convert org.bukkit.event.entity.EntityDamageEvent$DamageCause.HOT_FLOOR to a com.laytonsmith.abstraction.enums.MCDamageCause, no match was found. This may be caused by an old plugin version, or a newer server version.
2016-06-10 07:39.16 - [CommandHelper][ERROR][RUNTIME] When trying to convert org.bukkit.event.entity.EntityDamageEvent$DamageCause.HOT_FLOOR to a com.laytonsmith.abstraction.enums.MCDamageCause, no match was found. This may be caused by an old plugin version, or a newer server version.
2016-06-10 07:39.17 - [CommandHelper][ERROR][RUNTIME] When trying to convert org.bukkit.event.entity.EntityDamageEvent$DamageCause.HOT_FLOOR to a com.laytonsmith.abstraction.enums.MCDamageCause, no match was found. This may be caused by an old plugin version, or a newer server version.
2016-06-10 07:39.17 - [CommandHelper][ERROR][RUNTIME] When trying to convert org.bukkit.event.entity.EntityDamageEvent$DamageCause.HOT_FLOOR to a com.laytonsmith.abstraction.enums.MCDamageCause, no match was found. This may be caused by an old plugin version, or a newer server version.
2016-06-10 07:39.18 - [CommandHelper][ERROR][RUNTIME] When trying to convert org.bukkit.event.entity.EntityDamageEvent$DamageCause.HOT_FLOOR to a com.laytonsmith.abstraction.enums.MCDamageCause, no match was found. This may be caused by an old plugin version, or a newer server version.
2016-06-10 07:39.29 - [CommandHelper][ERROR][RUNTIME] When trying to convert org.bukkit.event.entity.EntityDamageEvent$DamageCause.HOT_FLOOR to a com.laytonsmith.abstraction.enums.MCDamageCause, no match was found. This may be caused by an old plugin version, or a newer server version.
2016-06-10 07:39.29 - [CommandHelper][ERROR][RUNTIME] When trying to convert org.bukkit.event.entity.EntityDamageEvent$DamageCause.HOT_FLOOR to a com.laytonsmith.abstraction.enums.MCDamageCause, no match was found. This may be caused by an old plugin version, or a newer server version.
2016-06-10 07:39.30 - [CommandHelper][ERROR][RUNTIME] When trying to convert org.bukkit.event.entity.EntityDamageEvent$DamageCause.HOT_FLOOR to a com.laytonsmith.abstraction.enums.MCDamageCause, no match was found. This may be caused by an old plugin version, or a newer server version.
2016-06-10 07:39.30 - [CommandHelper][ERROR][RUNTIME] When trying to convert org.bukkit.event.entity.EntityDamageEvent$DamageCause.HOT_FLOOR to a com.laytonsmith.abstraction.enums.MCDamageCause, no match was found. This may be caused by an old plugin version, or a newer server version.
2016-06-10 07:39.31 - [CommandHelper][ERROR][RUNTIME] When trying to convert org.bukkit.event.entity.EntityDamageEvent$DamageCause.HOT_FLOOR to a com.laytonsmith.abstraction.enums.MCDamageCause, no match was found. This may be caused by an old plugin version, or a newer server version.
2016-06-10 07:39.31 - [CommandHelper][ERROR][RUNTIME] When trying to convert org.bukkit.event.entity.EntityDamageEvent$DamageCause.HOT_FLOOR to a com.laytonsmith.abstraction.enums.MCDamageCause, no match was found. This may be caused by an old plugin version, or a newer server version.
2016-06-10 07:39.32 - [CommandHelper][ERROR][RUNTIME] When trying to convert org.bukkit.event.entity.EntityDamageEvent$DamageCause.HOT_FLOOR to a com.laytonsmith.abstraction.enums.MCDamageCause, no match was found. This may be caused by an old plugin version, or a newer server version.
2016-06-10 07:39.32 - [CommandHelper][ERROR][RUNTIME] When trying to convert org.bukkit.event.entity.EntityDamageEvent$DamageCause.HOT_FLOOR to a com.laytonsmith.abstraction.enums.MCDamageCause, no match was found. This may be caused by an old plugin version, or a newer server version.
2016-06-10 07:39.33 - [CommandHelper][ERROR][RUNTIME] When trying to convert org.bukkit.event.entity.EntityDamageEvent$DamageCause.HOT_FLOOR to a com.laytonsmith.abstraction.enums.MCDamageCause, no match was found. This may be caused by an old plugin version, or a newer server version.
2016-06-10 07:39.33 - [CommandHelper][ERROR][RUNTIME] When trying to convert org.bukkit.event.entity.EntityDamageEvent$DamageCause.HOT_FLOOR to a com.laytonsmith.abstraction.enums.MCDamageCause, no match was found. This may be caused by an old plugin version, or a newer server version.
2016-06-10 07:39.34 - [CommandHelper][ERROR][RUNTIME] When trying to convert org.bukkit.event.entity.EntityDamageEvent$DamageCause.HOT_FLOOR to a com.laytonsmith.abstraction.enums.MCDamageCause, no match was found. This may be caused by an old plugin version, or a newer server version.
2016-06-10 07:39.34 - [CommandHelper][ERROR][RUNTIME] When trying to convert org.bukkit.event.entity.EntityDamageEvent$DamageCause.HOT_FLOOR to a com.laytonsmith.abstraction.enums.MCDamageCause, no match was found. This may be caused by an old plugin version, or a newer server version.
2016-06-10 07:39.35 - [CommandHelper][ERROR][RUNTIME] When trying to convert org.bukkit.event.entity.EntityDamageEvent$DamageCause.HOT_FLOOR to a com.laytonsmith.abstraction.enums.MCDamageCause, no match was found. This may be caused by an old plugin version, or a newer server version.
2016-06-10 07:39.35 - [CommandHelper][ERROR][RUNTIME] When trying to convert org.bukkit.event.entity.EntityDamageEvent$DamageCause.HOT_FLOOR to a com.laytonsmith.abstraction.enums.MCDamageCause, no match was found. This may be caused by an old plugin version, or a newer server version.
2016-06-10 07:39.36 - [CommandHelper][ERROR][RUNTIME] When trying to convert org.bukkit.event.entity.EntityDamageEvent$DamageCause.HOT_FLOOR to a com.laytonsmith.abstraction.enums.MCDamageCause, no match was found. This may be caused by an old plugin version, or a newer server version.
2016-06-10 07:39.36 - [CommandHelper][ERROR][RUNTIME] When trying to convert org.bukkit.event.entity.EntityDamageEvent$DamageCause.HOT_FLOOR to a com.laytonsmith.abstraction.enums.MCDamageCause, no match was found. This may be caused by an old plugin version, or a newer server version.
2016-06-10 07:39.37 - [CommandHelper][ERROR][RUNTIME] When trying to convert org.bukkit.event.entity.EntityDamageEvent$DamageCause.HOT_FLOOR to a com.laytonsmith.abstraction.enums.MCDamageCause, no match was found. This may be caused by an old plugin version, or a newer server version.
2016-06-10 07:39.37 - [CommandHelper][ERROR][RUNTIME] When trying to convert org.bukkit.event.entity.EntityDamageEvent$DamageCause.HOT_FLOOR to a com.laytonsmith.abstraction.enums.MCDamageCause, no match was found. This may be caused by an old plugin version, or a newer server version.
2016-06-10 07:39.38 - [CommandHelper][ERROR][RUNTIME] When trying to convert org.bukkit.event.entity.EntityDamageEvent$DamageCause.HOT_FLOOR to a com.laytonsmith.abstraction.enums.MCDamageCause, no match was found. This may be caused by an old plugin version, or a newer server version.
2016-06-10 07:39.38 - [CommandHelper][ERROR][RUNTIME] When trying to convert org.bukkit.event.entity.EntityDamageEvent$DamageCause.HOT_FLOOR to a com.laytonsmith.abstraction.enums.MCDamageCause, no match was found. This may be caused by an old plugin version, or a newer server version.
2016-06-10 07:39.39 - [CommandHelper][ERROR][RUNTIME] When trying to convert org.bukkit.event.entity.EntityDamageEvent$DamageCause.HOT_FLOOR to a com.laytonsmith.abstraction.enums.MCDamageCause, no match was found. This may be caused by an old plugin version, or a newer server version.
2016-06-10 07:39.39 - [CommandHelper][ERROR][RUNTIME] When trying to convert org.bukkit.event.entity.EntityDamageEvent$DamageCause.HOT_FLOOR to a com.laytonsmith.abstraction.enums.MCDamageCause, no match was found. This may be caused by an old plugin version, or a newer server version.
2016-06-10 07:39.40 - [CommandHelper][ERROR][RUNTIME] When trying to convert org.bukkit.event.entity.EntityDamageEvent$DamageCause.HOT_FLOOR to a com.laytonsmith.abstraction.enums.MCDamageCause, no match was found. This may be caused by an old plugin version, or a newer server version.
2016-06-10 07:39.40 - [CommandHelper][ERROR][RUNTIME] When trying to convert org.bukkit.event.entity.EntityDamageEvent$DamageCause.HOT_FLOOR to a com.laytonsmith.abstraction.enums.MCDamageCause, no match was found. This may be caused by an old plugin version, or a newer server version.
2016-06-10 07:39.41 - [CommandHelper][ERROR][RUNTIME] When trying to convert org.bukkit.event.entity.EntityDamageEvent$DamageCause.HOT_FLOOR to a com.laytonsmith.abstraction.enums.MCDamageCause, no match was found. This may be caused by an old plugin version, or a newer server version.
2016-06-10 07:39.41 - [CommandHelper][ERROR][RUNTIME] When trying to convert org.bukkit.event.entity.EntityDamageEvent$DamageCause.HOT_FLOOR to a com.laytonsmith.abstraction.enums.MCDamageCause, no match was found. This may be caused by an old plugin version, or a newer server version.
2016-06-10 07:39.42 - [CommandHelper][ERROR][RUNTIME] When trying to convert org.bukkit.event.entity.EntityDamageEvent$DamageCause.HOT_FLOOR to a com.laytonsmith.abstraction.enums.MCDamageCause, no match was found. This may be caused by an old plugin version, or a newer server version.
2016-06-10 07:39.42 - [CommandHelper][ERROR][RUNTIME] When trying to convert org.bukkit.event.entity.EntityDamageEvent$DamageCause.HOT_FLOOR to a com.laytonsmith.abstraction.enums.MCDamageCause, no match was found. This may be caused by an old plugin version, or a newer server version.
2016-06-10 07:39.43 - [CommandHelper][ERROR][RUNTIME] When trying to convert org.bukkit.event.entity.EntityDamageEvent$DamageCause.HOT_FLOOR to a com.laytonsmith.abstraction.enums.MCDamageCause, no match was found. This may be caused by an old plugin version, or a newer server version.
2016-06-10 07:39.43 - [CommandHelper][ERROR][RUNTIME] When trying to convert org.bukkit.event.entity.EntityDamageEvent$DamageCause.HOT_FLOOR to a com.laytonsmith.abstraction.enums.MCDamageCause, no match was found. This may be caused by an old plugin version, or a newer server version.
2016-06-10 07:39.44 - [CommandHelper][ERROR][RUNTIME] When trying to convert org.bukkit.event.entity.EntityDamageEvent$DamageCause.HOT_FLOOR to a com.laytonsmith.abstraction.enums.MCDamageCause, no match was found. This may be caused by an old plugin version, or a newer server version.
2016-06-10 07:39.58 - [CommandHelper][ERROR][RUNTIME] When trying to convert org.bukkit.event.entity.EntityDamageEvent$DamageCause.HOT_FLOOR to a com.laytonsmith.abstraction.enums.MCDamageCause, no match was found. This may be caused by an old plugin version, or a newer server version.
2016-06-10 07:39.59 - [CommandHelper][ERROR][RUNTIME] When trying to convert org.bukkit.event.entity.EntityDamageEvent$DamageCause.HOT_FLOOR to a com.laytonsmith.abstraction.enums.MCDamageCause, no match was found. This may be caused by an old plugin version, or a newer server version.
2016-06-10 07:39.59 - [CommandHelper][ERROR][RUNTIME] When trying to convert org.bukkit.event.entity.EntityDamageEvent$DamageCause.HOT_FLOOR to a com.laytonsmith.abstraction.enums.MCDamageCause, no match was found. This may be caused by an old plugin version, or a newer server version.
2016-06-10 07:40.00 - [CommandHelper][ERROR][RUNTIME] When trying to convert org.bukkit.event.entity.EntityDamageEvent$DamageCause.HOT_FLOOR to a com.laytonsmith.abstraction.enums.MCDamageCause, no match was found. This may be caused by an old plugin version, or a newer server version.
2016-06-10 07:40.00 - [CommandHelper][ERROR][RUNTIME] When trying to convert org.bukkit.event.entity.EntityDamageEvent$DamageCause.HOT_FLOOR to a com.laytonsmith.abstraction.enums.MCDamageCause, no match was found. This may be caused by an old plugin version, or a newer server version.
2016-06-10 07:40.01 - [CommandHelper][ERROR][RUNTIME] When trying to convert org.bukkit.event.entity.EntityDamageEvent$DamageCause.HOT_FLOOR to a com.laytonsmith.abstraction.enums.MCDamageCause, no match was found. This may be caused by an old plugin version, or a newer server version.
2016-06-10 07:40.01 - [CommandHelper][ERROR][RUNTIME] When trying to convert org.bukkit.event.entity.EntityDamageEvent$DamageCause.HOT_FLOOR to a com.laytonsmith.abstraction.enums.MCDamageCause, no match was found. This may be caused by an old plugin version, or a newer server version.
2016-06-10 07:40.02 - [CommandHelper][ERROR][RUNTIME] When trying to convert org.bukkit.event.entity.EntityDamageEvent$DamageCause.HOT_FLOOR to a com.laytonsmith.abstraction.enums.MCDamageCause, no match was found. This may be caused by an old plugin version, or a newer server version.
2016-06-10 07:40.02 - [CommandHelper][ERROR][RUNTIME] When trying to convert org.bukkit.event.entity.EntityDamageEvent$DamageCause.HOT_FLOOR to a com.laytonsmith.abstraction.enums.MCDamageCause, no match was found. This may be caused by an old plugin version, or a newer server version.
2016-06-10 07:40.03 - [CommandHelper][ERROR][RUNTIME] When trying to convert org.bukkit.event.entity.EntityDamageEvent$DamageCause.HOT_FLOOR to a com.laytonsmith.abstraction.enums.MCDamageCause, no match was found. This may be caused by an old plugin version, or a newer server version.
2016-06-10 07:40.03 - [CommandHelper][ERROR][RUNTIME] When trying to convert org.bukkit.event.entity.EntityDamageEvent$DamageCause.HOT_FLOOR to a com.laytonsmith.abstraction.enums.MCDamageCause, no match was found. This may be caused by an old plugin version, or a newer server version.
2016-06-10 07:51.42 - [CommandHelper][ERROR][RUNTIME] When trying to convert org.bukkit.event.entity.EntityDamageEvent$DamageCause.HOT_FLOOR to a com.laytonsmith.abstraction.enums.MCDamageCause, no match was found. This may be caused by an old plugin version, or a newer server version.
2016-06-10 07:51.42 - [CommandHelper][ERROR][RUNTIME] When trying to convert org.bukkit.event.entity.EntityDamageEvent$DamageCause.HOT_FLOOR to a com.laytonsmith.abstraction.enums.MCDamageCause, no match was found. This may be caused by an old plugin version, or a newer server version.
2016-06-10 07:51.59 - [CommandHelper][ERROR][RUNTIME] When trying to convert org.bukkit.event.entity.EntityDamageEvent$DamageCause.HOT_FLOOR to a com.laytonsmith.abstraction.enums.MCDamageCause, no match was found. This may be caused by an old plugin version, or a newer server version.
2016-06-10 07:52.30 - [CommandHelper][ERROR][RUNTIME] When trying to convert org.bukkit.event.entity.EntityDamageEvent$DamageCause.HOT_FLOOR to a com.laytonsmith.abstraction.enums.MCDamageCause, no match was found. This may be caused by an old plugin version, or a newer server version.
2016-06-10 07:53.28 - [CommandHelper][ERROR][RUNTIME] When trying to convert org.bukkit.event.entity.EntityDamageEvent$DamageCause.HOT_FLOOR to a com.laytonsmith.abstraction.enums.MCDamageCause, no match was found. This may be caused by an old plugin version, or a newer server version.
2016-06-10 07:54.37 - [CommandHelper][ERROR][RUNTIME] When trying to convert org.bukkit.event.entity.EntityDamageEvent$DamageCause.HOT_FLOOR to a com.laytonsmith.abstraction.enums.MCDamageCause, no match was found. This may be caused by an old plugin version, or a newer server version.
2016-06-10 07:54.38 - [CommandHelper][ERROR][RUNTIME] When trying to convert org.bukkit.event.entity.EntityDamageEvent$DamageCause.HOT_FLOOR to a com.laytonsmith.abstraction.enums.MCDamageCause, no match was found. This may be caused by an old plugin version, or a newer server version.
2016-06-10 07:54.57 - [CommandHelper][ERROR][RUNTIME] When trying to convert org.bukkit.event.entity.EntityDamageEvent$DamageCause.HOT_FLOOR to a com.laytonsmith.abstraction.enums.MCDamageCause, no match was found. This may be caused by an old plugin version, or a newer server version.
2016-06-10 07:54.58 - [CommandHelper][ERROR][RUNTIME] When trying to convert org.bukkit.event.entity.EntityDamageEvent$DamageCause.HOT_FLOOR to a com.laytonsmith.abstraction.enums.MCDamageCause, no match was found. This may be caused by an old plugin version, or a newer server version.
2016-06-10 07:55.00 - [CommandHelper][ERROR][RUNTIME] When trying to convert org.bukkit.event.entity.EntityDamageEvent$DamageCause.HOT_FLOOR to a com.laytonsmith.abstraction.enums.MCDamageCause, no match was found. This may be caused by an old plugin version, or a newer server version.
2016-06-10 07:58.14 - [CommandHelper][ERROR][RUNTIME] FormatException: In the key "storage.afk.._, the namespace "_" is not allowed. (Namespaces may contain an underscore, but may not be just an underscore.)
	<<main code>>:/home/minecraft/server/plugins/CommandHelper/main.ms:262
 /home/minecraft/server/plugins/CommandHelper/main.ms:262
2016-06-10 08:07.50 - [CommandHelper][ERROR][RUNTIME] FormatException: In the key "storage.afk.._, the namespace "_" is not allowed. (Namespaces may contain an underscore, but may not be just an underscore.)
	<<main code>>:/home/minecraft/server/plugins/CommandHelper/main.ms:262
 /home/minecraft/server/plugins/CommandHelper/main.ms:262
2016-06-10 10:11.12 - [CommandHelper][ERROR][RUNTIME] InsufficientPermissionException: You do not have permission to use the sudo function.
	<<main code>>:/home/minecraft/server/plugins/CommandHelper/config.txt:1029
 /home/minecraft/server/plugins/CommandHelper/config.txt:1029
