2016-04-01 04:18.54 - [CommandHelper][ERROR][RUNTIME] InsufficientPermissionException: You do not have permission to use the pmode function.
	<<main code>>:/home/minecraft/server/plugins/CommandHelper/config.txt:685
 /home/minecraft/server/plugins/CommandHelper/config.txt:685
2016-04-01 04:19.23 - [CommandHelper][ERROR][RUNTIME] InsufficientPermissionException: You do not have permission to use the pmode function.
	<<main code>>:/home/minecraft/server/plugins/CommandHelper/config.txt:685
 /home/minecraft/server/plugins/CommandHelper/config.txt:685
2016-04-01 04:52.13 - [CommandHelper][ERROR][COMPILER] COMPILE ERROR: Incorrect number of arguments passed to if()
	:/home/minecraft/server/plugins/CommandHelper/config.txt:705
 /home/minecraft/server/plugins/CommandHelper/config.txt:705
2016-04-01 04:52.36 - [CommandHelper][ERROR][COMPILER] COMPILE ERROR: Mismatched curly braces
	:/home/minecraft/server/plugins/CommandHelper/config.txt:711
 /home/minecraft/server/plugins/CommandHelper/config.txt:711
2016-04-01 04:56.10 - [CommandHelper][ERROR][RUNTIME] CastException: assign with 2 arguments only accepts an ivariable as the second argument.
	<<main code>>:/home/minecraft/server/plugins/CommandHelper/config.txt:703
 /home/minecraft/server/plugins/CommandHelper/config.txt:703
2016-04-01 05:03.06 - [CommandHelper][ERROR][RUNTIME] CastException: assign with 2 arguments only accepts an ivariable as the second argument.
	<<main code>>:/home/minecraft/server/plugins/CommandHelper/config.txt:703
 /home/minecraft/server/plugins/CommandHelper/config.txt:703
2016-04-01 05:32.51 - [CommandHelper][ERROR][RUNTIME] LengthException: The given string was the wrong size to identify a player. A player name is expected to be between 1 and 16 characters. A UUID is expected to be 32 or 36 characters, but the given string was 0 characters.
	<<main code>>:Unknown Source:0

2016-04-01 05:33.02 - [CommandHelper][ERROR][RUNTIME] LengthException: The given string was the wrong size to identify a player. A player name is expected to be between 1 and 16 characters. A UUID is expected to be 32 or 36 characters, but the given string was 0 characters.
	<<main code>>:Unknown Source:0

2016-04-01 05:33.04 - [CommandHelper][ERROR][RUNTIME] LengthException: The given string was the wrong size to identify a player. A player name is expected to be between 1 and 16 characters. A UUID is expected to be 32 or 36 characters, but the given string was 0 characters.
	<<main code>>:Unknown Source:0

2016-04-01 05:33.31 - [CommandHelper][ERROR][RUNTIME] LengthException: The given string was the wrong size to identify a player. A player name is expected to be between 1 and 16 characters. A UUID is expected to be 32 or 36 characters, but the given string was 0 characters.
	<<main code>>:Unknown Source:0

2016-04-01 05:37.36 - [CommandHelper][ERROR][RUNTIME] LengthException: The given string was the wrong size to identify a player. A player name is expected to be between 1 and 16 characters. A UUID is expected to be 32 or 36 characters, but the given string was 0 characters.
	<<main code>>:Unknown Source:0

2016-04-01 05:37.43 - [CommandHelper][ERROR][RUNTIME] LengthException: The given string was the wrong size to identify a player. A player name is expected to be between 1 and 16 characters. A UUID is expected to be 32 or 36 characters, but the given string was 0 characters.
	<<main code>>:Unknown Source:0

2016-04-01 05:38.02 - [CommandHelper][ERROR][RUNTIME] LengthException: The given string was the wrong size to identify a player. A player name is expected to be between 1 and 16 characters. A UUID is expected to be 32 or 36 characters, but the given string was 0 characters.
	<<main code>>:Unknown Source:0

2016-04-01 05:39.02 - [CommandHelper][ERROR][COMPILER] COMPILE ERROR: Unexpected parenthesis
	:/home/minecraft/server/plugins/CommandHelper/config.txt:689
 /home/minecraft/server/plugins/CommandHelper/config.txt:689
2016-04-01 05:39.25 - [CommandHelper][ERROR][RUNTIME] LengthException: The given string was the wrong size to identify a player. A player name is expected to be between 1 and 16 characters. A UUID is expected to be 32 or 36 characters, but the given string was 0 characters.
	<<main code>>:Unknown Source:0

2016-04-01 05:39.31 - [CommandHelper][ERROR][RUNTIME] LengthException: The given string was the wrong size to identify a player. A player name is expected to be between 1 and 16 characters. A UUID is expected to be 32 or 36 characters, but the given string was 0 characters.
	<<main code>>:Unknown Source:0

2016-04-01 05:41.11 - [CommandHelper][ERROR][RUNTIME] LengthException: The given string was the wrong size to identify a player. A player name is expected to be between 1 and 16 characters. A UUID is expected to be 32 or 36 characters, but the given string was 0 characters.
	<<main code>>:Unknown Source:0

2016-04-01 05:41.16 - [CommandHelper][ERROR][RUNTIME] LengthException: The given string was the wrong size to identify a player. A player name is expected to be between 1 and 16 characters. A UUID is expected to be 32 or 36 characters, but the given string was 0 characters.
	<<main code>>:Unknown Source:0

2016-04-01 05:42.20 - [CommandHelper][ERROR][RUNTIME] LengthException: The given string was the wrong size to identify a player. A player name is expected to be between 1 and 16 characters. A UUID is expected to be 32 or 36 characters, but the given string was 0 characters.
	<<main code>>:Unknown Source:0

2016-04-01 05:43.33 - [CommandHelper][ERROR][RUNTIME] LengthException: The given string was the wrong size to identify a player. A player name is expected to be between 1 and 16 characters. A UUID is expected to be 32 or 36 characters, but the given string was 0 characters.
	<<main code>>:Unknown Source:0

2016-04-01 05:46.33 - [CommandHelper][ERROR][RUNTIME] LengthException: The given string was the wrong size to identify a player. A player name is expected to be between 1 and 16 characters. A UUID is expected to be 32 or 36 characters, but the given string was 0 characters.
	<<main code>>:Unknown Source:0

2016-04-01 05:47.12 - [CommandHelper][ERROR][RUNTIME] LengthException: The given string was the wrong size to identify a player. A player name is expected to be between 1 and 16 characters. A UUID is expected to be 32 or 36 characters, but the given string was 0 characters.
	<<main code>>:Unknown Source:0

2016-04-01 05:47.15 - [CommandHelper][ERROR][RUNTIME] LengthException: The given string was the wrong size to identify a player. A player name is expected to be between 1 and 16 characters. A UUID is expected to be 32 or 36 characters, but the given string was 0 characters.
	<<main code>>:Unknown Source:0

2016-04-01 05:47.18 - [CommandHelper][ERROR][RUNTIME] LengthException: The given string was the wrong size to identify a player. A player name is expected to be between 1 and 16 characters. A UUID is expected to be 32 or 36 characters, but the given string was 0 characters.
	<<main code>>:Unknown Source:0

2016-04-01 05:48.51 - [CommandHelper][ERROR][RUNTIME] LengthException: The given string was the wrong size to identify a player. A player name is expected to be between 1 and 16 characters. A UUID is expected to be 32 or 36 characters, but the given string was 0 characters.
	<<main code>>:Unknown Source:0

2016-04-01 06:35.12 - [CommandHelper][ERROR][COMPILER] COMPILE ERROR: Mismatched curly braces
	:/home/minecraft/server/plugins/CommandHelper/main.ms:26
 /home/minecraft/server/plugins/CommandHelper/main.ms:26
2016-04-01 06:37.03 - [CommandHelper][ERROR][RUNTIME] InsufficientPermissionException: You do not have permission to use the store_value function.
	<<main code>>:/home/minecraft/server/plugins/CommandHelper/config.txt:737
 /home/minecraft/server/plugins/CommandHelper/config.txt:737
2016-04-01 06:37.16 - [CommandHelper][ERROR][RUNTIME] FormatException: Param 1 in store_value must only contain letters, digits, underscores, or dots, (which denote namespaces).
	<<main code>>:Unknown Source:0

2016-04-01 06:39.55 - [CommandHelper][ERROR][RUNTIME] FormatException: Periods may only be used as seperators between namespaces.
	<<main code>>:/home/minecraft/server/plugins/CommandHelper/config.txt:738
 /home/minecraft/server/plugins/CommandHelper/config.txt:738
2016-04-01 06:46.33 - [CommandHelper][ERROR][COMPILER] COMPILE ERROR: Mismatched parenthesis
	:/home/minecraft/server/plugins/CommandHelper/main.ms:30
 /home/minecraft/server/plugins/CommandHelper/main.ms:30
2016-04-01 07:09.02 - [CommandHelper][ERROR][RUNTIME] Using undefined variable: @message /home/minecraft/server/plugins/CommandHelper/main.ms:23
2016-04-01 07:09.17 - [CommandHelper][ERROR][RUNTIME] Using undefined variable: @message /home/minecraft/server/plugins/CommandHelper/main.ms:23
2016-04-01 07:24.08 - [CommandHelper][ERROR][COMPILER] COMPILE ERROR: Mismatched parenthesis
	:/home/minecraft/server/plugins/CommandHelper/main.ms:31
 /home/minecraft/server/plugins/CommandHelper/main.ms:31
2016-04-01 07:24.36 - [CommandHelper][ERROR][COMPILER] COMPILE ERROR: Mismatched parenthesis
	:/home/minecraft/server/plugins/CommandHelper/main.ms:31
 /home/minecraft/server/plugins/CommandHelper/main.ms:31
2016-04-01 07:24.38 - [CommandHelper][ERROR][COMPILER] COMPILE ERROR: Mismatched parenthesis
	:/home/minecraft/server/plugins/CommandHelper/main.ms:31
 /home/minecraft/server/plugins/CommandHelper/main.ms:31
2016-04-01 07:24.56 - [CommandHelper][ERROR][COMPILER] COMPILE ERROR: Unended string literal. You started the last single quote on line 70
	:/home/minecraft/server/plugins/CommandHelper/main.ms:74
 /home/minecraft/server/plugins/CommandHelper/main.ms:74
2016-04-01 07:25.08 - [CommandHelper][ERROR][COMPILER] COMPILE ERROR: Mismatched parenthesis
	:/home/minecraft/server/plugins/CommandHelper/main.ms:31
 /home/minecraft/server/plugins/CommandHelper/main.ms:31
2016-04-01 07:25.17 - [CommandHelper][ERROR][COMPILER] COMPILE ERROR: Mismatched parenthesis
	:/home/minecraft/server/plugins/CommandHelper/main.ms:31
 /home/minecraft/server/plugins/CommandHelper/main.ms:31
2016-04-01 07:25.19 - [CommandHelper][ERROR][COMPILER] COMPILE ERROR: Mismatched parenthesis
	:/home/minecraft/server/plugins/CommandHelper/main.ms:31
 /home/minecraft/server/plugins/CommandHelper/main.ms:31
2016-04-01 07:26.45 - [CommandHelper][ERROR][COMPILER] COMPILE ERROR: Mismatched parenthesis
	:/home/minecraft/server/plugins/CommandHelper/main.ms:31
 /home/minecraft/server/plugins/CommandHelper/main.ms:31
2016-04-01 07:27.57 - [CommandHelper][ERROR][COMPILER] COMPILE ERROR: Mismatched parenthesis
	:/home/minecraft/server/plugins/CommandHelper/main.ms:27
 /home/minecraft/server/plugins/CommandHelper/main.ms:27
2016-04-01 07:27.59 - [CommandHelper][ERROR][COMPILER] COMPILE ERROR: Mismatched parenthesis
	:/home/minecraft/server/plugins/CommandHelper/main.ms:27
 /home/minecraft/server/plugins/CommandHelper/main.ms:27
2016-04-01 07:28.39 - [CommandHelper][ERROR][COMPILER] COMPILE ERROR: Mismatched parenthesis
	:/home/minecraft/server/plugins/CommandHelper/main.ms:33
 /home/minecraft/server/plugins/CommandHelper/main.ms:33
2016-04-01 07:28.41 - [CommandHelper][ERROR][COMPILER] COMPILE ERROR: Mismatched parenthesis
	:/home/minecraft/server/plugins/CommandHelper/main.ms:33
 /home/minecraft/server/plugins/CommandHelper/main.ms:33
2016-04-01 07:29.37 - [CommandHelper][ERROR][RUNTIME] Using undefined variable: @plr /home/minecraft/server/plugins/CommandHelper/main.ms:25
2016-04-01 07:29.37 - [CommandHelper][ERROR][RUNTIME] PlayerOfflineException: The specified player (null) is not online
	<<closure>>:/home/minecraft/server/plugins/CommandHelper/main.ms:27
 /home/minecraft/server/plugins/CommandHelper/main.ms:27
2016-04-01 08:05.24 - [CommandHelper][ERROR][RUNTIME] InsufficientPermissionException: You do not have permission to use the sudo function.
	<<main code>>:/home/minecraft/server/plugins/CommandHelper/config.txt:498
 /home/minecraft/server/plugins/CommandHelper/config.txt:498
2016-04-01 08:05.34 - [CommandHelper][ERROR][RUNTIME] InsufficientPermissionException: You do not have permission to use the sudo function.
	<<main code>>:/home/minecraft/server/plugins/CommandHelper/config.txt:341
 /home/minecraft/server/plugins/CommandHelper/config.txt:341
