2016-06-13 04:51.42 - [CommandHelper][ERROR][RUNTIME] InsufficientPermissionException: You do not have permission to use the sudo function.
	<<main code>>:/home/minecraft/server/plugins/CommandHelper/config.txt:1141
 /home/minecraft/server/plugins/CommandHelper/config.txt:1141
2016-06-13 05:42.56 - [CommandHelper][ERROR][RUNTIME] InsufficientPermissionException: You do not have permission to use the sudo function.
	<<main code>>:/home/minecraft/server/plugins/CommandHelper/config.txt:248
 /home/minecraft/server/plugins/CommandHelper/config.txt:248
2016-06-13 05:54.18 - [CommandHelper][ERROR][RUNTIME] InsufficientPermissionException: You do not have permission to use the sudo function.
	<<main code>>:/home/minecraft/server/plugins/CommandHelper/config.txt:331
 /home/minecraft/server/plugins/CommandHelper/config.txt:331
2016-06-13 05:56.05 - [CommandHelper][ERROR][RUNTIME] InsufficientPermissionException: You do not have permission to use the sudo function.
	<<main code>>:/home/minecraft/server/plugins/CommandHelper/config.txt:363
 /home/minecraft/server/plugins/CommandHelper/config.txt:363
2016-06-13 05:56.07 - [CommandHelper][ERROR][RUNTIME] InsufficientPermissionException: You do not have permission to use the sudo function.
	<<main code>>:/home/minecraft/server/plugins/CommandHelper/config.txt:355
 /home/minecraft/server/plugins/CommandHelper/config.txt:355
2016-06-13 05:56.08 - [CommandHelper][ERROR][RUNTIME] InsufficientPermissionException: You do not have permission to use the sudo function.
	<<main code>>:/home/minecraft/server/plugins/CommandHelper/config.txt:351
 /home/minecraft/server/plugins/CommandHelper/config.txt:351
2016-06-13 05:56.11 - [CommandHelper][ERROR][RUNTIME] InsufficientPermissionException: You do not have permission to use the sudo function.
	<<main code>>:/home/minecraft/server/plugins/CommandHelper/config.txt:347
 /home/minecraft/server/plugins/CommandHelper/config.txt:347
2016-06-13 06:08.34 - [CommandHelper][ERROR][RUNTIME] InsufficientPermissionException: You do not have permission to use the sudo function.
	<<main code>>:/home/minecraft/server/plugins/CommandHelper/config.txt:347
 /home/minecraft/server/plugins/CommandHelper/config.txt:347
2016-06-13 06:46.27 - [CommandHelper][ERROR][RUNTIME] InsufficientPermissionException: You do not have permission to use the sudo function.
	<<main code>>:/home/minecraft/server/plugins/CommandHelper/config.txt:946
 /home/minecraft/server/plugins/CommandHelper/config.txt:946
2016-06-13 06:47.57 - [CommandHelper][ERROR][RUNTIME] When trying to convert org.bukkit.event.entity.EntityDamageEvent$DamageCause.HOT_FLOOR to a com.laytonsmith.abstraction.enums.MCDamageCause, no match was found. This may be caused by an old plugin version, or a newer server version.
2016-06-13 06:47.57 - [CommandHelper][ERROR][RUNTIME] When trying to convert org.bukkit.event.entity.EntityDamageEvent$DamageCause.HOT_FLOOR to a com.laytonsmith.abstraction.enums.MCDamageCause, no match was found. This may be caused by an old plugin version, or a newer server version.
2016-06-13 06:47.58 - [CommandHelper][ERROR][RUNTIME] When trying to convert org.bukkit.event.entity.EntityDamageEvent$DamageCause.HOT_FLOOR to a com.laytonsmith.abstraction.enums.MCDamageCause, no match was found. This may be caused by an old plugin version, or a newer server version.
2016-06-13 06:48.02 - [CommandHelper][ERROR][RUNTIME] When trying to convert org.bukkit.event.entity.EntityDamageEvent$DamageCause.HOT_FLOOR to a com.laytonsmith.abstraction.enums.MCDamageCause, no match was found. This may be caused by an old plugin version, or a newer server version.
2016-06-13 06:48.03 - [CommandHelper][ERROR][RUNTIME] When trying to convert org.bukkit.event.entity.EntityDamageEvent$DamageCause.HOT_FLOOR to a com.laytonsmith.abstraction.enums.MCDamageCause, no match was found. This may be caused by an old plugin version, or a newer server version.
2016-06-13 06:48.03 - [CommandHelper][ERROR][RUNTIME] When trying to convert org.bukkit.event.entity.EntityDamageEvent$DamageCause.HOT_FLOOR to a com.laytonsmith.abstraction.enums.MCDamageCause, no match was found. This may be caused by an old plugin version, or a newer server version.
2016-06-13 06:50.03 - [CommandHelper][ERROR][RUNTIME] InsufficientPermissionException: You do not have permission to use the sudo function.
	<<main code>>:/home/minecraft/server/plugins/CommandHelper/config.txt:331
 /home/minecraft/server/plugins/CommandHelper/config.txt:331
2016-06-13 07:16.34 - [CommandHelper][ERROR][RUNTIME] InsufficientPermissionException: You do not have permission to use the sudo function.
	<<main code>>:/home/minecraft/server/plugins/CommandHelper/config.txt:248
 /home/minecraft/server/plugins/CommandHelper/config.txt:248
2016-06-13 07:22.20 - [CommandHelper][ERROR][RUNTIME] InsufficientPermissionException: You do not have permission to use the sudo function.
	<<main code>>:/home/minecraft/server/plugins/CommandHelper/config.txt:1141
 /home/minecraft/server/plugins/CommandHelper/config.txt:1141
2016-06-13 07:59.41 - [CommandHelper][ERROR][RUNTIME] When trying to convert org.bukkit.event.entity.EntityDamageEvent$DamageCause.HOT_FLOOR to a com.laytonsmith.abstraction.enums.MCDamageCause, no match was found. This may be caused by an old plugin version, or a newer server version.
2016-06-13 08:54.33 - [CommandHelper][ERROR][RUNTIME] InsufficientPermissionException: You do not have permission to use the sudo function.
	<<main code>>:/home/minecraft/server/plugins/CommandHelper/config.txt:355
 /home/minecraft/server/plugins/CommandHelper/config.txt:355
2016-06-13 08:54.35 - [CommandHelper][ERROR][RUNTIME] InsufficientPermissionException: You do not have permission to use the sudo function.
	<<main code>>:/home/minecraft/server/plugins/CommandHelper/config.txt:351
 /home/minecraft/server/plugins/CommandHelper/config.txt:351
2016-06-13 10:20.57 - [CommandHelper][ERROR][RUNTIME] InsufficientPermissionException: You do not have permission to use the sudo function.
	<<main code>>:/home/minecraft/server/plugins/CommandHelper/config.txt:331
 /home/minecraft/server/plugins/CommandHelper/config.txt:331
2016-06-13 10:21.00 - [CommandHelper][ERROR][RUNTIME] InsufficientPermissionException: You do not have permission to use the sudo function.
	<<main code>>:/home/minecraft/server/plugins/CommandHelper/config.txt:327
 /home/minecraft/server/plugins/CommandHelper/config.txt:327
2016-06-13 10:40.37 - [CommandHelper][ERROR][RUNTIME] When trying to convert org.bukkit.event.entity.EntityDamageEvent$DamageCause.HOT_FLOOR to a com.laytonsmith.abstraction.enums.MCDamageCause, no match was found. This may be caused by an old plugin version, or a newer server version.
2016-06-13 10:40.40 - [CommandHelper][ERROR][RUNTIME] When trying to convert org.bukkit.event.entity.EntityDamageEvent$DamageCause.HOT_FLOOR to a com.laytonsmith.abstraction.enums.MCDamageCause, no match was found. This may be caused by an old plugin version, or a newer server version.
2016-06-13 10:41.23 - [CommandHelper][ERROR][RUNTIME] When trying to convert org.bukkit.event.entity.EntityDamageEvent$DamageCause.HOT_FLOOR to a com.laytonsmith.abstraction.enums.MCDamageCause, no match was found. This may be caused by an old plugin version, or a newer server version.
2016-06-13 10:41.31 - [CommandHelper][ERROR][RUNTIME] When trying to convert org.bukkit.event.entity.EntityDamageEvent$DamageCause.HOT_FLOOR to a com.laytonsmith.abstraction.enums.MCDamageCause, no match was found. This may be caused by an old plugin version, or a newer server version.
2016-06-13 10:41.38 - [CommandHelper][ERROR][RUNTIME] InsufficientPermissionException: You do not have permission to use the sudo function.
	<<main code>>:/home/minecraft/server/plugins/CommandHelper/config.txt:323
 /home/minecraft/server/plugins/CommandHelper/config.txt:323
2016-06-13 10:41.45 - [CommandHelper][ERROR][RUNTIME] InsufficientPermissionException: You do not have permission to use the sudo function.
	<<main code>>:/home/minecraft/server/plugins/CommandHelper/config.txt:323
 /home/minecraft/server/plugins/CommandHelper/config.txt:323
2016-06-13 10:53.12 - [CommandHelper][ERROR][RUNTIME] When trying to convert org.bukkit.event.entity.EntityDamageEvent$DamageCause.HOT_FLOOR to a com.laytonsmith.abstraction.enums.MCDamageCause, no match was found. This may be caused by an old plugin version, or a newer server version.
2016-06-13 10:53.38 - [CommandHelper][ERROR][RUNTIME] When trying to convert org.bukkit.event.entity.EntityDamageEvent$DamageCause.HOT_FLOOR to a com.laytonsmith.abstraction.enums.MCDamageCause, no match was found. This may be caused by an old plugin version, or a newer server version.
2016-06-13 10:54.41 - [CommandHelper][ERROR][RUNTIME] InsufficientPermissionException: You do not have permission to use the sudo function.
	<<main code>>:/home/minecraft/server/plugins/CommandHelper/config.txt:267
 /home/minecraft/server/plugins/CommandHelper/config.txt:267
2016-06-13 10:56.01 - [CommandHelper][ERROR][RUNTIME] InsufficientPermissionException: You do not have permission to use the sudo function.
	<<main code>>:/home/minecraft/server/plugins/CommandHelper/config.txt:248
 /home/minecraft/server/plugins/CommandHelper/config.txt:248
2016-06-13 10:56.04 - [CommandHelper][ERROR][RUNTIME] InsufficientPermissionException: You do not have permission to use the sudo function.
	<<main code>>:/home/minecraft/server/plugins/CommandHelper/config.txt:267
 /home/minecraft/server/plugins/CommandHelper/config.txt:267
2016-06-13 10:58.51 - [CommandHelper][ERROR][RUNTIME] When trying to convert org.bukkit.event.entity.EntityDamageEvent$DamageCause.HOT_FLOOR to a com.laytonsmith.abstraction.enums.MCDamageCause, no match was found. This may be caused by an old plugin version, or a newer server version.
2016-06-13 10:59.00 - [CommandHelper][ERROR][RUNTIME] When trying to convert org.bukkit.event.entity.EntityDamageEvent$DamageCause.HOT_FLOOR to a com.laytonsmith.abstraction.enums.MCDamageCause, no match was found. This may be caused by an old plugin version, or a newer server version.
2016-06-13 10:59.00 - [CommandHelper][ERROR][RUNTIME] When trying to convert org.bukkit.event.entity.EntityDamageEvent$DamageCause.HOT_FLOOR to a com.laytonsmith.abstraction.enums.MCDamageCause, no match was found. This may be caused by an old plugin version, or a newer server version.
2016-06-13 10:59.02 - [CommandHelper][ERROR][RUNTIME] When trying to convert org.bukkit.event.entity.EntityDamageEvent$DamageCause.HOT_FLOOR to a com.laytonsmith.abstraction.enums.MCDamageCause, no match was found. This may be caused by an old plugin version, or a newer server version.
2016-06-13 10:59.05 - [CommandHelper][ERROR][RUNTIME] When trying to convert org.bukkit.event.entity.EntityDamageEvent$DamageCause.HOT_FLOOR to a com.laytonsmith.abstraction.enums.MCDamageCause, no match was found. This may be caused by an old plugin version, or a newer server version.
2016-06-13 10:59.09 - [CommandHelper][ERROR][RUNTIME] When trying to convert org.bukkit.event.entity.EntityDamageEvent$DamageCause.HOT_FLOOR to a com.laytonsmith.abstraction.enums.MCDamageCause, no match was found. This may be caused by an old plugin version, or a newer server version.
2016-06-13 10:59.09 - [CommandHelper][ERROR][RUNTIME] When trying to convert org.bukkit.event.entity.EntityDamageEvent$DamageCause.HOT_FLOOR to a com.laytonsmith.abstraction.enums.MCDamageCause, no match was found. This may be caused by an old plugin version, or a newer server version.
2016-06-13 10:59.34 - [CommandHelper][ERROR][RUNTIME] When trying to convert org.bukkit.event.entity.EntityDamageEvent$DamageCause.HOT_FLOOR to a com.laytonsmith.abstraction.enums.MCDamageCause, no match was found. This may be caused by an old plugin version, or a newer server version.
2016-06-13 10:59.34 - [CommandHelper][ERROR][RUNTIME] When trying to convert org.bukkit.event.entity.EntityDamageEvent$DamageCause.HOT_FLOOR to a com.laytonsmith.abstraction.enums.MCDamageCause, no match was found. This may be caused by an old plugin version, or a newer server version.
2016-06-13 10:59.36 - [CommandHelper][ERROR][RUNTIME] When trying to convert org.bukkit.event.entity.EntityDamageEvent$DamageCause.HOT_FLOOR to a com.laytonsmith.abstraction.enums.MCDamageCause, no match was found. This may be caused by an old plugin version, or a newer server version.
2016-06-13 10:59.47 - [CommandHelper][ERROR][RUNTIME] When trying to convert org.bukkit.event.entity.EntityDamageEvent$DamageCause.HOT_FLOOR to a com.laytonsmith.abstraction.enums.MCDamageCause, no match was found. This may be caused by an old plugin version, or a newer server version.
2016-06-13 10:59.48 - [CommandHelper][ERROR][RUNTIME] When trying to convert org.bukkit.event.entity.EntityDamageEvent$DamageCause.HOT_FLOOR to a com.laytonsmith.abstraction.enums.MCDamageCause, no match was found. This may be caused by an old plugin version, or a newer server version.
2016-06-13 10:59.49 - [CommandHelper][ERROR][RUNTIME] When trying to convert org.bukkit.event.entity.EntityDamageEvent$DamageCause.HOT_FLOOR to a com.laytonsmith.abstraction.enums.MCDamageCause, no match was found. This may be caused by an old plugin version, or a newer server version.
2016-06-13 10:59.49 - [CommandHelper][ERROR][RUNTIME] When trying to convert org.bukkit.event.entity.EntityDamageEvent$DamageCause.HOT_FLOOR to a com.laytonsmith.abstraction.enums.MCDamageCause, no match was found. This may be caused by an old plugin version, or a newer server version.
2016-06-13 11:01.31 - [CommandHelper][ERROR][RUNTIME] When trying to convert org.bukkit.event.entity.EntityDamageEvent$DamageCause.HOT_FLOOR to a com.laytonsmith.abstraction.enums.MCDamageCause, no match was found. This may be caused by an old plugin version, or a newer server version.
2016-06-13 11:01.32 - [CommandHelper][ERROR][RUNTIME] When trying to convert org.bukkit.event.entity.EntityDamageEvent$DamageCause.HOT_FLOOR to a com.laytonsmith.abstraction.enums.MCDamageCause, no match was found. This may be caused by an old plugin version, or a newer server version.
2016-06-13 11:01.32 - [CommandHelper][ERROR][RUNTIME] When trying to convert org.bukkit.event.entity.EntityDamageEvent$DamageCause.HOT_FLOOR to a com.laytonsmith.abstraction.enums.MCDamageCause, no match was found. This may be caused by an old plugin version, or a newer server version.
2016-06-13 11:01.33 - [CommandHelper][ERROR][RUNTIME] When trying to convert org.bukkit.event.entity.EntityDamageEvent$DamageCause.HOT_FLOOR to a com.laytonsmith.abstraction.enums.MCDamageCause, no match was found. This may be caused by an old plugin version, or a newer server version.
2016-06-13 11:01.35 - [CommandHelper][ERROR][RUNTIME] When trying to convert org.bukkit.event.entity.EntityDamageEvent$DamageCause.HOT_FLOOR to a com.laytonsmith.abstraction.enums.MCDamageCause, no match was found. This may be caused by an old plugin version, or a newer server version.
2016-06-13 11:01.36 - [CommandHelper][ERROR][RUNTIME] When trying to convert org.bukkit.event.entity.EntityDamageEvent$DamageCause.HOT_FLOOR to a com.laytonsmith.abstraction.enums.MCDamageCause, no match was found. This may be caused by an old plugin version, or a newer server version.
2016-06-13 11:01.37 - [CommandHelper][ERROR][RUNTIME] When trying to convert org.bukkit.event.entity.EntityDamageEvent$DamageCause.HOT_FLOOR to a com.laytonsmith.abstraction.enums.MCDamageCause, no match was found. This may be caused by an old plugin version, or a newer server version.
2016-06-13 11:02.15 - [CommandHelper][ERROR][RUNTIME] When trying to convert org.bukkit.event.entity.EntityDamageEvent$DamageCause.HOT_FLOOR to a com.laytonsmith.abstraction.enums.MCDamageCause, no match was found. This may be caused by an old plugin version, or a newer server version.
2016-06-13 11:02.16 - [CommandHelper][ERROR][RUNTIME] When trying to convert org.bukkit.event.entity.EntityDamageEvent$DamageCause.HOT_FLOOR to a com.laytonsmith.abstraction.enums.MCDamageCause, no match was found. This may be caused by an old plugin version, or a newer server version.
2016-06-13 11:03.25 - [CommandHelper][ERROR][RUNTIME] When trying to convert org.bukkit.event.entity.EntityDamageEvent$DamageCause.HOT_FLOOR to a com.laytonsmith.abstraction.enums.MCDamageCause, no match was found. This may be caused by an old plugin version, or a newer server version.
2016-06-13 11:03.25 - [CommandHelper][ERROR][RUNTIME] When trying to convert org.bukkit.event.entity.EntityDamageEvent$DamageCause.HOT_FLOOR to a com.laytonsmith.abstraction.enums.MCDamageCause, no match was found. This may be caused by an old plugin version, or a newer server version.
2016-06-13 11:04.46 - [CommandHelper][ERROR][COMPILER] COMPILE ERROR: Unended string literal. You started the last double quote on line 1374
	:/home/minecraft/server/plugins/CommandHelper/config.txt:1379
 /home/minecraft/server/plugins/CommandHelper/config.txt:1379
2016-06-13 11:12.02 - [CommandHelper][ERROR][RUNTIME] InsufficientPermissionException: You do not have permission to use the sudo function.
	<<main code>>:/home/minecraft/server/plugins/CommandHelper/config.txt:946
 /home/minecraft/server/plugins/CommandHelper/config.txt:946
2016-06-13 11:12.52 - [CommandHelper][ERROR][RUNTIME] When trying to convert org.bukkit.event.entity.EntityDamageEvent$DamageCause.HOT_FLOOR to a com.laytonsmith.abstraction.enums.MCDamageCause, no match was found. This may be caused by an old plugin version, or a newer server version.
2016-06-13 11:13.03 - [CommandHelper][ERROR][RUNTIME] When trying to convert org.bukkit.event.entity.EntityDamageEvent$DamageCause.HOT_FLOOR to a com.laytonsmith.abstraction.enums.MCDamageCause, no match was found. This may be caused by an old plugin version, or a newer server version.
2016-06-13 11:13.03 - [CommandHelper][ERROR][RUNTIME] When trying to convert org.bukkit.event.entity.EntityDamageEvent$DamageCause.HOT_FLOOR to a com.laytonsmith.abstraction.enums.MCDamageCause, no match was found. This may be caused by an old plugin version, or a newer server version.
2016-06-13 11:13.04 - [CommandHelper][ERROR][RUNTIME] When trying to convert org.bukkit.event.entity.EntityDamageEvent$DamageCause.HOT_FLOOR to a com.laytonsmith.abstraction.enums.MCDamageCause, no match was found. This may be caused by an old plugin version, or a newer server version.
2016-06-13 11:13.05 - [CommandHelper][ERROR][RUNTIME] When trying to convert org.bukkit.event.entity.EntityDamageEvent$DamageCause.HOT_FLOOR to a com.laytonsmith.abstraction.enums.MCDamageCause, no match was found. This may be caused by an old plugin version, or a newer server version.
2016-06-13 11:13.09 - [CommandHelper][ERROR][RUNTIME] When trying to convert org.bukkit.event.entity.EntityDamageEvent$DamageCause.HOT_FLOOR to a com.laytonsmith.abstraction.enums.MCDamageCause, no match was found. This may be caused by an old plugin version, or a newer server version.
2016-06-13 11:17.04 - [CommandHelper][ERROR][RUNTIME] When trying to convert org.bukkit.event.entity.EntityDamageEvent$DamageCause.HOT_FLOOR to a com.laytonsmith.abstraction.enums.MCDamageCause, no match was found. This may be caused by an old plugin version, or a newer server version.
2016-06-13 11:18.32 - [CommandHelper][ERROR][RUNTIME] When trying to convert org.bukkit.event.entity.EntityDamageEvent$DamageCause.HOT_FLOOR to a com.laytonsmith.abstraction.enums.MCDamageCause, no match was found. This may be caused by an old plugin version, or a newer server version.
2016-06-13 11:18.35 - [CommandHelper][ERROR][RUNTIME] When trying to convert org.bukkit.event.entity.EntityDamageEvent$DamageCause.HOT_FLOOR to a com.laytonsmith.abstraction.enums.MCDamageCause, no match was found. This may be caused by an old plugin version, or a newer server version.
2016-06-13 11:18.38 - [CommandHelper][ERROR][RUNTIME] When trying to convert org.bukkit.event.entity.EntityDamageEvent$DamageCause.HOT_FLOOR to a com.laytonsmith.abstraction.enums.MCDamageCause, no match was found. This may be caused by an old plugin version, or a newer server version.
2016-06-13 11:18.38 - [CommandHelper][ERROR][RUNTIME] When trying to convert org.bukkit.event.entity.EntityDamageEvent$DamageCause.HOT_FLOOR to a com.laytonsmith.abstraction.enums.MCDamageCause, no match was found. This may be caused by an old plugin version, or a newer server version.
2016-06-13 11:18.39 - [CommandHelper][ERROR][RUNTIME] When trying to convert org.bukkit.event.entity.EntityDamageEvent$DamageCause.HOT_FLOOR to a com.laytonsmith.abstraction.enums.MCDamageCause, no match was found. This may be caused by an old plugin version, or a newer server version.
2016-06-13 11:18.39 - [CommandHelper][ERROR][RUNTIME] When trying to convert org.bukkit.event.entity.EntityDamageEvent$DamageCause.HOT_FLOOR to a com.laytonsmith.abstraction.enums.MCDamageCause, no match was found. This may be caused by an old plugin version, or a newer server version.
2016-06-13 11:18.40 - [CommandHelper][ERROR][RUNTIME] When trying to convert org.bukkit.event.entity.EntityDamageEvent$DamageCause.HOT_FLOOR to a com.laytonsmith.abstraction.enums.MCDamageCause, no match was found. This may be caused by an old plugin version, or a newer server version.
2016-06-13 11:22.31 - [CommandHelper][ERROR][RUNTIME] InsufficientPermissionException: You do not have permission to use the sudo function.
	<<main code>>:/home/minecraft/server/plugins/CommandHelper/config.txt:315
 /home/minecraft/server/plugins/CommandHelper/config.txt:315
2016-06-13 11:22.42 - [CommandHelper][ERROR][RUNTIME] InsufficientPermissionException: You do not have permission to use the sudo function.
	<<main code>>:/home/minecraft/server/plugins/CommandHelper/config.txt:248
 /home/minecraft/server/plugins/CommandHelper/config.txt:248
2016-06-13 11:23.32 - [CommandHelper][ERROR][RUNTIME] When trying to convert org.bukkit.event.entity.EntityDamageEvent$DamageCause.HOT_FLOOR to a com.laytonsmith.abstraction.enums.MCDamageCause, no match was found. This may be caused by an old plugin version, or a newer server version.
2016-06-13 11:24.04 - [CommandHelper][ERROR][RUNTIME] InsufficientPermissionException: You do not have permission to use the sudo function.
	<<main code>>:/home/minecraft/server/plugins/CommandHelper/config.txt:351
 /home/minecraft/server/plugins/CommandHelper/config.txt:351
2016-06-13 11:24.48 - [CommandHelper][ERROR][RUNTIME] When trying to convert org.bukkit.event.entity.EntityDamageEvent$DamageCause.HOT_FLOOR to a com.laytonsmith.abstraction.enums.MCDamageCause, no match was found. This may be caused by an old plugin version, or a newer server version.
2016-06-13 11:28.43 - [CommandHelper][ERROR][RUNTIME] InsufficientPermissionException: You do not have permission to use the sudo function.
	<<main code>>:/home/minecraft/server/plugins/CommandHelper/config.txt:323
 /home/minecraft/server/plugins/CommandHelper/config.txt:323
2016-06-13 11:29.08 - [CommandHelper][ERROR][RUNTIME] When trying to convert org.bukkit.event.entity.EntityDamageEvent$DamageCause.HOT_FLOOR to a com.laytonsmith.abstraction.enums.MCDamageCause, no match was found. This may be caused by an old plugin version, or a newer server version.
2016-06-13 11:30.20 - [CommandHelper][ERROR][RUNTIME] InsufficientPermissionException: You do not have permission to use the sudo function.
	<<main code>>:/home/minecraft/server/plugins/CommandHelper/config.txt:1060
 /home/minecraft/server/plugins/CommandHelper/config.txt:1060
2016-06-13 11:30.29 - [CommandHelper][ERROR][RUNTIME] InsufficientPermissionException: You do not have permission to use the sudo function.
	<<main code>>:/home/minecraft/server/plugins/CommandHelper/config.txt:1060
 /home/minecraft/server/plugins/CommandHelper/config.txt:1060
2016-06-13 11:39.56 - [CommandHelper][ERROR][RUNTIME] When trying to convert org.bukkit.event.entity.EntityDamageEvent$DamageCause.HOT_FLOOR to a com.laytonsmith.abstraction.enums.MCDamageCause, no match was found. This may be caused by an old plugin version, or a newer server version.
2016-06-13 11:39.56 - [CommandHelper][ERROR][RUNTIME] When trying to convert org.bukkit.event.entity.EntityDamageEvent$DamageCause.HOT_FLOOR to a com.laytonsmith.abstraction.enums.MCDamageCause, no match was found. This may be caused by an old plugin version, or a newer server version.
2016-06-13 11:40.01 - [CommandHelper][ERROR][RUNTIME] When trying to convert org.bukkit.event.entity.EntityDamageEvent$DamageCause.HOT_FLOOR to a com.laytonsmith.abstraction.enums.MCDamageCause, no match was found. This may be caused by an old plugin version, or a newer server version.
2016-06-13 11:40.02 - [CommandHelper][ERROR][RUNTIME] When trying to convert org.bukkit.event.entity.EntityDamageEvent$DamageCause.HOT_FLOOR to a com.laytonsmith.abstraction.enums.MCDamageCause, no match was found. This may be caused by an old plugin version, or a newer server version.
2016-06-13 11:40.17 - [CommandHelper][ERROR][RUNTIME] When trying to convert org.bukkit.event.entity.EntityDamageEvent$DamageCause.HOT_FLOOR to a com.laytonsmith.abstraction.enums.MCDamageCause, no match was found. This may be caused by an old plugin version, or a newer server version.
2016-06-13 11:41.01 - [CommandHelper][ERROR][RUNTIME] InsufficientPermissionException: You do not have permission to use the sudo function.
	<<main code>>:/home/minecraft/server/plugins/CommandHelper/config.txt:351
 /home/minecraft/server/plugins/CommandHelper/config.txt:351
2016-06-13 11:41.08 - [CommandHelper][ERROR][RUNTIME] When trying to convert org.bukkit.event.entity.EntityDamageEvent$DamageCause.HOT_FLOOR to a com.laytonsmith.abstraction.enums.MCDamageCause, no match was found. This may be caused by an old plugin version, or a newer server version.
2016-06-13 11:41.09 - [CommandHelper][ERROR][RUNTIME] When trying to convert org.bukkit.event.entity.EntityDamageEvent$DamageCause.HOT_FLOOR to a com.laytonsmith.abstraction.enums.MCDamageCause, no match was found. This may be caused by an old plugin version, or a newer server version.
2016-06-13 11:42.55 - [CommandHelper][ERROR][RUNTIME] When trying to convert org.bukkit.event.entity.EntityDamageEvent$DamageCause.HOT_FLOOR to a com.laytonsmith.abstraction.enums.MCDamageCause, no match was found. This may be caused by an old plugin version, or a newer server version.
2016-06-13 11:42.57 - [CommandHelper][ERROR][RUNTIME] When trying to convert org.bukkit.event.entity.EntityDamageEvent$DamageCause.HOT_FLOOR to a com.laytonsmith.abstraction.enums.MCDamageCause, no match was found. This may be caused by an old plugin version, or a newer server version.
2016-06-13 11:48.08 - [CommandHelper][ERROR][RUNTIME] InsufficientPermissionException: You do not have permission to use the sudo function.
	<<main code>>:/home/minecraft/server/plugins/CommandHelper/config.txt:248
 /home/minecraft/server/plugins/CommandHelper/config.txt:248
2016-06-13 11:48.46 - [CommandHelper][ERROR][RUNTIME] InsufficientPermissionException: You do not have permission to use the sudo function.
	<<main code>>:/home/minecraft/server/plugins/CommandHelper/config.txt:699
 /home/minecraft/server/plugins/CommandHelper/config.txt:699
2016-06-13 11:49.06 - [CommandHelper][ERROR][RUNTIME] InsufficientPermissionException: You do not have permission to use the sudo function.
	<<main code>>:/home/minecraft/server/plugins/CommandHelper/config.txt:283
 /home/minecraft/server/plugins/CommandHelper/config.txt:283
