2016-05-28 09:26.46 - [CommandHelper][ERROR][RUNTIME] InsufficientPermissionException: You do not have permission to use the sudo function.
	<<main code>>:/home/minecraft/server/plugins/CommandHelper/config.txt:645
 /home/minecraft/server/plugins/CommandHelper/config.txt:645
2016-05-28 10:15.20 - [CommandHelper][ERROR][RUNTIME] FormatException: In the key "storage.afk.._, the namespace "_" is not allowed. (Namespaces may contain an underscore, but may not be just an underscore.)
	<<main code>>:/home/minecraft/server/plugins/CommandHelper/main.ms:253
 /home/minecraft/server/plugins/CommandHelper/main.ms:253
2016-05-28 10:16.34 - [CommandHelper][ERROR][RUNTIME] InsufficientPermissionException: You do not have permission to use the sudo function.
	<<main code>>:/home/minecraft/server/plugins/CommandHelper/config.txt:27
 /home/minecraft/server/plugins/CommandHelper/config.txt:27
2016-05-28 10:16.46 - [CommandHelper][ERROR][RUNTIME] InsufficientPermissionException: You do not have permission to use the sudo function.
	<<main code>>:/home/minecraft/server/plugins/CommandHelper/config.txt:371
 /home/minecraft/server/plugins/CommandHelper/config.txt:371
2016-05-28 10:25.25 - [CommandHelper][ERROR][COMPILER] COMPILE ERROR: The function "acc_subtract" does not exist in the Java Interpreter
	:/home/minecraft/server/plugins/CommandHelper/config.txt:1305
 /home/minecraft/server/plugins/CommandHelper/config.txt:1305
2016-05-28 10:25.25 - [CommandHelper][ERROR][COMPILER] COMPILE ERROR: The function "acc_balance" does not exist in the Java Interpreter
	:/home/minecraft/server/plugins/CommandHelper/config.txt:1303
 /home/minecraft/server/plugins/CommandHelper/config.txt:1303
2016-05-28 10:26.45 - [CommandHelper][ERROR][COMPILER] COMPILE ERROR: The function "acc_subtract" does not exist in the Java Interpreter
	:/home/minecraft/server/plugins/CommandHelper/config.txt:1305
 /home/minecraft/server/plugins/CommandHelper/config.txt:1305
2016-05-28 10:26.45 - [CommandHelper][ERROR][COMPILER] COMPILE ERROR: The function "acc_balance" does not exist in the Java Interpreter
	:/home/minecraft/server/plugins/CommandHelper/config.txt:1303
 /home/minecraft/server/plugins/CommandHelper/config.txt:1303
2016-05-28 10:28.03 - [CommandHelper][ERROR][COMPILER] COMPILE ERROR: The function "acc_subtract" does not exist in the Java Interpreter
	:/home/minecraft/server/plugins/CommandHelper/config.txt:1305
 /home/minecraft/server/plugins/CommandHelper/config.txt:1305
2016-05-28 10:28.03 - [CommandHelper][ERROR][COMPILER] COMPILE ERROR: The function "acc_balance" does not exist in the Java Interpreter
	:/home/minecraft/server/plugins/CommandHelper/config.txt:1303
 /home/minecraft/server/plugins/CommandHelper/config.txt:1303
2016-05-28 10:28.15 - [CommandHelper][ERROR][COMPILER] COMPILE ERROR: The function "acc_balance" does not exist in the Java Interpreter
	:/home/minecraft/server/plugins/CommandHelper/config.txt:1303
 /home/minecraft/server/plugins/CommandHelper/config.txt:1303
2016-05-28 10:28.15 - [CommandHelper][ERROR][COMPILER] COMPILE ERROR: The function "acc_subtract" does not exist in the Java Interpreter
	:/home/minecraft/server/plugins/CommandHelper/config.txt:1306
 /home/minecraft/server/plugins/CommandHelper/config.txt:1306
2016-05-28 10:28.45 - [CommandHelper][ERROR][RUNTIME] InsufficientPermissionException: You do not have permission to use the sudo function.
	<<main code>>:/home/minecraft/server/plugins/CommandHelper/config.txt:640
 /home/minecraft/server/plugins/CommandHelper/config.txt:640
2016-05-28 10:28.52 - [CommandHelper][ERROR][RUNTIME] InsufficientPermissionException: You do not have permission to use the sudo function.
	<<main code>>:/home/minecraft/server/plugins/CommandHelper/config.txt:640
 /home/minecraft/server/plugins/CommandHelper/config.txt:640
2016-05-28 10:28.56 - [CommandHelper][ERROR][RUNTIME] InsufficientPermissionException: You do not have permission to use the sudo function.
	<<main code>>:/home/minecraft/server/plugins/CommandHelper/config.txt:640
 /home/minecraft/server/plugins/CommandHelper/config.txt:640
2016-05-28 10:28.59 - [CommandHelper][ERROR][RUNTIME] FormatException: In the key "storage.afk.._, the namespace "_" is not allowed. (Namespaces may contain an underscore, but may not be just an underscore.)
	<<main code>>:/home/minecraft/server/plugins/CommandHelper/main.ms:253
 /home/minecraft/server/plugins/CommandHelper/main.ms:253
2016-05-28 10:29.20 - [CommandHelper][ERROR][COMPILER] COMPILE ERROR: The function "acc_balance" does not exist in the Java Interpreter
	:/home/minecraft/server/plugins/CommandHelper/config.txt:1303
 /home/minecraft/server/plugins/CommandHelper/config.txt:1303
2016-05-28 10:29.20 - [CommandHelper][ERROR][COMPILER] COMPILE ERROR: The function "acc_subtract" does not exist in the Java Interpreter
	:/home/minecraft/server/plugins/CommandHelper/config.txt:1306
 /home/minecraft/server/plugins/CommandHelper/config.txt:1306
2016-05-28 10:30.05 - [CommandHelper][ERROR][COMPILER] COMPILE ERROR: The function "acc_balance" does not exist in the Java Interpreter
	:/home/minecraft/server/plugins/CommandHelper/config.txt:1303
 /home/minecraft/server/plugins/CommandHelper/config.txt:1303
2016-05-28 10:30.05 - [CommandHelper][ERROR][COMPILER] COMPILE ERROR: The function "acc_subtract" does not exist in the Java Interpreter
	:/home/minecraft/server/plugins/CommandHelper/config.txt:1306
 /home/minecraft/server/plugins/CommandHelper/config.txt:1306
2016-05-28 10:32.03 - [CommandHelper][ERROR][COMPILER] COMPILE ERROR: The function "acc_subtract" does not exist in the Java Interpreter
	:/home/minecraft/server/plugins/CommandHelper/config.txt:1306
 /home/minecraft/server/plugins/CommandHelper/config.txt:1306
2016-05-28 10:32.03 - [CommandHelper][ERROR][COMPILER] COMPILE ERROR: The function "acc_balance" does not exist in the Java Interpreter
	:/home/minecraft/server/plugins/CommandHelper/config.txt:1303
 /home/minecraft/server/plugins/CommandHelper/config.txt:1303
2016-05-28 10:43.00 - [CommandHelper][ERROR][COMPILER] COMPILE ERROR: The function "acc_subtract" does not exist in the Java Interpreter
	:/home/minecraft/server/plugins/CommandHelper/config.txt:1296
 /home/minecraft/server/plugins/CommandHelper/config.txt:1296
2016-05-28 10:51.55 - [CommandHelper][ERROR][RUNTIME] InsufficientPermissionException: You do not have permission to use the sudo function.
	<<main code>>:/home/minecraft/server/plugins/CommandHelper/config.txt:248
 /home/minecraft/server/plugins/CommandHelper/config.txt:248
2016-05-28 11:01.43 - [CommandHelper][ERROR][RUNTIME] InsufficientPermissionException: You do not have permission to use the sudo function.
	<<main code>>:/home/minecraft/server/plugins/CommandHelper/config.txt:248
 /home/minecraft/server/plugins/CommandHelper/config.txt:248
2016-05-28 11:08.01 - [CommandHelper][ERROR][RUNTIME] InsufficientPermissionException: You do not have permission to use the sudo function.
	<<main code>>:/home/minecraft/server/plugins/CommandHelper/config.txt:367
 /home/minecraft/server/plugins/CommandHelper/config.txt:367
2016-05-28 11:43.22 - [CommandHelper][ERROR][RUNTIME] InsufficientPermissionException: You do not have permission to use the sudo function.
	<<main code>>:/home/minecraft/server/plugins/CommandHelper/config.txt:371
 /home/minecraft/server/plugins/CommandHelper/config.txt:371
