2016-03-01 11:41.24 - [CommandHelper][ERROR][RUNTIME] Could not find a matching biome type for ICE_PLAINS. This is an error, please report this to the bug tracker.
2016-03-01 11:41.24 - [CommandHelper][ERROR][RUNTIME] Could not find a matching biome type for MUSHROOM_SHORE. This is an error, please report this to the bug tracker.
2016-03-01 11:41.24 - [CommandHelper][ERROR][RUNTIME] Could not find a matching biome type for BEACH. This is an error, please report this to the bug tracker.
2016-03-01 11:41.24 - [CommandHelper][ERROR][RUNTIME] Could not find a matching biome type for SMALL_MOUNTAINS. This is an error, please report this to the bug tracker.
2016-03-01 11:41.24 - [CommandHelper][ERROR][RUNTIME] Could not find a matching biome type for COLD_TAIGA. This is an error, please report this to the bug tracker.
2016-03-01 11:41.24 - [CommandHelper][ERROR][RUNTIME] Could not find a matching biome type for COLD_TAIGA_HILLS. This is an error, please report this to the bug tracker.
2016-03-01 11:41.24 - [CommandHelper][ERROR][RUNTIME] Could not find a matching biome type for MEGA_TAIGA. This is an error, please report this to the bug tracker.
2016-03-01 11:41.24 - [CommandHelper][ERROR][RUNTIME] Could not find a matching biome type for MEGA_TAIGA_HILLS. This is an error, please report this to the bug tracker.
2016-03-01 11:41.24 - [CommandHelper][ERROR][RUNTIME] Could not find a matching biome type for EXTREME_HILLS_PLUS. This is an error, please report this to the bug tracker.
2016-03-01 11:41.24 - [CommandHelper][ERROR][RUNTIME] Could not find a matching biome type for SAVANNA_PLATEAU. This is an error, please report this to the bug tracker.
2016-03-01 11:41.24 - [CommandHelper][ERROR][RUNTIME] Could not find a matching biome type for MESA_PLATEAU_FOREST. This is an error, please report this to the bug tracker.
2016-03-01 11:41.24 - [CommandHelper][ERROR][RUNTIME] Could not find a matching biome type for MESA_PLATEAU. This is an error, please report this to the bug tracker.
2016-03-01 11:41.24 - [CommandHelper][ERROR][RUNTIME] Could not find a matching biome type for SUNFLOWER_PLAINS. This is an error, please report this to the bug tracker.
2016-03-01 11:41.24 - [CommandHelper][ERROR][RUNTIME] Could not find a matching biome type for DESERT_MOUNTAINS. This is an error, please report this to the bug tracker.
2016-03-01 11:41.24 - [CommandHelper][ERROR][RUNTIME] Could not find a matching biome type for FLOWER_FOREST. This is an error, please report this to the bug tracker.
2016-03-01 11:41.24 - [CommandHelper][ERROR][RUNTIME] Could not find a matching biome type for TAIGA_MOUNTAINS. This is an error, please report this to the bug tracker.
2016-03-01 11:41.24 - [CommandHelper][ERROR][RUNTIME] Could not find a matching biome type for ICE_PLAINS_SPIKES. This is an error, please report this to the bug tracker.
2016-03-01 11:41.24 - [CommandHelper][ERROR][RUNTIME] Could not find a matching biome type for JUNGLE_MOUNTAINS. This is an error, please report this to the bug tracker.
2016-03-01 11:41.24 - [CommandHelper][ERROR][RUNTIME] Could not find a matching biome type for JUNGLE_EDGE_MOUNTAINS. This is an error, please report this to the bug tracker.
2016-03-01 11:41.24 - [CommandHelper][ERROR][RUNTIME] Could not find a matching biome type for COLD_TAIGA_MOUNTAINS. This is an error, please report this to the bug tracker.
2016-03-01 11:41.24 - [CommandHelper][ERROR][RUNTIME] Could not find a matching biome type for SAVANNA_MOUNTAINS. This is an error, please report this to the bug tracker.
2016-03-01 11:41.24 - [CommandHelper][ERROR][RUNTIME] Could not find a matching biome type for SAVANNA_PLATEAU_MOUNTAINS. This is an error, please report this to the bug tracker.
2016-03-01 11:41.24 - [CommandHelper][ERROR][RUNTIME] Could not find a matching biome type for MESA_BRYCE. This is an error, please report this to the bug tracker.
2016-03-01 11:41.24 - [CommandHelper][ERROR][RUNTIME] Could not find a matching biome type for MESA_PLATEAU_FOREST_MOUNTAINS. This is an error, please report this to the bug tracker.
2016-03-01 11:41.24 - [CommandHelper][ERROR][RUNTIME] Could not find a matching biome type for MESA_PLATEAU_MOUNTAINS. This is an error, please report this to the bug tracker.
2016-03-01 11:41.24 - [CommandHelper][ERROR][RUNTIME] Could not find a matching biome type for BIRCH_FOREST_MOUNTAINS. This is an error, please report this to the bug tracker.
2016-03-01 11:41.24 - [CommandHelper][ERROR][RUNTIME] Could not find a matching biome type for BIRCH_FOREST_HILLS_MOUNTAINS. This is an error, please report this to the bug tracker.
2016-03-01 11:41.24 - [CommandHelper][ERROR][RUNTIME] Could not find a matching biome type for ROOFED_FOREST_MOUNTAINS. This is an error, please report this to the bug tracker.
2016-03-01 11:41.24 - [CommandHelper][ERROR][RUNTIME] Could not find a matching biome type for MEGA_SPRUCE_TAIGA. This is an error, please report this to the bug tracker.
2016-03-01 11:41.24 - [CommandHelper][ERROR][RUNTIME] Could not find a matching biome type for EXTREME_HILLS_MOUNTAINS. This is an error, please report this to the bug tracker.
2016-03-01 11:41.24 - [CommandHelper][ERROR][RUNTIME] Could not find a matching biome type for EXTREME_HILLS_PLUS_MOUNTAINS. This is an error, please report this to the bug tracker.
2016-03-01 11:41.24 - [CommandHelper][ERROR][RUNTIME] Could not find a matching biome type for SWAMPLAND_MOUNTAINS. This is an error, please report this to the bug tracker.
2016-03-01 11:41.24 - [CommandHelper][ERROR][RUNTIME] Could not find a matching biome type for MEGA_SPRUCE_TAIGA_HILLS. This is an error, please report this to the bug tracker.
