2016-06-25 05:08.15 - [CommandHelper][ERROR][RUNTIME] InsufficientPermissionException: You do not have permission to use the sudo function.
	<<main code>>:/home/minecraft/server/plugins/CommandHelper/config.txt:326
 /home/minecraft/server/plugins/CommandHelper/config.txt:326
2016-06-25 05:09.36 - [CommandHelper][ERROR][RUNTIME] InsufficientPermissionException: You do not have permission to use the sudo function.
	<<main code>>:/home/minecraft/server/plugins/CommandHelper/config.txt:326
 /home/minecraft/server/plugins/CommandHelper/config.txt:326
2016-06-25 05:18.01 - [CommandHelper][ERROR][RUNTIME] InsufficientPermissionException: You do not have permission to use the sudo function.
	<<main code>>:/home/minecraft/server/plugins/CommandHelper/config.txt:259
 /home/minecraft/server/plugins/CommandHelper/config.txt:259
2016-06-25 05:24.03 - [CommandHelper][ERROR][RUNTIME] InsufficientPermissionException: You do not have permission to use the sudo function.
	<<main code>>:/home/minecraft/server/plugins/CommandHelper/config.txt:259
 /home/minecraft/server/plugins/CommandHelper/config.txt:259
2016-06-25 05:27.20 - [CommandHelper][ERROR][RUNTIME] InsufficientPermissionException: You do not have permission to use the sudo function.
	<<main code>>:/home/minecraft/server/plugins/CommandHelper/config.txt:580
 /home/minecraft/server/plugins/CommandHelper/config.txt:580
2016-06-25 05:29.22 - [CommandHelper][ERROR][RUNTIME] InsufficientPermissionException: You do not have permission to use the sudo function.
	<<main code>>:/home/minecraft/server/plugins/CommandHelper/config.txt:326
 /home/minecraft/server/plugins/CommandHelper/config.txt:326
2016-06-25 05:29.29 - [CommandHelper][ERROR][RUNTIME] InsufficientPermissionException: You do not have permission to use the sudo function.
	<<main code>>:/home/minecraft/server/plugins/CommandHelper/config.txt:326
 /home/minecraft/server/plugins/CommandHelper/config.txt:326
2016-06-25 05:29.42 - [CommandHelper][ERROR][RUNTIME] InsufficientPermissionException: You do not have permission to use the sudo function.
	<<main code>>:/home/minecraft/server/plugins/CommandHelper/config.txt:326
 /home/minecraft/server/plugins/CommandHelper/config.txt:326
2016-06-25 05:31.53 - [CommandHelper][ERROR][RUNTIME] InsufficientPermissionException: You do not have permission to use the sudo function.
	<<main code>>:/home/minecraft/server/plugins/CommandHelper/config.txt:927
 /home/minecraft/server/plugins/CommandHelper/config.txt:927
2016-06-25 05:31.53 - [CommandHelper][ERROR][RUNTIME] InsufficientPermissionException: You do not have permission to use the sudo function.
	<<main code>>:/home/minecraft/server/plugins/CommandHelper/config.txt:366
 /home/minecraft/server/plugins/CommandHelper/config.txt:366
2016-06-25 05:31.58 - [CommandHelper][ERROR][RUNTIME] InsufficientPermissionException: You do not have permission to use the sudo function.
	<<main code>>:/home/minecraft/server/plugins/CommandHelper/config.txt:362
 /home/minecraft/server/plugins/CommandHelper/config.txt:362
2016-06-25 05:32.37 - [CommandHelper][ERROR][RUNTIME] InsufficientPermissionException: You do not have permission to use the sudo function.
	<<main code>>:/home/minecraft/server/plugins/CommandHelper/config.txt:927
 /home/minecraft/server/plugins/CommandHelper/config.txt:927
2016-06-25 05:35.57 - [CommandHelper][ERROR][RUNTIME] InsufficientPermissionException: You do not have permission to use the sudo function.
	<<main code>>:/home/minecraft/server/plugins/CommandHelper/config.txt:259
 /home/minecraft/server/plugins/CommandHelper/config.txt:259
2016-06-25 05:38.48 - [CommandHelper][ERROR][RUNTIME] InsufficientPermissionException: You do not have permission to use the sudo function.
	<<main code>>:/home/minecraft/server/plugins/CommandHelper/config.txt:657
 /home/minecraft/server/plugins/CommandHelper/config.txt:657
2016-06-25 05:39.25 - [CommandHelper][ERROR][RUNTIME] InsufficientPermissionException: You do not have permission to use the sudo function.
	<<main code>>:/home/minecraft/server/plugins/CommandHelper/config.txt:302
 /home/minecraft/server/plugins/CommandHelper/config.txt:302
2016-06-25 05:40.13 - [CommandHelper][ERROR][RUNTIME] InsufficientPermissionException: You do not have permission to use the sudo function.
	<<main code>>:/home/minecraft/server/plugins/CommandHelper/config.txt:646
 /home/minecraft/server/plugins/CommandHelper/config.txt:646
2016-06-25 05:40.16 - [CommandHelper][ERROR][RUNTIME] InsufficientPermissionException: You do not have permission to use the sudo function.
	<<main code>>:/home/minecraft/server/plugins/CommandHelper/config.txt:646
 /home/minecraft/server/plugins/CommandHelper/config.txt:646
2016-06-25 05:41.34 - [CommandHelper][ERROR][RUNTIME] InsufficientPermissionException: You do not have permission to use the sudo function.
	<<main code>>:/home/minecraft/server/plugins/CommandHelper/config.txt:382
 /home/minecraft/server/plugins/CommandHelper/config.txt:382
2016-06-25 05:41.39 - [CommandHelper][ERROR][RUNTIME] InsufficientPermissionException: You do not have permission to use the sudo function.
	<<main code>>:/home/minecraft/server/plugins/CommandHelper/config.txt:382
 /home/minecraft/server/plugins/CommandHelper/config.txt:382
2016-06-25 05:42.46 - [CommandHelper][ERROR][RUNTIME] InsufficientPermissionException: You do not have permission to use the sudo function.
	<<main code>>:/home/minecraft/server/plugins/CommandHelper/config.txt:382
 /home/minecraft/server/plugins/CommandHelper/config.txt:382
2016-06-25 05:42.51 - [CommandHelper][ERROR][RUNTIME] InsufficientPermissionException: You do not have permission to use the sudo function.
	<<main code>>:/home/minecraft/server/plugins/CommandHelper/config.txt:358
 /home/minecraft/server/plugins/CommandHelper/config.txt:358
2016-06-25 05:43.28 - [CommandHelper][ERROR][RUNTIME] InsufficientPermissionException: You do not have permission to use the sudo function.
	<<main code>>:/home/minecraft/server/plugins/CommandHelper/config.txt:290
 /home/minecraft/server/plugins/CommandHelper/config.txt:290
2016-06-25 07:42.39 - [CommandHelper][ERROR][RUNTIME] InsufficientPermissionException: You do not have permission to use the sudo function.
	<<main code>>:/home/minecraft/server/plugins/CommandHelper/config.txt:259
 /home/minecraft/server/plugins/CommandHelper/config.txt:259
2016-06-25 07:42.43 - [CommandHelper][ERROR][RUNTIME] InsufficientPermissionException: You do not have permission to use the sudo function.
	<<main code>>:/home/minecraft/server/plugins/CommandHelper/config.txt:350
 /home/minecraft/server/plugins/CommandHelper/config.txt:350
2016-06-25 07:42.59 - [CommandHelper][ERROR][RUNTIME] InsufficientPermissionException: You do not have permission to use the sudo function.
	<<main code>>:/home/minecraft/server/plugins/CommandHelper/config.txt:350
 /home/minecraft/server/plugins/CommandHelper/config.txt:350
2016-06-25 08:00.42 - [CommandHelper][ERROR][RUNTIME] PlayerOfflineException: The specified player (EmmettGamming) is not online
	<<main code>>:/home/minecraft/server/plugins/CommandHelper/config.txt:610
 /home/minecraft/server/plugins/CommandHelper/config.txt:610
2016-06-25 08:00.49 - [CommandHelper][ERROR][RUNTIME] PlayerOfflineException: The specified player (EmmettGamming) is not online
	<<main code>>:/home/minecraft/server/plugins/CommandHelper/config.txt:610
 /home/minecraft/server/plugins/CommandHelper/config.txt:610
2016-06-25 08:18.25 - [CommandHelper][ERROR][RUNTIME] InsufficientPermissionException: You do not have permission to use the sudo function.
	<<main code>>:/home/minecraft/server/plugins/CommandHelper/config.txt:259
 /home/minecraft/server/plugins/CommandHelper/config.txt:259
2016-06-25 08:18.30 - [CommandHelper][ERROR][RUNTIME] InsufficientPermissionException: You do not have permission to use the sudo function.
	<<main code>>:/home/minecraft/server/plugins/CommandHelper/config.txt:259
 /home/minecraft/server/plugins/CommandHelper/config.txt:259
2016-06-25 09:33.01 - [CommandHelper][ERROR][RUNTIME] InsufficientPermissionException: You do not have permission to use the sudo function.
	<<main code>>:/home/minecraft/server/plugins/CommandHelper/config.txt:347
 /home/minecraft/server/plugins/CommandHelper/config.txt:347
2016-06-25 09:38.13 - [CommandHelper][ERROR][RUNTIME] PlayerOfflineException: The specified player (plr) is not online
	<<main code>>:/home/minecraft/server/plugins/CommandHelper/config.txt:618
 /home/minecraft/server/plugins/CommandHelper/config.txt:618
2016-06-25 09:56.32 - [CommandHelper][ERROR][RUNTIME] InsufficientPermissionException: You do not have permission to use the sudo function.
	<<main code>>:/home/minecraft/server/plugins/CommandHelper/config.txt:259
 /home/minecraft/server/plugins/CommandHelper/config.txt:259
2016-06-25 09:57.00 - [CommandHelper][ERROR][RUNTIME] InsufficientPermissionException: You do not have permission to use the sudo function.
	<<main code>>:/home/minecraft/server/plugins/CommandHelper/config.txt:259
 /home/minecraft/server/plugins/CommandHelper/config.txt:259
