2016-07-03 00:22.55 - [CommandHelper][ERROR][RUNTIME] InsufficientPermissionException: You do not have permission to use the all_players function.
	<<main code>>:/home/minecraft/server/plugins/CommandHelper/config.txt:1370
 /home/minecraft/server/plugins/CommandHelper/config.txt:1370
2016-07-03 01:30.59 - [CommandHelper][ERROR][RUNTIME] InsufficientPermissionException: You do not have permission to use the sudo function.
	<<main code>>:/home/minecraft/server/plugins/CommandHelper/config.txt:259
 /home/minecraft/server/plugins/CommandHelper/config.txt:259
2016-07-03 01:31.22 - [CommandHelper][ERROR][RUNTIME] PlayerOfflineException: The specified player (Diamondclaw03) is not online
	<<main code>>:/home/minecraft/server/plugins/CommandHelper/config.txt:610
 /home/minecraft/server/plugins/CommandHelper/config.txt:610
2016-07-03 02:01.27 - [CommandHelper][ERROR][RUNTIME] InsufficientPermissionException: You do not have permission to use the all_players function.
	<<main code>>:/home/minecraft/server/plugins/CommandHelper/config.txt:1370
 /home/minecraft/server/plugins/CommandHelper/config.txt:1370
2016-07-03 02:02.09 - [CommandHelper][ERROR][RUNTIME] InsufficientPermissionException: You do not have permission to use the all_players function.
	<<main code>>:/home/minecraft/server/plugins/CommandHelper/config.txt:1370
 /home/minecraft/server/plugins/CommandHelper/config.txt:1370
2016-07-03 02:02.10 - [CommandHelper][ERROR][RUNTIME] InsufficientPermissionException: You do not have permission to use the all_players function.
	<<main code>>:/home/minecraft/server/plugins/CommandHelper/config.txt:1370
 /home/minecraft/server/plugins/CommandHelper/config.txt:1370
2016-07-03 02:02.11 - [CommandHelper][ERROR][RUNTIME] InsufficientPermissionException: You do not have permission to use the all_players function.
	<<main code>>:/home/minecraft/server/plugins/CommandHelper/config.txt:1370
 /home/minecraft/server/plugins/CommandHelper/config.txt:1370
2016-07-03 02:02.38 - [CommandHelper][ERROR][RUNTIME] InsufficientPermissionException: You do not have permission to use the sudo function.
	<<main code>>:/home/minecraft/server/plugins/CommandHelper/config.txt:259
 /home/minecraft/server/plugins/CommandHelper/config.txt:259
2016-07-03 02:06.13 - [CommandHelper][ERROR][RUNTIME] InsufficientPermissionException: You do not have permission to use the all_players function.
	<<main code>>:/home/minecraft/server/plugins/CommandHelper/config.txt:1370
 /home/minecraft/server/plugins/CommandHelper/config.txt:1370
2016-07-03 02:06.18 - [CommandHelper][ERROR][RUNTIME] InsufficientPermissionException: You do not have permission to use the all_players function.
	<<main code>>:/home/minecraft/server/plugins/CommandHelper/config.txt:1370
 /home/minecraft/server/plugins/CommandHelper/config.txt:1370
2016-07-03 02:06.27 - [CommandHelper][ERROR][RUNTIME] InsufficientPermissionException: You do not have permission to use the all_players function.
	<<main code>>:/home/minecraft/server/plugins/CommandHelper/config.txt:1370
 /home/minecraft/server/plugins/CommandHelper/config.txt:1370
2016-07-03 02:34.27 - [CommandHelper][ERROR][RUNTIME] InsufficientPermissionException: You do not have permission to use the sudo function.
	<<main code>>:/home/minecraft/server/plugins/CommandHelper/config.txt:342
 /home/minecraft/server/plugins/CommandHelper/config.txt:342
2016-07-03 02:34.32 - [CommandHelper][ERROR][RUNTIME] InsufficientPermissionException: You do not have permission to use the sudo function.
	<<main code>>:/home/minecraft/server/plugins/CommandHelper/config.txt:338
 /home/minecraft/server/plugins/CommandHelper/config.txt:338
2016-07-03 02:49.45 - [CommandHelper][ERROR][RUNTIME] InsufficientPermissionException: You do not have permission to use the pinfo function.
	<<main code>>:/home/minecraft/server/plugins/CommandHelper/config.txt:618
 /home/minecraft/server/plugins/CommandHelper/config.txt:618
2016-07-03 02:49.59 - [CommandHelper][ERROR][RUNTIME] InsufficientPermissionException: You do not have permission to use the pinfo function.
	<<main code>>:/home/minecraft/server/plugins/CommandHelper/config.txt:618
 /home/minecraft/server/plugins/CommandHelper/config.txt:618
