2016-07-05 00:39.19 - [CommandHelper][ERROR][RUNTIME] InsufficientPermissionException: You do not have permission to use the sudo function.
	<<main code>>:/home/minecraft/server/plugins/CommandHelper/config.txt:338
 /home/minecraft/server/plugins/CommandHelper/config.txt:338
2016-07-05 01:41.31 - [CommandHelper][ERROR][RUNTIME] InsufficientPermissionException: You do not have permission to use the sudo function.
	<<main code>>:/home/minecraft/server/plugins/CommandHelper/config.txt:259
 /home/minecraft/server/plugins/CommandHelper/config.txt:259
2016-07-05 03:15.09 - [CommandHelper][ERROR][RUNTIME] InsufficientPermissionException: You do not have permission to use the sudo function.
	<<main code>>:/home/minecraft/server/plugins/CommandHelper/config.txt:657
 /home/minecraft/server/plugins/CommandHelper/config.txt:657
2016-07-05 03:16.14 - [CommandHelper][ERROR][RUNTIME] InsufficientPermissionException: You do not have permission to use the sudo function.
	<<main code>>:/home/minecraft/server/plugins/CommandHelper/config.txt:334
 /home/minecraft/server/plugins/CommandHelper/config.txt:334
2016-07-05 03:40.19 - [CommandHelper][ERROR][RUNTIME] InsufficientPermissionException: You do not have permission to use the sudo function.
	<<main code>>:/home/minecraft/server/plugins/CommandHelper/config.txt:710
 /home/minecraft/server/plugins/CommandHelper/config.txt:710
2016-07-05 04:33.59 - [CommandHelper][ERROR][RUNTIME] InsufficientPermissionException: You do not have permission to use the sudo function.
	<<main code>>:/home/minecraft/server/plugins/CommandHelper/config.txt:701
 /home/minecraft/server/plugins/CommandHelper/config.txt:701
2016-07-05 04:34.02 - [CommandHelper][ERROR][RUNTIME] InsufficientPermissionException: You do not have permission to use the sudo function.
	<<main code>>:/home/minecraft/server/plugins/CommandHelper/config.txt:701
 /home/minecraft/server/plugins/CommandHelper/config.txt:701
2016-07-05 06:15.32 - [CommandHelper][ERROR][RUNTIME] InsufficientPermissionException: You do not have permission to use the sudo function.
	<<main code>>:/home/minecraft/server/plugins/CommandHelper/config.txt:1065
 /home/minecraft/server/plugins/CommandHelper/config.txt:1065
2016-07-05 06:36.53 - [CommandHelper][ERROR][RUNTIME] InsufficientPermissionException: You do not have permission to use the sudo function.
	<<main code>>:/home/minecraft/server/plugins/CommandHelper/config.txt:87
 /home/minecraft/server/plugins/CommandHelper/config.txt:87
2016-07-05 06:36.56 - [CommandHelper][ERROR][RUNTIME] InsufficientPermissionException: You do not have permission to use the sudo function.
	<<main code>>:/home/minecraft/server/plugins/CommandHelper/config.txt:87
 /home/minecraft/server/plugins/CommandHelper/config.txt:87
2016-07-05 06:37.07 - [CommandHelper][ERROR][RUNTIME] InsufficientPermissionException: You do not have permission to use the sudo function.
	<<main code>>:/home/minecraft/server/plugins/CommandHelper/config.txt:81
 /home/minecraft/server/plugins/CommandHelper/config.txt:81
2016-07-05 07:03.19 - [CommandHelper][ERROR][RUNTIME] InsufficientPermissionException: You do not have permission to use the all_players function.
	<<main code>>:/home/minecraft/server/plugins/CommandHelper/config.txt:1370
 /home/minecraft/server/plugins/CommandHelper/config.txt:1370
2016-07-05 07:03.36 - [CommandHelper][ERROR][RUNTIME] InsufficientPermissionException: You do not have permission to use the all_players function.
	<<main code>>:/home/minecraft/server/plugins/CommandHelper/config.txt:1370
 /home/minecraft/server/plugins/CommandHelper/config.txt:1370
2016-07-05 07:03.40 - [CommandHelper][ERROR][RUNTIME] InsufficientPermissionException: You do not have permission to use the all_players function.
	<<main code>>:/home/minecraft/server/plugins/CommandHelper/config.txt:1370
 /home/minecraft/server/plugins/CommandHelper/config.txt:1370
2016-07-05 07:05.34 - [CommandHelper][ERROR][RUNTIME] InsufficientPermissionException: You do not have permission to use the all_players function.
	<<main code>>:/home/minecraft/server/plugins/CommandHelper/config.txt:1370
 /home/minecraft/server/plugins/CommandHelper/config.txt:1370
2016-07-05 07:05.38 - [CommandHelper][ERROR][RUNTIME] InsufficientPermissionException: You do not have permission to use the all_players function.
	<<main code>>:/home/minecraft/server/plugins/CommandHelper/config.txt:1370
 /home/minecraft/server/plugins/CommandHelper/config.txt:1370
2016-07-05 07:05.39 - [CommandHelper][ERROR][RUNTIME] InsufficientPermissionException: You do not have permission to use the all_players function.
	<<main code>>:/home/minecraft/server/plugins/CommandHelper/config.txt:1370
 /home/minecraft/server/plugins/CommandHelper/config.txt:1370
2016-07-05 07:05.44 - [CommandHelper][ERROR][RUNTIME] InsufficientPermissionException: You do not have permission to use the all_players function.
	<<main code>>:/home/minecraft/server/plugins/CommandHelper/config.txt:1370
 /home/minecraft/server/plugins/CommandHelper/config.txt:1370
2016-07-05 07:05.46 - [CommandHelper][ERROR][RUNTIME] InsufficientPermissionException: You do not have permission to use the all_players function.
	<<main code>>:/home/minecraft/server/plugins/CommandHelper/config.txt:1370
 /home/minecraft/server/plugins/CommandHelper/config.txt:1370
2016-07-05 07:05.57 - [CommandHelper][ERROR][RUNTIME] InsufficientPermissionException: You do not have permission to use the all_players function.
	<<main code>>:/home/minecraft/server/plugins/CommandHelper/config.txt:1370
 /home/minecraft/server/plugins/CommandHelper/config.txt:1370
2016-07-05 07:06.11 - [CommandHelper][ERROR][RUNTIME] InsufficientPermissionException: You do not have permission to use the all_players function.
	<<main code>>:/home/minecraft/server/plugins/CommandHelper/config.txt:1370
 /home/minecraft/server/plugins/CommandHelper/config.txt:1370
2016-07-05 07:37.59 - [CommandHelper][ERROR][RUNTIME] InsufficientPermissionException: You do not have permission to use the sudo function.
	<<main code>>:/home/minecraft/server/plugins/CommandHelper/config.txt:259
 /home/minecraft/server/plugins/CommandHelper/config.txt:259
2016-07-05 07:43.06 - [CommandHelper][ERROR][RUNTIME] PlayerOfflineException: The specified player (DiamondMaster03) is not online
	<<closure>>:/home/minecraft/server/plugins/CommandHelper/config.txt:1416
 /home/minecraft/server/plugins/CommandHelper/config.txt:1416
