2016-04-15 00:32.08 - [CommandHelper][ERROR][COMPILER] COMPILE ERROR: Mismatched parenthesis
	:/home/minecraft/server/plugins/CommandHelper/main.ms:90
 /home/minecraft/server/plugins/CommandHelper/main.ms:90
2016-04-15 00:35.14 - [CommandHelper][ERROR][RUNTIME] InsufficientPermissionException: You do not have permission to use the pinfo function.
	<<main code>>:/home/minecraft/server/plugins/CommandHelper/config.txt:366
 /home/minecraft/server/plugins/CommandHelper/config.txt:366
2016-04-15 00:35.33 - [CommandHelper][ERROR][RUNTIME] InsufficientPermissionException: You do not have permission to use the pinfo function.
	<<main code>>:/home/minecraft/server/plugins/CommandHelper/config.txt:366
 /home/minecraft/server/plugins/CommandHelper/config.txt:366
2016-04-15 00:41.15 - [CommandHelper][ERROR][RUNTIME] PlayerOfflineException: The specified player (oogreenoo) is not online
	<<main code>>:/home/minecraft/server/plugins/CommandHelper/config.txt:366
 /home/minecraft/server/plugins/CommandHelper/config.txt:366
2016-04-15 01:25.35 - [CommandHelper][ERROR][RUNTIME] InsufficientPermissionException: You do not have permission to use the sudo function.
	<<main code>>:/home/minecraft/server/plugins/CommandHelper/config.txt:283
 /home/minecraft/server/plugins/CommandHelper/config.txt:283
2016-04-15 01:26.00 - [CommandHelper][ERROR][RUNTIME] InsufficientPermissionException: You do not have permission to use the sudo function.
	<<main code>>:/home/minecraft/server/plugins/CommandHelper/config.txt:263
 /home/minecraft/server/plugins/CommandHelper/config.txt:263
2016-04-15 02:56.25 - [CommandHelper][ERROR][RUNTIME] FormatException: In the key "storage.afk.._, the namespace "_" is not allowed. (Namespaces may contain an underscore, but may not be just an underscore.)
	<<main code>>:/home/minecraft/server/plugins/CommandHelper/main.ms:72
 /home/minecraft/server/plugins/CommandHelper/main.ms:72
2016-04-15 03:10.01 - [CommandHelper][ERROR][RUNTIME] InsufficientPermissionException: You do not have permission to use the sudo function.
	<<main code>>:/home/minecraft/server/plugins/CommandHelper/config.txt:450
 /home/minecraft/server/plugins/CommandHelper/config.txt:450
2016-04-15 03:10.09 - [CommandHelper][ERROR][RUNTIME] InsufficientPermissionException: You do not have permission to use the sudo function.
	<<main code>>:/home/minecraft/server/plugins/CommandHelper/config.txt:450
 /home/minecraft/server/plugins/CommandHelper/config.txt:450
2016-04-15 03:17.47 - [CommandHelper][ERROR][RUNTIME] InsufficientPermissionException: You do not have permission to use the sudo function.
	<<main code>>:/home/minecraft/server/plugins/CommandHelper/config.txt:374
 /home/minecraft/server/plugins/CommandHelper/config.txt:374
2016-04-15 03:18.51 - [CommandHelper][ERROR][RUNTIME] InsufficientPermissionException: You do not have permission to use the sudo function.
	<<main code>>:/home/minecraft/server/plugins/CommandHelper/config.txt:478
 /home/minecraft/server/plugins/CommandHelper/config.txt:478
2016-04-15 03:25.50 - [CommandHelper][ERROR][RUNTIME] InsufficientPermissionException: You do not have permission to use the sudo function.
	<<main code>>:/home/minecraft/server/plugins/CommandHelper/config.txt:400
 /home/minecraft/server/plugins/CommandHelper/config.txt:400
2016-04-15 03:29.57 - [CommandHelper][ERROR][RUNTIME] InsufficientPermissionException: You do not have permission to use the sudo function.
	<<main code>>:/home/minecraft/server/plugins/CommandHelper/config.txt:715
 /home/minecraft/server/plugins/CommandHelper/config.txt:715
2016-04-15 03:42.16 - [CommandHelper][ERROR][RUNTIME] InsufficientPermissionException: You do not have permission to use the sudo function.
	<<main code>>:/home/minecraft/server/plugins/CommandHelper/config.txt:463
 /home/minecraft/server/plugins/CommandHelper/config.txt:463
2016-04-15 03:52.00 - [CommandHelper][ERROR][RUNTIME] InsufficientPermissionException: You do not have permission to use the sudo function.
	<<main code>>:/home/minecraft/server/plugins/CommandHelper/config.txt:763
 /home/minecraft/server/plugins/CommandHelper/config.txt:763
2016-04-15 03:58.41 - [CommandHelper][ERROR][RUNTIME] InsufficientPermissionException: You do not have permission to use the sudo function.
	<<main code>>:/home/minecraft/server/plugins/CommandHelper/config.txt:763
 /home/minecraft/server/plugins/CommandHelper/config.txt:763
2016-04-15 04:18.29 - [CommandHelper][ERROR][RUNTIME] InsufficientPermissionException: You do not have permission to use the sudo function.
	<<main code>>:/home/minecraft/server/plugins/CommandHelper/config.txt:283
 /home/minecraft/server/plugins/CommandHelper/config.txt:283
2016-04-15 04:19.37 - [CommandHelper][ERROR][RUNTIME] InsufficientPermissionException: You do not have permission to use the sudo function.
	<<main code>>:/home/minecraft/server/plugins/CommandHelper/config.txt:316
 /home/minecraft/server/plugins/CommandHelper/config.txt:316
2016-04-15 04:23.39 - [CommandHelper][ERROR][RUNTIME] InsufficientPermissionException: You do not have permission to use the sudo function.
	<<main code>>:/home/minecraft/server/plugins/CommandHelper/config.txt:283
 /home/minecraft/server/plugins/CommandHelper/config.txt:283
2016-04-15 04:23.45 - [CommandHelper][ERROR][RUNTIME] InsufficientPermissionException: You do not have permission to use the sudo function.
	<<main code>>:/home/minecraft/server/plugins/CommandHelper/config.txt:271
 /home/minecraft/server/plugins/CommandHelper/config.txt:271
2016-04-15 04:56.37 - [CommandHelper][ERROR][RUNTIME] InsufficientPermissionException: You do not have permission to use the sudo function.
	<<main code>>:/home/minecraft/server/plugins/CommandHelper/config.txt:283
 /home/minecraft/server/plugins/CommandHelper/config.txt:283
2016-04-15 04:56.42 - [CommandHelper][ERROR][RUNTIME] InsufficientPermissionException: You do not have permission to use the sudo function.
	<<main code>>:/home/minecraft/server/plugins/CommandHelper/config.txt:263
 /home/minecraft/server/plugins/CommandHelper/config.txt:263
2016-04-15 04:56.51 - [CommandHelper][ERROR][RUNTIME] InsufficientPermissionException: You do not have permission to use the sudo function.
	<<main code>>:/home/minecraft/server/plugins/CommandHelper/config.txt:271
 /home/minecraft/server/plugins/CommandHelper/config.txt:271
2016-04-15 04:56.56 - [CommandHelper][ERROR][RUNTIME] InsufficientPermissionException: You do not have permission to use the sudo function.
	<<main code>>:/home/minecraft/server/plugins/CommandHelper/config.txt:263
 /home/minecraft/server/plugins/CommandHelper/config.txt:263
2016-04-15 05:24.38 - [CommandHelper][ERROR][RUNTIME] PlayerOfflineException: The specified player (lissakitty) is not online
	<<closure>>:/home/minecraft/server/plugins/CommandHelper/main.ms:80
 /home/minecraft/server/plugins/CommandHelper/main.ms:80
2016-04-15 06:00.48 - [CommandHelper][ERROR][RUNTIME] InsufficientPermissionException: You do not have permission to use the sudo function.
	<<main code>>:/home/minecraft/server/plugins/CommandHelper/config.txt:400
 /home/minecraft/server/plugins/CommandHelper/config.txt:400
2016-04-15 07:26.23 - [CommandHelper][ERROR][RUNTIME] InsufficientPermissionException: You do not have permission to use the sudo function.
	<<main code>>:/home/minecraft/server/plugins/CommandHelper/config.txt:386
 /home/minecraft/server/plugins/CommandHelper/config.txt:386
2016-04-15 08:58.29 - [CommandHelper][ERROR][RUNTIME] InsufficientPermissionException: You do not have permission to use the sudo function.
	<<main code>>:/home/minecraft/server/plugins/CommandHelper/config.txt:374
 /home/minecraft/server/plugins/CommandHelper/config.txt:374
2016-04-15 08:58.32 - [CommandHelper][ERROR][RUNTIME] InsufficientPermissionException: You do not have permission to use the sudo function.
	<<main code>>:/home/minecraft/server/plugins/CommandHelper/config.txt:374
 /home/minecraft/server/plugins/CommandHelper/config.txt:374
2016-04-15 09:38.16 - [CommandHelper][ERROR][RUNTIME] InsufficientPermissionException: You do not have permission to use the sudo function.
	<<main code>>:/home/minecraft/server/plugins/CommandHelper/config.txt:283
 /home/minecraft/server/plugins/CommandHelper/config.txt:283
2016-04-15 09:38.26 - [CommandHelper][ERROR][RUNTIME] InsufficientPermissionException: You do not have permission to use the sudo function.
	<<main code>>:/home/minecraft/server/plugins/CommandHelper/config.txt:279
 /home/minecraft/server/plugins/CommandHelper/config.txt:279
2016-04-15 10:01.17 - [CommandHelper][ERROR][RUNTIME] InsufficientPermissionException: You do not have permission to use the sudo function.
	<<main code>>:/home/minecraft/server/plugins/CommandHelper/config.txt:332
 /home/minecraft/server/plugins/CommandHelper/config.txt:332
