2016-06-23 04:27.43 - [CommandHelper][ERROR][RUNTIME] InsufficientPermissionException: You do not have permission to use the sudo function.
	<<main code>>:/home/minecraft/server/plugins/CommandHelper/config.txt:286
 /home/minecraft/server/plugins/CommandHelper/config.txt:286
2016-06-23 04:30.23 - [CommandHelper][ERROR][RUNTIME] InsufficientPermissionException: You do not have permission to use the pinfo function.
	<<main code>>:/home/minecraft/server/plugins/CommandHelper/config.txt:618
 /home/minecraft/server/plugins/CommandHelper/config.txt:618
2016-06-23 04:30.24 - [CommandHelper][ERROR][RUNTIME] InsufficientPermissionException: You do not have permission to use the pinfo function.
	<<main code>>:/home/minecraft/server/plugins/CommandHelper/config.txt:618
 /home/minecraft/server/plugins/CommandHelper/config.txt:618
2016-06-23 04:30.25 - [CommandHelper][ERROR][RUNTIME] InsufficientPermissionException: You do not have permission to use the pinfo function.
	<<main code>>:/home/minecraft/server/plugins/CommandHelper/config.txt:618
 /home/minecraft/server/plugins/CommandHelper/config.txt:618
2016-06-23 04:30.26 - [CommandHelper][ERROR][RUNTIME] InsufficientPermissionException: You do not have permission to use the pinfo function.
	<<main code>>:/home/minecraft/server/plugins/CommandHelper/config.txt:618
 /home/minecraft/server/plugins/CommandHelper/config.txt:618
2016-06-23 04:37.55 - [CommandHelper][ERROR][RUNTIME] InsufficientPermissionException: You do not have permission to use the sudo function.
	<<main code>>:/home/minecraft/server/plugins/CommandHelper/config.txt:342
 /home/minecraft/server/plugins/CommandHelper/config.txt:342
2016-06-23 04:38.09 - [CommandHelper][ERROR][RUNTIME] InsufficientPermissionException: You do not have permission to use the sudo function.
	<<main code>>:/home/minecraft/server/plugins/CommandHelper/config.txt:338
 /home/minecraft/server/plugins/CommandHelper/config.txt:338
2016-06-23 05:23.30 - [CommandHelper][ERROR][RUNTIME] InsufficientPermissionException: You do not have permission to use the sudo function.
	<<main code>>:/home/minecraft/server/plugins/CommandHelper/config.txt:957
 /home/minecraft/server/plugins/CommandHelper/config.txt:957
2016-06-23 06:39.02 - [CommandHelper][ERROR][RUNTIME] InsufficientPermissionException: You do not have permission to use the sudo function.
	<<main code>>:/home/minecraft/server/plugins/CommandHelper/config.txt:382
 /home/minecraft/server/plugins/CommandHelper/config.txt:382
2016-06-23 07:14.39 - [CommandHelper][ERROR][RUNTIME] InsufficientPermissionException: You do not have permission to use the sudo function.
	<<main code>>:/home/minecraft/server/plugins/CommandHelper/config.txt:1062
 /home/minecraft/server/plugins/CommandHelper/config.txt:1062
2016-06-23 07:33.57 - [CommandHelper][ERROR][COMPILER] COMPILE ERROR: Mismatched curly braces
	:/home/minecraft/server/plugins/CommandHelper/main.ms:313
 /home/minecraft/server/plugins/CommandHelper/main.ms:313
2016-06-23 07:33.59 - [CommandHelper][ERROR][COMPILER] COMPILE ERROR: Mismatched curly braces
	:/home/minecraft/server/plugins/CommandHelper/main.ms:313
 /home/minecraft/server/plugins/CommandHelper/main.ms:313
2016-06-23 07:34.07 - [CommandHelper][ERROR][RUNTIME] Using undefined variable: @msg /home/minecraft/server/plugins/CommandHelper/main.ms:312
2016-06-23 07:34.10 - [CommandHelper][ERROR][RUNTIME] Using undefined variable: @msg /home/minecraft/server/plugins/CommandHelper/main.ms:312
2016-06-23 07:34.14 - [CommandHelper][ERROR][RUNTIME] Using undefined variable: @msg /home/minecraft/server/plugins/CommandHelper/main.ms:312
2016-06-23 07:34.18 - [CommandHelper][ERROR][RUNTIME] Using undefined variable: @msg /home/minecraft/server/plugins/CommandHelper/main.ms:312
2016-06-23 07:34.18 - [CommandHelper][ERROR][RUNTIME] Using undefined variable: @msg /home/minecraft/server/plugins/CommandHelper/main.ms:312
2016-06-23 07:34.21 - [CommandHelper][ERROR][RUNTIME] Using undefined variable: @msg /home/minecraft/server/plugins/CommandHelper/main.ms:312
2016-06-23 07:34.22 - [CommandHelper][ERROR][RUNTIME] Using undefined variable: @msg /home/minecraft/server/plugins/CommandHelper/main.ms:312
2016-06-23 07:34.22 - [CommandHelper][ERROR][RUNTIME] Using undefined variable: @msg /home/minecraft/server/plugins/CommandHelper/main.ms:312
2016-06-23 07:34.22 - [CommandHelper][ERROR][RUNTIME] Using undefined variable: @msg /home/minecraft/server/plugins/CommandHelper/main.ms:312
2016-06-23 07:34.26 - [CommandHelper][ERROR][RUNTIME] Using undefined variable: @msg /home/minecraft/server/plugins/CommandHelper/main.ms:312
2016-06-23 07:34.36 - [CommandHelper][ERROR][RUNTIME] Using undefined variable: @msg /home/minecraft/server/plugins/CommandHelper/main.ms:312
2016-06-23 07:34.51 - [CommandHelper][ERROR][RUNTIME] Using undefined variable: @msg /home/minecraft/server/plugins/CommandHelper/main.ms:312
2016-06-23 07:34.55 - [CommandHelper][ERROR][RUNTIME] Using undefined variable: @msg /home/minecraft/server/plugins/CommandHelper/main.ms:312
2016-06-23 09:42.15 - [CommandHelper][ERROR][RUNTIME] InsufficientPermissionException: You do not have permission to use the sudo function.
	<<main code>>:/home/minecraft/server/plugins/CommandHelper/config.txt:646
 /home/minecraft/server/plugins/CommandHelper/config.txt:646
2016-06-23 09:42.18 - [CommandHelper][ERROR][RUNTIME] InsufficientPermissionException: You do not have permission to use the sudo function.
	<<main code>>:/home/minecraft/server/plugins/CommandHelper/config.txt:646
 /home/minecraft/server/plugins/CommandHelper/config.txt:646
2016-06-23 09:42.46 - [CommandHelper][ERROR][RUNTIME] InsufficientPermissionException: You do not have permission to use the sudo function.
	<<main code>>:/home/minecraft/server/plugins/CommandHelper/config.txt:646
 /home/minecraft/server/plugins/CommandHelper/config.txt:646
