2016-04-05 00:52.30 - [CommandHelper][ERROR][RUNTIME] Using undefined variable: @sourcePlayer /home/minecraft/server/plugins/CommandHelper/main.ms:19
2016-04-05 00:52.30 - [CommandHelper][ERROR][RUNTIME] Using undefined variable: @sourcePlayer /home/minecraft/server/plugins/CommandHelper/main.ms:22
2016-04-05 06:26.19 - [CommandHelper][ERROR][RUNTIME] InsufficientPermissionException: You do not have permission to use the sudo function.
	<<main code>>:/home/minecraft/server/plugins/CommandHelper/config.txt:371
 /home/minecraft/server/plugins/CommandHelper/config.txt:371
2016-04-05 09:23.14 - [CommandHelper][ERROR][RUNTIME] InsufficientPermissionException: You do not have permission to use the sudo function.
	<<main code>>:/home/minecraft/server/plugins/CommandHelper/config.txt:337
 /home/minecraft/server/plugins/CommandHelper/config.txt:337
2016-04-05 09:38.17 - [CommandHelper][ERROR][RUNTIME] InsufficientPermissionException: You do not have permission to use the sudo function.
	<<main code>>:/home/minecraft/server/plugins/CommandHelper/config.txt:290
 /home/minecraft/server/plugins/CommandHelper/config.txt:290
2016-04-05 09:38.20 - [CommandHelper][ERROR][RUNTIME] InsufficientPermissionException: You do not have permission to use the sudo function.
	<<main code>>:/home/minecraft/server/plugins/CommandHelper/config.txt:290
 /home/minecraft/server/plugins/CommandHelper/config.txt:290
2016-04-05 09:38.46 - [CommandHelper][ERROR][RUNTIME] FormatException: In the key "storage.afk.._, the namespace "_" is not allowed. (Namespaces may contain an underscore, but may not be just an underscore.)
	<<main code>>:/home/minecraft/server/plugins/CommandHelper/main.ms:41
 /home/minecraft/server/plugins/CommandHelper/main.ms:41
2016-04-05 09:41.00 - [CommandHelper][ERROR][RUNTIME] InsufficientPermissionException: You do not have permission to use the sudo function.
	<<main code>>:/home/minecraft/server/plugins/CommandHelper/config.txt:337
 /home/minecraft/server/plugins/CommandHelper/config.txt:337
2016-04-05 11:27.54 - [CommandHelper][ERROR][RUNTIME] PlayerOfflineException: The specified player (supermalon) is not online
	<<closure>>:/home/minecraft/server/plugins/CommandHelper/main.ms:49
 /home/minecraft/server/plugins/CommandHelper/main.ms:49
