2016-03-26 09:58.17 - [CommandHelper][ERROR][RUNTIME] InsufficientPermissionException: You do not have permission to use the sudo function.
	<<main code>>:/home/minecraft/server/plugins/CommandHelper/config.txt:327
 /home/minecraft/server/plugins/CommandHelper/config.txt:327
2016-03-26 09:59.12 - [CommandHelper][ERROR][RUNTIME] InsufficientPermissionException: You do not have permission to use the sudo function.
	<<main code>>:/home/minecraft/server/plugins/CommandHelper/config.txt:343
 /home/minecraft/server/plugins/CommandHelper/config.txt:343
2016-03-26 10:00.39 - [CommandHelper][ERROR][RUNTIME] InsufficientPermissionException: You do not have permission to use the sudo function.
	<<main code>>:/home/minecraft/server/plugins/CommandHelper/config.txt:329
 /home/minecraft/server/plugins/CommandHelper/config.txt:329
2016-03-26 10:27.32 - [CommandHelper][ERROR][RUNTIME] InsufficientPermissionException: You do not have permission to use the sudo function.
	<<main code>>:/home/minecraft/server/plugins/CommandHelper/config.txt:354
 /home/minecraft/server/plugins/CommandHelper/config.txt:354
2016-03-26 10:33.36 - [CommandHelper][ERROR][COMPILER] COMPILE ERROR: Unended string literal. You started the last single quote on line 359
	:/home/minecraft/server/plugins/CommandHelper/config.txt:366
 /home/minecraft/server/plugins/CommandHelper/config.txt:366
2016-03-26 10:34.06 - [CommandHelper][ERROR][COMPILER] COMPILE ERROR: Unended string literal. You started the last single quote on line 359
	:/home/minecraft/server/plugins/CommandHelper/config.txt:366
 /home/minecraft/server/plugins/CommandHelper/config.txt:366
2016-03-26 10:34.48 - [CommandHelper][ERROR][COMPILER] COMPILE ERROR: Unended string literal. You started the last single quote on line 359
	:/home/minecraft/server/plugins/CommandHelper/config.txt:366
 /home/minecraft/server/plugins/CommandHelper/config.txt:366
2016-03-26 10:35.39 - [CommandHelper][ERROR][RUNTIME] InsufficientPermissionException: You do not have permission to use the sudo function.
	<<main code>>:/home/minecraft/server/plugins/CommandHelper/config.txt:359
 /home/minecraft/server/plugins/CommandHelper/config.txt:359
