2016-04-12 08:59.25 - [CommandHelper][ERROR][RUNTIME] InsufficientPermissionException: You do not have permission to use the sudo function.
	<<main code>>:/home/minecraft/server/plugins/CommandHelper/config.txt:632
 /home/minecraft/server/plugins/CommandHelper/config.txt:632
2016-04-12 09:09.34 - [CommandHelper][ERROR][RUNTIME] InsufficientPermissionException: You do not have permission to use the sudo function.
	<<main code>>:/home/minecraft/server/plugins/CommandHelper/config.txt:632
 /home/minecraft/server/plugins/CommandHelper/config.txt:632
2016-04-12 10:08.56 - [CommandHelper][ERROR][RUNTIME] InsufficientPermissionException: You do not have permission to use the shoot_projectile function.
	<<main code>>:/home/minecraft/server/plugins/CommandHelper/config.txt:678
 /home/minecraft/server/plugins/CommandHelper/config.txt:678
2016-04-12 10:09.06 - [CommandHelper][ERROR][RUNTIME] FormatException: Could not find an entity or location matching 5.0 for target!
	<<main code>>:/home/minecraft/server/plugins/CommandHelper/config.txt:678
 /home/minecraft/server/plugins/CommandHelper/config.txt:678
2016-04-12 10:09.25 - [CommandHelper][ERROR][RUNTIME] FormatException: Could not find an entity or location matching  for target!
	<<main code>>:/home/minecraft/server/plugins/CommandHelper/config.txt:678
 /home/minecraft/server/plugins/CommandHelper/config.txt:678
2016-04-12 10:21.25 - [CommandHelper][ERROR][RUNTIME] InsufficientPermissionException: You do not have permission to use the sudo function.
	<<main code>>:/home/minecraft/server/plugins/CommandHelper/config.txt:343
 /home/minecraft/server/plugins/CommandHelper/config.txt:343
2016-04-12 10:31.47 - [CommandHelper][ERROR][RUNTIME] FormatException: Could not find an entity or location matching  for target!
	<<main code>>:/home/minecraft/server/plugins/CommandHelper/config.txt:681
 /home/minecraft/server/plugins/CommandHelper/config.txt:681
