2016-05-20 06:27.53 - [CommandHelper][ERROR][RUNTIME] IndexOverflowException: The element at index "0" does not exist
	<<main code>>:/home/minecraft/server/plugins/CommandHelper/main.ms:174
 /home/minecraft/server/plugins/CommandHelper/main.ms:174
2016-05-20 06:27.53 - [CommandHelper][ERROR][RUNTIME] IndexOverflowException: The element at index "0" does not exist
	<<main code>>:/home/minecraft/server/plugins/CommandHelper/main.ms:80
 /home/minecraft/server/plugins/CommandHelper/main.ms:80
2016-05-20 06:27.53 - [CommandHelper][ERROR][RUNTIME] IndexOverflowException: The element at index "0" does not exist
	<<main code>>:/home/minecraft/server/plugins/CommandHelper/main.ms:115
 /home/minecraft/server/plugins/CommandHelper/main.ms:115
2016-05-20 06:27.53 - [CommandHelper][ERROR][RUNTIME] IndexOverflowException: The element at index "0" does not exist
	<<main code>>:/home/minecraft/server/plugins/CommandHelper/main.ms:174
 /home/minecraft/server/plugins/CommandHelper/main.ms:174
2016-05-20 06:27.53 - [CommandHelper][ERROR][RUNTIME] IndexOverflowException: The element at index "0" does not exist
	<<main code>>:/home/minecraft/server/plugins/CommandHelper/main.ms:80
 /home/minecraft/server/plugins/CommandHelper/main.ms:80
2016-05-20 06:27.53 - [CommandHelper][ERROR][RUNTIME] IndexOverflowException: The element at index "0" does not exist
	<<main code>>:/home/minecraft/server/plugins/CommandHelper/main.ms:115
 /home/minecraft/server/plugins/CommandHelper/main.ms:115
2016-05-20 06:27.54 - [CommandHelper][ERROR][RUNTIME] IndexOverflowException: The element at index "0" does not exist
	<<main code>>:/home/minecraft/server/plugins/CommandHelper/main.ms:174
 /home/minecraft/server/plugins/CommandHelper/main.ms:174
2016-05-20 06:27.54 - [CommandHelper][ERROR][RUNTIME] IndexOverflowException: The element at index "0" does not exist
	<<main code>>:/home/minecraft/server/plugins/CommandHelper/main.ms:80
 /home/minecraft/server/plugins/CommandHelper/main.ms:80
2016-05-20 06:27.54 - [CommandHelper][ERROR][RUNTIME] IndexOverflowException: The element at index "0" does not exist
	<<main code>>:/home/minecraft/server/plugins/CommandHelper/main.ms:115
 /home/minecraft/server/plugins/CommandHelper/main.ms:115
2016-05-20 06:27.54 - [CommandHelper][ERROR][RUNTIME] IndexOverflowException: The element at index "0" does not exist
	<<main code>>:/home/minecraft/server/plugins/CommandHelper/main.ms:174
 /home/minecraft/server/plugins/CommandHelper/main.ms:174
2016-05-20 06:27.54 - [CommandHelper][ERROR][RUNTIME] IndexOverflowException: The element at index "0" does not exist
	<<main code>>:/home/minecraft/server/plugins/CommandHelper/main.ms:80
 /home/minecraft/server/plugins/CommandHelper/main.ms:80
2016-05-20 06:27.54 - [CommandHelper][ERROR][RUNTIME] IndexOverflowException: The element at index "0" does not exist
	<<main code>>:/home/minecraft/server/plugins/CommandHelper/main.ms:115
 /home/minecraft/server/plugins/CommandHelper/main.ms:115
2016-05-20 06:27.54 - [CommandHelper][ERROR][RUNTIME] IndexOverflowException: The element at index "0" does not exist
	<<main code>>:/home/minecraft/server/plugins/CommandHelper/main.ms:174
 /home/minecraft/server/plugins/CommandHelper/main.ms:174
2016-05-20 06:27.54 - [CommandHelper][ERROR][RUNTIME] IndexOverflowException: The element at index "0" does not exist
	<<main code>>:/home/minecraft/server/plugins/CommandHelper/main.ms:80
 /home/minecraft/server/plugins/CommandHelper/main.ms:80
2016-05-20 06:27.54 - [CommandHelper][ERROR][RUNTIME] IndexOverflowException: The element at index "0" does not exist
	<<main code>>:/home/minecraft/server/plugins/CommandHelper/main.ms:115
 /home/minecraft/server/plugins/CommandHelper/main.ms:115
2016-05-20 06:27.54 - [CommandHelper][ERROR][RUNTIME] IndexOverflowException: The element at index "0" does not exist
	<<main code>>:/home/minecraft/server/plugins/CommandHelper/main.ms:174
 /home/minecraft/server/plugins/CommandHelper/main.ms:174
2016-05-20 06:27.54 - [CommandHelper][ERROR][RUNTIME] IndexOverflowException: The element at index "0" does not exist
	<<main code>>:/home/minecraft/server/plugins/CommandHelper/main.ms:80
 /home/minecraft/server/plugins/CommandHelper/main.ms:80
2016-05-20 06:27.54 - [CommandHelper][ERROR][RUNTIME] IndexOverflowException: The element at index "0" does not exist
	<<main code>>:/home/minecraft/server/plugins/CommandHelper/main.ms:115
 /home/minecraft/server/plugins/CommandHelper/main.ms:115
2016-05-20 06:28.01 - [CommandHelper][ERROR][RUNTIME] IndexOverflowException: The element at index "0" does not exist
	<<main code>>:/home/minecraft/server/plugins/CommandHelper/main.ms:174
 /home/minecraft/server/plugins/CommandHelper/main.ms:174
2016-05-20 06:28.01 - [CommandHelper][ERROR][RUNTIME] IndexOverflowException: The element at index "0" does not exist
	<<main code>>:/home/minecraft/server/plugins/CommandHelper/main.ms:80
 /home/minecraft/server/plugins/CommandHelper/main.ms:80
2016-05-20 06:28.01 - [CommandHelper][ERROR][RUNTIME] IndexOverflowException: The element at index "0" does not exist
	<<main code>>:/home/minecraft/server/plugins/CommandHelper/main.ms:115
 /home/minecraft/server/plugins/CommandHelper/main.ms:115
2016-05-20 06:28.01 - [CommandHelper][ERROR][RUNTIME] IndexOverflowException: The element at index "0" does not exist
	<<main code>>:/home/minecraft/server/plugins/CommandHelper/main.ms:174
 /home/minecraft/server/plugins/CommandHelper/main.ms:174
2016-05-20 06:28.01 - [CommandHelper][ERROR][RUNTIME] IndexOverflowException: The element at index "0" does not exist
	<<main code>>:/home/minecraft/server/plugins/CommandHelper/main.ms:80
 /home/minecraft/server/plugins/CommandHelper/main.ms:80
2016-05-20 06:28.01 - [CommandHelper][ERROR][RUNTIME] IndexOverflowException: The element at index "0" does not exist
	<<main code>>:/home/minecraft/server/plugins/CommandHelper/main.ms:115
 /home/minecraft/server/plugins/CommandHelper/main.ms:115
2016-05-20 06:28.03 - [CommandHelper][ERROR][RUNTIME] IndexOverflowException: The element at index "0" does not exist
	<<main code>>:/home/minecraft/server/plugins/CommandHelper/main.ms:174
 /home/minecraft/server/plugins/CommandHelper/main.ms:174
2016-05-20 06:28.03 - [CommandHelper][ERROR][RUNTIME] IndexOverflowException: The element at index "0" does not exist
	<<main code>>:/home/minecraft/server/plugins/CommandHelper/main.ms:80
 /home/minecraft/server/plugins/CommandHelper/main.ms:80
2016-05-20 06:28.03 - [CommandHelper][ERROR][RUNTIME] IndexOverflowException: The element at index "0" does not exist
	<<main code>>:/home/minecraft/server/plugins/CommandHelper/main.ms:115
 /home/minecraft/server/plugins/CommandHelper/main.ms:115
2016-05-20 06:28.03 - [CommandHelper][ERROR][RUNTIME] IndexOverflowException: The element at index "0" does not exist
	<<main code>>:/home/minecraft/server/plugins/CommandHelper/main.ms:174
 /home/minecraft/server/plugins/CommandHelper/main.ms:174
2016-05-20 06:28.03 - [CommandHelper][ERROR][RUNTIME] IndexOverflowException: The element at index "0" does not exist
	<<main code>>:/home/minecraft/server/plugins/CommandHelper/main.ms:80
 /home/minecraft/server/plugins/CommandHelper/main.ms:80
2016-05-20 06:28.03 - [CommandHelper][ERROR][RUNTIME] IndexOverflowException: The element at index "0" does not exist
	<<main code>>:/home/minecraft/server/plugins/CommandHelper/main.ms:115
 /home/minecraft/server/plugins/CommandHelper/main.ms:115
2016-05-20 06:28.03 - [CommandHelper][ERROR][RUNTIME] IndexOverflowException: The element at index "0" does not exist
	<<main code>>:/home/minecraft/server/plugins/CommandHelper/main.ms:174
 /home/minecraft/server/plugins/CommandHelper/main.ms:174
2016-05-20 06:28.03 - [CommandHelper][ERROR][RUNTIME] IndexOverflowException: The element at index "0" does not exist
	<<main code>>:/home/minecraft/server/plugins/CommandHelper/main.ms:80
 /home/minecraft/server/plugins/CommandHelper/main.ms:80
2016-05-20 06:28.03 - [CommandHelper][ERROR][RUNTIME] IndexOverflowException: The element at index "0" does not exist
	<<main code>>:/home/minecraft/server/plugins/CommandHelper/main.ms:115
 /home/minecraft/server/plugins/CommandHelper/main.ms:115
2016-05-20 06:28.03 - [CommandHelper][ERROR][RUNTIME] IndexOverflowException: The element at index "0" does not exist
	<<main code>>:/home/minecraft/server/plugins/CommandHelper/main.ms:174
 /home/minecraft/server/plugins/CommandHelper/main.ms:174
2016-05-20 06:28.03 - [CommandHelper][ERROR][RUNTIME] IndexOverflowException: The element at index "0" does not exist
	<<main code>>:/home/minecraft/server/plugins/CommandHelper/main.ms:80
 /home/minecraft/server/plugins/CommandHelper/main.ms:80
2016-05-20 06:28.03 - [CommandHelper][ERROR][RUNTIME] IndexOverflowException: The element at index "0" does not exist
	<<main code>>:/home/minecraft/server/plugins/CommandHelper/main.ms:115
 /home/minecraft/server/plugins/CommandHelper/main.ms:115
2016-05-20 06:28.04 - [CommandHelper][ERROR][RUNTIME] IndexOverflowException: The element at index "0" does not exist
	<<main code>>:/home/minecraft/server/plugins/CommandHelper/main.ms:174
 /home/minecraft/server/plugins/CommandHelper/main.ms:174
2016-05-20 06:28.04 - [CommandHelper][ERROR][RUNTIME] IndexOverflowException: The element at index "0" does not exist
	<<main code>>:/home/minecraft/server/plugins/CommandHelper/main.ms:80
 /home/minecraft/server/plugins/CommandHelper/main.ms:80
2016-05-20 06:28.04 - [CommandHelper][ERROR][RUNTIME] IndexOverflowException: The element at index "0" does not exist
	<<main code>>:/home/minecraft/server/plugins/CommandHelper/main.ms:115
 /home/minecraft/server/plugins/CommandHelper/main.ms:115
2016-05-20 06:28.04 - [CommandHelper][ERROR][RUNTIME] IndexOverflowException: The element at index "0" does not exist
	<<main code>>:/home/minecraft/server/plugins/CommandHelper/main.ms:174
 /home/minecraft/server/plugins/CommandHelper/main.ms:174
2016-05-20 06:28.04 - [CommandHelper][ERROR][RUNTIME] IndexOverflowException: The element at index "0" does not exist
	<<main code>>:/home/minecraft/server/plugins/CommandHelper/main.ms:80
 /home/minecraft/server/plugins/CommandHelper/main.ms:80
2016-05-20 06:28.04 - [CommandHelper][ERROR][RUNTIME] IndexOverflowException: The element at index "0" does not exist
	<<main code>>:/home/minecraft/server/plugins/CommandHelper/main.ms:115
 /home/minecraft/server/plugins/CommandHelper/main.ms:115
2016-05-20 06:28.04 - [CommandHelper][ERROR][RUNTIME] IndexOverflowException: The element at index "0" does not exist
	<<main code>>:/home/minecraft/server/plugins/CommandHelper/main.ms:174
 /home/minecraft/server/plugins/CommandHelper/main.ms:174
2016-05-20 06:28.04 - [CommandHelper][ERROR][RUNTIME] IndexOverflowException: The element at index "0" does not exist
	<<main code>>:/home/minecraft/server/plugins/CommandHelper/main.ms:80
 /home/minecraft/server/plugins/CommandHelper/main.ms:80
2016-05-20 06:28.04 - [CommandHelper][ERROR][RUNTIME] IndexOverflowException: The element at index "0" does not exist
	<<main code>>:/home/minecraft/server/plugins/CommandHelper/main.ms:115
 /home/minecraft/server/plugins/CommandHelper/main.ms:115
2016-05-20 06:33.27 - [CommandHelper][ERROR][RUNTIME] InsufficientPermissionException: You do not have permission to use the sudo function.
	<<main code>>:/home/minecraft/server/plugins/CommandHelper/config.txt:371
 /home/minecraft/server/plugins/CommandHelper/config.txt:371
2016-05-20 06:33.40 - [CommandHelper][ERROR][RUNTIME] InsufficientPermissionException: You do not have permission to use the sudo function.
	<<main code>>:/home/minecraft/server/plugins/CommandHelper/config.txt:371
 /home/minecraft/server/plugins/CommandHelper/config.txt:371
2016-05-20 06:40.33 - [CommandHelper][ERROR][RUNTIME] InsufficientPermissionException: You do not have permission to use the sudo function.
	<<main code>>:/home/minecraft/server/plugins/CommandHelper/config.txt:331
 /home/minecraft/server/plugins/CommandHelper/config.txt:331
2016-05-20 06:40.35 - [CommandHelper][ERROR][RUNTIME] InsufficientPermissionException: You do not have permission to use the sudo function.
	<<main code>>:/home/minecraft/server/plugins/CommandHelper/config.txt:327
 /home/minecraft/server/plugins/CommandHelper/config.txt:327
2016-05-20 07:02.05 - [CommandHelper][ERROR][RUNTIME] InsufficientPermissionException: You do not have permission to use the sudo function.
	<<main code>>:/home/minecraft/server/plugins/CommandHelper/config.txt:248
 /home/minecraft/server/plugins/CommandHelper/config.txt:248
2016-05-20 08:32.42 - [CommandHelper][ERROR][RUNTIME] InsufficientPermissionException: You do not have permission to use the sudo function.
	<<main code>>:/home/minecraft/server/plugins/CommandHelper/config.txt:252
 /home/minecraft/server/plugins/CommandHelper/config.txt:252
2016-05-20 08:34.22 - [CommandHelper][ERROR][RUNTIME] InsufficientPermissionException: You do not have permission to use the sudo function.
	<<main code>>:/home/minecraft/server/plugins/CommandHelper/config.txt:248
 /home/minecraft/server/plugins/CommandHelper/config.txt:248
2016-05-20 08:34.28 - [CommandHelper][ERROR][RUNTIME] InsufficientPermissionException: You do not have permission to use the sudo function.
	<<main code>>:/home/minecraft/server/plugins/CommandHelper/config.txt:248
 /home/minecraft/server/plugins/CommandHelper/config.txt:248
2016-05-20 08:35.18 - [CommandHelper][ERROR][RUNTIME] InsufficientPermissionException: You do not have permission to use the sudo function.
	<<main code>>:/home/minecraft/server/plugins/CommandHelper/config.txt:248
 /home/minecraft/server/plugins/CommandHelper/config.txt:248
2016-05-20 08:36.10 - [CommandHelper][ERROR][RUNTIME] InsufficientPermissionException: You do not have permission to use the sudo function.
	<<main code>>:/home/minecraft/server/plugins/CommandHelper/config.txt:248
 /home/minecraft/server/plugins/CommandHelper/config.txt:248
2016-05-20 08:36.41 - [CommandHelper][ERROR][RUNTIME] InsufficientPermissionException: You do not have permission to use the sudo function.
	<<main code>>:/home/minecraft/server/plugins/CommandHelper/config.txt:248
 /home/minecraft/server/plugins/CommandHelper/config.txt:248
2016-05-20 08:44.07 - [CommandHelper][ERROR][RUNTIME] InsufficientPermissionException: You do not have permission to use the sudo function.
	<<main code>>:/home/minecraft/server/plugins/CommandHelper/config.txt:327
 /home/minecraft/server/plugins/CommandHelper/config.txt:327
2016-05-20 09:05.14 - [CommandHelper][ERROR][RUNTIME] InsufficientPermissionException: You do not have permission to use the sudo function.
	<<main code>>:/home/minecraft/server/plugins/CommandHelper/config.txt:327
 /home/minecraft/server/plugins/CommandHelper/config.txt:327
2016-05-20 09:11.17 - [CommandHelper][ERROR][RUNTIME] InsufficientPermissionException: You do not have permission to use the sudo function.
	<<main code>>:/home/minecraft/server/plugins/CommandHelper/config.txt:327
 /home/minecraft/server/plugins/CommandHelper/config.txt:327
2016-05-20 09:18.13 - [CommandHelper][ERROR][RUNTIME] InsufficientPermissionException: You do not have permission to use the sudo function.
	<<main code>>:/home/minecraft/server/plugins/CommandHelper/config.txt:248
 /home/minecraft/server/plugins/CommandHelper/config.txt:248
2016-05-20 09:18.44 - [CommandHelper][ERROR][RUNTIME] InsufficientPermissionException: You do not have permission to use the sudo function.
	<<main code>>:/home/minecraft/server/plugins/CommandHelper/config.txt:404
 /home/minecraft/server/plugins/CommandHelper/config.txt:404
2016-05-20 09:29.43 - [CommandHelper][ERROR][RUNTIME] InsufficientPermissionException: You do not have permission to use the sudo function.
	<<main code>>:/home/minecraft/server/plugins/CommandHelper/config.txt:248
 /home/minecraft/server/plugins/CommandHelper/config.txt:248
2016-05-20 09:56.32 - [CommandHelper][ERROR][RUNTIME] InsufficientPermissionException: You do not have permission to use the sudo function.
	<<main code>>:/home/minecraft/server/plugins/CommandHelper/config.txt:327
 /home/minecraft/server/plugins/CommandHelper/config.txt:327
2016-05-20 10:41.42 - [CommandHelper][ERROR][RUNTIME] InsufficientPermissionException: You do not have permission to use the sudo function.
	<<main code>>:/home/minecraft/server/plugins/CommandHelper/config.txt:248
 /home/minecraft/server/plugins/CommandHelper/config.txt:248
