2016-04-30 01:23.27 - [CommandHelper][ERROR][RUNTIME] InsufficientPermissionException: You do not have permission to use the sudo function.
	<<main code>>:/home/minecraft/server/plugins/CommandHelper/config.txt:841
 /home/minecraft/server/plugins/CommandHelper/config.txt:841
2016-04-30 01:32.48 - [CommandHelper][ERROR][RUNTIME] PlayerOfflineException: The specified player (plr) is not online
	<<main code>>:/home/minecraft/server/plugins/CommandHelper/config.txt:443
 /home/minecraft/server/plugins/CommandHelper/config.txt:443
2016-04-30 01:32.52 - [CommandHelper][ERROR][RUNTIME] PlayerOfflineException: The specified player (plr) is not online
	<<main code>>:/home/minecraft/server/plugins/CommandHelper/config.txt:443
 /home/minecraft/server/plugins/CommandHelper/config.txt:443
2016-04-30 01:40.07 - [CommandHelper][ERROR][RUNTIME] InsufficientPermissionException: You do not have permission to use the sudo function.
	<<main code>>:/home/minecraft/server/plugins/CommandHelper/config.txt:793
 /home/minecraft/server/plugins/CommandHelper/config.txt:793
2016-04-30 01:47.39 - [CommandHelper][ERROR][RUNTIME] InsufficientPermissionException: You do not have permission to use the sudo function.
	<<main code>>:/home/minecraft/server/plugins/CommandHelper/config.txt:248
 /home/minecraft/server/plugins/CommandHelper/config.txt:248
2016-04-30 01:50.35 - [CommandHelper][ERROR][RUNTIME] InsufficientPermissionException: You do not have permission to use the sudo function.
	<<main code>>:/home/minecraft/server/plugins/CommandHelper/config.txt:387
 /home/minecraft/server/plugins/CommandHelper/config.txt:387
2016-04-30 01:50.38 - [CommandHelper][ERROR][RUNTIME] InsufficientPermissionException: You do not have permission to use the sudo function.
	<<main code>>:/home/minecraft/server/plugins/CommandHelper/config.txt:387
 /home/minecraft/server/plugins/CommandHelper/config.txt:387
2016-04-30 01:50.51 - [CommandHelper][ERROR][RUNTIME] InsufficientPermissionException: You do not have permission to use the sudo function.
	<<main code>>:/home/minecraft/server/plugins/CommandHelper/config.txt:413
 /home/minecraft/server/plugins/CommandHelper/config.txt:413
2016-04-30 02:13.11 - [CommandHelper][ERROR][RUNTIME] InsufficientPermissionException: You do not have permission to use the sudo function.
	<<main code>>:/home/minecraft/server/plugins/CommandHelper/config.txt:371
 /home/minecraft/server/plugins/CommandHelper/config.txt:371
2016-04-30 02:45.14 - [CommandHelper][ERROR][RUNTIME] InsufficientPermissionException: You do not have permission to use the sudo function.
	<<main code>>:/home/minecraft/server/plugins/CommandHelper/config.txt:248
 /home/minecraft/server/plugins/CommandHelper/config.txt:248
2016-04-30 03:56.52 - [CommandHelper][ERROR][RUNTIME] InsufficientPermissionException: You do not have permission to use the sudo function.
	<<main code>>:/home/minecraft/server/plugins/CommandHelper/config.txt:311
 /home/minecraft/server/plugins/CommandHelper/config.txt:311
2016-04-30 03:57.09 - [CommandHelper][ERROR][RUNTIME] PlayerOfflineException: The specified player (warrinpeave) is not online
	<<main code>>:/home/minecraft/server/plugins/CommandHelper/config.txt:443
 /home/minecraft/server/plugins/CommandHelper/config.txt:443
2016-04-30 03:58.56 - [CommandHelper][ERROR][RUNTIME] InsufficientPermissionException: You do not have permission to use the sudo function.
	<<main code>>:/home/minecraft/server/plugins/CommandHelper/config.txt:355
 /home/minecraft/server/plugins/CommandHelper/config.txt:355
2016-04-30 04:02.54 - [CommandHelper][ERROR][RUNTIME] InsufficientPermissionException: You do not have permission to use the sudo function.
	<<main code>>:/home/minecraft/server/plugins/CommandHelper/config.txt:291
 /home/minecraft/server/plugins/CommandHelper/config.txt:291
2016-04-30 04:03.01 - [CommandHelper][ERROR][RUNTIME] InsufficientPermissionException: You do not have permission to use the sudo function.
	<<main code>>:/home/minecraft/server/plugins/CommandHelper/config.txt:287
 /home/minecraft/server/plugins/CommandHelper/config.txt:287
2016-04-30 04:09.00 - [CommandHelper][ERROR][RUNTIME] InsufficientPermissionException: You do not have permission to use the sudo function.
	<<main code>>:/home/minecraft/server/plugins/CommandHelper/config.txt:315
 /home/minecraft/server/plugins/CommandHelper/config.txt:315
2016-04-30 04:09.03 - [CommandHelper][ERROR][RUNTIME] InsufficientPermissionException: You do not have permission to use the sudo function.
	<<main code>>:/home/minecraft/server/plugins/CommandHelper/config.txt:303
 /home/minecraft/server/plugins/CommandHelper/config.txt:303
2016-04-30 04:15.35 - [CommandHelper][ERROR][RUNTIME] InsufficientPermissionException: You do not have permission to use the sudo function.
	<<main code>>:/home/minecraft/server/plugins/CommandHelper/config.txt:355
 /home/minecraft/server/plugins/CommandHelper/config.txt:355
2016-04-30 04:15.43 - [CommandHelper][ERROR][RUNTIME] InsufficientPermissionException: You do not have permission to use the sudo function.
	<<main code>>:/home/minecraft/server/plugins/CommandHelper/config.txt:355
 /home/minecraft/server/plugins/CommandHelper/config.txt:355
2016-04-30 04:15.54 - [CommandHelper][ERROR][RUNTIME] InsufficientPermissionException: You do not have permission to use the sudo function.
	<<main code>>:/home/minecraft/server/plugins/CommandHelper/config.txt:303
 /home/minecraft/server/plugins/CommandHelper/config.txt:303
2016-04-30 04:24.10 - [CommandHelper][ERROR][RUNTIME] InsufficientPermissionException: You do not have permission to use the sudo function.
	<<main code>>:/home/minecraft/server/plugins/CommandHelper/config.txt:327
 /home/minecraft/server/plugins/CommandHelper/config.txt:327
2016-04-30 04:26.25 - [CommandHelper][ERROR][RUNTIME] InsufficientPermissionException: You do not have permission to use the sudo function.
	<<main code>>:/home/minecraft/server/plugins/CommandHelper/config.txt:327
 /home/minecraft/server/plugins/CommandHelper/config.txt:327
2016-04-30 04:46.46 - [CommandHelper][ERROR][RUNTIME] PlayerOfflineException: The specified player (warrinpeace') is not online
	<<main code>>:/home/minecraft/server/plugins/CommandHelper/config.txt:443
 /home/minecraft/server/plugins/CommandHelper/config.txt:443
2016-04-30 04:49.08 - [CommandHelper][ERROR][RUNTIME] InsufficientPermissionException: You do not have permission to use the sudo function.
	<<main code>>:/home/minecraft/server/plugins/CommandHelper/config.txt:248
 /home/minecraft/server/plugins/CommandHelper/config.txt:248
2016-04-30 04:54.17 - [CommandHelper][ERROR][RUNTIME] InsufficientPermissionException: You do not have permission to use the sudo function.
	<<main code>>:/home/minecraft/server/plugins/CommandHelper/config.txt:303
 /home/minecraft/server/plugins/CommandHelper/config.txt:303
