2016-04-23 08:04.43 - [CommandHelper][ERROR][RUNTIME] InsufficientPermissionException: You do not have permission to use the sudo function.
	<<main code>>:/home/minecraft/server/plugins/CommandHelper/config.txt:400
 /home/minecraft/server/plugins/CommandHelper/config.txt:400
2016-04-23 08:10.16 - [CommandHelper][WARNING][COMPILER] Unreachable code. Consider removing this code. /home/minecraft/server/plugins/CommandHelper/main.ms:99
2016-04-23 08:11.36 - [CommandHelper][WARNING][COMPILER] Unreachable code. Consider removing this code. /home/minecraft/server/plugins/CommandHelper/main.ms:99
2016-04-23 08:25.27 - [CommandHelper][ERROR][RUNTIME] InsufficientPermissionException: You do not have permission to use the sudo function.
	<<main code>>:/home/minecraft/server/plugins/CommandHelper/config.txt:479
 /home/minecraft/server/plugins/CommandHelper/config.txt:479
2016-04-23 08:44.31 - [CommandHelper][ERROR][RUNTIME] RangeException: No index at 9
	<<main code>>:/home/minecraft/server/plugins/CommandHelper/main.ms:102
 /home/minecraft/server/plugins/CommandHelper/main.ms:102
2016-04-23 08:56.32 - [CommandHelper][ERROR][RUNTIME] RangeException: No index at 9
	<<main code>>:/home/minecraft/server/plugins/CommandHelper/main.ms:87
 /home/minecraft/server/plugins/CommandHelper/main.ms:87
2016-04-23 08:56.34 - [CommandHelper][ERROR][RUNTIME] RangeException: No index at 9
	<<main code>>:/home/minecraft/server/plugins/CommandHelper/main.ms:87
 /home/minecraft/server/plugins/CommandHelper/main.ms:87
2016-04-23 08:58.06 - [CommandHelper][ERROR][RUNTIME] RangeException: No index at 9
	<<main code>>:/home/minecraft/server/plugins/CommandHelper/main.ms:94
 /home/minecraft/server/plugins/CommandHelper/main.ms:94
2016-04-23 08:58.08 - [CommandHelper][ERROR][RUNTIME] RangeException: No index at 9
	<<main code>>:/home/minecraft/server/plugins/CommandHelper/main.ms:94
 /home/minecraft/server/plugins/CommandHelper/main.ms:94
2016-04-23 09:05.08 - [CommandHelper][ERROR][RUNTIME] RangeException: No index at 9
	<<main code>>:/home/minecraft/server/plugins/CommandHelper/main.ms:94
 /home/minecraft/server/plugins/CommandHelper/main.ms:94
2016-04-23 09:07.27 - [CommandHelper][ERROR][COMPILER] COMPILE ERROR: Mismatched parenthesis
	:/home/minecraft/server/plugins/CommandHelper/main.ms:151
 /home/minecraft/server/plugins/CommandHelper/main.ms:151
2016-04-23 09:07.29 - [CommandHelper][ERROR][COMPILER] COMPILE ERROR: Mismatched parenthesis
	:/home/minecraft/server/plugins/CommandHelper/main.ms:151
 /home/minecraft/server/plugins/CommandHelper/main.ms:151
2016-04-23 09:08.53 - [CommandHelper][ERROR][COMPILER] COMPILE ERROR: Mismatched parenthesis
	:/home/minecraft/server/plugins/CommandHelper/main.ms:151
 /home/minecraft/server/plugins/CommandHelper/main.ms:151
2016-04-23 09:13.44 - [CommandHelper][ERROR][COMPILER] COMPILE ERROR: Mismatched parenthesis
	:/home/minecraft/server/plugins/CommandHelper/main.ms:153
 /home/minecraft/server/plugins/CommandHelper/main.ms:153
2016-04-23 09:15.45 - [CommandHelper][ERROR][COMPILER] COMPILE ERROR: Unexpected use of braces
	:/home/minecraft/server/plugins/CommandHelper/main.ms:81
 /home/minecraft/server/plugins/CommandHelper/main.ms:81
2016-04-23 09:36.18 - [CommandHelper][ERROR][RUNTIME] InsufficientPermissionException: You do not have permission to use the sudo function.
	<<main code>>:/home/minecraft/server/plugins/CommandHelper/config.txt:439
 /home/minecraft/server/plugins/CommandHelper/config.txt:439
