2016-04-10 08:03.29 - [CommandHelper][ERROR][RUNTIME] InsufficientPermissionException: You do not have permission to use the sudo function.
	<<main code>>:/home/minecraft/server/plugins/CommandHelper/config.txt:412
 /home/minecraft/server/plugins/CommandHelper/config.txt:412
2016-04-10 08:09.42 - [CommandHelper][ERROR][RUNTIME] InsufficientPermissionException: You do not have permission to use the sudo function.
	<<main code>>:/home/minecraft/server/plugins/CommandHelper/config.txt:412
 /home/minecraft/server/plugins/CommandHelper/config.txt:412
2016-04-10 08:30.21 - [CommandHelper][ERROR][RUNTIME] InsufficientPermissionException: You do not have permission to use the sudo function.
	<<main code>>:/home/minecraft/server/plugins/CommandHelper/config.txt:383
 /home/minecraft/server/plugins/CommandHelper/config.txt:383
2016-04-10 08:43.25 - [CommandHelper][ERROR][RUNTIME] InsufficientPermissionException: You do not have permission to use the sudo function.
	<<main code>>:/home/minecraft/server/plugins/CommandHelper/config.txt:88
 /home/minecraft/server/plugins/CommandHelper/config.txt:88
2016-04-10 08:57.39 - [CommandHelper][ERROR][RUNTIME] InsufficientPermissionException: You do not have permission to use the sudo function.
	<<main code>>:/home/minecraft/server/plugins/CommandHelper/config.txt:582
 /home/minecraft/server/plugins/CommandHelper/config.txt:582
2016-04-10 09:08.34 - [CommandHelper][ERROR][RUNTIME] InsufficientPermissionException: You do not have permission to use the sudo function.
	<<main code>>:/home/minecraft/server/plugins/CommandHelper/config.txt:582
 /home/minecraft/server/plugins/CommandHelper/config.txt:582
2016-04-10 09:12.39 - [CommandHelper][ERROR][RUNTIME] InsufficientPermissionException: You do not have permission to use the sudo function.
	<<main code>>:/home/minecraft/server/plugins/CommandHelper/config.txt:582
 /home/minecraft/server/plugins/CommandHelper/config.txt:582
2016-04-10 10:29.23 - [CommandHelper][ERROR][RUNTIME] InsufficientPermissionException: You do not have permission to use the sudo function.
	<<main code>>:/home/minecraft/server/plugins/CommandHelper/config.txt:290
 /home/minecraft/server/plugins/CommandHelper/config.txt:290
2016-04-10 10:32.33 - [CommandHelper][ERROR][RUNTIME] FormatException: In the key "storage.afk.wady._, the namespace "_" is not allowed. (Namespaces may contain an underscore, but may not be just an underscore.)
	<<main code>>:/home/minecraft/server/plugins/CommandHelper/main.ms:41
 /home/minecraft/server/plugins/CommandHelper/main.ms:41
2016-04-10 10:32.33 - [CommandHelper][ERROR][RUNTIME] FormatException: In the key "storage.afk.wady._.y, the namespace "_" is not allowed. (Namespaces may contain an underscore, but may not be just an underscore.)
	<<main code>>:/home/minecraft/server/plugins/CommandHelper/main.ms:41
 /home/minecraft/server/plugins/CommandHelper/main.ms:41
2016-04-10 10:32.33 - [CommandHelper][ERROR][RUNTIME] FormatException: In the key "storage.afk.wady._.yuy, the namespace "_" is not allowed. (Namespaces may contain an underscore, but may not be just an underscore.)
	<<main code>>:/home/minecraft/server/plugins/CommandHelper/main.ms:41
 /home/minecraft/server/plugins/CommandHelper/main.ms:41
2016-04-10 10:32.51 - [CommandHelper][ERROR][RUNTIME] FormatException: In the key "storage.afk.wady._.yuy, the namespace "_" is not allowed. (Namespaces may contain an underscore, but may not be just an underscore.)
	<<main code>>:/home/minecraft/server/plugins/CommandHelper/main.ms:41
 /home/minecraft/server/plugins/CommandHelper/main.ms:41
2016-04-10 10:32.51 - [CommandHelper][ERROR][RUNTIME] FormatException: In the key "storage.afk.wady._.yuy, the namespace "_" is not allowed. (Namespaces may contain an underscore, but may not be just an underscore.)
	<<main code>>:/home/minecraft/server/plugins/CommandHelper/main.ms:41
 /home/minecraft/server/plugins/CommandHelper/main.ms:41
2016-04-10 10:32.52 - [CommandHelper][ERROR][RUNTIME] FormatException: In the key "storage.afk.wady._.yuy, the namespace "_" is not allowed. (Namespaces may contain an underscore, but may not be just an underscore.)
	<<main code>>:/home/minecraft/server/plugins/CommandHelper/main.ms:41
 /home/minecraft/server/plugins/CommandHelper/main.ms:41
2016-04-10 10:43.00 - [CommandHelper][ERROR][RUNTIME] InsufficientPermissionException: You do not have permission to use the sudo function.
	<<main code>>:/home/minecraft/server/plugins/CommandHelper/config.txt:290
 /home/minecraft/server/plugins/CommandHelper/config.txt:290
2016-04-10 11:01.13 - [CommandHelper][ERROR][RUNTIME] InsufficientPermissionException: You do not have permission to use the sudo function.
	<<main code>>:/home/minecraft/server/plugins/CommandHelper/config.txt:582
 /home/minecraft/server/plugins/CommandHelper/config.txt:582
2016-04-10 11:05.02 - [CommandHelper][ERROR][RUNTIME] InsufficientPermissionException: You do not have permission to use the sudo function.
	<<main code>>:/home/minecraft/server/plugins/CommandHelper/config.txt:582
 /home/minecraft/server/plugins/CommandHelper/config.txt:582
2016-04-10 11:05.53 - [CommandHelper][ERROR][RUNTIME] InsufficientPermissionException: You do not have permission to use the sudo function.
	<<main code>>:/home/minecraft/server/plugins/CommandHelper/config.txt:290
 /home/minecraft/server/plugins/CommandHelper/config.txt:290
2016-04-10 11:08.02 - [CommandHelper][ERROR][RUNTIME] InsufficientPermissionException: You do not have permission to use the sudo function.
	<<main code>>:/home/minecraft/server/plugins/CommandHelper/config.txt:290
 /home/minecraft/server/plugins/CommandHelper/config.txt:290
2016-04-10 11:11.49 - [CommandHelper][ERROR][RUNTIME] InsufficientPermissionException: You do not have permission to use the sudo function.
	<<main code>>:/home/minecraft/server/plugins/CommandHelper/config.txt:582
 /home/minecraft/server/plugins/CommandHelper/config.txt:582
2016-04-10 11:30.11 - [CommandHelper][ERROR][RUNTIME] InsufficientPermissionException: You do not have permission to use the sudo function.
	<<main code>>:/home/minecraft/server/plugins/CommandHelper/config.txt:290
 /home/minecraft/server/plugins/CommandHelper/config.txt:290
2016-04-10 11:31.29 - [CommandHelper][ERROR][RUNTIME] InsufficientPermissionException: You do not have permission to use the sudo function.
	<<main code>>:/home/minecraft/server/plugins/CommandHelper/config.txt:290
 /home/minecraft/server/plugins/CommandHelper/config.txt:290
2016-04-10 11:32.51 - [CommandHelper][ERROR][RUNTIME] InsufficientPermissionException: You do not have permission to use the sudo function.
	<<main code>>:/home/minecraft/server/plugins/CommandHelper/config.txt:290
 /home/minecraft/server/plugins/CommandHelper/config.txt:290
2016-04-10 11:33.14 - [CommandHelper][ERROR][RUNTIME] InsufficientPermissionException: You do not have permission to use the sudo function.
	<<main code>>:/home/minecraft/server/plugins/CommandHelper/config.txt:290
 /home/minecraft/server/plugins/CommandHelper/config.txt:290
2016-04-10 11:33.55 - [CommandHelper][ERROR][RUNTIME] InsufficientPermissionException: You do not have permission to use the sudo function.
	<<main code>>:/home/minecraft/server/plugins/CommandHelper/config.txt:290
 /home/minecraft/server/plugins/CommandHelper/config.txt:290
2016-04-10 11:35.00 - [CommandHelper][ERROR][RUNTIME] InsufficientPermissionException: You do not have permission to use the sudo function.
	<<main code>>:/home/minecraft/server/plugins/CommandHelper/config.txt:290
 /home/minecraft/server/plugins/CommandHelper/config.txt:290
2016-04-10 11:36.24 - [CommandHelper][ERROR][RUNTIME] InsufficientPermissionException: You do not have permission to use the sudo function.
	<<main code>>:/home/minecraft/server/plugins/CommandHelper/config.txt:290
 /home/minecraft/server/plugins/CommandHelper/config.txt:290
2016-04-10 11:36.43 - [CommandHelper][ERROR][RUNTIME] InsufficientPermissionException: You do not have permission to use the sudo function.
	<<main code>>:/home/minecraft/server/plugins/CommandHelper/config.txt:290
 /home/minecraft/server/plugins/CommandHelper/config.txt:290
2016-04-10 11:37.25 - [CommandHelper][ERROR][RUNTIME] InsufficientPermissionException: You do not have permission to use the sudo function.
	<<main code>>:/home/minecraft/server/plugins/CommandHelper/config.txt:290
 /home/minecraft/server/plugins/CommandHelper/config.txt:290
2016-04-10 11:59.18 - [CommandHelper][ERROR][RUNTIME] InsufficientPermissionException: You do not have permission to use the sudo function.
	<<main code>>:/home/minecraft/server/plugins/CommandHelper/config.txt:275
 /home/minecraft/server/plugins/CommandHelper/config.txt:275
